L 09/08/2021 - 03:42:20: SourceMod error session started
L 09/08/2021 - 03:42:20: Info (map "surf_trick_gxd") (file "/home/container/csgo/addons/sourcemod/logs/errors_20210908.log")
L 09/08/2021 - 03:42:20: [SM] Exception reported: Invalid query Handle 0 (error: 4)
L 09/08/2021 - 03:42:20: [SM] Blaming: dm_trick.smx
L 09/08/2021 - 03:42:20: [SM] Call stack trace:
L 09/08/2021 - 03:42:20: [SM]   [0] DBResultSet.HasResults.get
L 09/08/2021 - 03:42:20: [SM]   [1] Line 208, include/daily_tricks.sp::timer_daily_callback
L 09/08/2021 - 06:40:00: Error log file session closed.
L 09/08/2021 - 06:40:01: SourceMod error session started
L 09/08/2021 - 06:40:01: Info (map "surf_trick_gxd") (file "/home/container/csgo/addons/sourcemod/logs/errors_20210908.log")
L 09/08/2021 - 06:40:01: [SM] Exception reported: Invalid query Handle 0 (error: 4)
L 09/08/2021 - 06:40:01: [SM] Blaming: dm_trick.smx
L 09/08/2021 - 06:40:01: [SM] Call stack trace:
L 09/08/2021 - 06:40:01: [SM]   [0] DBResultSet.HasResults.get
L 09/08/2021 - 06:40:01: [SM]   [1] Line 208, include/daily_tricks.sp::timer_daily_callback
L 09/08/2021 - 06:42:29: [SM] Exception reported: Client index 809 is invalid
L 09/08/2021 - 06:42:29: [SM] Blaming: sm_hide.smx
L 09/08/2021 - 06:42:29: [SM] Call stack trace:
L 09/08/2021 - 06:42:29: [SM]   [0] GetClientTeam
L 09/08/2021 - 06:42:29: [SM]   [1] Line 141, /home/forums/content/files/2/7/7/4/6/3/183646.attach::OnNormalSoundPlayed
L 09/08/2021 - 06:42:31: [SM] Exception reported: Client index 809 is invalid
L 09/08/2021 - 06:42:31: [SM] Blaming: sm_hide.smx
L 09/08/2021 - 06:42:31: [SM] Call stack trace:
L 09/08/2021 - 06:42:31: [SM]   [0] GetClientTeam
L 09/08/2021 - 06:42:31: [SM]   [1] Line 141, /home/forums/content/files/2/7/7/4/6/3/183646.attach::OnNormalSoundPlayed
L 09/08/2021 - 06:42:32: [SM] Exception reported: Client index 809 is invalid
L 09/08/2021 - 06:42:32: [SM] Blaming: sm_hide.smx
L 09/08/2021 - 06:42:32: [SM] Call stack trace:
L 09/08/2021 - 06:42:32: [SM]   [0] GetClientTeam
L 09/08/2021 - 06:42:32: [SM]   [1] Line 141, /home/forums/content/files/2/7/7/4/6/3/183646.attach::OnNormalSoundPlayed
L 09/08/2021 - 06:42:32: [SM] Exception reported: Client index 809 is invalid
L 09/08/2021 - 06:42:32: [SM] Blaming: sm_hide.smx
L 09/08/2021 - 06:42:32: [SM] Call stack trace:
L 09/08/2021 - 06:42:32: [SM]   [0] GetClientTeam
L 09/08/2021 - 06:42:32: [SM]   [1] Line 141, /home/forums/content/files/2/7/7/4/6/3/183646.attach::OnNormalSoundPlayed
L 09/08/2021 - 06:42:32: [SM] Exception reported: Client index 809 is invalid
L 09/08/2021 - 06:42:32: [SM] Blaming: sm_hide.smx
L 09/08/2021 - 06:42:32: [SM] Call stack trace:
L 09/08/2021 - 06:42:32: [SM]   [0] GetClientTeam
L 09/08/2021 - 06:42:32: [SM]   [1] Line 141, /home/forums/content/files/2/7/7/4/6/3/183646.attach::OnNormalSoundPlayed
L 09/08/2021 - 06:42:33: [SM] Exception reported: Client index 809 is invalid
L 09/08/2021 - 06:42:33: [SM] Blaming: sm_hide.smx
L 09/08/2021 - 06:42:33: [SM] Call stack trace:
L 09/08/2021 - 06:42:33: [SM]   [0] GetClientTeam
L 09/08/2021 - 06:42:33: [SM]   [1] Line 141, /home/forums/content/files/2/7/7/4/6/3/183646.attach::OnNormalSoundPlayed
L 09/08/2021 - 06:42:51: [SM] Exception reported: Client index 503 is invalid
L 09/08/2021 - 06:42:51: [SM] Blaming: sm_hide.smx
L 09/08/2021 - 06:42:51: [SM] Call stack trace:
L 09/08/2021 - 06:42:51: [SM]   [0] GetClientTeam
L 09/08/2021 - 06:42:51: [SM]   [1] Line 141, /home/forums/content/files/2/7/7/4/6/3/183646.attach::OnNormalSoundPlayed
L 09/08/2021 - 06:42:53: [SM] Exception reported: Client index 503 is invalid
L 09/08/2021 - 06:42:53: [SM] Blaming: sm_hide.smx
L 09/08/2021 - 06:42:53: [SM] Call stack trace:
L 09/08/2021 - 06:42:53: [SM]   [0] GetClientTeam
L 09/08/2021 - 06:42:53: [SM]   [1] Line 141, /home/forums/content/files/2/7/7/4/6/3/183646.attach::OnNormalSoundPlayed
L 09/08/2021 - 06:42:53: [SM] Exception reported: Client index 503 is invalid
L 09/08/2021 - 06:42:53: [SM] Blaming: sm_hide.smx
L 09/08/2021 - 06:42:53: [SM] Call stack trace:
L 09/08/2021 - 06:42:53: [SM]   [0] GetClientTeam
L 09/08/2021 - 06:42:53: [SM]   [1] Line 141, /home/forums/content/files/2/7/7/4/6/3/183646.attach::OnNormalSoundPlayed
L 09/08/2021 - 06:42:54: [SM] Exception reported: Client index 503 is invalid
L 09/08/2021 - 06:42:54: [SM] Blaming: sm_hide.smx
L 09/08/2021 - 06:42:54: [SM] Call stack trace:
L 09/08/2021 - 06:42:54: [SM]   [0] GetClientTeam
L 09/08/2021 - 06:42:54: [SM]   [1] Line 141, /home/forums/content/files/2/7/7/4/6/3/183646.attach::OnNormalSoundPlayed
L 09/08/2021 - 06:42:54: [SM] Exception reported: Client index 503 is invalid
L 09/08/2021 - 06:42:54: [SM] Blaming: sm_hide.smx
L 09/08/2021 - 06:42:54: [SM] Call stack trace:
L 09/08/2021 - 06:42:54: [SM]   [0] GetClientTeam
L 09/08/2021 - 06:42:54: [SM]   [1] Line 141, /home/forums/content/files/2/7/7/4/6/3/183646.attach::OnNormalSoundPlayed
L 09/08/2021 - 06:42:55: [SM] Exception reported: Client index 503 is invalid
L 09/08/2021 - 06:42:55: [SM] Blaming: sm_hide.smx
L 09/08/2021 - 06:42:55: [SM] Call stack trace:
L 09/08/2021 - 06:42:55: [SM]   [0] GetClientTeam
L 09/08/2021 - 06:42:55: [SM]   [1] Line 141, /home/forums/content/files/2/7/7/4/6/3/183646.attach::OnNormalSoundPlayed
L 09/08/2021 - 06:42:55: [SM] Exception reported: Client index 503 is invalid
L 09/08/2021 - 06:42:55: [SM] Blaming: sm_hide.smx
L 09/08/2021 - 06:42:55: [SM] Call stack trace:
L 09/08/2021 - 06:42:55: [SM]   [0] GetClientTeam
L 09/08/2021 - 06:42:55: [SM]   [1] Line 141, /home/forums/content/files/2/7/7/4/6/3/183646.attach::OnNormalSoundPlayed
L 09/08/2021 - 06:42:55: [SM] Exception reported: Client index 503 is invalid
L 09/08/2021 - 06:42:55: [SM] Blaming: sm_hide.smx
L 09/08/2021 - 06:42:55: [SM] Call stack trace:
L 09/08/2021 - 06:42:55: [SM]   [0] GetClientTeam
L 09/08/2021 - 06:42:55: [SM]   [1] Line 141, /home/forums/content/files/2/7/7/4/6/3/183646.attach::OnNormalSoundPlayed
L 09/08/2021 - 06:42:56: [SM] Exception reported: Client index 503 is invalid
L 09/08/2021 - 06:42:56: [SM] Blaming: sm_hide.smx
L 09/08/2021 - 06:42:56: [SM] Call stack trace:
L 09/08/2021 - 06:42:56: [SM]   [0] GetClientTeam
L 09/08/2021 - 06:42:56: [SM]   [1] Line 141, /home/forums/content/files/2/7/7/4/6/3/183646.attach::OnNormalSoundPlayed
L 09/08/2021 - 06:42:56: [SM] Exception reported: Client index 503 is invalid
L 09/08/2021 - 06:42:56: [SM] Blaming: sm_hide.smx
L 09/08/2021 - 06:42:56: [SM] Call stack trace:
L 09/08/2021 - 06:42:56: [SM]   [0] GetClientTeam
L 09/08/2021 - 06:42:56: [SM]   [1] Line 141, /home/forums/content/files/2/7/7/4/6/3/183646.attach::OnNormalSoundPlayed
L 09/08/2021 - 06:42:57: [SM] Exception reported: Client index 503 is invalid
L 09/08/2021 - 06:42:57: [SM] Blaming: sm_hide.smx
L 09/08/2021 - 06:42:57: [SM] Call stack trace:
L 09/08/2021 - 06:42:57: [SM]   [0] GetClientTeam
L 09/08/2021 - 06:42:57: [SM]   [1] Line 141, /home/forums/content/files/2/7/7/4/6/3/183646.attach::OnNormalSoundPlayed
L 09/08/2021 - 06:42:57: [SM] Exception reported: Client index 503 is invalid
L 09/08/2021 - 06:42:57: [SM] Blaming: sm_hide.smx
L 09/08/2021 - 06:42:57: [SM] Call stack trace:
L 09/08/2021 - 06:42:57: [SM]   [0] GetClientTeam
L 09/08/2021 - 06:42:57: [SM]   [1] Line 141, /home/forums/content/files/2/7/7/4/6/3/183646.attach::OnNormalSoundPlayed
L 09/08/2021 - 06:42:58: [SM] Exception reported: Client index 503 is invalid
L 09/08/2021 - 06:42:58: [SM] Blaming: sm_hide.smx
L 09/08/2021 - 06:42:58: [SM] Call stack trace:
L 09/08/2021 - 06:42:58: [SM]   [0] GetClientTeam
L 09/08/2021 - 06:42:58: [SM]   [1] Line 141, /home/forums/content/files/2/7/7/4/6/3/183646.attach::OnNormalSoundPlayed
L 09/08/2021 - 06:43:11: [SM] Exception reported: Client index 0 is invalid
L 09/08/2021 - 06:43:11: [SM] Blaming: HitReg_Gxd.smx
L 09/08/2021 - 06:43:11: [SM] Call stack trace:
L 09/08/2021 - 06:43:11: [SM]   [0] GetClientWeapon
L 09/08/2021 - 06:43:11: [SM]   [1] Line 218, c:\Users\Ваня\Desktop\Vse\Программы\SourcePawn\HitReg_Gxd\scripting\HitReg_Gxd.sp::OnPlayerHurt
L 09/08/2021 - 06:43:12: [SM] Exception reported: Client index 0 is invalid
L 09/08/2021 - 06:43:12: [SM] Blaming: HitReg_Gxd.smx
L 09/08/2021 - 06:43:12: [SM] Call stack trace:
L 09/08/2021 - 06:43:12: [SM]   [0] GetClientWeapon
L 09/08/2021 - 06:43:12: [SM]   [1] Line 218, c:\Users\Ваня\Desktop\Vse\Программы\SourcePawn\HitReg_Gxd\scripting\HitReg_Gxd.sp::OnPlayerHurt
L 09/08/2021 - 06:43:13: [SM] Exception reported: Client index 0 is invalid
L 09/08/2021 - 06:43:13: [SM] Blaming: HitReg_Gxd.smx
L 09/08/2021 - 06:43:13: [SM] Call stack trace:
L 09/08/2021 - 06:43:13: [SM]   [0] GetClientWeapon
L 09/08/2021 - 06:43:13: [SM]   [1] Line 218, c:\Users\Ваня\Desktop\Vse\Программы\SourcePawn\HitReg_Gxd\scripting\HitReg_Gxd.sp::OnPlayerHurt
L 09/08/2021 - 07:29:34: Error log file session closed.
L 09/08/2021 - 07:29:36: SourceMod error session started
L 09/08/2021 - 07:29:36: Info (map "surf_trick_gxd") (file "/home/container/csgo/addons/sourcemod/logs/errors_20210908.log")
L 09/08/2021 - 07:29:36: [SM] Exception reported: Invalid query Handle 0 (error: 4)
L 09/08/2021 - 07:29:36: [SM] Blaming: dm_trick.smx
L 09/08/2021 - 07:29:36: [SM] Call stack trace:
L 09/08/2021 - 07:29:36: [SM]   [0] DBResultSet.HasResults.get
L 09/08/2021 - 07:29:36: [SM]   [1] Line 208, include/daily_tricks.sp::timer_daily_callback
L 09/08/2021 - 12:03:06: Error log file session closed.
L 09/08/2021 - 12:03:08: SourceMod error session started
L 09/08/2021 - 12:03:08: Info (map "surf_trick_gxd") (file "/home/container/csgo/addons/sourcemod/logs/errors_20210908.log")
L 09/08/2021 - 12:03:08: [SM] Exception reported: Invalid query Handle 0 (error: 4)
L 09/08/2021 - 12:03:08: [SM] Blaming: dm_trick.smx
L 09/08/2021 - 12:03:08: [SM] Call stack trace:
L 09/08/2021 - 12:03:08: [SM]   [0] DBResultSet.HasResults.get
L 09/08/2021 - 12:03:08: [SM]   [1] Line 208, include/daily_tricks.sp::timer_daily_callback
L 09/08/2021 - 17:39:03: Error log file session closed.
L 09/08/2021 - 18:15:53: SourceMod error session started
L 09/08/2021 - 18:15:53: Info (map "surf_trick_gxd") (file "/home/container/csgo/addons/sourcemod/logs/errors_20210908.log")
L 09/08/2021 - 18:15:53: [SM] Exception reported: Client index 795 is invalid
L 09/08/2021 - 18:15:53: [SM] Blaming: sm_hide.smx
L 09/08/2021 - 18:15:53: [SM] Call stack trace:
L 09/08/2021 - 18:15:53: [SM]   [0] GetClientTeam
L 09/08/2021 - 18:15:53: [SM]   [1] Line 141, /home/forums/content/files/2/7/7/4/6/3/183646.attach::OnNormalSoundPlayed
L 09/08/2021 - 18:16:14: [SM] Exception reported: Client index 795 is invalid
L 09/08/2021 - 18:16:14: [SM] Blaming: sm_hide.smx
L 09/08/2021 - 18:16:14: [SM] Call stack trace:
L 09/08/2021 - 18:16:14: [SM]   [0] GetClientTeam
L 09/08/2021 - 18:16:14: [SM]   [1] Line 141, /home/forums/content/files/2/7/7/4/6/3/183646.attach::OnNormalSoundPlayed
L 09/08/2021 - 18:16:20: [SM] Exception reported: Client index 795 is invalid
L 09/08/2021 - 18:16:20: [SM] Blaming: sm_hide.smx
L 09/08/2021 - 18:16:20: [SM] Call stack trace:
L 09/08/2021 - 18:16:20: [SM]   [0] GetClientTeam
L 09/08/2021 - 18:16:20: [SM]   [1] Line 141, /home/forums/content/files/2/7/7/4/6/3/183646.attach::OnNormalSoundPlayed
L 09/08/2021 - 18:16:45: [SM] Exception reported: Client index 634 is invalid
L 09/08/2021 - 18:16:45: [SM] Blaming: sm_hide.smx
L 09/08/2021 - 18:16:45: [SM] Call stack trace:
L 09/08/2021 - 18:16:45: [SM]   [0] GetClientTeam
L 09/08/2021 - 18:16:45: [SM]   [1] Line 141, /home/forums/content/files/2/7/7/4/6/3/183646.attach::OnNormalSoundPlayed
L 09/08/2021 - 18:16:52: [SM] Exception reported: Client index 634 is invalid
L 09/08/2021 - 18:16:52: [SM] Blaming: sm_hide.smx
L 09/08/2021 - 18:16:52: [SM] Call stack trace:
L 09/08/2021 - 18:16:52: [SM]   [0] GetClientTeam
L 09/08/2021 - 18:16:52: [SM]   [1] Line 141, /home/forums/content/files/2/7/7/4/6/3/183646.attach::OnNormalSoundPlayed
L 09/08/2021 - 18:17:10: [SM] Exception reported: Client index 813 is invalid
L 09/08/2021 - 18:17:10: [SM] Blaming: sm_hide.smx
L 09/08/2021 - 18:17:10: [SM] Call stack trace:
L 09/08/2021 - 18:17:10: [SM]   [0] GetClientTeam
L 09/08/2021 - 18:17:10: [SM]   [1] Line 141, /home/forums/content/files/2/7/7/4/6/3/183646.attach::OnNormalSoundPlayed
L 09/08/2021 - 18:17:20: [SM] Exception reported: Client index 634 is invalid
L 09/08/2021 - 18:17:20: [SM] Blaming: sm_hide.smx
L 09/08/2021 - 18:17:20: [SM] Call stack trace:
L 09/08/2021 - 18:17:20: [SM]   [0] GetClientTeam
L 09/08/2021 - 18:17:20: [SM]   [1] Line 141, /home/forums/content/files/2/7/7/4/6/3/183646.attach::OnNormalSoundPlayed
L 09/08/2021 - 18:17:21: [SM] Exception reported: Client index 634 is invalid
L 09/08/2021 - 18:17:21: [SM] Blaming: sm_hide.smx
L 09/08/2021 - 18:17:21: [SM] Call stack trace:
L 09/08/2021 - 18:17:21: [SM]   [0] GetClientTeam
L 09/08/2021 - 18:17:21: [SM]   [1] Line 141, /home/forums/content/files/2/7/7/4/6/3/183646.attach::OnNormalSoundPlayed
L 09/08/2021 - 18:17:21: [SM] Exception reported: Client index 634 is invalid
L 09/08/2021 - 18:17:21: [SM] Blaming: sm_hide.smx
L 09/08/2021 - 18:17:21: [SM] Call stack trace:
L 09/08/2021 - 18:17:21: [SM]   [0] GetClientTeam
L 09/08/2021 - 18:17:21: [SM]   [1] Line 141, /home/forums/content/files/2/7/7/4/6/3/183646.attach::OnNormalSoundPlayed
L 09/08/2021 - 18:58:02: [SM] Exception reported: Client index 0 is invalid
L 09/08/2021 - 18:58:02: [SM] Blaming: HitReg_Gxd.smx
L 09/08/2021 - 18:58:02: [SM] Call stack trace:
L 09/08/2021 - 18:58:02: [SM]   [0] GetClientWeapon
L 09/08/2021 - 18:58:02: [SM]   [1] Line 218, c:\Users\Ваня\Desktop\Vse\Программы\SourcePawn\HitReg_Gxd\scripting\HitReg_Gxd.sp::OnPlayerHurt
L 09/08/2021 - 18:58:03: [SM] Exception reported: Client index 0 is invalid
L 09/08/2021 - 18:58:03: [SM] Blaming: HitReg_Gxd.smx
L 09/08/2021 - 18:58:03: [SM] Call stack trace:
L 09/08/2021 - 18:58:03: [SM]   [0] GetClientWeapon
L 09/08/2021 - 18:58:03: [SM]   [1] Line 218, c:\Users\Ваня\Desktop\Vse\Программы\SourcePawn\HitReg_Gxd\scripting\HitReg_Gxd.sp::OnPlayerHurt
L 09/08/2021 - 18:58:04: [SM] Exception reported: Client index 0 is invalid
L 09/08/2021 - 18:58:04: [SM] Blaming: HitReg_Gxd.smx
L 09/08/2021 - 18:58:04: [SM] Call stack trace:
L 09/08/2021 - 18:58:04: [SM]   [0] GetClientWeapon
L 09/08/2021 - 18:58:04: [SM]   [1] Line 218, c:\Users\Ваня\Desktop\Vse\Программы\SourcePawn\HitReg_Gxd\scripting\HitReg_Gxd.sp::OnPlayerHurt
L 09/08/2021 - 20:45:07: Error log file session closed.
L 09/08/2021 - 22:03:17: SourceMod error session started
L 09/08/2021 - 22:03:17: Info (map "surf_trick_gxd") (file "/home/container/csgo/addons/sourcemod/logs/errors_20210908.log")
L 09/08/2021 - 22:03:17: [SM] Exception reported: Client index 797 is invalid
L 09/08/2021 - 22:03:17: [SM] Blaming: sm_hide.smx
L 09/08/2021 - 22:03:17: [SM] Call stack trace:
L 09/08/2021 - 22:03:17: [SM]   [0] GetClientTeam
L 09/08/2021 - 22:03:17: [SM]   [1] Line 141, /home/forums/content/files/2/7/7/4/6/3/183646.attach::OnNormalSoundPlayed
L 09/08/2021 - 22:03:22: [SM] Exception reported: Client index 797 is invalid
L 09/08/2021 - 22:03:22: [SM] Blaming: sm_hide.smx
L 09/08/2021 - 22:03:22: [SM] Call stack trace:
L 09/08/2021 - 22:03:22: [SM]   [0] GetClientTeam
L 09/08/2021 - 22:03:22: [SM]   [1] Line 141, /home/forums/content/files/2/7/7/4/6/3/183646.attach::OnNormalSoundPlayed
L 09/08/2021 - 22:03:22: [SM] Exception reported: Client index 797 is invalid
L 09/08/2021 - 22:03:22: [SM] Blaming: sm_hide.smx
L 09/08/2021 - 22:03:22: [SM] Call stack trace:
L 09/08/2021 - 22:03:22: [SM]   [0] GetClientTeam
L 09/08/2021 - 22:03:22: [SM]   [1] Line 141, /home/forums/content/files/2/7/7/4/6/3/183646.attach::OnNormalSoundPlayed
L 09/08/2021 - 22:03:23: [SM] Exception reported: Client index 797 is invalid
L 09/08/2021 - 22:03:23: [SM] Blaming: sm_hide.smx
L 09/08/2021 - 22:03:23: [SM] Call stack trace:
L 09/08/2021 - 22:03:23: [SM]   [0] GetClientTeam
L 09/08/2021 - 22:03:23: [SM]   [1] Line 141, /home/forums/content/files/2/7/7/4/6/3/183646.attach::OnNormalSoundPlayed
L 09/08/2021 - 22:03:26: [SM] Exception reported: Client index 797 is invalid
L 09/08/2021 - 22:03:26: [SM] Blaming: sm_hide.smx
L 09/08/2021 - 22:03:26: [SM] Call stack trace:
L 09/08/2021 - 22:03:26: [SM]   [0] GetClientTeam
L 09/08/2021 - 22:03:26: [SM]   [1] Line 141, /home/forums/content/files/2/7/7/4/6/3/183646.attach::OnNormalSoundPlayed
L 09/08/2021 - 22:03:30: [SM] Exception reported: Client index 797 is invalid
L 09/08/2021 - 22:03:30: [SM] Blaming: sm_hide.smx
L 09/08/2021 - 22:03:30: [SM] Call stack trace:
L 09/08/2021 - 22:03:30: [SM]   [0] GetClientTeam
L 09/08/2021 - 22:03:30: [SM]   [1] Line 141, /home/forums/content/files/2/7/7/4/6/3/183646.attach::OnNormalSoundPlayed
L 09/08/2021 - 22:03:51: [SM] Exception reported: Client index 797 is invalid
L 09/08/2021 - 22:03:51: [SM] Blaming: sm_hide.smx
L 09/08/2021 - 22:03:51: [SM] Call stack trace:
L 09/08/2021 - 22:03:51: [SM]   [0] GetClientTeam
L 09/08/2021 - 22:03:51: [SM]   [1] Line 141, /home/forums/content/files/2/7/7/4/6/3/183646.attach::OnNormalSoundPlayed
L 09/08/2021 - 22:04:07: [SM] Exception reported: Client index 797 is invalid
L 09/08/2021 - 22:04:07: [SM] Blaming: sm_hide.smx
L 09/08/2021 - 22:04:07: [SM] Call stack trace:
L 09/08/2021 - 22:04:07: [SM]   [0] GetClientTeam
L 09/08/2021 - 22:04:07: [SM]   [1] Line 141, /home/forums/content/files/2/7/7/4/6/3/183646.attach::OnNormalSoundPlayed
L 09/08/2021 - 22:07:03: [SM] Exception reported: Client index 797 is invalid
L 09/08/2021 - 22:07:03: [SM] Blaming: sm_hide.smx
L 09/08/2021 - 22:07:03: [SM] Call stack trace:
L 09/08/2021 - 22:07:03: [SM]   [0] GetClientTeam
L 09/08/2021 - 22:07:03: [SM]   [1] Line 141, /home/forums/content/files/2/7/7/4/6/3/183646.attach::OnNormalSoundPlayed
L 09/08/2021 - 22:09:31: [SM] Exception reported: Client index 797 is invalid
L 09/08/2021 - 22:09:31: [SM] Blaming: sm_hide.smx
L 09/08/2021 - 22:09:31: [SM] Call stack trace:
L 09/08/2021 - 22:09:31: [SM]   [0] GetClientTeam
L 09/08/2021 - 22:09:31: [SM]   [1] Line 141, /home/forums/content/files/2/7/7/4/6/3/183646.attach::OnNormalSoundPlayed
L 09/08/2021 - 22:09:31: [SM] Exception reported: Client index 797 is invalid
L 09/08/2021 - 22:09:31: [SM] Blaming: sm_hide.smx
L 09/08/2021 - 22:09:31: [SM] Call stack trace:
L 09/08/2021 - 22:09:31: [SM]   [0] GetClientTeam
L 09/08/2021 - 22:09:31: [SM]   [1] Line 141, /home/forums/content/files/2/7/7/4/6/3/183646.attach::OnNormalSoundPlayed
L 09/08/2021 - 22:09:32: [SM] Exception reported: Client index 797 is invalid
L 09/08/2021 - 22:09:32: [SM] Blaming: sm_hide.smx
L 09/08/2021 - 22:09:32: [SM] Call stack trace:
L 09/08/2021 - 22:09:32: [SM]   [0] GetClientTeam
L 09/08/2021 - 22:09:32: [SM]   [1] Line 141, /home/forums/content/files/2/7/7/4/6/3/183646.attach::OnNormalSoundPlayed
L 09/08/2021 - 22:09:32: [SM] Exception reported: Client index 797 is invalid
L 09/08/2021 - 22:09:32: [SM] Blaming: sm_hide.smx
L 09/08/2021 - 22:09:32: [SM] Call stack trace:
L 09/08/2021 - 22:09:32: [SM]   [0] GetClientTeam
L 09/08/2021 - 22:09:32: [SM]   [1] Line 141, /home/forums/content/files/2/7/7/4/6/3/183646.attach::OnNormalSoundPlayed
L 09/08/2021 - 22:09:32: [SM] Exception reported: Client index 797 is invalid
L 09/08/2021 - 22:09:32: [SM] Blaming: sm_hide.smx
L 09/08/2021 - 22:09:32: [SM] Call stack trace:
L 09/08/2021 - 22:09:32: [SM]   [0] GetClientTeam
L 09/08/2021 - 22:09:32: [SM]   [1] Line 141, /home/forums/content/files/2/7/7/4/6/3/183646.attach::OnNormalSoundPlayed
L 09/08/2021 - 22:09:47: [SM] Exception reported: Client index 797 is invalid
L 09/08/2021 - 22:09:47: [SM] Blaming: sm_hide.smx
L 09/08/2021 - 22:09:47: [SM] Call stack trace:
L 09/08/2021 - 22:09:47: [SM]   [0] GetClientTeam
L 09/08/2021 - 22:09:47: [SM]   [1] Line 141, /home/forums/content/files/2/7/7/4/6/3/183646.attach::OnNormalSoundPlayed
L 09/08/2021 - 22:09:47: [SM] Exception reported: Client index 797 is invalid
L 09/08/2021 - 22:09:47: [SM] Blaming: sm_hide.smx
L 09/08/2021 - 22:09:47: [SM] Call stack trace:
L 09/08/2021 - 22:09:47: [SM]   [0] GetClientTeam
L 09/08/2021 - 22:09:47: [SM]   [1] Line 141, /home/forums/content/files/2/7/7/4/6/3/183646.attach::OnNormalSoundPlayed
L 09/08/2021 - 22:09:48: [SM] Exception reported: Client index 797 is invalid
L 09/08/2021 - 22:09:48: [SM] Blaming: sm_hide.smx
L 09/08/2021 - 22:09:48: [SM] Call stack trace:
L 09/08/2021 - 22:09:48: [SM]   [0] GetClientTeam
L 09/08/2021 - 22:09:48: [SM]   [1] Line 141, /home/forums/content/files/2/7/7/4/6/3/183646.attach::OnNormalSoundPlayed
L 09/08/2021 - 22:09:48: [SM] Exception reported: Client index 797 is invalid
L 09/08/2021 - 22:09:48: [SM] Blaming: sm_hide.smx
L 09/08/2021 - 22:09:48: [SM] Call stack trace:
L 09/08/2021 - 22:09:48: [SM]   [0] GetClientTeam
L 09/08/2021 - 22:09:48: [SM]   [1] Line 141, /home/forums/content/files/2/7/7/4/6/3/183646.attach::OnNormalSoundPlayed
L 09/08/2021 - 22:09:48: [SM] Exception reported: Client index 797 is invalid
L 09/08/2021 - 22:09:48: [SM] Blaming: sm_hide.smx
L 09/08/2021 - 22:09:48: [SM] Call stack trace:
L 09/08/2021 - 22:09:48: [SM]   [0] GetClientTeam
L 09/08/2021 - 22:09:48: [SM]   [1] Line 141, /home/forums/content/files/2/7/7/4/6/3/183646.attach::OnNormalSoundPlayed
L 09/08/2021 - 22:09:49: [SM] Exception reported: Client index 797 is invalid
L 09/08/2021 - 22:09:49: [SM] Blaming: sm_hide.smx
L 09/08/2021 - 22:09:49: [SM] Call stack trace:
L 09/08/2021 - 22:09:49: [SM]   [0] GetClientTeam
L 09/08/2021 - 22:09:49: [SM]   [1] Line 141, /home/forums/content/files/2/7/7/4/6/3/183646.attach::OnNormalSoundPlayed
L 09/08/2021 - 22:09:49: [SM] Exception reported: Client index 797 is invalid
L 09/08/2021 - 22:09:49: [SM] Blaming: sm_hide.smx
L 09/08/2021 - 22:09:49: [SM] Call stack trace:
L 09/08/2021 - 22:09:49: [SM]   [0] GetClientTeam
L 09/08/2021 - 22:09:49: [SM]   [1] Line 141, /home/forums/content/files/2/7/7/4/6/3/183646.attach::OnNormalSoundPlayed
L 09/08/2021 - 22:09:50: [SM] Exception reported: Client index 797 is invalid
L 09/08/2021 - 22:09:50: [SM] Blaming: sm_hide.smx
L 09/08/2021 - 22:09:50: [SM] Call stack trace:
L 09/08/2021 - 22:09:50: [SM]   [0] GetClientTeam
L 09/08/2021 - 22:09:50: [SM]   [1] Line 141, /home/forums/content/files/2/7/7/4/6/3/183646.attach::OnNormalSoundPlayed
L 09/08/2021 - 22:09:50: [SM] Exception reported: Client index 797 is invalid
L 09/08/2021 - 22:09:50: [SM] Blaming: sm_hide.smx
L 09/08/2021 - 22:09:50: [SM] Call stack trace:
L 09/08/2021 - 22:09:50: [SM]   [0] GetClientTeam
L 09/08/2021 - 22:09:50: [SM]   [1] Line 141, /home/forums/content/files/2/7/7/4/6/3/183646.attach::OnNormalSoundPlayed
L 09/08/2021 - 22:09:50: [SM] Exception reported: Client index 797 is invalid
L 09/08/2021 - 22:09:50: [SM] Blaming: sm_hide.smx
L 09/08/2021 - 22:09:50: [SM] Call stack trace:
L 09/08/2021 - 22:09:50: [SM]   [0] GetClientTeam
L 09/08/2021 - 22:09:50: [SM]   [1] Line 141, /home/forums/content/files/2/7/7/4/6/3/183646.attach::OnNormalSoundPlayed
L 09/08/2021 - 22:09:51: [SM] Exception reported: Client index 797 is invalid
L 09/08/2021 - 22:09:51: [SM] Blaming: sm_hide.smx
L 09/08/2021 - 22:09:51: [SM] Call stack trace:
L 09/08/2021 - 22:09:51: [SM]   [0] GetClientTeam
L 09/08/2021 - 22:09:51: [SM]   [1] Line 141, /home/forums/content/files/2/7/7/4/6/3/183646.attach::OnNormalSoundPlayed
L 09/08/2021 - 22:09:51: [SM] Exception reported: Client index 797 is invalid
L 09/08/2021 - 22:09:51: [SM] Blaming: sm_hide.smx
L 09/08/2021 - 22:09:51: [SM] Call stack trace:
L 09/08/2021 - 22:09:51: [SM]   [0] GetClientTeam
L 09/08/2021 - 22:09:51: [SM]   [1] Line 141, /home/forums/content/files/2/7/7/4/6/3/183646.attach::OnNormalSoundPlayed
L 09/08/2021 - 22:09:52: [SM] Exception reported: Client index 797 is invalid
L 09/08/2021 - 22:09:52: [SM] Blaming: sm_hide.smx
L 09/08/2021 - 22:09:52: [SM] Call stack trace:
L 09/08/2021 - 22:09:52: [SM]   [0] GetClientTeam
L 09/08/2021 - 22:09:52: [SM]   [1] Line 141, /home/forums/content/files/2/7/7/4/6/3/183646.attach::OnNormalSoundPlayed
L 09/08/2021 - 22:09:52: [SM] Exception reported: Client index 797 is invalid
L 09/08/2021 - 22:09:52: [SM] Blaming: sm_hide.smx
L 09/08/2021 - 22:09:52: [SM] Call stack trace:
L 09/08/2021 - 22:09:52: [SM]   [0] GetClientTeam
L 09/08/2021 - 22:09:52: [SM]   [1] Line 141, /home/forums/content/files/2/7/7/4/6/3/183646.attach::OnNormalSoundPlayed
L 09/08/2021 - 22:09:53: [SM] Exception reported: Client index 797 is invalid
L 09/08/2021 - 22:09:53: [SM] Blaming: sm_hide.smx
L 09/08/2021 - 22:09:53: [SM] Call stack trace:
L 09/08/2021 - 22:09:53: [SM]   [0] GetClientTeam
L 09/08/2021 - 22:09:53: [SM]   [1] Line 141, /home/forums/content/files/2/7/7/4/6/3/183646.attach::OnNormalSoundPlayed
L 09/08/2021 - 22:09:53: [SM] Exception reported: Client index 797 is invalid
L 09/08/2021 - 22:09:53: [SM] Blaming: sm_hide.smx
L 09/08/2021 - 22:09:53: [SM] Call stack trace:
L 09/08/2021 - 22:09:53: [SM]   [0] GetClientTeam
L 09/08/2021 - 22:09:53: [SM]   [1] Line 141, /home/forums/content/files/2/7/7/4/6/3/183646.attach::OnNormalSoundPlayed
L 09/08/2021 - 22:09:53: [SM] Exception reported: Client index 797 is invalid
L 09/08/2021 - 22:09:53: [SM] Blaming: sm_hide.smx
L 09/08/2021 - 22:09:53: [SM] Call stack trace:
L 09/08/2021 - 22:09:53: [SM]   [0] GetClientTeam
L 09/08/2021 - 22:09:53: [SM]   [1] Line 141, /home/forums/content/files/2/7/7/4/6/3/183646.attach::OnNormalSoundPlayed
L 09/08/2021 - 22:09:54: [SM] Exception reported: Client index 797 is invalid
L 09/08/2021 - 22:09:54: [SM] Blaming: sm_hide.smx
L 09/08/2021 - 22:09:54: [SM] Call stack trace:
L 09/08/2021 - 22:09:54: [SM]   [0] GetClientTeam
L 09/08/2021 - 22:09:54: [SM]   [1] Line 141, /home/forums/content/files/2/7/7/4/6/3/183646.attach::OnNormalSoundPlayed
L 09/08/2021 - 22:09:54: [SM] Exception reported: Client index 797 is invalid
L 09/08/2021 - 22:09:54: [SM] Blaming: sm_hide.smx
L 09/08/2021 - 22:09:54: [SM] Call stack trace:
L 09/08/2021 - 22:09:54: [SM]   [0] GetClientTeam
L 09/08/2021 - 22:09:54: [SM]   [1] Line 141, /home/forums/content/files/2/7/7/4/6/3/183646.attach::OnNormalSoundPlayed
L 09/08/2021 - 22:09:55: [SM] Exception reported: Client index 797 is invalid
L 09/08/2021 - 22:09:55: [SM] Blaming: sm_hide.smx
L 09/08/2021 - 22:09:55: [SM] Call stack trace:
L 09/08/2021 - 22:09:55: [SM]   [0] GetClientTeam
L 09/08/2021 - 22:09:55: [SM]   [1] Line 141, /home/forums/content/files/2/7/7/4/6/3/183646.attach::OnNormalSoundPlayed
L 09/08/2021 - 22:09:55: [SM] Exception reported: Client index 797 is invalid
L 09/08/2021 - 22:09:55: [SM] Blaming: sm_hide.smx
L 09/08/2021 - 22:09:55: [SM] Call stack trace:
L 09/08/2021 - 22:09:55: [SM]   [0] GetClientTeam
L 09/08/2021 - 22:09:55: [SM]   [1] Line 141, /home/forums/content/files/2/7/7/4/6/3/183646.attach::OnNormalSoundPlayed
L 09/08/2021 - 22:09:55: [SM] Exception reported: Client index 797 is invalid
L 09/08/2021 - 22:09:55: [SM] Blaming: sm_hide.smx
L 09/08/2021 - 22:09:55: [SM] Call stack trace:
L 09/08/2021 - 22:09:55: [SM]   [0] GetClientTeam
L 09/08/2021 - 22:09:55: [SM]   [1] Line 141, /home/forums/content/files/2/7/7/4/6/3/183646.attach::OnNormalSoundPlayed
L 09/08/2021 - 22:09:57: [SM] Exception reported: Client index 797 is invalid
L 09/08/2021 - 22:09:57: [SM] Blaming: sm_hide.smx
L 09/08/2021 - 22:09:57: [SM] Call stack trace:
L 09/08/2021 - 22:09:57: [SM]   [0] GetClientTeam
L 09/08/2021 - 22:09:57: [SM]   [1] Line 141, /home/forums/content/files/2/7/7/4/6/3/183646.attach::OnNormalSoundPlayed
L 09/08/2021 - 22:09:58: [SM] Exception reported: Client index 797 is invalid
L 09/08/2021 - 22:09:58: [SM] Blaming: sm_hide.smx
L 09/08/2021 - 22:09:58: [SM] Call stack trace:
L 09/08/2021 - 22:09:58: [SM]   [0] GetClientTeam
L 09/08/2021 - 22:09:58: [SM]   [1] Line 141, /home/forums/content/files/2/7/7/4/6/3/183646.attach::OnNormalSoundPlayed
L 09/08/2021 - 22:09:58: [SM] Exception reported: Client index 797 is invalid
L 09/08/2021 - 22:09:58: [SM] Blaming: sm_hide.smx
L 09/08/2021 - 22:09:58: [SM] Call stack trace:
L 09/08/2021 - 22:09:58: [SM]   [0] GetClientTeam
L 09/08/2021 - 22:09:58: [SM]   [1] Line 141, /home/forums/content/files/2/7/7/4/6/3/183646.attach::OnNormalSoundPlayed
L 09/08/2021 - 22:09:59: [SM] Exception reported: Client index 797 is invalid
L 09/08/2021 - 22:09:59: [SM] Blaming: sm_hide.smx
L 09/08/2021 - 22:09:59: [SM] Call stack trace:
L 09/08/2021 - 22:09:59: [SM]   [0] GetClientTeam
L 09/08/2021 - 22:09:59: [SM]   [1] Line 141, /home/forums/content/files/2/7/7/4/6/3/183646.attach::OnNormalSoundPlayed
L 09/08/2021 - 22:09:59: [SM] Exception reported: Client index 797 is invalid
L 09/08/2021 - 22:09:59: [SM] Blaming: sm_hide.smx
L 09/08/2021 - 22:09:59: [SM] Call stack trace:
L 09/08/2021 - 22:09:59: [SM]   [0] GetClientTeam
L 09/08/2021 - 22:09:59: [SM]   [1] Line 141, /home/forums/content/files/2/7/7/4/6/3/183646.attach::OnNormalSoundPlayed
L 09/08/2021 - 22:56:03: [SM] Exception reported: Client 1 is not in game
L 09/08/2021 - 22:56:03: [SM] Blaming: sm_hide.smx
L 09/08/2021 - 22:56:03: [SM] Call stack trace:
L 09/08/2021 - 22:56:03: [SM]   [0] GetClientTeam
L 09/08/2021 - 22:56:03: [SM]   [1] Line 165, /home/forums/content/files/2/7/7/4/6/3/183646.attach::CSS_Hook_ShotgunShot
L 09/08/2021 - 22:56:10: [SM] Exception reported: Client 1 is not in game
L 09/08/2021 - 22:56:10: [SM] Blaming: sm_hide.smx
L 09/08/2021 - 22:56:10: [SM] Call stack trace:
L 09/08/2021 - 22:56:10: [SM]   [0] GetClientTeam
L 09/08/2021 - 22:56:10: [SM]   [1] Line 165, /home/forums/content/files/2/7/7/4/6/3/183646.attach::CSS_Hook_ShotgunShot
L 09/08/2021 - 22:56:24: [SM] Exception reported: Client 1 is not in game
L 09/08/2021 - 22:56:24: [SM] Blaming: sm_hide.smx
L 09/08/2021 - 22:56:24: [SM] Call stack trace:
L 09/08/2021 - 22:56:24: [SM]   [0] GetClientTeam
L 09/08/2021 - 22:56:24: [SM]   [1] Line 165, /home/forums/content/files/2/7/7/4/6/3/183646.attach::CSS_Hook_ShotgunShot
L 09/08/2021 - 22:56:45: [SM] Exception reported: Client 1 is not in game
L 09/08/2021 - 22:56:45: [SM] Blaming: sm_hide.smx
L 09/08/2021 - 22:56:45: [SM] Call stack trace:
L 09/08/2021 - 22:56:45: [SM]   [0] GetClientTeam
L 09/08/2021 - 22:56:45: [SM]   [1] Line 165, /home/forums/content/files/2/7/7/4/6/3/183646.attach::CSS_Hook_ShotgunShot
L 09/08/2021 - 22:57:20: [SM] Exception reported: Client 1 is not in game
L 09/08/2021 - 22:57:20: [SM] Blaming: sm_hide.smx
L 09/08/2021 - 22:57:20: [SM] Call stack trace:
L 09/08/2021 - 22:57:20: [SM]   [0] GetClientTeam
L 09/08/2021 - 22:57:20: [SM]   [1] Line 165, /home/forums/content/files/2/7/7/4/6/3/183646.attach::CSS_Hook_ShotgunShot
L 09/08/2021 - 22:57:39: [SM] Exception reported: Client 1 is not in game
L 09/08/2021 - 22:57:39: [SM] Blaming: sm_hide.smx
L 09/08/2021 - 22:57:39: [SM] Call stack trace:
L 09/08/2021 - 22:57:39: [SM]   [0] GetClientTeam
L 09/08/2021 - 22:57:39: [SM]   [1] Line 165, /home/forums/content/files/2/7/7/4/6/3/183646.attach::CSS_Hook_ShotgunShot
L 09/08/2021 - 22:57:52: [SM] Exception reported: Client 1 is not in game
L 09/08/2021 - 22:57:52: [SM] Blaming: sm_hide.smx
L 09/08/2021 - 22:57:52: [SM] Call stack trace:
L 09/08/2021 - 22:57:52: [SM]   [0] GetClientTeam
L 09/08/2021 - 22:57:52: [SM]   [1] Line 165, /home/forums/content/files/2/7/7/4/6/3/183646.attach::CSS_Hook_ShotgunShot
L 09/08/2021 - 22:58:03: [SM] Exception reported: Client 1 is not in game
L 09/08/2021 - 22:58:03: [SM] Blaming: sm_hide.smx
L 09/08/2021 - 22:58:03: [SM] Call stack trace:
L 09/08/2021 - 22:58:03: [SM]   [0] GetClientTeam
L 09/08/2021 - 22:58:03: [SM]   [1] Line 165, /home/forums/content/files/2/7/7/4/6/3/183646.attach::CSS_Hook_ShotgunShot
L 09/08/2021 - 22:58:20: [SM] Exception reported: Client 1 is not in game
L 09/08/2021 - 22:58:20: [SM] Blaming: sm_hide.smx
L 09/08/2021 - 22:58:20: [SM] Call stack trace:
L 09/08/2021 - 22:58:20: [SM]   [0] GetClientTeam
L 09/08/2021 - 22:58:20: [SM]   [1] Line 165, /home/forums/content/files/2/7/7/4/6/3/183646.attach::CSS_Hook_ShotgunShot
L 09/08/2021 - 22:58:47: [SM] Exception reported: Client 1 is not in game
L 09/08/2021 - 22:58:47: [SM] Blaming: sm_hide.smx
L 09/08/2021 - 22:58:47: [SM] Call stack trace:
L 09/08/2021 - 22:58:47: [SM]   [0] GetClientTeam
L 09/08/2021 - 22:58:47: [SM]   [1] Line 165, /home/forums/content/files/2/7/7/4/6/3/183646.attach::CSS_Hook_ShotgunShot
L 09/08/2021 - 22:59:49: [SM] Exception reported: Client index 814 is invalid
L 09/08/2021 - 22:59:49: [SM] Blaming: sm_hide.smx
L 09/08/2021 - 22:59:49: [SM] Call stack trace:
L 09/08/2021 - 22:59:49: [SM]   [0] GetClientTeam
L 09/08/2021 - 22:59:49: [SM]   [1] Line 141, /home/forums/content/files/2/7/7/4/6/3/183646.attach::OnNormalSoundPlayed
L 09/08/2021 - 23:03:43: [SM] Exception reported: Client index 854 is invalid
L 09/08/2021 - 23:03:43: [SM] Blaming: sm_hide.smx
L 09/08/2021 - 23:03:43: [SM] Call stack trace:
L 09/08/2021 - 23:03:43: [SM]   [0] GetClientTeam
L 09/08/2021 - 23:03:43: [SM]   [1] Line 141, /home/forums/content/files/2/7/7/4/6/3/183646.attach::OnNormalSoundPlayed
L 09/08/2021 - 23:03:55: [SM] Exception reported: Client index 834 is invalid
L 09/08/2021 - 23:03:55: [SM] Blaming: sm_hide.smx
L 09/08/2021 - 23:03:55: [SM] Call stack trace:
L 09/08/2021 - 23:03:55: [SM]   [0] GetClientTeam
L 09/08/2021 - 23:03:55: [SM]   [1] Line 141, /home/forums/content/files/2/7/7/4/6/3/183646.attach::OnNormalSoundPlayed
L 09/08/2021 - 23:05:32: [SM] Exception reported: Client index 822 is invalid
L 09/08/2021 - 23:05:32: [SM] Blaming: sm_hide.smx
L 09/08/2021 - 23:05:32: [SM] Call stack trace:
L 09/08/2021 - 23:05:32: [SM]   [0] GetClientTeam
L 09/08/2021 - 23:05:32: [SM]   [1] Line 141, /home/forums/content/files/2/7/7/4/6/3/183646.attach::OnNormalSoundPlayed
L 09/08/2021 - 23:06:29: [SM] Exception reported: Client index 835 is invalid
L 09/08/2021 - 23:06:29: [SM] Blaming: sm_hide.smx
L 09/08/2021 - 23:06:29: [SM] Call stack trace:
L 09/08/2021 - 23:06:29: [SM]   [0] GetClientTeam
L 09/08/2021 - 23:06:29: [SM]   [1] Line 141, /home/forums/content/files/2/7/7/4/6/3/183646.attach::OnNormalSoundPlayed
L 09/08/2021 - 23:10:14: [SM] Exception reported: Client index 855 is invalid
L 09/08/2021 - 23:10:14: [SM] Blaming: sm_hide.smx
L 09/08/2021 - 23:10:14: [SM] Call stack trace:
L 09/08/2021 - 23:10:14: [SM]   [0] GetClientTeam
L 09/08/2021 - 23:10:14: [SM]   [1] Line 141, /home/forums/content/files/2/7/7/4/6/3/183646.attach::OnNormalSoundPlayed
L 09/08/2021 - 23:10:57: [SM] Exception reported: Client index 827 is invalid
L 09/08/2021 - 23:10:57: [SM] Blaming: sm_hide.smx
L 09/08/2021 - 23:10:57: [SM] Call stack trace:
L 09/08/2021 - 23:10:57: [SM]   [0] GetClientTeam
L 09/08/2021 - 23:10:57: [SM]   [1] Line 141, /home/forums/content/files/2/7/7/4/6/3/183646.attach::OnNormalSoundPlayed
L 09/08/2021 - 23:11:44: [SM] Exception reported: Client index 815 is invalid
L 09/08/2021 - 23:11:44: [SM] Blaming: sm_hide.smx
L 09/08/2021 - 23:11:44: [SM] Call stack trace:
L 09/08/2021 - 23:11:44: [SM]   [0] GetClientTeam
L 09/08/2021 - 23:11:44: [SM]   [1] Line 141, /home/forums/content/files/2/7/7/4/6/3/183646.attach::OnNormalSoundPlayed
L 09/08/2021 - 23:14:54: [SM] Exception reported: Client index 835 is invalid
L 09/08/2021 - 23:14:54: [SM] Blaming: sm_hide.smx
L 09/08/2021 - 23:14:54: [SM] Call stack trace:
L 09/08/2021 - 23:14:54: [SM]   [0] GetClientTeam
L 09/08/2021 - 23:14:54: [SM]   [1] Line 141, /home/forums/content/files/2/7/7/4/6/3/183646.attach::OnNormalSoundPlayed
L 09/08/2021 - 23:17:13: [SM] Exception reported: Client index 815 is invalid
L 09/08/2021 - 23:17:13: [SM] Blaming: sm_hide.smx
L 09/08/2021 - 23:17:13: [SM] Call stack trace:
L 09/08/2021 - 23:17:13: [SM]   [0] GetClientTeam
L 09/08/2021 - 23:17:13: [SM]   [1] Line 141, /home/forums/content/files/2/7/7/4/6/3/183646.attach::OnNormalSoundPlayed
L 09/09/2021 - 01:35:18: Error log file session closed.
