L 09/11/2021 - 00:46:05: SourceMod error session started
L 09/11/2021 - 00:46:05: Info (map "surf_trick_gxd") (file "/home/container/csgo/addons/sourcemod/logs/errors_20210911.log")
L 09/11/2021 - 00:46:05: [SM] Exception reported: Invalid query Handle 0 (error: 4)
L 09/11/2021 - 00:46:05: [SM] Blaming: dm_trick.smx
L 09/11/2021 - 00:46:05: [SM] Call stack trace:
L 09/11/2021 - 00:46:05: [SM]   [0] DBResultSet.HasResults.get
L 09/11/2021 - 00:46:05: [SM]   [1] Line 139, include/saveloc.sp::load_loc_cl_data_callback
L 09/11/2021 - 00:46:05: [SM] Exception reported: Invalid query Handle 0 (error: 4)
L 09/11/2021 - 00:46:05: [SM] Blaming: dm_trick.smx
L 09/11/2021 - 00:46:05: [SM] Call stack trace:
L 09/11/2021 - 00:46:05: [SM]   [0] DBResultSet.HasResults.get
L 09/11/2021 - 00:46:05: [SM]   [1] Line 88, include/trick_menu.sp::load_trick_cl_data_callback
L 09/11/2021 - 05:00:37: Error log file session closed.
L 09/11/2021 - 05:00:38: SourceMod error session started
L 09/11/2021 - 05:00:38: Info (map "surf_trick_gxd") (file "/home/container/csgo/addons/sourcemod/logs/errors_20210911.log")
L 09/11/2021 - 05:00:38: [SM] Exception reported: Invalid query Handle 0 (error: 4)
L 09/11/2021 - 05:00:38: [SM] Blaming: dm_trick.smx
L 09/11/2021 - 05:00:38: [SM] Call stack trace:
L 09/11/2021 - 05:00:38: [SM]   [0] DBResultSet.HasResults.get
L 09/11/2021 - 05:00:38: [SM]   [1] Line 208, include/daily_tricks.sp::timer_daily_callback
L 09/11/2021 - 07:20:49: Error log file session closed.
L 09/11/2021 - 07:20:50: SourceMod error session started
L 09/11/2021 - 07:20:50: Info (map "surf_trick_gxd") (file "/home/container/csgo/addons/sourcemod/logs/errors_20210911.log")
L 09/11/2021 - 07:20:50: [SM] Exception reported: Invalid query Handle 0 (error: 4)
L 09/11/2021 - 07:20:50: [SM] Blaming: dm_trick.smx
L 09/11/2021 - 07:20:50: [SM] Call stack trace:
L 09/11/2021 - 07:20:50: [SM]   [0] DBResultSet.HasResults.get
L 09/11/2021 - 07:20:50: [SM]   [1] Line 208, include/daily_tricks.sp::timer_daily_callback
L 09/11/2021 - 09:30:21: Error log file session closed.
L 09/11/2021 - 09:30:22: SourceMod error session started
L 09/11/2021 - 09:30:22: Info (map "surf_trick_gxd") (file "/home/container/csgo/addons/sourcemod/logs/errors_20210911.log")
L 09/11/2021 - 09:30:22: [SM] Exception reported: Invalid query Handle 0 (error: 4)
L 09/11/2021 - 09:30:22: [SM] Blaming: dm_trick.smx
L 09/11/2021 - 09:30:22: [SM] Call stack trace:
L 09/11/2021 - 09:30:22: [SM]   [0] DBResultSet.HasResults.get
L 09/11/2021 - 09:30:22: [SM]   [1] Line 208, include/daily_tricks.sp::timer_daily_callback
L 09/11/2021 - 09:32:04: [SM] Exception reported: Invalid query Handle 0 (error: 4)
L 09/11/2021 - 09:32:04: [SM] Blaming: dm_trick.smx
L 09/11/2021 - 09:32:04: [SM] Call stack trace:
L 09/11/2021 - 09:32:04: [SM]   [0] DBResultSet.HasResults.get
L 09/11/2021 - 09:32:04: [SM]   [1] Line 139, include/saveloc.sp::load_loc_cl_data_callback
L 09/11/2021 - 09:32:04: [SM] Exception reported: Invalid query Handle 0 (error: 4)
L 09/11/2021 - 09:32:04: [SM] Blaming: dm_trick.smx
L 09/11/2021 - 09:32:04: [SM] Call stack trace:
L 09/11/2021 - 09:32:04: [SM]   [0] DBResultSet.HasResults.get
L 09/11/2021 - 09:32:04: [SM]   [1] Line 88, include/trick_menu.sp::load_trick_cl_data_callback
L 09/11/2021 - 09:58:39: Error log file session closed.
L 09/11/2021 - 09:58:40: SourceMod error session started
L 09/11/2021 - 09:58:40: Info (map "surf_trick_gxd") (file "/home/container/csgo/addons/sourcemod/logs/errors_20210911.log")
L 09/11/2021 - 09:58:40: [SM] Exception reported: Invalid query Handle 0 (error: 4)
L 09/11/2021 - 09:58:40: [SM] Blaming: dm_trick.smx
L 09/11/2021 - 09:58:40: [SM] Call stack trace:
L 09/11/2021 - 09:58:40: [SM]   [0] DBResultSet.HasResults.get
L 09/11/2021 - 09:58:40: [SM]   [1] Line 208, include/daily_tricks.sp::timer_daily_callback
L 09/11/2021 - 10:08:33: Error log file session closed.
L 09/11/2021 - 10:08:34: SourceMod error session started
L 09/11/2021 - 10:08:34: Info (map "surf_trick_gxd") (file "/home/container/csgo/addons/sourcemod/logs/errors_20210911.log")
L 09/11/2021 - 10:08:34: [SM] Exception reported: Invalid query Handle 0 (error: 4)
L 09/11/2021 - 10:08:34: [SM] Blaming: dm_trick.smx
L 09/11/2021 - 10:08:34: [SM] Call stack trace:
L 09/11/2021 - 10:08:34: [SM]   [0] DBResultSet.HasResults.get
L 09/11/2021 - 10:08:34: [SM]   [1] Line 208, include/daily_tricks.sp::timer_daily_callback
L 09/11/2021 - 10:26:48: Error log file session closed.
L 09/11/2021 - 10:26:50: SourceMod error session started
L 09/11/2021 - 10:26:50: Info (map "surf_trick_gxd") (file "/home/container/csgo/addons/sourcemod/logs/errors_20210911.log")
L 09/11/2021 - 10:26:50: [SM] Exception reported: Invalid query Handle 0 (error: 4)
L 09/11/2021 - 10:26:50: [SM] Blaming: dm_trick.smx
L 09/11/2021 - 10:26:50: [SM] Call stack trace:
L 09/11/2021 - 10:26:50: [SM]   [0] DBResultSet.HasResults.get
L 09/11/2021 - 10:26:50: [SM]   [1] Line 208, include/daily_tricks.sp::timer_daily_callback
L 09/11/2021 - 10:36:00: Error log file session closed.
L 09/11/2021 - 12:28:54: SourceMod error session started
L 09/11/2021 - 12:28:54: Info (map "surf_trick_gxd") (file "/home/container/csgo/addons/sourcemod/logs/errors_20210911.log")
L 09/11/2021 - 12:28:54: [SM] Exception reported: Invalid query Handle 0 (error: 4)
L 09/11/2021 - 12:28:54: [SM] Blaming: dm_trick.smx
L 09/11/2021 - 12:28:54: [SM] Call stack trace:
L 09/11/2021 - 12:28:54: [SM]   [0] DBResultSet.HasResults.get
L 09/11/2021 - 12:28:54: [SM]   [1] Line 208, include/daily_tricks.sp::timer_daily_callback
L 09/11/2021 - 12:51:34: [SM] Exception reported: Invalid query Handle 0 (error: 4)
L 09/11/2021 - 12:51:34: [SM] Blaming: dm_trick.smx
L 09/11/2021 - 12:51:34: [SM] Call stack trace:
L 09/11/2021 - 12:51:34: [SM]   [0] DBResultSet.HasResults.get
L 09/11/2021 - 12:51:34: [SM]   [1] Line 139, include/saveloc.sp::load_loc_cl_data_callback
L 09/11/2021 - 13:12:25: [SM] Exception reported: Invalid query Handle 0 (error: 4)
L 09/11/2021 - 13:12:25: [SM] Blaming: dm_trick.smx
L 09/11/2021 - 13:12:25: [SM] Call stack trace:
L 09/11/2021 - 13:12:25: [SM]   [0] DBResultSet.HasResults.get
L 09/11/2021 - 13:12:25: [SM]   [1] Line 139, include/saveloc.sp::load_loc_cl_data_callback
L 09/11/2021 - 13:17:09: [SM] Exception reported: Invalid query Handle 0 (error: 4)
L 09/11/2021 - 13:17:09: [SM] Blaming: dm_trick.smx
L 09/11/2021 - 13:17:09: [SM] Call stack trace:
L 09/11/2021 - 13:17:09: [SM]   [0] DBResultSet.HasResults.get
L 09/11/2021 - 13:17:09: [SM]   [1] Line 139, include/saveloc.sp::load_loc_cl_data_callback
L 09/11/2021 - 13:46:08: [SM] Exception reported: Invalid query Handle 0 (error: 4)
L 09/11/2021 - 13:46:08: [SM] Blaming: dm_trick.smx
L 09/11/2021 - 13:46:08: [SM] Call stack trace:
L 09/11/2021 - 13:46:08: [SM]   [0] DBResultSet.HasResults.get
L 09/11/2021 - 13:46:08: [SM]   [1] Line 139, include/saveloc.sp::load_loc_cl_data_callback
L 09/11/2021 - 13:46:08: [SM] Exception reported: Invalid query Handle 0 (error: 4)
L 09/11/2021 - 13:46:08: [SM] Blaming: dm_trick.smx
L 09/11/2021 - 13:46:08: [SM] Call stack trace:
L 09/11/2021 - 13:46:08: [SM]   [0] DBResultSet.HasResults.get
L 09/11/2021 - 13:46:08: [SM]   [1] Line 88, include/trick_menu.sp::load_trick_cl_data_callback
L 09/11/2021 - 15:02:02: [SM] Exception reported: Invalid query Handle 0 (error: 4)
L 09/11/2021 - 15:02:02: [SM] Blaming: dm_trick.smx
L 09/11/2021 - 15:02:02: [SM] Call stack trace:
L 09/11/2021 - 15:02:02: [SM]   [0] DBResultSet.HasResults.get
L 09/11/2021 - 15:02:02: [SM]   [1] Line 139, include/saveloc.sp::load_loc_cl_data_callback
L 09/11/2021 - 15:04:04: [SM] Exception reported: Invalid query Handle 0 (error: 4)
L 09/11/2021 - 15:04:04: [SM] Blaming: dm_trick.smx
L 09/11/2021 - 15:04:04: [SM] Call stack trace:
L 09/11/2021 - 15:04:04: [SM]   [0] DBResultSet.HasResults.get
L 09/11/2021 - 15:04:04: [SM]   [1] Line 139, include/saveloc.sp::load_loc_cl_data_callback
L 09/11/2021 - 15:04:04: [SM] Exception reported: Invalid query Handle 0 (error: 4)
L 09/11/2021 - 15:04:04: [SM] Blaming: dm_trick.smx
L 09/11/2021 - 15:04:04: [SM] Call stack trace:
L 09/11/2021 - 15:04:04: [SM]   [0] DBResultSet.HasResults.get
L 09/11/2021 - 15:04:04: [SM]   [1] Line 88, include/trick_menu.sp::load_trick_cl_data_callback
L 09/11/2021 - 15:04:23: [SM] Exception reported: Client index 827 is invalid
L 09/11/2021 - 15:04:23: [SM] Blaming: sm_hide.smx
L 09/11/2021 - 15:04:23: [SM] Call stack trace:
L 09/11/2021 - 15:04:23: [SM]   [0] GetClientTeam
L 09/11/2021 - 15:04:23: [SM]   [1] Line 141, /home/forums/content/files/2/7/7/4/6/3/183646.attach::OnNormalSoundPlayed
L 09/11/2021 - 15:04:29: [SM] Exception reported: Client index 827 is invalid
L 09/11/2021 - 15:04:29: [SM] Blaming: sm_hide.smx
L 09/11/2021 - 15:04:29: [SM] Call stack trace:
L 09/11/2021 - 15:04:29: [SM]   [0] GetClientTeam
L 09/11/2021 - 15:04:29: [SM]   [1] Line 141, /home/forums/content/files/2/7/7/4/6/3/183646.attach::OnNormalSoundPlayed
L 09/11/2021 - 15:04:51: [SM] Exception reported: Client index 827 is invalid
L 09/11/2021 - 15:04:51: [SM] Blaming: sm_hide.smx
L 09/11/2021 - 15:04:51: [SM] Call stack trace:
L 09/11/2021 - 15:04:51: [SM]   [0] GetClientTeam
L 09/11/2021 - 15:04:51: [SM]   [1] Line 141, /home/forums/content/files/2/7/7/4/6/3/183646.attach::OnNormalSoundPlayed
L 09/11/2021 - 15:05:07: [SM] Exception reported: Client index 816 is invalid
L 09/11/2021 - 15:05:07: [SM] Blaming: sm_hide.smx
L 09/11/2021 - 15:05:07: [SM] Call stack trace:
L 09/11/2021 - 15:05:07: [SM]   [0] GetClientTeam
L 09/11/2021 - 15:05:07: [SM]   [1] Line 141, /home/forums/content/files/2/7/7/4/6/3/183646.attach::OnNormalSoundPlayed
L 09/11/2021 - 15:05:13: [SM] Exception reported: Client index 816 is invalid
L 09/11/2021 - 15:05:13: [SM] Blaming: sm_hide.smx
L 09/11/2021 - 15:05:13: [SM] Call stack trace:
L 09/11/2021 - 15:05:13: [SM]   [0] GetClientTeam
L 09/11/2021 - 15:05:13: [SM]   [1] Line 141, /home/forums/content/files/2/7/7/4/6/3/183646.attach::OnNormalSoundPlayed
L 09/11/2021 - 15:05:30: [SM] Exception reported: Client index 816 is invalid
L 09/11/2021 - 15:05:30: [SM] Blaming: sm_hide.smx
L 09/11/2021 - 15:05:30: [SM] Call stack trace:
L 09/11/2021 - 15:05:30: [SM]   [0] GetClientTeam
L 09/11/2021 - 15:05:30: [SM]   [1] Line 141, /home/forums/content/files/2/7/7/4/6/3/183646.attach::OnNormalSoundPlayed
L 09/11/2021 - 15:21:36: [SM] Exception reported: Invalid query Handle 0 (error: 4)
L 09/11/2021 - 15:21:36: [SM] Blaming: dm_trick.smx
L 09/11/2021 - 15:21:36: [SM] Call stack trace:
L 09/11/2021 - 15:21:36: [SM]   [0] DBResultSet.HasResults.get
L 09/11/2021 - 15:21:36: [SM]   [1] Line 139, include/saveloc.sp::load_loc_cl_data_callback
L 09/11/2021 - 15:21:36: [SM] Exception reported: Invalid query Handle 0 (error: 4)
L 09/11/2021 - 15:21:36: [SM] Blaming: dm_trick.smx
L 09/11/2021 - 15:21:36: [SM] Call stack trace:
L 09/11/2021 - 15:21:36: [SM]   [0] DBResultSet.HasResults.get
L 09/11/2021 - 15:21:36: [SM]   [1] Line 88, include/trick_menu.sp::load_trick_cl_data_callback
L 09/11/2021 - 15:21:54: [SM] Exception reported: Client index 824 is invalid
L 09/11/2021 - 15:21:54: [SM] Blaming: sm_hide.smx
L 09/11/2021 - 15:21:54: [SM] Call stack trace:
L 09/11/2021 - 15:21:54: [SM]   [0] GetClientTeam
L 09/11/2021 - 15:21:54: [SM]   [1] Line 141, /home/forums/content/files/2/7/7/4/6/3/183646.attach::OnNormalSoundPlayed
L 09/11/2021 - 15:21:58: [SM] Exception reported: Client index 824 is invalid
L 09/11/2021 - 15:21:58: [SM] Blaming: sm_hide.smx
L 09/11/2021 - 15:21:58: [SM] Call stack trace:
L 09/11/2021 - 15:21:58: [SM]   [0] GetClientTeam
L 09/11/2021 - 15:21:58: [SM]   [1] Line 141, /home/forums/content/files/2/7/7/4/6/3/183646.attach::OnNormalSoundPlayed
L 09/11/2021 - 15:22:10: [SM] Exception reported: Client index 824 is invalid
L 09/11/2021 - 15:22:10: [SM] Blaming: sm_hide.smx
L 09/11/2021 - 15:22:10: [SM] Call stack trace:
L 09/11/2021 - 15:22:10: [SM]   [0] GetClientTeam
L 09/11/2021 - 15:22:10: [SM]   [1] Line 141, /home/forums/content/files/2/7/7/4/6/3/183646.attach::OnNormalSoundPlayed
L 09/11/2021 - 15:22:13: [SM] Exception reported: Client index 824 is invalid
L 09/11/2021 - 15:22:13: [SM] Blaming: sm_hide.smx
L 09/11/2021 - 15:22:13: [SM] Call stack trace:
L 09/11/2021 - 15:22:13: [SM]   [0] GetClientTeam
L 09/11/2021 - 15:22:13: [SM]   [1] Line 141, /home/forums/content/files/2/7/7/4/6/3/183646.attach::OnNormalSoundPlayed
L 09/11/2021 - 15:22:14: [SM] Exception reported: Client index 824 is invalid
L 09/11/2021 - 15:22:14: [SM] Blaming: sm_hide.smx
L 09/11/2021 - 15:22:14: [SM] Call stack trace:
L 09/11/2021 - 15:22:14: [SM]   [0] GetClientTeam
L 09/11/2021 - 15:22:14: [SM]   [1] Line 141, /home/forums/content/files/2/7/7/4/6/3/183646.attach::OnNormalSoundPlayed
L 09/11/2021 - 15:22:31: [SM] Exception reported: Client index 824 is invalid
L 09/11/2021 - 15:22:31: [SM] Blaming: sm_hide.smx
L 09/11/2021 - 15:22:31: [SM] Call stack trace:
L 09/11/2021 - 15:22:31: [SM]   [0] GetClientTeam
L 09/11/2021 - 15:22:31: [SM]   [1] Line 141, /home/forums/content/files/2/7/7/4/6/3/183646.attach::OnNormalSoundPlayed
L 09/11/2021 - 15:22:35: [SM] Exception reported: Client index 824 is invalid
L 09/11/2021 - 15:22:35: [SM] Blaming: sm_hide.smx
L 09/11/2021 - 15:22:35: [SM] Call stack trace:
L 09/11/2021 - 15:22:35: [SM]   [0] GetClientTeam
L 09/11/2021 - 15:22:35: [SM]   [1] Line 141, /home/forums/content/files/2/7/7/4/6/3/183646.attach::OnNormalSoundPlayed
L 09/11/2021 - 15:22:52: [SM] Exception reported: Client index 824 is invalid
L 09/11/2021 - 15:22:52: [SM] Blaming: sm_hide.smx
L 09/11/2021 - 15:22:52: [SM] Call stack trace:
L 09/11/2021 - 15:22:52: [SM]   [0] GetClientTeam
L 09/11/2021 - 15:22:52: [SM]   [1] Line 141, /home/forums/content/files/2/7/7/4/6/3/183646.attach::OnNormalSoundPlayed
L 09/11/2021 - 15:22:53: [SM] Exception reported: Client index 824 is invalid
L 09/11/2021 - 15:22:53: [SM] Blaming: sm_hide.smx
L 09/11/2021 - 15:22:53: [SM] Call stack trace:
L 09/11/2021 - 15:22:53: [SM]   [0] GetClientTeam
L 09/11/2021 - 15:22:53: [SM]   [1] Line 141, /home/forums/content/files/2/7/7/4/6/3/183646.attach::OnNormalSoundPlayed
L 09/11/2021 - 15:22:58: [SM] Exception reported: Client index 824 is invalid
L 09/11/2021 - 15:22:58: [SM] Blaming: sm_hide.smx
L 09/11/2021 - 15:22:58: [SM] Call stack trace:
L 09/11/2021 - 15:22:58: [SM]   [0] GetClientTeam
L 09/11/2021 - 15:22:58: [SM]   [1] Line 141, /home/forums/content/files/2/7/7/4/6/3/183646.attach::OnNormalSoundPlayed
L 09/11/2021 - 15:23:05: [SM] Exception reported: Client index 824 is invalid
L 09/11/2021 - 15:23:05: [SM] Blaming: sm_hide.smx
L 09/11/2021 - 15:23:05: [SM] Call stack trace:
L 09/11/2021 - 15:23:05: [SM]   [0] GetClientTeam
L 09/11/2021 - 15:23:05: [SM]   [1] Line 141, /home/forums/content/files/2/7/7/4/6/3/183646.attach::OnNormalSoundPlayed
L 09/11/2021 - 15:23:14: [SM] Exception reported: Client index 824 is invalid
L 09/11/2021 - 15:23:14: [SM] Blaming: sm_hide.smx
L 09/11/2021 - 15:23:14: [SM] Call stack trace:
L 09/11/2021 - 15:23:14: [SM]   [0] GetClientTeam
L 09/11/2021 - 15:23:14: [SM]   [1] Line 141, /home/forums/content/files/2/7/7/4/6/3/183646.attach::OnNormalSoundPlayed
L 09/11/2021 - 15:23:32: [SM] Exception reported: Client index 850 is invalid
L 09/11/2021 - 15:23:32: [SM] Blaming: sm_hide.smx
L 09/11/2021 - 15:23:32: [SM] Call stack trace:
L 09/11/2021 - 15:23:32: [SM]   [0] GetClientTeam
L 09/11/2021 - 15:23:32: [SM]   [1] Line 141, /home/forums/content/files/2/7/7/4/6/3/183646.attach::OnNormalSoundPlayed
L 09/11/2021 - 15:24:09: [SM] Exception reported: Client index 850 is invalid
L 09/11/2021 - 15:24:09: [SM] Blaming: sm_hide.smx
L 09/11/2021 - 15:24:09: [SM] Call stack trace:
L 09/11/2021 - 15:24:09: [SM]   [0] GetClientTeam
L 09/11/2021 - 15:24:09: [SM]   [1] Line 141, /home/forums/content/files/2/7/7/4/6/3/183646.attach::OnNormalSoundPlayed
L 09/11/2021 - 15:24:20: [SM] Exception reported: Client index 687 is invalid
L 09/11/2021 - 15:24:20: [SM] Blaming: sm_hide.smx
L 09/11/2021 - 15:24:20: [SM] Call stack trace:
L 09/11/2021 - 15:24:20: [SM]   [0] GetClientTeam
L 09/11/2021 - 15:24:20: [SM]   [1] Line 141, /home/forums/content/files/2/7/7/4/6/3/183646.attach::OnNormalSoundPlayed
L 09/11/2021 - 15:24:26: [SM] Exception reported: Client index 687 is invalid
L 09/11/2021 - 15:24:26: [SM] Blaming: sm_hide.smx
L 09/11/2021 - 15:24:26: [SM] Call stack trace:
L 09/11/2021 - 15:24:26: [SM]   [0] GetClientTeam
L 09/11/2021 - 15:24:26: [SM]   [1] Line 141, /home/forums/content/files/2/7/7/4/6/3/183646.attach::OnNormalSoundPlayed
L 09/11/2021 - 15:24:29: [SM] Exception reported: Client index 687 is invalid
L 09/11/2021 - 15:24:29: [SM] Blaming: sm_hide.smx
L 09/11/2021 - 15:24:29: [SM] Call stack trace:
L 09/11/2021 - 15:24:29: [SM]   [0] GetClientTeam
L 09/11/2021 - 15:24:29: [SM]   [1] Line 141, /home/forums/content/files/2/7/7/4/6/3/183646.attach::OnNormalSoundPlayed
L 09/11/2021 - 15:24:53: [SM] Exception reported: Client index 850 is invalid
L 09/11/2021 - 15:24:53: [SM] Blaming: sm_hide.smx
L 09/11/2021 - 15:24:53: [SM] Call stack trace:
L 09/11/2021 - 15:24:53: [SM]   [0] GetClientTeam
L 09/11/2021 - 15:24:53: [SM]   [1] Line 141, /home/forums/content/files/2/7/7/4/6/3/183646.attach::OnNormalSoundPlayed
L 09/11/2021 - 15:25:01: [SM] Exception reported: Client index 687 is invalid
L 09/11/2021 - 15:25:01: [SM] Blaming: sm_hide.smx
L 09/11/2021 - 15:25:01: [SM] Call stack trace:
L 09/11/2021 - 15:25:01: [SM]   [0] GetClientTeam
L 09/11/2021 - 15:25:01: [SM]   [1] Line 141, /home/forums/content/files/2/7/7/4/6/3/183646.attach::OnNormalSoundPlayed
L 09/11/2021 - 15:25:35: [SM] Exception reported: Client index 830 is invalid
L 09/11/2021 - 15:25:35: [SM] Blaming: sm_hide.smx
L 09/11/2021 - 15:25:35: [SM] Call stack trace:
L 09/11/2021 - 15:25:35: [SM]   [0] GetClientTeam
L 09/11/2021 - 15:25:35: [SM]   [1] Line 141, /home/forums/content/files/2/7/7/4/6/3/183646.attach::OnNormalSoundPlayed
L 09/11/2021 - 15:25:50: [SM] Exception reported: Client index 830 is invalid
L 09/11/2021 - 15:25:50: [SM] Blaming: sm_hide.smx
L 09/11/2021 - 15:25:50: [SM] Call stack trace:
L 09/11/2021 - 15:25:50: [SM]   [0] GetClientTeam
L 09/11/2021 - 15:25:50: [SM]   [1] Line 141, /home/forums/content/files/2/7/7/4/6/3/183646.attach::OnNormalSoundPlayed
L 09/11/2021 - 15:26:34: [SM] Exception reported: Invalid query Handle 0 (error: 4)
L 09/11/2021 - 15:26:34: [SM] Blaming: dm_trick.smx
L 09/11/2021 - 15:26:34: [SM] Call stack trace:
L 09/11/2021 - 15:26:34: [SM]   [0] DBResultSet.HasResults.get
L 09/11/2021 - 15:26:34: [SM]   [1] Line 139, include/saveloc.sp::load_loc_cl_data_callback
L 09/11/2021 - 15:26:34: [SM] Exception reported: Invalid query Handle 0 (error: 4)
L 09/11/2021 - 15:26:34: [SM] Blaming: dm_trick.smx
L 09/11/2021 - 15:26:34: [SM] Call stack trace:
L 09/11/2021 - 15:26:34: [SM]   [0] DBResultSet.HasResults.get
L 09/11/2021 - 15:26:34: [SM]   [1] Line 88, include/trick_menu.sp::load_trick_cl_data_callback
L 09/11/2021 - 15:26:51: [SM] Exception reported: Client index 831 is invalid
L 09/11/2021 - 15:26:51: [SM] Blaming: sm_hide.smx
L 09/11/2021 - 15:26:51: [SM] Call stack trace:
L 09/11/2021 - 15:26:51: [SM]   [0] GetClientTeam
L 09/11/2021 - 15:26:51: [SM]   [1] Line 141, /home/forums/content/files/2/7/7/4/6/3/183646.attach::OnNormalSoundPlayed
L 09/11/2021 - 15:27:00: [SM] Exception reported: Client index 831 is invalid
L 09/11/2021 - 15:27:00: [SM] Blaming: sm_hide.smx
L 09/11/2021 - 15:27:00: [SM] Call stack trace:
L 09/11/2021 - 15:27:00: [SM]   [0] GetClientTeam
L 09/11/2021 - 15:27:00: [SM]   [1] Line 141, /home/forums/content/files/2/7/7/4/6/3/183646.attach::OnNormalSoundPlayed
L 09/11/2021 - 15:27:14: [SM] Exception reported: Client index 826 is invalid
L 09/11/2021 - 15:27:14: [SM] Blaming: sm_hide.smx
L 09/11/2021 - 15:27:14: [SM] Call stack trace:
L 09/11/2021 - 15:27:14: [SM]   [0] GetClientTeam
L 09/11/2021 - 15:27:14: [SM]   [1] Line 141, /home/forums/content/files/2/7/7/4/6/3/183646.attach::OnNormalSoundPlayed
L 09/11/2021 - 15:27:22: [SM] Exception reported: Client index 826 is invalid
L 09/11/2021 - 15:27:22: [SM] Blaming: sm_hide.smx
L 09/11/2021 - 15:27:22: [SM] Call stack trace:
L 09/11/2021 - 15:27:22: [SM]   [0] GetClientTeam
L 09/11/2021 - 15:27:22: [SM]   [1] Line 141, /home/forums/content/files/2/7/7/4/6/3/183646.attach::OnNormalSoundPlayed
L 09/11/2021 - 15:27:31: [SM] Exception reported: Client index 826 is invalid
L 09/11/2021 - 15:27:31: [SM] Blaming: sm_hide.smx
L 09/11/2021 - 15:27:31: [SM] Call stack trace:
L 09/11/2021 - 15:27:31: [SM]   [0] GetClientTeam
L 09/11/2021 - 15:27:31: [SM]   [1] Line 141, /home/forums/content/files/2/7/7/4/6/3/183646.attach::OnNormalSoundPlayed
L 09/11/2021 - 15:27:38: [SM] Exception reported: Client index 826 is invalid
L 09/11/2021 - 15:27:38: [SM] Blaming: sm_hide.smx
L 09/11/2021 - 15:27:38: [SM] Call stack trace:
L 09/11/2021 - 15:27:38: [SM]   [0] GetClientTeam
L 09/11/2021 - 15:27:38: [SM]   [1] Line 141, /home/forums/content/files/2/7/7/4/6/3/183646.attach::OnNormalSoundPlayed
L 09/11/2021 - 17:49:34: [SM] Exception reported: Invalid query Handle 0 (error: 4)
L 09/11/2021 - 17:49:34: [SM] Blaming: dm_trick.smx
L 09/11/2021 - 17:49:34: [SM] Call stack trace:
L 09/11/2021 - 17:49:34: [SM]   [0] DBResultSet.HasResults.get
L 09/11/2021 - 17:49:34: [SM]   [1] Line 139, include/saveloc.sp::load_loc_cl_data_callback
L 09/11/2021 - 17:49:34: [SM] Exception reported: Invalid query Handle 0 (error: 4)
L 09/11/2021 - 17:49:34: [SM] Blaming: dm_trick.smx
L 09/11/2021 - 17:49:34: [SM] Call stack trace:
L 09/11/2021 - 17:49:34: [SM]   [0] DBResultSet.HasResults.get
L 09/11/2021 - 17:49:34: [SM]   [1] Line 88, include/trick_menu.sp::load_trick_cl_data_callback
L 09/11/2021 - 17:52:28: [SM] Exception reported: Invalid query Handle 0 (error: 4)
L 09/11/2021 - 17:52:28: [SM] Blaming: dm_trick.smx
L 09/11/2021 - 17:52:28: [SM] Call stack trace:
L 09/11/2021 - 17:52:28: [SM]   [0] DBResultSet.HasResults.get
L 09/11/2021 - 17:52:28: [SM]   [1] Line 139, include/saveloc.sp::load_loc_cl_data_callback
L 09/11/2021 - 17:52:28: [SM] Exception reported: Invalid query Handle 0 (error: 4)
L 09/11/2021 - 17:52:28: [SM] Blaming: dm_trick.smx
L 09/11/2021 - 17:52:28: [SM] Call stack trace:
L 09/11/2021 - 17:52:28: [SM]   [0] DBResultSet.HasResults.get
L 09/11/2021 - 17:52:28: [SM]   [1] Line 88, include/trick_menu.sp::load_trick_cl_data_callback
L 09/11/2021 - 20:21:56: [SM] Exception reported: Invalid query Handle 0 (error: 4)
L 09/11/2021 - 20:21:56: [SM] Blaming: dm_trick.smx
L 09/11/2021 - 20:21:56: [SM] Call stack trace:
L 09/11/2021 - 20:21:56: [SM]   [0] DBResultSet.HasResults.get
L 09/11/2021 - 20:21:56: [SM]   [1] Line 139, include/saveloc.sp::load_loc_cl_data_callback
L 09/11/2021 - 20:44:45: [SM] Exception reported: Invalid query Handle 0 (error: 4)
L 09/11/2021 - 20:44:45: [SM] Blaming: dm_trick.smx
L 09/11/2021 - 20:44:45: [SM] Call stack trace:
L 09/11/2021 - 20:44:45: [SM]   [0] DBResultSet.HasResults.get
L 09/11/2021 - 20:44:45: [SM]   [1] Line 139, include/saveloc.sp::load_loc_cl_data_callback
L 09/11/2021 - 21:31:15: [SM] Exception reported: Invalid query Handle 0 (error: 4)
L 09/11/2021 - 21:31:15: [SM] Blaming: dm_trick.smx
L 09/11/2021 - 21:31:15: [SM] Call stack trace:
L 09/11/2021 - 21:31:15: [SM]   [0] DBResultSet.HasResults.get
L 09/11/2021 - 21:31:15: [SM]   [1] Line 139, include/saveloc.sp::load_loc_cl_data_callback
L 09/11/2021 - 21:31:15: [SM] Exception reported: Invalid query Handle 0 (error: 4)
L 09/11/2021 - 21:31:15: [SM] Blaming: dm_trick.smx
L 09/11/2021 - 21:31:15: [SM] Call stack trace:
L 09/11/2021 - 21:31:15: [SM]   [0] DBResultSet.HasResults.get
L 09/11/2021 - 21:31:15: [SM]   [1] Line 88, include/trick_menu.sp::load_trick_cl_data_callback
L 09/11/2021 - 21:35:50: Error log file session closed.
L 09/11/2021 - 21:52:38: SourceMod error session started
L 09/11/2021 - 21:52:38: Info (map "surf_trick_gxd") (file "/home/container/csgo/addons/sourcemod/logs/errors_20210911.log")
L 09/11/2021 - 21:52:38: [SM] Exception reported: Invalid query Handle 0 (error: 4)
L 09/11/2021 - 21:52:38: [SM] Blaming: dm_trick.smx
L 09/11/2021 - 21:52:38: [SM] Call stack trace:
L 09/11/2021 - 21:52:38: [SM]   [0] DBResultSet.HasResults.get
L 09/11/2021 - 21:52:38: [SM]   [1] Line 139, include/saveloc.sp::load_loc_cl_data_callback
L 09/11/2021 - 21:55:26: [SM] Exception reported: Invalid query Handle 0 (error: 4)
L 09/11/2021 - 21:55:26: [SM] Blaming: dm_trick.smx
L 09/11/2021 - 21:55:26: [SM] Call stack trace:
L 09/11/2021 - 21:55:26: [SM]   [0] DBResultSet.HasResults.get
L 09/11/2021 - 21:55:26: [SM]   [1] Line 139, include/saveloc.sp::load_loc_cl_data_callback
L 09/11/2021 - 22:06:54: [SM] Exception reported: Client index 809 is invalid
L 09/11/2021 - 22:06:54: [SM] Blaming: sm_hide.smx
L 09/11/2021 - 22:06:54: [SM] Call stack trace:
L 09/11/2021 - 22:06:54: [SM]   [0] GetClientTeam
L 09/11/2021 - 22:06:54: [SM]   [1] Line 141, /home/forums/content/files/2/7/7/4/6/3/183646.attach::OnNormalSoundPlayed
L 09/11/2021 - 22:07:14: [SM] Exception reported: Client index 809 is invalid
L 09/11/2021 - 22:07:14: [SM] Blaming: sm_hide.smx
L 09/11/2021 - 22:07:14: [SM] Call stack trace:
L 09/11/2021 - 22:07:14: [SM]   [0] GetClientTeam
L 09/11/2021 - 22:07:14: [SM]   [1] Line 141, /home/forums/content/files/2/7/7/4/6/3/183646.attach::OnNormalSoundPlayed
L 09/11/2021 - 22:07:50: [SM] Exception reported: Invalid query Handle 0 (error: 4)
L 09/11/2021 - 22:07:50: [SM] Blaming: dm_trick.smx
L 09/11/2021 - 22:07:50: [SM] Call stack trace:
L 09/11/2021 - 22:07:50: [SM]   [0] DBResultSet.HasResults.get
L 09/11/2021 - 22:07:50: [SM]   [1] Line 139, include/saveloc.sp::load_loc_cl_data_callback
L 09/11/2021 - 22:07:50: [SM] Exception reported: Invalid query Handle 0 (error: 4)
L 09/11/2021 - 22:07:50: [SM] Blaming: dm_trick.smx
L 09/11/2021 - 22:07:50: [SM] Call stack trace:
L 09/11/2021 - 22:07:50: [SM]   [0] DBResultSet.HasResults.get
L 09/11/2021 - 22:07:50: [SM]   [1] Line 88, include/trick_menu.sp::load_trick_cl_data_callback
L 09/11/2021 - 22:08:15: [SM] Exception reported: Client index 826 is invalid
L 09/11/2021 - 22:08:15: [SM] Blaming: sm_hide.smx
L 09/11/2021 - 22:08:15: [SM] Call stack trace:
L 09/11/2021 - 22:08:15: [SM]   [0] GetClientTeam
L 09/11/2021 - 22:08:15: [SM]   [1] Line 141, /home/forums/content/files/2/7/7/4/6/3/183646.attach::OnNormalSoundPlayed
L 09/11/2021 - 22:08:21: [SM] Exception reported: Client index 826 is invalid
L 09/11/2021 - 22:08:21: [SM] Blaming: sm_hide.smx
L 09/11/2021 - 22:08:21: [SM] Call stack trace:
L 09/11/2021 - 22:08:21: [SM]   [0] GetClientTeam
L 09/11/2021 - 22:08:21: [SM]   [1] Line 141, /home/forums/content/files/2/7/7/4/6/3/183646.attach::OnNormalSoundPlayed
L 09/11/2021 - 22:12:01: [SM] Exception reported: Client index 816 is invalid
L 09/11/2021 - 22:12:01: [SM] Blaming: sm_hide.smx
L 09/11/2021 - 22:12:01: [SM] Call stack trace:
L 09/11/2021 - 22:12:01: [SM]   [0] GetClientTeam
L 09/11/2021 - 22:12:01: [SM]   [1] Line 141, /home/forums/content/files/2/7/7/4/6/3/183646.attach::OnNormalSoundPlayed
L 09/11/2021 - 22:12:10: [SM] Exception reported: Client index 816 is invalid
L 09/11/2021 - 22:12:10: [SM] Blaming: sm_hide.smx
L 09/11/2021 - 22:12:10: [SM] Call stack trace:
L 09/11/2021 - 22:12:10: [SM]   [0] GetClientTeam
L 09/11/2021 - 22:12:10: [SM]   [1] Line 141, /home/forums/content/files/2/7/7/4/6/3/183646.attach::OnNormalSoundPlayed
L 09/11/2021 - 22:13:51: [SM] Exception reported: Client index 811 is invalid
L 09/11/2021 - 22:13:51: [SM] Blaming: sm_hide.smx
L 09/11/2021 - 22:13:51: [SM] Call stack trace:
L 09/11/2021 - 22:13:51: [SM]   [0] GetClientTeam
L 09/11/2021 - 22:13:51: [SM]   [1] Line 141, /home/forums/content/files/2/7/7/4/6/3/183646.attach::OnNormalSoundPlayed
L 09/11/2021 - 22:14:04: [SM] Exception reported: Client index 830 is invalid
L 09/11/2021 - 22:14:04: [SM] Blaming: sm_hide.smx
L 09/11/2021 - 22:14:04: [SM] Call stack trace:
L 09/11/2021 - 22:14:04: [SM]   [0] GetClientTeam
L 09/11/2021 - 22:14:04: [SM]   [1] Line 141, /home/forums/content/files/2/7/7/4/6/3/183646.attach::OnNormalSoundPlayed
L 09/11/2021 - 22:15:37: [SM] Exception reported: Client index 825 is invalid
L 09/11/2021 - 22:15:37: [SM] Blaming: sm_hide.smx
L 09/11/2021 - 22:15:37: [SM] Call stack trace:
L 09/11/2021 - 22:15:37: [SM]   [0] GetClientTeam
L 09/11/2021 - 22:15:37: [SM]   [1] Line 141, /home/forums/content/files/2/7/7/4/6/3/183646.attach::OnNormalSoundPlayed
L 09/11/2021 - 22:15:43: [SM] Exception reported: Client index 825 is invalid
L 09/11/2021 - 22:15:43: [SM] Blaming: sm_hide.smx
L 09/11/2021 - 22:15:43: [SM] Call stack trace:
L 09/11/2021 - 22:15:43: [SM]   [0] GetClientTeam
L 09/11/2021 - 22:15:43: [SM]   [1] Line 141, /home/forums/content/files/2/7/7/4/6/3/183646.attach::OnNormalSoundPlayed
L 09/11/2021 - 22:20:49: [SM] Exception reported: Client index 634 is invalid
L 09/11/2021 - 22:20:49: [SM] Blaming: sm_hide.smx
L 09/11/2021 - 22:20:49: [SM] Call stack trace:
L 09/11/2021 - 22:20:49: [SM]   [0] GetClientTeam
L 09/11/2021 - 22:20:49: [SM]   [1] Line 141, /home/forums/content/files/2/7/7/4/6/3/183646.attach::OnNormalSoundPlayed
L 09/11/2021 - 22:20:50: [SM] Exception reported: Client index 634 is invalid
L 09/11/2021 - 22:20:50: [SM] Blaming: sm_hide.smx
L 09/11/2021 - 22:20:50: [SM] Call stack trace:
L 09/11/2021 - 22:20:50: [SM]   [0] GetClientTeam
L 09/11/2021 - 22:20:50: [SM]   [1] Line 141, /home/forums/content/files/2/7/7/4/6/3/183646.attach::OnNormalSoundPlayed
L 09/11/2021 - 22:21:26: [SM] Exception reported: Client index 820 is invalid
L 09/11/2021 - 22:21:26: [SM] Blaming: sm_hide.smx
L 09/11/2021 - 22:21:26: [SM] Call stack trace:
L 09/11/2021 - 22:21:26: [SM]   [0] GetClientTeam
L 09/11/2021 - 22:21:26: [SM]   [1] Line 141, /home/forums/content/files/2/7/7/4/6/3/183646.attach::OnNormalSoundPlayed
L 09/11/2021 - 22:22:40: [SM] Exception reported: Client index 687 is invalid
L 09/11/2021 - 22:22:40: [SM] Blaming: sm_hide.smx
L 09/11/2021 - 22:22:40: [SM] Call stack trace:
L 09/11/2021 - 22:22:40: [SM]   [0] GetClientTeam
L 09/11/2021 - 22:22:40: [SM]   [1] Line 141, /home/forums/content/files/2/7/7/4/6/3/183646.attach::OnNormalSoundPlayed
L 09/11/2021 - 22:26:03: [SM] Exception reported: Client 8 is not in game
L 09/11/2021 - 22:26:03: [SM] Blaming: dm_trick.smx
L 09/11/2021 - 22:26:03: [SM] Call stack trace:
L 09/11/2021 - 22:26:03: [SM]   [0] TeleportEntity
L 09/11/2021 - 22:26:03: [SM]   [1] Line 71, include/combat_dm.sp::TeleportPlayer
L 09/11/2021 - 22:26:15: [SM] Exception reported: Client index 814 is invalid
L 09/11/2021 - 22:26:15: [SM] Blaming: sm_hide.smx
L 09/11/2021 - 22:26:15: [SM] Call stack trace:
L 09/11/2021 - 22:26:15: [SM]   [0] GetClientTeam
L 09/11/2021 - 22:26:15: [SM]   [1] Line 141, /home/forums/content/files/2/7/7/4/6/3/183646.attach::OnNormalSoundPlayed
L 09/11/2021 - 22:27:05: [SM] Exception reported: Client index 850 is invalid
L 09/11/2021 - 22:27:05: [SM] Blaming: sm_hide.smx
L 09/11/2021 - 22:27:05: [SM] Call stack trace:
L 09/11/2021 - 22:27:05: [SM]   [0] GetClientTeam
L 09/11/2021 - 22:27:05: [SM]   [1] Line 141, /home/forums/content/files/2/7/7/4/6/3/183646.attach::OnNormalSoundPlayed
L 09/11/2021 - 23:03:15: [SM] Exception reported: Client index 509 is invalid
L 09/11/2021 - 23:03:15: [SM] Blaming: sm_hide.smx
L 09/11/2021 - 23:03:15: [SM] Call stack trace:
L 09/11/2021 - 23:03:15: [SM]   [0] GetClientTeam
L 09/11/2021 - 23:03:15: [SM]   [1] Line 141, /home/forums/content/files/2/7/7/4/6/3/183646.attach::OnNormalSoundPlayed
L 09/11/2021 - 23:46:11: [SM] Exception reported: Invalid query Handle 0 (error: 4)
L 09/11/2021 - 23:46:11: [SM] Blaming: dm_trick.smx
L 09/11/2021 - 23:46:11: [SM] Call stack trace:
L 09/11/2021 - 23:46:11: [SM]   [0] DBResultSet.HasResults.get
L 09/11/2021 - 23:46:11: [SM]   [1] Line 139, include/saveloc.sp::load_loc_cl_data_callback
L 09/11/2021 - 23:46:11: [SM] Exception reported: Invalid query Handle 0 (error: 4)
L 09/11/2021 - 23:46:11: [SM] Blaming: dm_trick.smx
L 09/11/2021 - 23:46:11: [SM] Call stack trace:
L 09/11/2021 - 23:46:11: [SM]   [0] DBResultSet.HasResults.get
L 09/11/2021 - 23:46:11: [SM]   [1] Line 88, include/trick_menu.sp::load_trick_cl_data_callback
L 09/12/2021 - 00:18:17: Error log file session closed.
