L 08/19/2021 - 00:00:34: SourceMod error session started
L 08/19/2021 - 00:00:34: Info (map "surf_trick_gxd") (file "/home/container/csgo/addons/sourcemod/logs/errors_20210819.log")
L 08/19/2021 - 00:00:34: [SM] Exception reported: Client index 850 is invalid
L 08/19/2021 - 00:00:34: [SM] Blaming: sm_hide.smx
L 08/19/2021 - 00:00:34: [SM] Call stack trace:
L 08/19/2021 - 00:00:34: [SM]   [0] GetClientTeam
L 08/19/2021 - 00:00:34: [SM]   [1] Line 141, /home/forums/content/files/2/7/7/4/6/3/183646.attach::OnNormalSoundPlayed
L 08/19/2021 - 00:01:01: [SM] Exception reported: Client index 850 is invalid
L 08/19/2021 - 00:01:01: [SM] Blaming: sm_hide.smx
L 08/19/2021 - 00:01:01: [SM] Call stack trace:
L 08/19/2021 - 00:01:01: [SM]   [0] GetClientTeam
L 08/19/2021 - 00:01:01: [SM]   [1] Line 141, /home/forums/content/files/2/7/7/4/6/3/183646.attach::OnNormalSoundPlayed
L 08/19/2021 - 00:01:15: [SM] Exception reported: Client index 830 is invalid
L 08/19/2021 - 00:01:15: [SM] Blaming: sm_hide.smx
L 08/19/2021 - 00:01:15: [SM] Call stack trace:
L 08/19/2021 - 00:01:15: [SM]   [0] GetClientTeam
L 08/19/2021 - 00:01:15: [SM]   [1] Line 141, /home/forums/content/files/2/7/7/4/6/3/183646.attach::OnNormalSoundPlayed
L 08/19/2021 - 00:01:16: [SM] Exception reported: Client index 830 is invalid
L 08/19/2021 - 00:01:16: [SM] Blaming: sm_hide.smx
L 08/19/2021 - 00:01:16: [SM] Call stack trace:
L 08/19/2021 - 00:01:16: [SM]   [0] GetClientTeam
L 08/19/2021 - 00:01:16: [SM]   [1] Line 141, /home/forums/content/files/2/7/7/4/6/3/183646.attach::OnNormalSoundPlayed
L 08/19/2021 - 00:01:24: [SM] Exception reported: Client index 830 is invalid
L 08/19/2021 - 00:01:24: [SM] Blaming: sm_hide.smx
L 08/19/2021 - 00:01:24: [SM] Call stack trace:
L 08/19/2021 - 00:01:24: [SM]   [0] GetClientTeam
L 08/19/2021 - 00:01:24: [SM]   [1] Line 141, /home/forums/content/files/2/7/7/4/6/3/183646.attach::OnNormalSoundPlayed
L 08/19/2021 - 00:01:34: [SM] Exception reported: Client index 850 is invalid
L 08/19/2021 - 00:01:34: [SM] Blaming: sm_hide.smx
L 08/19/2021 - 00:01:34: [SM] Call stack trace:
L 08/19/2021 - 00:01:34: [SM]   [0] GetClientTeam
L 08/19/2021 - 00:01:34: [SM]   [1] Line 141, /home/forums/content/files/2/7/7/4/6/3/183646.attach::OnNormalSoundPlayed
L 08/19/2021 - 02:26:18: [SM] Exception reported: Invalid Handle 0 (error: 4)
L 08/19/2021 - 02:26:18: [SM] Blaming: dm_trick.smx
L 08/19/2021 - 02:26:18: [SM] Call stack trace:
L 08/19/2021 - 02:26:18: [SM]   [0] ArrayList.Length.get
L 08/19/2021 - 02:26:18: [SM]   [1] Line 795, c:\Users\Ваня\Desktop\Vse\Программы\SourcePawn\DM_Trick_n_Combat\scripting\dm_trick.sp::OnTriggerStartTouch
L 08/19/2021 - 02:26:19: [SM] Exception reported: Invalid Handle 0 (error: 4)
L 08/19/2021 - 02:26:19: [SM] Blaming: dm_trick.smx
L 08/19/2021 - 02:26:19: [SM] Call stack trace:
L 08/19/2021 - 02:26:19: [SM]   [0] ArrayList.Length.get
L 08/19/2021 - 02:26:19: [SM]   [1] Line 681, c:\Users\Ваня\Desktop\Vse\Программы\SourcePawn\DM_Trick_n_Combat\scripting\dm_trick.sp::OnTriggerEndTouch
L 08/19/2021 - 02:26:19: [SM] Exception reported: Invalid Handle 0 (error: 4)
L 08/19/2021 - 02:26:19: [SM] Blaming: dm_trick.smx
L 08/19/2021 - 02:26:19: [SM] Call stack trace:
L 08/19/2021 - 02:26:19: [SM]   [0] ArrayList.Length.get
L 08/19/2021 - 02:26:19: [SM]   [1] Line 795, c:\Users\Ваня\Desktop\Vse\Программы\SourcePawn\DM_Trick_n_Combat\scripting\dm_trick.sp::OnTriggerStartTouch
L 08/19/2021 - 02:26:20: [SM] Exception reported: Invalid Handle 0 (error: 4)
L 08/19/2021 - 02:26:20: [SM] Blaming: dm_trick.smx
L 08/19/2021 - 02:26:20: [SM] Call stack trace:
L 08/19/2021 - 02:26:20: [SM]   [0] ArrayList.Length.get
L 08/19/2021 - 02:26:20: [SM]   [1] Line 681, c:\Users\Ваня\Desktop\Vse\Программы\SourcePawn\DM_Trick_n_Combat\scripting\dm_trick.sp::OnTriggerEndTouch
L 08/19/2021 - 02:26:32: [SM] Exception reported: Invalid Handle 0 (error: 4)
L 08/19/2021 - 02:26:32: [SM] Blaming: dm_trick.smx
L 08/19/2021 - 02:26:32: [SM] Call stack trace:
L 08/19/2021 - 02:26:32: [SM]   [0] ArrayList.Length.get
L 08/19/2021 - 02:26:32: [SM]   [1] Line 795, c:\Users\Ваня\Desktop\Vse\Программы\SourcePawn\DM_Trick_n_Combat\scripting\dm_trick.sp::OnTriggerStartTouch
L 08/19/2021 - 02:26:43: [SM] Exception reported: Invalid Handle 0 (error: 4)
L 08/19/2021 - 02:26:43: [SM] Blaming: dm_trick.smx
L 08/19/2021 - 02:26:43: [SM] Call stack trace:
L 08/19/2021 - 02:26:43: [SM]   [0] ArrayList.Length.get
L 08/19/2021 - 02:26:43: [SM]   [1] Line 795, c:\Users\Ваня\Desktop\Vse\Программы\SourcePawn\DM_Trick_n_Combat\scripting\dm_trick.sp::OnTriggerStartTouch
L 08/19/2021 - 02:26:44: [SM] Exception reported: Invalid Handle 0 (error: 4)
L 08/19/2021 - 02:26:44: [SM] Blaming: dm_trick.smx
L 08/19/2021 - 02:26:44: [SM] Call stack trace:
L 08/19/2021 - 02:26:44: [SM]   [0] ArrayList.Length.get
L 08/19/2021 - 02:26:44: [SM]   [1] Line 681, c:\Users\Ваня\Desktop\Vse\Программы\SourcePawn\DM_Trick_n_Combat\scripting\dm_trick.sp::OnTriggerEndTouch
L 08/19/2021 - 02:26:44: [SM] Exception reported: Invalid Handle 0 (error: 4)
L 08/19/2021 - 02:26:44: [SM] Blaming: dm_trick.smx
L 08/19/2021 - 02:26:44: [SM] Call stack trace:
L 08/19/2021 - 02:26:44: [SM]   [0] ArrayList.Length.get
L 08/19/2021 - 02:26:44: [SM]   [1] Line 795, c:\Users\Ваня\Desktop\Vse\Программы\SourcePawn\DM_Trick_n_Combat\scripting\dm_trick.sp::OnTriggerStartTouch
L 08/19/2021 - 02:26:46: [SM] Exception reported: Invalid Handle 0 (error: 4)
L 08/19/2021 - 02:26:46: [SM] Blaming: dm_trick.smx
L 08/19/2021 - 02:26:46: [SM] Call stack trace:
L 08/19/2021 - 02:26:46: [SM]   [0] ArrayList.Length.get
L 08/19/2021 - 02:26:46: [SM]   [1] Line 681, c:\Users\Ваня\Desktop\Vse\Программы\SourcePawn\DM_Trick_n_Combat\scripting\dm_trick.sp::OnTriggerEndTouch
L 08/19/2021 - 02:26:49: [SM] Exception reported: Invalid Handle 0 (error: 4)
L 08/19/2021 - 02:26:49: [SM] Blaming: dm_trick.smx
L 08/19/2021 - 02:26:49: [SM] Call stack trace:
L 08/19/2021 - 02:26:49: [SM]   [0] ArrayList.Length.get
L 08/19/2021 - 02:26:49: [SM]   [1] Line 795, c:\Users\Ваня\Desktop\Vse\Программы\SourcePawn\DM_Trick_n_Combat\scripting\dm_trick.sp::OnTriggerStartTouch
L 08/19/2021 - 02:26:50: [SM] Exception reported: Invalid Handle 0 (error: 4)
L 08/19/2021 - 02:26:50: [SM] Blaming: dm_trick.smx
L 08/19/2021 - 02:26:50: [SM] Call stack trace:
L 08/19/2021 - 02:26:50: [SM]   [0] ArrayList.Length.get
L 08/19/2021 - 02:26:50: [SM]   [1] Line 681, c:\Users\Ваня\Desktop\Vse\Программы\SourcePawn\DM_Trick_n_Combat\scripting\dm_trick.sp::OnTriggerEndTouch
L 08/19/2021 - 02:26:51: [SM] Exception reported: Invalid Handle 0 (error: 4)
L 08/19/2021 - 02:26:51: [SM] Blaming: dm_trick.smx
L 08/19/2021 - 02:26:51: [SM] Call stack trace:
L 08/19/2021 - 02:26:51: [SM]   [0] ArrayList.Length.get
L 08/19/2021 - 02:26:51: [SM]   [1] Line 795, c:\Users\Ваня\Desktop\Vse\Программы\SourcePawn\DM_Trick_n_Combat\scripting\dm_trick.sp::OnTriggerStartTouch
L 08/19/2021 - 02:26:52: [SM] Exception reported: Invalid Handle 0 (error: 4)
L 08/19/2021 - 02:26:52: [SM] Blaming: dm_trick.smx
L 08/19/2021 - 02:26:52: [SM] Call stack trace:
L 08/19/2021 - 02:26:52: [SM]   [0] ArrayList.Length.get
L 08/19/2021 - 02:26:52: [SM]   [1] Line 681, c:\Users\Ваня\Desktop\Vse\Программы\SourcePawn\DM_Trick_n_Combat\scripting\dm_trick.sp::OnTriggerEndTouch
L 08/19/2021 - 02:35:45: [SM] Exception reported: Invalid Handle 0 (error: 4)
L 08/19/2021 - 02:35:45: [SM] Blaming: dm_trick.smx
L 08/19/2021 - 02:35:45: [SM] Call stack trace:
L 08/19/2021 - 02:35:45: [SM]   [0] ArrayList.Length.get
L 08/19/2021 - 02:35:45: [SM]   [1] Line 795, c:\Users\Ваня\Desktop\Vse\Программы\SourcePawn\DM_Trick_n_Combat\scripting\dm_trick.sp::OnTriggerStartTouch
L 08/19/2021 - 02:35:46: [SM] Exception reported: Invalid Handle 0 (error: 4)
L 08/19/2021 - 02:35:46: [SM] Blaming: dm_trick.smx
L 08/19/2021 - 02:35:46: [SM] Call stack trace:
L 08/19/2021 - 02:35:46: [SM]   [0] ArrayList.Length.get
L 08/19/2021 - 02:35:46: [SM]   [1] Line 681, c:\Users\Ваня\Desktop\Vse\Программы\SourcePawn\DM_Trick_n_Combat\scripting\dm_trick.sp::OnTriggerEndTouch
L 08/19/2021 - 02:35:53: [SM] Exception reported: Invalid Handle 0 (error: 4)
L 08/19/2021 - 02:35:53: [SM] Blaming: dm_trick.smx
L 08/19/2021 - 02:35:53: [SM] Call stack trace:
L 08/19/2021 - 02:35:53: [SM]   [0] ArrayList.Length.get
L 08/19/2021 - 02:35:53: [SM]   [1] Line 795, c:\Users\Ваня\Desktop\Vse\Программы\SourcePawn\DM_Trick_n_Combat\scripting\dm_trick.sp::OnTriggerStartTouch
L 08/19/2021 - 02:35:58: [SM] Exception reported: Invalid Handle 0 (error: 4)
L 08/19/2021 - 02:35:58: [SM] Blaming: dm_trick.smx
L 08/19/2021 - 02:35:58: [SM] Call stack trace:
L 08/19/2021 - 02:35:58: [SM]   [0] ArrayList.Length.get
L 08/19/2021 - 02:35:58: [SM]   [1] Line 795, c:\Users\Ваня\Desktop\Vse\Программы\SourcePawn\DM_Trick_n_Combat\scripting\dm_trick.sp::OnTriggerStartTouch
L 08/19/2021 - 02:35:58: [SM] Exception reported: Invalid Handle 0 (error: 4)
L 08/19/2021 - 02:35:58: [SM] Blaming: dm_trick.smx
L 08/19/2021 - 02:35:58: [SM] Call stack trace:
L 08/19/2021 - 02:35:58: [SM]   [0] ArrayList.Length.get
L 08/19/2021 - 02:35:58: [SM]   [1] Line 681, c:\Users\Ваня\Desktop\Vse\Программы\SourcePawn\DM_Trick_n_Combat\scripting\dm_trick.sp::OnTriggerEndTouch
L 08/19/2021 - 02:35:59: [SM] Exception reported: Invalid Handle 0 (error: 4)
L 08/19/2021 - 02:35:59: [SM] Blaming: dm_trick.smx
L 08/19/2021 - 02:35:59: [SM] Call stack trace:
L 08/19/2021 - 02:35:59: [SM]   [0] ArrayList.Length.get
L 08/19/2021 - 02:35:59: [SM]   [1] Line 795, c:\Users\Ваня\Desktop\Vse\Программы\SourcePawn\DM_Trick_n_Combat\scripting\dm_trick.sp::OnTriggerStartTouch
L 08/19/2021 - 02:36:00: [SM] Exception reported: Invalid Handle 0 (error: 4)
L 08/19/2021 - 02:36:00: [SM] Blaming: dm_trick.smx
L 08/19/2021 - 02:36:00: [SM] Call stack trace:
L 08/19/2021 - 02:36:00: [SM]   [0] ArrayList.Length.get
L 08/19/2021 - 02:36:00: [SM]   [1] Line 681, c:\Users\Ваня\Desktop\Vse\Программы\SourcePawn\DM_Trick_n_Combat\scripting\dm_trick.sp::OnTriggerEndTouch
L 08/19/2021 - 02:36:04: [SM] Exception reported: Invalid Handle 0 (error: 4)
L 08/19/2021 - 02:36:04: [SM] Blaming: dm_trick.smx
L 08/19/2021 - 02:36:04: [SM] Call stack trace:
L 08/19/2021 - 02:36:04: [SM]   [0] ArrayList.Length.get
L 08/19/2021 - 02:36:04: [SM]   [1] Line 795, c:\Users\Ваня\Desktop\Vse\Программы\SourcePawn\DM_Trick_n_Combat\scripting\dm_trick.sp::OnTriggerStartTouch
L 08/19/2021 - 02:36:04: [SM] Exception reported: Invalid Handle 0 (error: 4)
L 08/19/2021 - 02:36:04: [SM] Blaming: dm_trick.smx
L 08/19/2021 - 02:36:04: [SM] Call stack trace:
L 08/19/2021 - 02:36:04: [SM]   [0] ArrayList.Length.get
L 08/19/2021 - 02:36:04: [SM]   [1] Line 795, c:\Users\Ваня\Desktop\Vse\Программы\SourcePawn\DM_Trick_n_Combat\scripting\dm_trick.sp::OnTriggerStartTouch
L 08/19/2021 - 02:36:06: [SM] Exception reported: Invalid Handle 0 (error: 4)
L 08/19/2021 - 02:36:06: [SM] Blaming: dm_trick.smx
L 08/19/2021 - 02:36:06: [SM] Call stack trace:
L 08/19/2021 - 02:36:06: [SM]   [0] ArrayList.Length.get
L 08/19/2021 - 02:36:06: [SM]   [1] Line 681, c:\Users\Ваня\Desktop\Vse\Программы\SourcePawn\DM_Trick_n_Combat\scripting\dm_trick.sp::OnTriggerEndTouch
L 08/19/2021 - 02:36:09: [SM] Exception reported: Invalid Handle 0 (error: 4)
L 08/19/2021 - 02:36:09: [SM] Blaming: dm_trick.smx
L 08/19/2021 - 02:36:09: [SM] Call stack trace:
L 08/19/2021 - 02:36:09: [SM]   [0] ArrayList.Length.get
L 08/19/2021 - 02:36:09: [SM]   [1] Line 795, c:\Users\Ваня\Desktop\Vse\Программы\SourcePawn\DM_Trick_n_Combat\scripting\dm_trick.sp::OnTriggerStartTouch
L 08/19/2021 - 02:36:10: [SM] Exception reported: Invalid Handle 0 (error: 4)
L 08/19/2021 - 02:36:10: [SM] Blaming: dm_trick.smx
L 08/19/2021 - 02:36:10: [SM] Call stack trace:
L 08/19/2021 - 02:36:10: [SM]   [0] ArrayList.Length.get
L 08/19/2021 - 02:36:10: [SM]   [1] Line 681, c:\Users\Ваня\Desktop\Vse\Программы\SourcePawn\DM_Trick_n_Combat\scripting\dm_trick.sp::OnTriggerEndTouch
L 08/19/2021 - 02:36:10: [SM] Exception reported: Invalid Handle 0 (error: 4)
L 08/19/2021 - 02:36:10: [SM] Blaming: dm_trick.smx
L 08/19/2021 - 02:36:10: [SM] Call stack trace:
L 08/19/2021 - 02:36:10: [SM]   [0] ArrayList.Length.get
L 08/19/2021 - 02:36:10: [SM]   [1] Line 795, c:\Users\Ваня\Desktop\Vse\Программы\SourcePawn\DM_Trick_n_Combat\scripting\dm_trick.sp::OnTriggerStartTouch
L 08/19/2021 - 02:36:11: [SM] Exception reported: Invalid Handle 0 (error: 4)
L 08/19/2021 - 02:36:11: [SM] Blaming: dm_trick.smx
L 08/19/2021 - 02:36:11: [SM] Call stack trace:
L 08/19/2021 - 02:36:11: [SM]   [0] ArrayList.Length.get
L 08/19/2021 - 02:36:11: [SM]   [1] Line 681, c:\Users\Ваня\Desktop\Vse\Программы\SourcePawn\DM_Trick_n_Combat\scripting\dm_trick.sp::OnTriggerEndTouch
L 08/19/2021 - 02:36:15: [SM] Exception reported: Invalid Handle 0 (error: 4)
L 08/19/2021 - 02:36:15: [SM] Blaming: dm_trick.smx
L 08/19/2021 - 02:36:15: [SM] Call stack trace:
L 08/19/2021 - 02:36:15: [SM]   [0] ArrayList.Length.get
L 08/19/2021 - 02:36:15: [SM]   [1] Line 795, c:\Users\Ваня\Desktop\Vse\Программы\SourcePawn\DM_Trick_n_Combat\scripting\dm_trick.sp::OnTriggerStartTouch
L 08/19/2021 - 02:36:27: [SM] Exception reported: Invalid Handle 0 (error: 4)
L 08/19/2021 - 02:36:27: [SM] Blaming: dm_trick.smx
L 08/19/2021 - 02:36:27: [SM] Call stack trace:
L 08/19/2021 - 02:36:27: [SM]   [0] ArrayList.Length.get
L 08/19/2021 - 02:36:27: [SM]   [1] Line 795, c:\Users\Ваня\Desktop\Vse\Программы\SourcePawn\DM_Trick_n_Combat\scripting\dm_trick.sp::OnTriggerStartTouch
L 08/19/2021 - 02:36:29: [SM] Exception reported: Invalid Handle 0 (error: 4)
L 08/19/2021 - 02:36:29: [SM] Blaming: dm_trick.smx
L 08/19/2021 - 02:36:29: [SM] Call stack trace:
L 08/19/2021 - 02:36:29: [SM]   [0] ArrayList.Length.get
L 08/19/2021 - 02:36:29: [SM]   [1] Line 795, c:\Users\Ваня\Desktop\Vse\Программы\SourcePawn\DM_Trick_n_Combat\scripting\dm_trick.sp::OnTriggerStartTouch
L 08/19/2021 - 02:36:30: [SM] Exception reported: Invalid Handle 0 (error: 4)
L 08/19/2021 - 02:36:30: [SM] Blaming: dm_trick.smx
L 08/19/2021 - 02:36:30: [SM] Call stack trace:
L 08/19/2021 - 02:36:30: [SM]   [0] ArrayList.Length.get
L 08/19/2021 - 02:36:30: [SM]   [1] Line 681, c:\Users\Ваня\Desktop\Vse\Программы\SourcePawn\DM_Trick_n_Combat\scripting\dm_trick.sp::OnTriggerEndTouch
L 08/19/2021 - 02:36:32: [SM] Exception reported: Invalid Handle 0 (error: 4)
L 08/19/2021 - 02:36:32: [SM] Blaming: dm_trick.smx
L 08/19/2021 - 02:36:32: [SM] Call stack trace:
L 08/19/2021 - 02:36:32: [SM]   [0] ArrayList.Length.get
L 08/19/2021 - 02:36:32: [SM]   [1] Line 795, c:\Users\Ваня\Desktop\Vse\Программы\SourcePawn\DM_Trick_n_Combat\scripting\dm_trick.sp::OnTriggerStartTouch
L 08/19/2021 - 02:36:32: [SM] Exception reported: Invalid Handle 0 (error: 4)
L 08/19/2021 - 02:36:32: [SM] Blaming: dm_trick.smx
L 08/19/2021 - 02:36:32: [SM] Call stack trace:
L 08/19/2021 - 02:36:32: [SM]   [0] ArrayList.Length.get
L 08/19/2021 - 02:36:32: [SM]   [1] Line 681, c:\Users\Ваня\Desktop\Vse\Программы\SourcePawn\DM_Trick_n_Combat\scripting\dm_trick.sp::OnTriggerEndTouch
L 08/19/2021 - 02:36:33: [SM] Exception reported: Invalid Handle 0 (error: 4)
L 08/19/2021 - 02:36:33: [SM] Blaming: dm_trick.smx
L 08/19/2021 - 02:36:33: [SM] Call stack trace:
L 08/19/2021 - 02:36:33: [SM]   [0] ArrayList.Length.get
L 08/19/2021 - 02:36:33: [SM]   [1] Line 795, c:\Users\Ваня\Desktop\Vse\Программы\SourcePawn\DM_Trick_n_Combat\scripting\dm_trick.sp::OnTriggerStartTouch
L 08/19/2021 - 02:36:34: [SM] Exception reported: Invalid Handle 0 (error: 4)
L 08/19/2021 - 02:36:34: [SM] Blaming: dm_trick.smx
L 08/19/2021 - 02:36:34: [SM] Call stack trace:
L 08/19/2021 - 02:36:34: [SM]   [0] ArrayList.Length.get
L 08/19/2021 - 02:36:34: [SM]   [1] Line 681, c:\Users\Ваня\Desktop\Vse\Программы\SourcePawn\DM_Trick_n_Combat\scripting\dm_trick.sp::OnTriggerEndTouch
L 08/19/2021 - 02:36:38: [SM] Exception reported: Invalid Handle 0 (error: 4)
L 08/19/2021 - 02:36:38: [SM] Blaming: dm_trick.smx
L 08/19/2021 - 02:36:38: [SM] Call stack trace:
L 08/19/2021 - 02:36:38: [SM]   [0] ArrayList.Length.get
L 08/19/2021 - 02:36:38: [SM]   [1] Line 795, c:\Users\Ваня\Desktop\Vse\Программы\SourcePawn\DM_Trick_n_Combat\scripting\dm_trick.sp::OnTriggerStartTouch
L 08/19/2021 - 02:36:38: [SM] Exception reported: Invalid Handle 0 (error: 4)
L 08/19/2021 - 02:36:38: [SM] Blaming: dm_trick.smx
L 08/19/2021 - 02:36:38: [SM] Call stack trace:
L 08/19/2021 - 02:36:38: [SM]   [0] ArrayList.Length.get
L 08/19/2021 - 02:36:38: [SM]   [1] Line 681, c:\Users\Ваня\Desktop\Vse\Программы\SourcePawn\DM_Trick_n_Combat\scripting\dm_trick.sp::OnTriggerEndTouch
L 08/19/2021 - 02:36:39: [SM] Exception reported: Invalid Handle 0 (error: 4)
L 08/19/2021 - 02:36:39: [SM] Blaming: dm_trick.smx
L 08/19/2021 - 02:36:39: [SM] Call stack trace:
L 08/19/2021 - 02:36:39: [SM]   [0] ArrayList.Length.get
L 08/19/2021 - 02:36:39: [SM]   [1] Line 795, c:\Users\Ваня\Desktop\Vse\Программы\SourcePawn\DM_Trick_n_Combat\scripting\dm_trick.sp::OnTriggerStartTouch
L 08/19/2021 - 02:36:40: [SM] Exception reported: Invalid Handle 0 (error: 4)
L 08/19/2021 - 02:36:40: [SM] Blaming: dm_trick.smx
L 08/19/2021 - 02:36:40: [SM] Call stack trace:
L 08/19/2021 - 02:36:40: [SM]   [0] ArrayList.Length.get
L 08/19/2021 - 02:36:40: [SM]   [1] Line 681, c:\Users\Ваня\Desktop\Vse\Программы\SourcePawn\DM_Trick_n_Combat\scripting\dm_trick.sp::OnTriggerEndTouch
L 08/19/2021 - 02:36:43: [SM] Exception reported: Invalid Handle 0 (error: 4)
L 08/19/2021 - 02:36:43: [SM] Blaming: dm_trick.smx
L 08/19/2021 - 02:36:43: [SM] Call stack trace:
L 08/19/2021 - 02:36:43: [SM]   [0] ArrayList.Length.get
L 08/19/2021 - 02:36:43: [SM]   [1] Line 795, c:\Users\Ваня\Desktop\Vse\Программы\SourcePawn\DM_Trick_n_Combat\scripting\dm_trick.sp::OnTriggerStartTouch
L 08/19/2021 - 02:36:44: [SM] Exception reported: Invalid Handle 0 (error: 4)
L 08/19/2021 - 02:36:44: [SM] Blaming: dm_trick.smx
L 08/19/2021 - 02:36:44: [SM] Call stack trace:
L 08/19/2021 - 02:36:44: [SM]   [0] ArrayList.Length.get
L 08/19/2021 - 02:36:44: [SM]   [1] Line 681, c:\Users\Ваня\Desktop\Vse\Программы\SourcePawn\DM_Trick_n_Combat\scripting\dm_trick.sp::OnTriggerEndTouch
L 08/19/2021 - 02:36:44: [SM] Exception reported: Invalid Handle 0 (error: 4)
L 08/19/2021 - 02:36:44: [SM] Blaming: dm_trick.smx
L 08/19/2021 - 02:36:44: [SM] Call stack trace:
L 08/19/2021 - 02:36:44: [SM]   [0] ArrayList.Length.get
L 08/19/2021 - 02:36:44: [SM]   [1] Line 795, c:\Users\Ваня\Desktop\Vse\Программы\SourcePawn\DM_Trick_n_Combat\scripting\dm_trick.sp::OnTriggerStartTouch
L 08/19/2021 - 02:36:47: [SM] Exception reported: Invalid Handle 0 (error: 4)
L 08/19/2021 - 02:36:47: [SM] Blaming: dm_trick.smx
L 08/19/2021 - 02:36:47: [SM] Call stack trace:
L 08/19/2021 - 02:36:47: [SM]   [0] ArrayList.Length.get
L 08/19/2021 - 02:36:47: [SM]   [1] Line 795, c:\Users\Ваня\Desktop\Vse\Программы\SourcePawn\DM_Trick_n_Combat\scripting\dm_trick.sp::OnTriggerStartTouch
L 08/19/2021 - 02:36:48: [SM] Exception reported: Invalid Handle 0 (error: 4)
L 08/19/2021 - 02:36:48: [SM] Blaming: dm_trick.smx
L 08/19/2021 - 02:36:48: [SM] Call stack trace:
L 08/19/2021 - 02:36:48: [SM]   [0] ArrayList.Length.get
L 08/19/2021 - 02:36:48: [SM]   [1] Line 681, c:\Users\Ваня\Desktop\Vse\Программы\SourcePawn\DM_Trick_n_Combat\scripting\dm_trick.sp::OnTriggerEndTouch
L 08/19/2021 - 02:36:49: [SM] Exception reported: Invalid Handle 0 (error: 4)
L 08/19/2021 - 02:36:49: [SM] Blaming: dm_trick.smx
L 08/19/2021 - 02:36:49: [SM] Call stack trace:
L 08/19/2021 - 02:36:49: [SM]   [0] ArrayList.Length.get
L 08/19/2021 - 02:36:49: [SM]   [1] Line 795, c:\Users\Ваня\Desktop\Vse\Программы\SourcePawn\DM_Trick_n_Combat\scripting\dm_trick.sp::OnTriggerStartTouch
L 08/19/2021 - 02:36:51: [SM] Exception reported: Invalid Handle 0 (error: 4)
L 08/19/2021 - 02:36:51: [SM] Blaming: dm_trick.smx
L 08/19/2021 - 02:36:51: [SM] Call stack trace:
L 08/19/2021 - 02:36:51: [SM]   [0] ArrayList.Length.get
L 08/19/2021 - 02:36:51: [SM]   [1] Line 795, c:\Users\Ваня\Desktop\Vse\Программы\SourcePawn\DM_Trick_n_Combat\scripting\dm_trick.sp::OnTriggerStartTouch
L 08/19/2021 - 02:36:54: [SM] Exception reported: Invalid Handle 0 (error: 4)
L 08/19/2021 - 02:36:54: [SM] Blaming: dm_trick.smx
L 08/19/2021 - 02:36:54: [SM] Call stack trace:
L 08/19/2021 - 02:36:54: [SM]   [0] ArrayList.Length.get
L 08/19/2021 - 02:36:54: [SM]   [1] Line 795, c:\Users\Ваня\Desktop\Vse\Программы\SourcePawn\DM_Trick_n_Combat\scripting\dm_trick.sp::OnTriggerStartTouch
L 08/19/2021 - 02:36:56: [SM] Exception reported: Invalid Handle 0 (error: 4)
L 08/19/2021 - 02:36:56: [SM] Blaming: dm_trick.smx
L 08/19/2021 - 02:36:56: [SM] Call stack trace:
L 08/19/2021 - 02:36:56: [SM]   [0] ArrayList.Length.get
L 08/19/2021 - 02:36:56: [SM]   [1] Line 795, c:\Users\Ваня\Desktop\Vse\Программы\SourcePawn\DM_Trick_n_Combat\scripting\dm_trick.sp::OnTriggerStartTouch
L 08/19/2021 - 02:36:57: [SM] Exception reported: Invalid Handle 0 (error: 4)
L 08/19/2021 - 02:36:57: [SM] Blaming: dm_trick.smx
L 08/19/2021 - 02:36:57: [SM] Call stack trace:
L 08/19/2021 - 02:36:57: [SM]   [0] ArrayList.Length.get
L 08/19/2021 - 02:36:57: [SM]   [1] Line 681, c:\Users\Ваня\Desktop\Vse\Программы\SourcePawn\DM_Trick_n_Combat\scripting\dm_trick.sp::OnTriggerEndTouch
L 08/19/2021 - 02:36:57: [SM] Exception reported: Invalid Handle 0 (error: 4)
L 08/19/2021 - 02:36:57: [SM] Blaming: dm_trick.smx
L 08/19/2021 - 02:36:57: [SM] Call stack trace:
L 08/19/2021 - 02:36:57: [SM]   [0] ArrayList.Length.get
L 08/19/2021 - 02:36:57: [SM]   [1] Line 795, c:\Users\Ваня\Desktop\Vse\Программы\SourcePawn\DM_Trick_n_Combat\scripting\dm_trick.sp::OnTriggerStartTouch
L 08/19/2021 - 02:36:59: [SM] Exception reported: Invalid Handle 0 (error: 4)
L 08/19/2021 - 02:36:59: [SM] Blaming: dm_trick.smx
L 08/19/2021 - 02:36:59: [SM] Call stack trace:
L 08/19/2021 - 02:36:59: [SM]   [0] ArrayList.Length.get
L 08/19/2021 - 02:36:59: [SM]   [1] Line 681, c:\Users\Ваня\Desktop\Vse\Программы\SourcePawn\DM_Trick_n_Combat\scripting\dm_trick.sp::OnTriggerEndTouch
L 08/19/2021 - 02:37:04: [SM] Exception reported: Invalid Handle 0 (error: 4)
L 08/19/2021 - 02:37:04: [SM] Blaming: dm_trick.smx
L 08/19/2021 - 02:37:04: [SM] Call stack trace:
L 08/19/2021 - 02:37:04: [SM]   [0] ArrayList.Length.get
L 08/19/2021 - 02:37:04: [SM]   [1] Line 795, c:\Users\Ваня\Desktop\Vse\Программы\SourcePawn\DM_Trick_n_Combat\scripting\dm_trick.sp::OnTriggerStartTouch
L 08/19/2021 - 02:37:05: [SM] Exception reported: Invalid Handle 0 (error: 4)
L 08/19/2021 - 02:37:05: [SM] Blaming: dm_trick.smx
L 08/19/2021 - 02:37:05: [SM] Call stack trace:
L 08/19/2021 - 02:37:05: [SM]   [0] ArrayList.Length.get
L 08/19/2021 - 02:37:05: [SM]   [1] Line 681, c:\Users\Ваня\Desktop\Vse\Программы\SourcePawn\DM_Trick_n_Combat\scripting\dm_trick.sp::OnTriggerEndTouch
L 08/19/2021 - 02:37:07: [SM] Exception reported: Invalid Handle 0 (error: 4)
L 08/19/2021 - 02:37:07: [SM] Blaming: dm_trick.smx
L 08/19/2021 - 02:37:07: [SM] Call stack trace:
L 08/19/2021 - 02:37:07: [SM]   [0] ArrayList.Length.get
L 08/19/2021 - 02:37:07: [SM]   [1] Line 795, c:\Users\Ваня\Desktop\Vse\Программы\SourcePawn\DM_Trick_n_Combat\scripting\dm_trick.sp::OnTriggerStartTouch
L 08/19/2021 - 02:37:10: [SM] Exception reported: Invalid Handle 0 (error: 4)
L 08/19/2021 - 02:37:10: [SM] Blaming: dm_trick.smx
L 08/19/2021 - 02:37:10: [SM] Call stack trace:
L 08/19/2021 - 02:37:10: [SM]   [0] ArrayList.Length.get
L 08/19/2021 - 02:37:10: [SM]   [1] Line 795, c:\Users\Ваня\Desktop\Vse\Программы\SourcePawn\DM_Trick_n_Combat\scripting\dm_trick.sp::OnTriggerStartTouch
L 08/19/2021 - 02:37:10: [SM] Exception reported: Invalid Handle 0 (error: 4)
L 08/19/2021 - 02:37:10: [SM] Blaming: dm_trick.smx
L 08/19/2021 - 02:37:10: [SM] Call stack trace:
L 08/19/2021 - 02:37:10: [SM]   [0] ArrayList.Length.get
L 08/19/2021 - 02:37:10: [SM]   [1] Line 681, c:\Users\Ваня\Desktop\Vse\Программы\SourcePawn\DM_Trick_n_Combat\scripting\dm_trick.sp::OnTriggerEndTouch
L 08/19/2021 - 02:37:10: [SM] Exception reported: Invalid Handle 0 (error: 4)
L 08/19/2021 - 02:37:10: [SM] Blaming: dm_trick.smx
L 08/19/2021 - 02:37:10: [SM] Call stack trace:
L 08/19/2021 - 02:37:10: [SM]   [0] ArrayList.Length.get
L 08/19/2021 - 02:37:10: [SM]   [1] Line 795, c:\Users\Ваня\Desktop\Vse\Программы\SourcePawn\DM_Trick_n_Combat\scripting\dm_trick.sp::OnTriggerStartTouch
L 08/19/2021 - 02:37:12: [SM] Exception reported: Invalid Handle 0 (error: 4)
L 08/19/2021 - 02:37:12: [SM] Blaming: dm_trick.smx
L 08/19/2021 - 02:37:12: [SM] Call stack trace:
L 08/19/2021 - 02:37:12: [SM]   [0] ArrayList.Length.get
L 08/19/2021 - 02:37:12: [SM]   [1] Line 681, c:\Users\Ваня\Desktop\Vse\Программы\SourcePawn\DM_Trick_n_Combat\scripting\dm_trick.sp::OnTriggerEndTouch
L 08/19/2021 - 02:37:15: [SM] Exception reported: Invalid Handle 0 (error: 4)
L 08/19/2021 - 02:37:15: [SM] Blaming: dm_trick.smx
L 08/19/2021 - 02:37:15: [SM] Call stack trace:
L 08/19/2021 - 02:37:15: [SM]   [0] ArrayList.Length.get
L 08/19/2021 - 02:37:15: [SM]   [1] Line 795, c:\Users\Ваня\Desktop\Vse\Программы\SourcePawn\DM_Trick_n_Combat\scripting\dm_trick.sp::OnTriggerStartTouch
L 08/19/2021 - 02:37:20: [SM] Exception reported: Invalid Handle 0 (error: 4)
L 08/19/2021 - 02:37:20: [SM] Blaming: dm_trick.smx
L 08/19/2021 - 02:37:20: [SM] Call stack trace:
L 08/19/2021 - 02:37:20: [SM]   [0] ArrayList.Length.get
L 08/19/2021 - 02:37:20: [SM]   [1] Line 795, c:\Users\Ваня\Desktop\Vse\Программы\SourcePawn\DM_Trick_n_Combat\scripting\dm_trick.sp::OnTriggerStartTouch
L 08/19/2021 - 02:37:20: [SM] Exception reported: Invalid Handle 0 (error: 4)
L 08/19/2021 - 02:37:20: [SM] Blaming: dm_trick.smx
L 08/19/2021 - 02:37:20: [SM] Call stack trace:
L 08/19/2021 - 02:37:20: [SM]   [0] ArrayList.Length.get
L 08/19/2021 - 02:37:20: [SM]   [1] Line 681, c:\Users\Ваня\Desktop\Vse\Программы\SourcePawn\DM_Trick_n_Combat\scripting\dm_trick.sp::OnTriggerEndTouch
L 08/19/2021 - 02:37:26: [SM] Exception reported: Invalid Handle 0 (error: 4)
L 08/19/2021 - 02:37:26: [SM] Blaming: dm_trick.smx
L 08/19/2021 - 02:37:26: [SM] Call stack trace:
L 08/19/2021 - 02:37:26: [SM]   [0] ArrayList.Length.get
L 08/19/2021 - 02:37:26: [SM]   [1] Line 795, c:\Users\Ваня\Desktop\Vse\Программы\SourcePawn\DM_Trick_n_Combat\scripting\dm_trick.sp::OnTriggerStartTouch
L 08/19/2021 - 02:37:27: [SM] Exception reported: Invalid Handle 0 (error: 4)
L 08/19/2021 - 02:37:27: [SM] Blaming: dm_trick.smx
L 08/19/2021 - 02:37:27: [SM] Call stack trace:
L 08/19/2021 - 02:37:27: [SM]   [0] ArrayList.Length.get
L 08/19/2021 - 02:37:27: [SM]   [1] Line 681, c:\Users\Ваня\Desktop\Vse\Программы\SourcePawn\DM_Trick_n_Combat\scripting\dm_trick.sp::OnTriggerEndTouch
L 08/19/2021 - 02:37:29: [SM] Exception reported: Invalid Handle 0 (error: 4)
L 08/19/2021 - 02:37:29: [SM] Blaming: dm_trick.smx
L 08/19/2021 - 02:37:29: [SM] Call stack trace:
L 08/19/2021 - 02:37:29: [SM]   [0] ArrayList.Length.get
L 08/19/2021 - 02:37:29: [SM]   [1] Line 795, c:\Users\Ваня\Desktop\Vse\Программы\SourcePawn\DM_Trick_n_Combat\scripting\dm_trick.sp::OnTriggerStartTouch
L 08/19/2021 - 02:37:30: [SM] Exception reported: Invalid Handle 0 (error: 4)
L 08/19/2021 - 02:37:30: [SM] Blaming: dm_trick.smx
L 08/19/2021 - 02:37:30: [SM] Call stack trace:
L 08/19/2021 - 02:37:30: [SM]   [0] ArrayList.Length.get
L 08/19/2021 - 02:37:30: [SM]   [1] Line 681, c:\Users\Ваня\Desktop\Vse\Программы\SourcePawn\DM_Trick_n_Combat\scripting\dm_trick.sp::OnTriggerEndTouch
L 08/19/2021 - 02:37:31: [SM] Exception reported: Invalid Handle 0 (error: 4)
L 08/19/2021 - 02:37:31: [SM] Blaming: dm_trick.smx
L 08/19/2021 - 02:37:31: [SM] Call stack trace:
L 08/19/2021 - 02:37:31: [SM]   [0] ArrayList.Length.get
L 08/19/2021 - 02:37:31: [SM]   [1] Line 795, c:\Users\Ваня\Desktop\Vse\Программы\SourcePawn\DM_Trick_n_Combat\scripting\dm_trick.sp::OnTriggerStartTouch
L 08/19/2021 - 02:37:35: [SM] Exception reported: Invalid Handle 0 (error: 4)
L 08/19/2021 - 02:37:35: [SM] Blaming: dm_trick.smx
L 08/19/2021 - 02:37:35: [SM] Call stack trace:
L 08/19/2021 - 02:37:35: [SM]   [0] ArrayList.Length.get
L 08/19/2021 - 02:37:35: [SM]   [1] Line 795, c:\Users\Ваня\Desktop\Vse\Программы\SourcePawn\DM_Trick_n_Combat\scripting\dm_trick.sp::OnTriggerStartTouch
L 08/19/2021 - 02:37:35: [SM] Exception reported: Invalid Handle 0 (error: 4)
L 08/19/2021 - 02:37:35: [SM] Blaming: dm_trick.smx
L 08/19/2021 - 02:37:35: [SM] Call stack trace:
L 08/19/2021 - 02:37:35: [SM]   [0] ArrayList.Length.get
L 08/19/2021 - 02:37:35: [SM]   [1] Line 681, c:\Users\Ваня\Desktop\Vse\Программы\SourcePawn\DM_Trick_n_Combat\scripting\dm_trick.sp::OnTriggerEndTouch
L 08/19/2021 - 02:37:37: [SM] Exception reported: Invalid Handle 0 (error: 4)
L 08/19/2021 - 02:37:37: [SM] Blaming: dm_trick.smx
L 08/19/2021 - 02:37:37: [SM] Call stack trace:
L 08/19/2021 - 02:37:37: [SM]   [0] ArrayList.Length.get
L 08/19/2021 - 02:37:37: [SM]   [1] Line 795, c:\Users\Ваня\Desktop\Vse\Программы\SourcePawn\DM_Trick_n_Combat\scripting\dm_trick.sp::OnTriggerStartTouch
L 08/19/2021 - 02:37:37: [SM] Exception reported: Invalid Handle 0 (error: 4)
L 08/19/2021 - 02:37:37: [SM] Blaming: dm_trick.smx
L 08/19/2021 - 02:37:37: [SM] Call stack trace:
L 08/19/2021 - 02:37:37: [SM]   [0] ArrayList.Length.get
L 08/19/2021 - 02:37:37: [SM]   [1] Line 681, c:\Users\Ваня\Desktop\Vse\Программы\SourcePawn\DM_Trick_n_Combat\scripting\dm_trick.sp::OnTriggerEndTouch
L 08/19/2021 - 02:37:40: [SM] Exception reported: Invalid Handle 0 (error: 4)
L 08/19/2021 - 02:37:40: [SM] Blaming: dm_trick.smx
L 08/19/2021 - 02:37:40: [SM] Call stack trace:
L 08/19/2021 - 02:37:40: [SM]   [0] ArrayList.Length.get
L 08/19/2021 - 02:37:40: [SM]   [1] Line 795, c:\Users\Ваня\Desktop\Vse\Программы\SourcePawn\DM_Trick_n_Combat\scripting\dm_trick.sp::OnTriggerStartTouch
L 08/19/2021 - 02:37:40: [SM] Exception reported: Invalid Handle 0 (error: 4)
L 08/19/2021 - 02:37:40: [SM] Blaming: dm_trick.smx
L 08/19/2021 - 02:37:40: [SM] Call stack trace:
L 08/19/2021 - 02:37:40: [SM]   [0] ArrayList.Length.get
L 08/19/2021 - 02:37:40: [SM]   [1] Line 681, c:\Users\Ваня\Desktop\Vse\Программы\SourcePawn\DM_Trick_n_Combat\scripting\dm_trick.sp::OnTriggerEndTouch
L 08/19/2021 - 02:37:42: [SM] Exception reported: Invalid Handle 0 (error: 4)
L 08/19/2021 - 02:37:42: [SM] Blaming: dm_trick.smx
L 08/19/2021 - 02:37:42: [SM] Call stack trace:
L 08/19/2021 - 02:37:42: [SM]   [0] ArrayList.Length.get
L 08/19/2021 - 02:37:42: [SM]   [1] Line 795, c:\Users\Ваня\Desktop\Vse\Программы\SourcePawn\DM_Trick_n_Combat\scripting\dm_trick.sp::OnTriggerStartTouch
L 08/19/2021 - 02:37:43: [SM] Exception reported: Invalid Handle 0 (error: 4)
L 08/19/2021 - 02:37:43: [SM] Blaming: dm_trick.smx
L 08/19/2021 - 02:37:43: [SM] Call stack trace:
L 08/19/2021 - 02:37:43: [SM]   [0] ArrayList.Length.get
L 08/19/2021 - 02:37:43: [SM]   [1] Line 681, c:\Users\Ваня\Desktop\Vse\Программы\SourcePawn\DM_Trick_n_Combat\scripting\dm_trick.sp::OnTriggerEndTouch
L 08/19/2021 - 02:37:47: [SM] Exception reported: Invalid Handle 0 (error: 4)
L 08/19/2021 - 02:37:47: [SM] Blaming: dm_trick.smx
L 08/19/2021 - 02:37:47: [SM] Call stack trace:
L 08/19/2021 - 02:37:47: [SM]   [0] ArrayList.Length.get
L 08/19/2021 - 02:37:47: [SM]   [1] Line 795, c:\Users\Ваня\Desktop\Vse\Программы\SourcePawn\DM_Trick_n_Combat\scripting\dm_trick.sp::OnTriggerStartTouch
L 08/19/2021 - 02:37:47: [SM] Exception reported: Invalid Handle 0 (error: 4)
L 08/19/2021 - 02:37:47: [SM] Blaming: dm_trick.smx
L 08/19/2021 - 02:37:47: [SM] Call stack trace:
L 08/19/2021 - 02:37:47: [SM]   [0] ArrayList.Length.get
L 08/19/2021 - 02:37:47: [SM]   [1] Line 681, c:\Users\Ваня\Desktop\Vse\Программы\SourcePawn\DM_Trick_n_Combat\scripting\dm_trick.sp::OnTriggerEndTouch
L 08/19/2021 - 02:37:49: [SM] Exception reported: Invalid Handle 0 (error: 4)
L 08/19/2021 - 02:37:49: [SM] Blaming: dm_trick.smx
L 08/19/2021 - 02:37:49: [SM] Call stack trace:
L 08/19/2021 - 02:37:49: [SM]   [0] ArrayList.Length.get
L 08/19/2021 - 02:37:49: [SM]   [1] Line 795, c:\Users\Ваня\Desktop\Vse\Программы\SourcePawn\DM_Trick_n_Combat\scripting\dm_trick.sp::OnTriggerStartTouch
L 08/19/2021 - 02:37:50: [SM] Exception reported: Invalid Handle 0 (error: 4)
L 08/19/2021 - 02:37:50: [SM] Blaming: dm_trick.smx
L 08/19/2021 - 02:37:50: [SM] Call stack trace:
L 08/19/2021 - 02:37:50: [SM]   [0] ArrayList.Length.get
L 08/19/2021 - 02:37:50: [SM]   [1] Line 681, c:\Users\Ваня\Desktop\Vse\Программы\SourcePawn\DM_Trick_n_Combat\scripting\dm_trick.sp::OnTriggerEndTouch
L 08/19/2021 - 02:37:54: [SM] Exception reported: Invalid Handle 0 (error: 4)
L 08/19/2021 - 02:37:54: [SM] Blaming: dm_trick.smx
L 08/19/2021 - 02:37:54: [SM] Call stack trace:
L 08/19/2021 - 02:37:54: [SM]   [0] ArrayList.Length.get
L 08/19/2021 - 02:37:54: [SM]   [1] Line 795, c:\Users\Ваня\Desktop\Vse\Программы\SourcePawn\DM_Trick_n_Combat\scripting\dm_trick.sp::OnTriggerStartTouch
L 08/19/2021 - 02:37:54: [SM] Exception reported: Invalid Handle 0 (error: 4)
L 08/19/2021 - 02:37:54: [SM] Blaming: dm_trick.smx
L 08/19/2021 - 02:37:54: [SM] Call stack trace:
L 08/19/2021 - 02:37:54: [SM]   [0] ArrayList.Length.get
L 08/19/2021 - 02:37:54: [SM]   [1] Line 681, c:\Users\Ваня\Desktop\Vse\Программы\SourcePawn\DM_Trick_n_Combat\scripting\dm_trick.sp::OnTriggerEndTouch
L 08/19/2021 - 02:37:55: [SM] Exception reported: Invalid Handle 0 (error: 4)
L 08/19/2021 - 02:37:55: [SM] Blaming: dm_trick.smx
L 08/19/2021 - 02:37:55: [SM] Call stack trace:
L 08/19/2021 - 02:37:55: [SM]   [0] ArrayList.Length.get
L 08/19/2021 - 02:37:55: [SM]   [1] Line 795, c:\Users\Ваня\Desktop\Vse\Программы\SourcePawn\DM_Trick_n_Combat\scripting\dm_trick.sp::OnTriggerStartTouch
L 08/19/2021 - 02:37:57: [SM] Exception reported: Invalid Handle 0 (error: 4)
L 08/19/2021 - 02:37:57: [SM] Blaming: dm_trick.smx
L 08/19/2021 - 02:37:57: [SM] Call stack trace:
L 08/19/2021 - 02:37:57: [SM]   [0] ArrayList.Length.get
L 08/19/2021 - 02:37:57: [SM]   [1] Line 681, c:\Users\Ваня\Desktop\Vse\Программы\SourcePawn\DM_Trick_n_Combat\scripting\dm_trick.sp::OnTriggerEndTouch
L 08/19/2021 - 02:38:00: [SM] Exception reported: Invalid Handle 0 (error: 4)
L 08/19/2021 - 02:38:00: [SM] Blaming: dm_trick.smx
L 08/19/2021 - 02:38:00: [SM] Call stack trace:
L 08/19/2021 - 02:38:00: [SM]   [0] ArrayList.Length.get
L 08/19/2021 - 02:38:00: [SM]   [1] Line 795, c:\Users\Ваня\Desktop\Vse\Программы\SourcePawn\DM_Trick_n_Combat\scripting\dm_trick.sp::OnTriggerStartTouch
L 08/19/2021 - 02:38:01: [SM] Exception reported: Invalid Handle 0 (error: 4)
L 08/19/2021 - 02:38:01: [SM] Blaming: dm_trick.smx
L 08/19/2021 - 02:38:01: [SM] Call stack trace:
L 08/19/2021 - 02:38:01: [SM]   [0] ArrayList.Length.get
L 08/19/2021 - 02:38:01: [SM]   [1] Line 681, c:\Users\Ваня\Desktop\Vse\Программы\SourcePawn\DM_Trick_n_Combat\scripting\dm_trick.sp::OnTriggerEndTouch
L 08/19/2021 - 02:38:02: [SM] Exception reported: Invalid Handle 0 (error: 4)
L 08/19/2021 - 02:38:02: [SM] Blaming: dm_trick.smx
L 08/19/2021 - 02:38:02: [SM] Call stack trace:
L 08/19/2021 - 02:38:02: [SM]   [0] ArrayList.Length.get
L 08/19/2021 - 02:38:02: [SM]   [1] Line 795, c:\Users\Ваня\Desktop\Vse\Программы\SourcePawn\DM_Trick_n_Combat\scripting\dm_trick.sp::OnTriggerStartTouch
L 08/19/2021 - 02:38:05: [SM] Exception reported: Invalid Handle 0 (error: 4)
L 08/19/2021 - 02:38:05: [SM] Blaming: dm_trick.smx
L 08/19/2021 - 02:38:05: [SM] Call stack trace:
L 08/19/2021 - 02:38:05: [SM]   [0] ArrayList.Length.get
L 08/19/2021 - 02:38:05: [SM]   [1] Line 795, c:\Users\Ваня\Desktop\Vse\Программы\SourcePawn\DM_Trick_n_Combat\scripting\dm_trick.sp::OnTriggerStartTouch
L 08/19/2021 - 02:38:05: [SM] Exception reported: Invalid Handle 0 (error: 4)
L 08/19/2021 - 02:38:05: [SM] Blaming: dm_trick.smx
L 08/19/2021 - 02:38:05: [SM] Call stack trace:
L 08/19/2021 - 02:38:05: [SM]   [0] ArrayList.Length.get
L 08/19/2021 - 02:38:05: [SM]   [1] Line 681, c:\Users\Ваня\Desktop\Vse\Программы\SourcePawn\DM_Trick_n_Combat\scripting\dm_trick.sp::OnTriggerEndTouch
L 08/19/2021 - 02:38:06: [SM] Exception reported: Invalid Handle 0 (error: 4)
L 08/19/2021 - 02:38:06: [SM] Blaming: dm_trick.smx
L 08/19/2021 - 02:38:06: [SM] Call stack trace:
L 08/19/2021 - 02:38:06: [SM]   [0] ArrayList.Length.get
L 08/19/2021 - 02:38:06: [SM]   [1] Line 795, c:\Users\Ваня\Desktop\Vse\Программы\SourcePawn\DM_Trick_n_Combat\scripting\dm_trick.sp::OnTriggerStartTouch
L 08/19/2021 - 02:38:08: [SM] Exception reported: Invalid Handle 0 (error: 4)
L 08/19/2021 - 02:38:08: [SM] Blaming: dm_trick.smx
L 08/19/2021 - 02:38:08: [SM] Call stack trace:
L 08/19/2021 - 02:38:08: [SM]   [0] ArrayList.Length.get
L 08/19/2021 - 02:38:08: [SM]   [1] Line 795, c:\Users\Ваня\Desktop\Vse\Программы\SourcePawn\DM_Trick_n_Combat\scripting\dm_trick.sp::OnTriggerStartTouch
L 08/19/2021 - 02:38:09: [SM] Exception reported: Invalid Handle 0 (error: 4)
L 08/19/2021 - 02:38:09: [SM] Blaming: dm_trick.smx
L 08/19/2021 - 02:38:09: [SM] Call stack trace:
L 08/19/2021 - 02:38:09: [SM]   [0] ArrayList.Length.get
L 08/19/2021 - 02:38:09: [SM]   [1] Line 681, c:\Users\Ваня\Desktop\Vse\Программы\SourcePawn\DM_Trick_n_Combat\scripting\dm_trick.sp::OnTriggerEndTouch
L 08/19/2021 - 02:38:09: [SM] Exception reported: Invalid Handle 0 (error: 4)
L 08/19/2021 - 02:38:09: [SM] Blaming: dm_trick.smx
L 08/19/2021 - 02:38:09: [SM] Call stack trace:
L 08/19/2021 - 02:38:09: [SM]   [0] ArrayList.Length.get
L 08/19/2021 - 02:38:09: [SM]   [1] Line 795, c:\Users\Ваня\Desktop\Vse\Программы\SourcePawn\DM_Trick_n_Combat\scripting\dm_trick.sp::OnTriggerStartTouch
L 08/19/2021 - 02:38:14: [SM] Exception reported: Invalid Handle 0 (error: 4)
L 08/19/2021 - 02:38:14: [SM] Blaming: dm_trick.smx
L 08/19/2021 - 02:38:14: [SM] Call stack trace:
L 08/19/2021 - 02:38:14: [SM]   [0] ArrayList.Length.get
L 08/19/2021 - 02:38:14: [SM]   [1] Line 795, c:\Users\Ваня\Desktop\Vse\Программы\SourcePawn\DM_Trick_n_Combat\scripting\dm_trick.sp::OnTriggerStartTouch
L 08/19/2021 - 02:38:14: [SM] Exception reported: Invalid Handle 0 (error: 4)
L 08/19/2021 - 02:38:14: [SM] Blaming: dm_trick.smx
L 08/19/2021 - 02:38:14: [SM] Call stack trace:
L 08/19/2021 - 02:38:14: [SM]   [0] ArrayList.Length.get
L 08/19/2021 - 02:38:14: [SM]   [1] Line 681, c:\Users\Ваня\Desktop\Vse\Программы\SourcePawn\DM_Trick_n_Combat\scripting\dm_trick.sp::OnTriggerEndTouch
L 08/19/2021 - 02:38:15: [SM] Exception reported: Invalid Handle 0 (error: 4)
L 08/19/2021 - 02:38:15: [SM] Blaming: dm_trick.smx
L 08/19/2021 - 02:38:15: [SM] Call stack trace:
L 08/19/2021 - 02:38:15: [SM]   [0] ArrayList.Length.get
L 08/19/2021 - 02:38:15: [SM]   [1] Line 795, c:\Users\Ваня\Desktop\Vse\Программы\SourcePawn\DM_Trick_n_Combat\scripting\dm_trick.sp::OnTriggerStartTouch
L 08/19/2021 - 02:38:16: [SM] Exception reported: Invalid Handle 0 (error: 4)
L 08/19/2021 - 02:38:16: [SM] Blaming: dm_trick.smx
L 08/19/2021 - 02:38:16: [SM] Call stack trace:
L 08/19/2021 - 02:38:16: [SM]   [0] ArrayList.Length.get
L 08/19/2021 - 02:38:16: [SM]   [1] Line 681, c:\Users\Ваня\Desktop\Vse\Программы\SourcePawn\DM_Trick_n_Combat\scripting\dm_trick.sp::OnTriggerEndTouch
L 08/19/2021 - 02:38:24: [SM] Exception reported: Invalid Handle 0 (error: 4)
L 08/19/2021 - 02:38:24: [SM] Blaming: dm_trick.smx
L 08/19/2021 - 02:38:24: [SM] Call stack trace:
L 08/19/2021 - 02:38:24: [SM]   [0] ArrayList.Length.get
L 08/19/2021 - 02:38:24: [SM]   [1] Line 795, c:\Users\Ваня\Desktop\Vse\Программы\SourcePawn\DM_Trick_n_Combat\scripting\dm_trick.sp::OnTriggerStartTouch
L 08/19/2021 - 02:38:24: [SM] Exception reported: Invalid Handle 0 (error: 4)
L 08/19/2021 - 02:38:24: [SM] Blaming: dm_trick.smx
L 08/19/2021 - 02:38:24: [SM] Call stack trace:
L 08/19/2021 - 02:38:24: [SM]   [0] ArrayList.Length.get
L 08/19/2021 - 02:38:24: [SM]   [1] Line 681, c:\Users\Ваня\Desktop\Vse\Программы\SourcePawn\DM_Trick_n_Combat\scripting\dm_trick.sp::OnTriggerEndTouch
L 08/19/2021 - 02:38:24: [SM] Exception reported: Invalid Handle 0 (error: 4)
L 08/19/2021 - 02:38:24: [SM] Blaming: dm_trick.smx
L 08/19/2021 - 02:38:24: [SM] Call stack trace:
L 08/19/2021 - 02:38:24: [SM]   [0] ArrayList.Length.get
L 08/19/2021 - 02:38:24: [SM]   [1] Line 795, c:\Users\Ваня\Desktop\Vse\Программы\SourcePawn\DM_Trick_n_Combat\scripting\dm_trick.sp::OnTriggerStartTouch
L 08/19/2021 - 02:38:26: [SM] Exception reported: Invalid Handle 0 (error: 4)
L 08/19/2021 - 02:38:26: [SM] Blaming: dm_trick.smx
L 08/19/2021 - 02:38:26: [SM] Call stack trace:
L 08/19/2021 - 02:38:26: [SM]   [0] ArrayList.Length.get
L 08/19/2021 - 02:38:26: [SM]   [1] Line 681, c:\Users\Ваня\Desktop\Vse\Программы\SourcePawn\DM_Trick_n_Combat\scripting\dm_trick.sp::OnTriggerEndTouch
L 08/19/2021 - 02:40:51: Error log file session closed.
L 08/19/2021 - 02:40:59: SourceMod error session started
L 08/19/2021 - 02:40:59: Info (map "surf_trick_gxd") (file "/home/container/csgo/addons/sourcemod/logs/errors_20210819.log")
L 08/19/2021 - 02:40:59: [SM] Exception reported: Invalid query Handle 0 (error: 4)
L 08/19/2021 - 02:40:59: [SM] Blaming: dm_trick.smx
L 08/19/2021 - 02:40:59: [SM] Call stack trace:
L 08/19/2021 - 02:40:59: [SM]   [0] DBResultSet.HasResults.get
L 08/19/2021 - 02:40:59: [SM]   [1] Line 129, include/saveloc.sp::load_loc_cl_data_callback
L 08/19/2021 - 03:27:52: [SM] Exception reported: Client index 818 is invalid
L 08/19/2021 - 03:27:52: [SM] Blaming: sm_hide.smx
L 08/19/2021 - 03:27:52: [SM] Call stack trace:
L 08/19/2021 - 03:27:52: [SM]   [0] GetClientTeam
L 08/19/2021 - 03:27:52: [SM]   [1] Line 141, /home/forums/content/files/2/7/7/4/6/3/183646.attach::OnNormalSoundPlayed
L 08/19/2021 - 03:29:31: [SM] Exception reported: Client index 796 is invalid
L 08/19/2021 - 03:29:31: [SM] Blaming: sm_hide.smx
L 08/19/2021 - 03:29:31: [SM] Call stack trace:
L 08/19/2021 - 03:29:31: [SM]   [0] GetClientTeam
L 08/19/2021 - 03:29:31: [SM]   [1] Line 141, /home/forums/content/files/2/7/7/4/6/3/183646.attach::OnNormalSoundPlayed
L 08/19/2021 - 03:29:32: [SM] Exception reported: Client index 796 is invalid
L 08/19/2021 - 03:29:32: [SM] Blaming: sm_hide.smx
L 08/19/2021 - 03:29:32: [SM] Call stack trace:
L 08/19/2021 - 03:29:32: [SM]   [0] GetClientTeam
L 08/19/2021 - 03:29:32: [SM]   [1] Line 141, /home/forums/content/files/2/7/7/4/6/3/183646.attach::OnNormalSoundPlayed
L 08/19/2021 - 03:29:48: [SM] Exception reported: Client index 796 is invalid
L 08/19/2021 - 03:29:48: [SM] Blaming: sm_hide.smx
L 08/19/2021 - 03:29:48: [SM] Call stack trace:
L 08/19/2021 - 03:29:48: [SM]   [0] GetClientTeam
L 08/19/2021 - 03:29:48: [SM]   [1] Line 141, /home/forums/content/files/2/7/7/4/6/3/183646.attach::OnNormalSoundPlayed
L 08/19/2021 - 03:29:49: [SM] Exception reported: Client index 796 is invalid
L 08/19/2021 - 03:29:49: [SM] Blaming: sm_hide.smx
L 08/19/2021 - 03:29:49: [SM] Call stack trace:
L 08/19/2021 - 03:29:49: [SM]   [0] GetClientTeam
L 08/19/2021 - 03:29:49: [SM]   [1] Line 141, /home/forums/content/files/2/7/7/4/6/3/183646.attach::OnNormalSoundPlayed
L 08/19/2021 - 03:29:50: [SM] Exception reported: Client index 796 is invalid
L 08/19/2021 - 03:29:50: [SM] Blaming: sm_hide.smx
L 08/19/2021 - 03:29:50: [SM] Call stack trace:
L 08/19/2021 - 03:29:50: [SM]   [0] GetClientTeam
L 08/19/2021 - 03:29:50: [SM]   [1] Line 141, /home/forums/content/files/2/7/7/4/6/3/183646.attach::OnNormalSoundPlayed
L 08/19/2021 - 03:30:11: [SM] Exception reported: Client index 814 is invalid
L 08/19/2021 - 03:30:11: [SM] Blaming: sm_hide.smx
L 08/19/2021 - 03:30:11: [SM] Call stack trace:
L 08/19/2021 - 03:30:11: [SM]   [0] GetClientTeam
L 08/19/2021 - 03:30:11: [SM]   [1] Line 141, /home/forums/content/files/2/7/7/4/6/3/183646.attach::OnNormalSoundPlayed
L 08/19/2021 - 03:30:12: [SM] Exception reported: Client index 814 is invalid
L 08/19/2021 - 03:30:12: [SM] Blaming: sm_hide.smx
L 08/19/2021 - 03:30:12: [SM] Call stack trace:
L 08/19/2021 - 03:30:12: [SM]   [0] GetClientTeam
L 08/19/2021 - 03:30:12: [SM]   [1] Line 141, /home/forums/content/files/2/7/7/4/6/3/183646.attach::OnNormalSoundPlayed
L 08/19/2021 - 03:30:12: [SM] Exception reported: Client index 814 is invalid
L 08/19/2021 - 03:30:12: [SM] Blaming: sm_hide.smx
L 08/19/2021 - 03:30:12: [SM] Call stack trace:
L 08/19/2021 - 03:30:12: [SM]   [0] GetClientTeam
L 08/19/2021 - 03:30:12: [SM]   [1] Line 141, /home/forums/content/files/2/7/7/4/6/3/183646.attach::OnNormalSoundPlayed
L 08/19/2021 - 03:30:13: [SM] Exception reported: Client index 814 is invalid
L 08/19/2021 - 03:30:13: [SM] Blaming: sm_hide.smx
L 08/19/2021 - 03:30:13: [SM] Call stack trace:
L 08/19/2021 - 03:30:13: [SM]   [0] GetClientTeam
L 08/19/2021 - 03:30:13: [SM]   [1] Line 141, /home/forums/content/files/2/7/7/4/6/3/183646.attach::OnNormalSoundPlayed
L 08/19/2021 - 03:30:13: [SM] Exception reported: Client index 814 is invalid
L 08/19/2021 - 03:30:13: [SM] Blaming: sm_hide.smx
L 08/19/2021 - 03:30:13: [SM] Call stack trace:
L 08/19/2021 - 03:30:13: [SM]   [0] GetClientTeam
L 08/19/2021 - 03:30:13: [SM]   [1] Line 141, /home/forums/content/files/2/7/7/4/6/3/183646.attach::OnNormalSoundPlayed
L 08/19/2021 - 03:30:29: [SM] Exception reported: Client index 504 is invalid
L 08/19/2021 - 03:30:29: [SM] Blaming: sm_hide.smx
L 08/19/2021 - 03:30:29: [SM] Call stack trace:
L 08/19/2021 - 03:30:29: [SM]   [0] GetClientTeam
L 08/19/2021 - 03:30:29: [SM]   [1] Line 141, /home/forums/content/files/2/7/7/4/6/3/183646.attach::OnNormalSoundPlayed
L 08/19/2021 - 03:30:49: [SM] Exception reported: Client index 504 is invalid
L 08/19/2021 - 03:30:49: [SM] Blaming: sm_hide.smx
L 08/19/2021 - 03:30:49: [SM] Call stack trace:
L 08/19/2021 - 03:30:49: [SM]   [0] GetClientTeam
L 08/19/2021 - 03:30:49: [SM]   [1] Line 141, /home/forums/content/files/2/7/7/4/6/3/183646.attach::OnNormalSoundPlayed
L 08/19/2021 - 03:30:51: [SM] Exception reported: Client index 504 is invalid
L 08/19/2021 - 03:30:51: [SM] Blaming: sm_hide.smx
L 08/19/2021 - 03:30:51: [SM] Call stack trace:
L 08/19/2021 - 03:30:51: [SM]   [0] GetClientTeam
L 08/19/2021 - 03:30:51: [SM]   [1] Line 141, /home/forums/content/files/2/7/7/4/6/3/183646.attach::OnNormalSoundPlayed
L 08/19/2021 - 03:30:52: [SM] Exception reported: Client index 504 is invalid
L 08/19/2021 - 03:30:52: [SM] Blaming: sm_hide.smx
L 08/19/2021 - 03:30:52: [SM] Call stack trace:
L 08/19/2021 - 03:30:52: [SM]   [0] GetClientTeam
L 08/19/2021 - 03:30:52: [SM]   [1] Line 141, /home/forums/content/files/2/7/7/4/6/3/183646.attach::OnNormalSoundPlayed
L 08/19/2021 - 03:33:13: [SM] Exception reported: Client index 812 is invalid
L 08/19/2021 - 03:33:13: [SM] Blaming: sm_hide.smx
L 08/19/2021 - 03:33:13: [SM] Call stack trace:
L 08/19/2021 - 03:33:13: [SM]   [0] GetClientTeam
L 08/19/2021 - 03:33:13: [SM]   [1] Line 141, /home/forums/content/files/2/7/7/4/6/3/183646.attach::OnNormalSoundPlayed
L 08/19/2021 - 03:36:46: [SM] Exception reported: Client index 504 is invalid
L 08/19/2021 - 03:36:46: [SM] Blaming: sm_hide.smx
L 08/19/2021 - 03:36:46: [SM] Call stack trace:
L 08/19/2021 - 03:36:46: [SM]   [0] GetClientTeam
L 08/19/2021 - 03:36:46: [SM]   [1] Line 141, /home/forums/content/files/2/7/7/4/6/3/183646.attach::OnNormalSoundPlayed
L 08/19/2021 - 03:36:48: [SM] Exception reported: Client index 504 is invalid
L 08/19/2021 - 03:36:48: [SM] Blaming: sm_hide.smx
L 08/19/2021 - 03:36:48: [SM] Call stack trace:
L 08/19/2021 - 03:36:48: [SM]   [0] GetClientTeam
L 08/19/2021 - 03:36:48: [SM]   [1] Line 141, /home/forums/content/files/2/7/7/4/6/3/183646.attach::OnNormalSoundPlayed
L 08/19/2021 - 03:37:05: [SM] Exception reported: Client index 504 is invalid
L 08/19/2021 - 03:37:05: [SM] Blaming: sm_hide.smx
L 08/19/2021 - 03:37:05: [SM] Call stack trace:
L 08/19/2021 - 03:37:05: [SM]   [0] GetClientTeam
L 08/19/2021 - 03:37:05: [SM]   [1] Line 141, /home/forums/content/files/2/7/7/4/6/3/183646.attach::OnNormalSoundPlayed
L 08/19/2021 - 03:37:08: [SM] Exception reported: Client index 504 is invalid
L 08/19/2021 - 03:37:08: [SM] Blaming: sm_hide.smx
L 08/19/2021 - 03:37:08: [SM] Call stack trace:
L 08/19/2021 - 03:37:08: [SM]   [0] GetClientTeam
L 08/19/2021 - 03:37:08: [SM]   [1] Line 141, /home/forums/content/files/2/7/7/4/6/3/183646.attach::OnNormalSoundPlayed
L 08/19/2021 - 03:37:13: [SM] Exception reported: Client index 504 is invalid
L 08/19/2021 - 03:37:13: [SM] Blaming: sm_hide.smx
L 08/19/2021 - 03:37:13: [SM] Call stack trace:
L 08/19/2021 - 03:37:13: [SM]   [0] GetClientTeam
L 08/19/2021 - 03:37:13: [SM]   [1] Line 141, /home/forums/content/files/2/7/7/4/6/3/183646.attach::OnNormalSoundPlayed
L 08/19/2021 - 03:56:09: SourceMod error session started
L 08/19/2021 - 03:56:09: Info (map "surf_trick_gxd") (file "/home/container/csgo/addons/sourcemod/logs/errors_20210819.log")
L 08/19/2021 - 03:56:09: [SM] Exception reported: Invalid query Handle 0 (error: 4)
L 08/19/2021 - 03:56:09: [SM] Blaming: dm_trick.smx
L 08/19/2021 - 03:56:09: [SM] Call stack trace:
L 08/19/2021 - 03:56:09: [SM]   [0] DBResultSet.HasResults.get
L 08/19/2021 - 03:56:09: [SM]   [1] Line 129, include/saveloc.sp::load_loc_cl_data_callback
L 08/19/2021 - 05:20:36: Error log file session closed.
L 08/19/2021 - 05:20:40: SourceMod error session started
L 08/19/2021 - 05:20:40: Info (map "surf_trick_gxd") (file "/home/container/csgo/addons/sourcemod/logs/errors_20210819.log")
L 08/19/2021 - 05:20:40: [SM] Exception reported: Invalid query Handle 0 (error: 4)
L 08/19/2021 - 05:20:40: [SM] Blaming: dm_trick.smx
L 08/19/2021 - 05:20:40: [SM] Call stack trace:
L 08/19/2021 - 05:20:40: [SM]   [0] DBResultSet.HasResults.get
L 08/19/2021 - 05:20:40: [SM]   [1] Line 208, include/daily_tricks.sp::timer_daily_callback
L 08/19/2021 - 05:21:24: [SM] Exception reported: Invalid query Handle 0 (error: 4)
L 08/19/2021 - 05:21:24: [SM] Blaming: dm_trick.smx
L 08/19/2021 - 05:21:24: [SM] Call stack trace:
L 08/19/2021 - 05:21:24: [SM]   [0] DBResultSet.HasResults.get
L 08/19/2021 - 05:21:24: [SM]   [1] Line 129, include/saveloc.sp::load_loc_cl_data_callback
L 08/19/2021 - 09:31:22: Error log file session closed.
L 08/19/2021 - 09:31:26: SourceMod error session started
L 08/19/2021 - 09:31:26: Info (map "surf_trick_gxd") (file "/home/container/csgo/addons/sourcemod/logs/errors_20210819.log")
L 08/19/2021 - 09:31:26: [SM] Exception reported: Invalid query Handle 0 (error: 4)
L 08/19/2021 - 09:31:26: [SM] Blaming: dm_trick.smx
L 08/19/2021 - 09:31:26: [SM] Call stack trace:
L 08/19/2021 - 09:31:26: [SM]   [0] DBResultSet.HasResults.get
L 08/19/2021 - 09:31:26: [SM]   [1] Line 208, include/daily_tricks.sp::timer_daily_callback
L 08/19/2021 - 09:31:54: [SM] Exception reported: Invalid query Handle 0 (error: 4)
L 08/19/2021 - 09:31:54: [SM] Blaming: dm_trick.smx
L 08/19/2021 - 09:31:54: [SM] Call stack trace:
L 08/19/2021 - 09:31:54: [SM]   [0] DBResultSet.HasResults.get
L 08/19/2021 - 09:31:54: [SM]   [1] Line 129, include/saveloc.sp::load_loc_cl_data_callback
L 08/19/2021 - 10:44:24: [SM] Exception reported: Client index 496 is invalid
L 08/19/2021 - 10:44:24: [SM] Blaming: sm_hide.smx
L 08/19/2021 - 10:44:24: [SM] Call stack trace:
L 08/19/2021 - 10:44:24: [SM]   [0] GetClientTeam
L 08/19/2021 - 10:44:24: [SM]   [1] Line 141, /home/forums/content/files/2/7/7/4/6/3/183646.attach::OnNormalSoundPlayed
L 08/19/2021 - 10:44:25: [SM] Exception reported: Client index 496 is invalid
L 08/19/2021 - 10:44:25: [SM] Blaming: sm_hide.smx
L 08/19/2021 - 10:44:25: [SM] Call stack trace:
L 08/19/2021 - 10:44:25: [SM]   [0] GetClientTeam
L 08/19/2021 - 10:44:25: [SM]   [1] Line 141, /home/forums/content/files/2/7/7/4/6/3/183646.attach::OnNormalSoundPlayed
L 08/19/2021 - 10:44:33: [SM] Exception reported: Client index 496 is invalid
L 08/19/2021 - 10:44:33: [SM] Blaming: sm_hide.smx
L 08/19/2021 - 10:44:33: [SM] Call stack trace:
L 08/19/2021 - 10:44:33: [SM]   [0] GetClientTeam
L 08/19/2021 - 10:44:33: [SM]   [1] Line 141, /home/forums/content/files/2/7/7/4/6/3/183646.attach::OnNormalSoundPlayed
L 08/19/2021 - 10:44:34: [SM] Exception reported: Client index 496 is invalid
L 08/19/2021 - 10:44:34: [SM] Blaming: sm_hide.smx
L 08/19/2021 - 10:44:34: [SM] Call stack trace:
L 08/19/2021 - 10:44:34: [SM]   [0] GetClientTeam
L 08/19/2021 - 10:44:34: [SM]   [1] Line 141, /home/forums/content/files/2/7/7/4/6/3/183646.attach::OnNormalSoundPlayed
L 08/19/2021 - 10:44:34: [SM] Exception reported: Client index 496 is invalid
L 08/19/2021 - 10:44:34: [SM] Blaming: sm_hide.smx
L 08/19/2021 - 10:44:34: [SM] Call stack trace:
L 08/19/2021 - 10:44:34: [SM]   [0] GetClientTeam
L 08/19/2021 - 10:44:34: [SM]   [1] Line 141, /home/forums/content/files/2/7/7/4/6/3/183646.attach::OnNormalSoundPlayed
L 08/19/2021 - 10:46:29: [SM] Exception reported: Client index 496 is invalid
L 08/19/2021 - 10:46:29: [SM] Blaming: sm_hide.smx
L 08/19/2021 - 10:46:29: [SM] Call stack trace:
L 08/19/2021 - 10:46:29: [SM]   [0] GetClientTeam
L 08/19/2021 - 10:46:29: [SM]   [1] Line 141, /home/forums/content/files/2/7/7/4/6/3/183646.attach::OnNormalSoundPlayed
L 08/19/2021 - 12:58:03: Error log file session closed.
L 08/19/2021 - 12:58:08: SourceMod error session started
L 08/19/2021 - 12:58:08: Info (map "surf_trick_gxd") (file "/home/container/csgo/addons/sourcemod/logs/errors_20210819.log")
L 08/19/2021 - 12:58:08: [SM] Exception reported: Invalid query Handle 0 (error: 4)
L 08/19/2021 - 12:58:08: [SM] Blaming: dm_trick.smx
L 08/19/2021 - 12:58:08: [SM] Call stack trace:
L 08/19/2021 - 12:58:08: [SM]   [0] DBResultSet.HasResults.get
L 08/19/2021 - 12:58:08: [SM]   [1] Line 208, include/daily_tricks.sp::timer_daily_callback
L 08/19/2021 - 12:58:16: [SM] Exception reported: Invalid query Handle 0 (error: 4)
L 08/19/2021 - 12:58:16: [SM] Blaming: dm_trick.smx
L 08/19/2021 - 12:58:16: [SM] Call stack trace:
L 08/19/2021 - 12:58:16: [SM]   [0] DBResultSet.HasResults.get
L 08/19/2021 - 12:58:16: [SM]   [1] Line 129, include/saveloc.sp::load_loc_cl_data_callback
L 08/19/2021 - 14:46:44: Error log file session closed.
L 08/19/2021 - 14:46:49: SourceMod error session started
L 08/19/2021 - 14:46:49: Info (map "surf_trick_gxd") (file "/home/container/csgo/addons/sourcemod/logs/errors_20210819.log")
L 08/19/2021 - 14:46:49: [SM] Exception reported: Invalid query Handle 0 (error: 4)
L 08/19/2021 - 14:46:49: [SM] Blaming: dm_trick.smx
L 08/19/2021 - 14:46:49: [SM] Call stack trace:
L 08/19/2021 - 14:46:49: [SM]   [0] DBResultSet.HasResults.get
L 08/19/2021 - 14:46:49: [SM]   [1] Line 208, include/daily_tricks.sp::timer_daily_callback
L 08/19/2021 - 14:47:17: [SM] Exception reported: Invalid query Handle 0 (error: 4)
L 08/19/2021 - 14:47:17: [SM] Blaming: dm_trick.smx
L 08/19/2021 - 14:47:17: [SM] Call stack trace:
L 08/19/2021 - 14:47:17: [SM]   [0] DBResultSet.HasResults.get
L 08/19/2021 - 14:47:17: [SM]   [1] Line 129, include/saveloc.sp::load_loc_cl_data_callback
L 08/19/2021 - 15:31:45: [SM] Exception reported: Client index 796 is invalid
L 08/19/2021 - 15:31:45: [SM] Blaming: sm_hide.smx
L 08/19/2021 - 15:31:45: [SM] Call stack trace:
L 08/19/2021 - 15:31:45: [SM]   [0] GetClientTeam
L 08/19/2021 - 15:31:45: [SM]   [1] Line 141, /home/forums/content/files/2/7/7/4/6/3/183646.attach::OnNormalSoundPlayed
L 08/19/2021 - 15:32:14: [SM] Exception reported: Client index 796 is invalid
L 08/19/2021 - 15:32:14: [SM] Blaming: sm_hide.smx
L 08/19/2021 - 15:32:14: [SM] Call stack trace:
L 08/19/2021 - 15:32:14: [SM]   [0] GetClientTeam
L 08/19/2021 - 15:32:14: [SM]   [1] Line 141, /home/forums/content/files/2/7/7/4/6/3/183646.attach::OnNormalSoundPlayed
L 08/19/2021 - 18:11:40: [SM] Exception reported: Client 1 is not in game
L 08/19/2021 - 18:11:40: [SM] Blaming: dm_trick.smx
L 08/19/2021 - 18:11:40: [SM] Call stack trace:
L 08/19/2021 - 18:11:40: [SM]   [0] IsPlayerAlive
L 08/19/2021 - 18:11:40: [SM]   [1] Line 36, include/saveloc.sp::cmd_teleport
L 08/19/2021 - 18:50:54: [SM] Exception reported: Invalid query Handle 0 (error: 4)
L 08/19/2021 - 18:50:54: [SM] Blaming: dm_trick.smx
L 08/19/2021 - 18:50:54: [SM] Call stack trace:
L 08/19/2021 - 18:50:54: [SM]   [0] DBResultSet.HasResults.get
L 08/19/2021 - 18:50:54: [SM]   [1] Line 208, include/daily_tricks.sp::timer_daily_callback
L 08/19/2021 - 23:54:40: Error log file session closed.
L 08/19/2021 - 23:54:48: SourceMod error session started
L 08/19/2021 - 23:54:48: Info (map "surf_trick_gxd") (file "/home/container/csgo/addons/sourcemod/logs/errors_20210819.log")
L 08/19/2021 - 23:54:48: [SM] Exception reported: Invalid query Handle 0 (error: 4)
L 08/19/2021 - 23:54:48: [SM] Blaming: dm_trick.smx
L 08/19/2021 - 23:54:48: [SM] Call stack trace:
L 08/19/2021 - 23:54:48: [SM]   [0] DBResultSet.HasResults.get
L 08/19/2021 - 23:54:48: [SM]   [1] Line 129, include/saveloc.sp::load_loc_cl_data_callback
L 08/20/2021 - 04:28:09: Error log file session closed.
