L 08/30/2021 - 00:11:14: SourceMod error session started
L 08/30/2021 - 00:11:14: Info (map "surf_trick_gxd") (file "/home/container/csgo/addons/sourcemod/logs/errors_20210830.log")
L 08/30/2021 - 00:11:14: [SM] Exception reported: Invalid query Handle 0 (error: 4)
L 08/30/2021 - 00:11:14: [SM] Blaming: dm_trick.smx
L 08/30/2021 - 00:11:14: [SM] Call stack trace:
L 08/30/2021 - 00:11:14: [SM]   [0] DBResultSet.HasResults.get
L 08/30/2021 - 00:11:14: [SM]   [1] Line 208, include/daily_tricks.sp::timer_daily_callback
L 08/30/2021 - 00:52:49: [SM] Exception reported: Client index 812 is invalid
L 08/30/2021 - 00:52:49: [SM] Blaming: sm_hide.smx
L 08/30/2021 - 00:52:49: [SM] Call stack trace:
L 08/30/2021 - 00:52:49: [SM]   [0] GetClientTeam
L 08/30/2021 - 00:52:49: [SM]   [1] Line 141, /home/forums/content/files/2/7/7/4/6/3/183646.attach::OnNormalSoundPlayed
L 08/30/2021 - 00:55:36: [SM] Exception reported: Client 3 is not in game
L 08/30/2021 - 00:55:36: [SM] Blaming: sm_hide.smx
L 08/30/2021 - 00:55:36: [SM] Call stack trace:
L 08/30/2021 - 00:55:36: [SM]   [0] GetClientTeam
L 08/30/2021 - 00:55:36: [SM]   [1] Line 165, /home/forums/content/files/2/7/7/4/6/3/183646.attach::CSS_Hook_ShotgunShot
L 08/30/2021 - 07:22:47: [SM] Exception reported: Invalid query Handle 0 (error: 4)
L 08/30/2021 - 07:22:47: [SM] Blaming: dm_trick.smx
L 08/30/2021 - 07:22:47: [SM] Call stack trace:
L 08/30/2021 - 07:22:47: [SM]   [0] DBResultSet.HasResults.get
L 08/30/2021 - 07:22:47: [SM]   [1] Line 136, include/saveloc.sp::load_loc_cl_data_callback
L 08/30/2021 - 07:27:48: Error log file session closed.
L 08/30/2021 - 08:57:10: SourceMod error session started
L 08/30/2021 - 08:57:10: Info (map "surf_trick_gxd") (file "/home/container/csgo/addons/sourcemod/logs/errors_20210830.log")
L 08/30/2021 - 08:57:10: [SM] Exception reported: Invalid query Handle 0 (error: 4)
L 08/30/2021 - 08:57:10: [SM] Blaming: dm_trick.smx
L 08/30/2021 - 08:57:10: [SM] Call stack trace:
L 08/30/2021 - 08:57:10: [SM]   [0] DBResultSet.HasResults.get
L 08/30/2021 - 08:57:10: [SM]   [1] Line 208, include/daily_tricks.sp::timer_daily_callback
L 08/30/2021 - 10:23:32: Error log file session closed.
L 08/30/2021 - 10:23:33: SourceMod error session started
L 08/30/2021 - 10:23:33: Info (map "surf_trick_gxd") (file "/home/container/csgo/addons/sourcemod/logs/errors_20210830.log")
L 08/30/2021 - 10:23:33: [SM] Exception reported: Invalid query Handle 0 (error: 4)
L 08/30/2021 - 10:23:33: [SM] Blaming: dm_trick.smx
L 08/30/2021 - 10:23:33: [SM] Call stack trace:
L 08/30/2021 - 10:23:33: [SM]   [0] DBResultSet.HasResults.get
L 08/30/2021 - 10:23:33: [SM]   [1] Line 208, include/daily_tricks.sp::timer_daily_callback
L 08/30/2021 - 12:41:03: Error log file session closed.
L 08/30/2021 - 12:41:04: SourceMod error session started
L 08/30/2021 - 12:41:04: Info (map "surf_trick_gxd") (file "/home/container/csgo/addons/sourcemod/logs/errors_20210830.log")
L 08/30/2021 - 12:41:04: [SM] Exception reported: Invalid query Handle 0 (error: 4)
L 08/30/2021 - 12:41:04: [SM] Blaming: dm_trick.smx
L 08/30/2021 - 12:41:04: [SM] Call stack trace:
L 08/30/2021 - 12:41:04: [SM]   [0] DBResultSet.HasResults.get
L 08/30/2021 - 12:41:04: [SM]   [1] Line 208, include/daily_tricks.sp::timer_daily_callback
L 08/30/2021 - 12:41:58: Error log file session closed.
L 08/30/2021 - 13:02:08: SourceMod error session started
L 08/30/2021 - 13:02:08: Info (map "surf_trick_gxd") (file "/home/container/csgo/addons/sourcemod/logs/errors_20210830.log")
L 08/30/2021 - 13:02:08: [SM] Exception reported: Invalid query Handle 0 (error: 4)
L 08/30/2021 - 13:02:08: [SM] Blaming: dm_trick.smx
L 08/30/2021 - 13:02:08: [SM] Call stack trace:
L 08/30/2021 - 13:02:08: [SM]   [0] DBResultSet.HasResults.get
L 08/30/2021 - 13:02:08: [SM]   [1] Line 208, include/daily_tricks.sp::timer_daily_callback
L 08/30/2021 - 13:19:53: Error log file session closed.
L 08/30/2021 - 13:19:54: SourceMod error session started
L 08/30/2021 - 13:19:54: Info (map "surf_trick_gxd") (file "/home/container/csgo/addons/sourcemod/logs/errors_20210830.log")
L 08/30/2021 - 13:19:54: [SM] Exception reported: Invalid query Handle 0 (error: 4)
L 08/30/2021 - 13:19:54: [SM] Blaming: dm_trick.smx
L 08/30/2021 - 13:19:54: [SM] Call stack trace:
L 08/30/2021 - 13:19:54: [SM]   [0] DBResultSet.HasResults.get
L 08/30/2021 - 13:19:54: [SM]   [1] Line 208, include/daily_tricks.sp::timer_daily_callback
L 08/30/2021 - 13:24:31: Error log file session closed.
L 08/30/2021 - 13:31:07: SourceMod error session started
L 08/30/2021 - 13:31:07: Info (map "surf_trick_gxd") (file "/home/container/csgo/addons/sourcemod/logs/errors_20210830.log")
L 08/30/2021 - 13:31:07: [SM] Exception reported: Invalid query Handle 0 (error: 4)
L 08/30/2021 - 13:31:07: [SM] Blaming: dm_trick.smx
L 08/30/2021 - 13:31:07: [SM] Call stack trace:
L 08/30/2021 - 13:31:07: [SM]   [0] DBResultSet.HasResults.get
L 08/30/2021 - 13:31:07: [SM]   [1] Line 208, include/daily_tricks.sp::timer_daily_callback
L 08/30/2021 - 13:56:42: Error log file session closed.
L 08/30/2021 - 13:56:44: SourceMod error session started
L 08/30/2021 - 13:56:44: Info (map "surf_trick_gxd") (file "/home/container/csgo/addons/sourcemod/logs/errors_20210830.log")
L 08/30/2021 - 13:56:44: [SM] Exception reported: Invalid query Handle 0 (error: 4)
L 08/30/2021 - 13:56:44: [SM] Blaming: dm_trick.smx
L 08/30/2021 - 13:56:44: [SM] Call stack trace:
L 08/30/2021 - 13:56:44: [SM]   [0] DBResultSet.HasResults.get
L 08/30/2021 - 13:56:44: [SM]   [1] Line 208, include/daily_tricks.sp::timer_daily_callback
L 08/30/2021 - 14:02:11: Error log file session closed.
L 08/30/2021 - 14:02:12: SourceMod error session started
L 08/30/2021 - 14:02:12: Info (map "surf_trick_gxd") (file "/home/container/csgo/addons/sourcemod/logs/errors_20210830.log")
L 08/30/2021 - 14:02:12: [SM] Exception reported: Invalid query Handle 0 (error: 4)
L 08/30/2021 - 14:02:12: [SM] Blaming: dm_trick.smx
L 08/30/2021 - 14:02:12: [SM] Call stack trace:
L 08/30/2021 - 14:02:12: [SM]   [0] DBResultSet.HasResults.get
L 08/30/2021 - 14:02:12: [SM]   [1] Line 208, include/daily_tricks.sp::timer_daily_callback
L 08/30/2021 - 14:25:32: Error log file session closed.
L 08/30/2021 - 14:25:33: SourceMod error session started
L 08/30/2021 - 14:25:33: Info (map "surf_trick_gxd") (file "/home/container/csgo/addons/sourcemod/logs/errors_20210830.log")
L 08/30/2021 - 14:25:33: [SM] Exception reported: Invalid query Handle 0 (error: 4)
L 08/30/2021 - 14:25:33: [SM] Blaming: dm_trick.smx
L 08/30/2021 - 14:25:33: [SM] Call stack trace:
L 08/30/2021 - 14:25:33: [SM]   [0] DBResultSet.HasResults.get
L 08/30/2021 - 14:25:33: [SM]   [1] Line 208, include/daily_tricks.sp::timer_daily_callback
L 08/30/2021 - 14:35:42: Error log file session closed.
L 08/30/2021 - 14:35:44: SourceMod error session started
L 08/30/2021 - 14:35:44: Info (map "surf_trick_gxd") (file "/home/container/csgo/addons/sourcemod/logs/errors_20210830.log")
L 08/30/2021 - 14:35:44: [SM] Exception reported: Invalid query Handle 0 (error: 4)
L 08/30/2021 - 14:35:44: [SM] Blaming: dm_trick.smx
L 08/30/2021 - 14:35:44: [SM] Call stack trace:
L 08/30/2021 - 14:35:44: [SM]   [0] DBResultSet.HasResults.get
L 08/30/2021 - 14:35:44: [SM]   [1] Line 208, include/daily_tricks.sp::timer_daily_callback
L 08/30/2021 - 15:02:48: Error log file session closed.
L 08/30/2021 - 15:02:49: SourceMod error session started
L 08/30/2021 - 15:02:49: Info (map "surf_trick_gxd") (file "/home/container/csgo/addons/sourcemod/logs/errors_20210830.log")
L 08/30/2021 - 15:02:49: [SM] Exception reported: Invalid query Handle 0 (error: 4)
L 08/30/2021 - 15:02:49: [SM] Blaming: dm_trick.smx
L 08/30/2021 - 15:02:49: [SM] Call stack trace:
L 08/30/2021 - 15:02:49: [SM]   [0] DBResultSet.HasResults.get
L 08/30/2021 - 15:02:49: [SM]   [1] Line 208, include/daily_tricks.sp::timer_daily_callback
L 08/30/2021 - 15:36:47: Error log file session closed.
L 08/30/2021 - 15:36:49: SourceMod error session started
L 08/30/2021 - 15:36:49: Info (map "surf_trick_gxd") (file "/home/container/csgo/addons/sourcemod/logs/errors_20210830.log")
L 08/30/2021 - 15:36:49: [SM] Exception reported: Invalid query Handle 0 (error: 4)
L 08/30/2021 - 15:36:49: [SM] Blaming: dm_trick.smx
L 08/30/2021 - 15:36:49: [SM] Call stack trace:
L 08/30/2021 - 15:36:49: [SM]   [0] DBResultSet.HasResults.get
L 08/30/2021 - 15:36:49: [SM]   [1] Line 208, include/daily_tricks.sp::timer_daily_callback
L 08/30/2021 - 15:37:47: Error log file session closed.
L 08/30/2021 - 16:13:20: SourceMod error session started
L 08/30/2021 - 16:13:20: Info (map "surf_trick_gxd") (file "/home/container/csgo/addons/sourcemod/logs/errors_20210830.log")
L 08/30/2021 - 16:13:20: [SM] Exception reported: Client index 0 is invalid
L 08/30/2021 - 16:13:20: [SM] Blaming: HitReg_Gxd.smx
L 08/30/2021 - 16:13:20: [SM] Call stack trace:
L 08/30/2021 - 16:13:20: [SM]   [0] GetClientWeapon
L 08/30/2021 - 16:13:20: [SM]   [1] Line 218, c:\Users\Ваня\Desktop\Vse\Программы\SourcePawn\HitReg_Gxd\scripting\HitReg_Gxd.sp::OnPlayerHurt
L 08/30/2021 - 16:13:21: [SM] Exception reported: Client index 0 is invalid
L 08/30/2021 - 16:13:21: [SM] Blaming: HitReg_Gxd.smx
L 08/30/2021 - 16:13:21: [SM] Call stack trace:
L 08/30/2021 - 16:13:21: [SM]   [0] GetClientWeapon
L 08/30/2021 - 16:13:21: [SM]   [1] Line 218, c:\Users\Ваня\Desktop\Vse\Программы\SourcePawn\HitReg_Gxd\scripting\HitReg_Gxd.sp::OnPlayerHurt
L 08/30/2021 - 16:13:22: [SM] Exception reported: Client index 0 is invalid
L 08/30/2021 - 16:13:22: [SM] Blaming: HitReg_Gxd.smx
L 08/30/2021 - 16:13:22: [SM] Call stack trace:
L 08/30/2021 - 16:13:22: [SM]   [0] GetClientWeapon
L 08/30/2021 - 16:13:22: [SM]   [1] Line 218, c:\Users\Ваня\Desktop\Vse\Программы\SourcePawn\HitReg_Gxd\scripting\HitReg_Gxd.sp::OnPlayerHurt
L 08/30/2021 - 16:13:23: [SM] Exception reported: Client index 0 is invalid
L 08/30/2021 - 16:13:23: [SM] Blaming: HitReg_Gxd.smx
L 08/30/2021 - 16:13:23: [SM] Call stack trace:
L 08/30/2021 - 16:13:23: [SM]   [0] GetClientWeapon
L 08/30/2021 - 16:13:23: [SM]   [1] Line 218, c:\Users\Ваня\Desktop\Vse\Программы\SourcePawn\HitReg_Gxd\scripting\HitReg_Gxd.sp::OnPlayerHurt
L 08/30/2021 - 16:13:24: [SM] Exception reported: Client index 0 is invalid
L 08/30/2021 - 16:13:24: [SM] Blaming: HitReg_Gxd.smx
L 08/30/2021 - 16:13:24: [SM] Call stack trace:
L 08/30/2021 - 16:13:24: [SM]   [0] GetClientWeapon
L 08/30/2021 - 16:13:24: [SM]   [1] Line 218, c:\Users\Ваня\Desktop\Vse\Программы\SourcePawn\HitReg_Gxd\scripting\HitReg_Gxd.sp::OnPlayerHurt
L 08/30/2021 - 23:37:06: Error log file session closed.
L 08/30/2021 - 23:42:53: SourceMod error session started
L 08/30/2021 - 23:42:53: Info (map "surf_trick_gxd") (file "/home/container/csgo/addons/sourcemod/logs/errors_20210830.log")
L 08/30/2021 - 23:42:53: [SM] Exception reported: Entity 2 (2) is invalid
L 08/30/2021 - 23:42:53: [SM] Blaming: DisableRadar.smx
L 08/30/2021 - 23:42:53: [SM] Call stack trace:
L 08/30/2021 - 23:42:53: [SM]   [0] GetEntProp
L 08/30/2021 - 23:42:53: [SM]   [1] Line 33, /home/forums/content/files/2/4/8/3/8/6/133573.attach::RemoveRadar
L 08/30/2021 - 23:42:53: [SM] Exception reported: Entity 2 (2) is invalid
L 08/30/2021 - 23:42:53: [SM] Blaming: DisableRadar.smx
L 08/30/2021 - 23:42:53: [SM] Call stack trace:
L 08/30/2021 - 23:42:53: [SM]   [0] GetEntProp
L 08/30/2021 - 23:42:53: [SM]   [1] Line 33, /home/forums/content/files/2/4/8/3/8/6/133573.attach::RemoveRadar
L 08/31/2021 - 00:02:42: Error log file session closed.
