L 09/16/2021 - 01:25:21: SourceMod error session started
L 09/16/2021 - 01:25:21: Info (map "surf_trick_gxd") (file "/home/container/csgo/addons/sourcemod/logs/errors_20210916.log")
L 09/16/2021 - 01:25:21: [SM] Exception reported: Invalid query Handle 0 (error: 4)
L 09/16/2021 - 01:25:21: [SM] Blaming: dm_trick.smx
L 09/16/2021 - 01:25:21: [SM] Call stack trace:
L 09/16/2021 - 01:25:21: [SM]   [0] DBResultSet.HasResults.get
L 09/16/2021 - 01:25:21: [SM]   [1] Line 208, include/daily_tricks.sp::timer_daily_callback
L 09/16/2021 - 06:49:12: Error log file session closed.
L 09/16/2021 - 06:49:14: SourceMod error session started
L 09/16/2021 - 06:49:14: Info (map "surf_trick_gxd") (file "/home/container/csgo/addons/sourcemod/logs/errors_20210916.log")
L 09/16/2021 - 06:49:14: [SM] Exception reported: Invalid query Handle 0 (error: 4)
L 09/16/2021 - 06:49:14: [SM] Blaming: dm_trick.smx
L 09/16/2021 - 06:49:14: [SM] Call stack trace:
L 09/16/2021 - 06:49:14: [SM]   [0] DBResultSet.HasResults.get
L 09/16/2021 - 06:49:14: [SM]   [1] Line 208, include/daily_tricks.sp::timer_daily_callback
L 09/16/2021 - 10:12:53: Error log file session closed.
L 09/16/2021 - 10:12:54: SourceMod error session started
L 09/16/2021 - 10:12:54: Info (map "surf_trick_gxd") (file "/home/container/csgo/addons/sourcemod/logs/errors_20210916.log")
L 09/16/2021 - 10:12:54: [SM] Exception reported: Invalid query Handle 0 (error: 4)
L 09/16/2021 - 10:12:54: [SM] Blaming: dm_trick.smx
L 09/16/2021 - 10:12:54: [SM] Call stack trace:
L 09/16/2021 - 10:12:54: [SM]   [0] DBResultSet.HasResults.get
L 09/16/2021 - 10:12:54: [SM]   [1] Line 208, include/daily_tricks.sp::timer_daily_callback
L 09/16/2021 - 13:13:57: Error log file session closed.
L 09/16/2021 - 14:03:35: SourceMod error session started
L 09/16/2021 - 14:03:35: Info (map "surf_trick_gxd") (file "/home/container/csgo/addons/sourcemod/logs/errors_20210916.log")
L 09/16/2021 - 14:03:35: [SM] Exception reported: Invalid query Handle 0 (error: 4)
L 09/16/2021 - 14:03:35: [SM] Blaming: dm_trick.smx
L 09/16/2021 - 14:03:35: [SM] Call stack trace:
L 09/16/2021 - 14:03:35: [SM]   [0] DBResultSet.HasResults.get
L 09/16/2021 - 14:03:35: [SM]   [1] Line 208, include/daily_tricks.sp::timer_daily_callback
L 09/16/2021 - 16:21:48: Error log file session closed.
L 09/16/2021 - 16:21:49: SourceMod error session started
L 09/16/2021 - 16:21:49: Info (map "surf_trick_gxd") (file "/home/container/csgo/addons/sourcemod/logs/errors_20210916.log")
L 09/16/2021 - 16:21:49: [SM] Exception reported: Invalid query Handle 0 (error: 4)
L 09/16/2021 - 16:21:49: [SM] Blaming: dm_trick.smx
L 09/16/2021 - 16:21:49: [SM] Call stack trace:
L 09/16/2021 - 16:21:49: [SM]   [0] DBResultSet.HasResults.get
L 09/16/2021 - 16:21:49: [SM]   [1] Line 208, include/daily_tricks.sp::timer_daily_callback
L 09/16/2021 - 16:30:55: Error log file session closed.
L 09/16/2021 - 16:30:56: SourceMod error session started
L 09/16/2021 - 16:30:56: Info (map "surf_trick_gxd") (file "/home/container/csgo/addons/sourcemod/logs/errors_20210916.log")
L 09/16/2021 - 16:30:56: [SM] Exception reported: Invalid query Handle 0 (error: 4)
L 09/16/2021 - 16:30:56: [SM] Blaming: dm_trick.smx
L 09/16/2021 - 16:30:56: [SM] Call stack trace:
L 09/16/2021 - 16:30:56: [SM]   [0] DBResultSet.HasResults.get
L 09/16/2021 - 16:30:56: [SM]   [1] Line 208, include/daily_tricks.sp::timer_daily_callback
L 09/16/2021 - 16:39:01: Error log file session closed.
L 09/16/2021 - 17:22:43: SourceMod error session started
L 09/16/2021 - 17:22:43: Info (map "surf_trick_gxd") (file "/home/container/csgo/addons/sourcemod/logs/errors_20210916.log")
L 09/16/2021 - 17:22:43: [SM] Exception reported: Invalid query Handle 0 (error: 4)
L 09/16/2021 - 17:22:43: [SM] Blaming: dm_trick.smx
L 09/16/2021 - 17:22:43: [SM] Call stack trace:
L 09/16/2021 - 17:22:43: [SM]   [0] DBResultSet.HasResults.get
L 09/16/2021 - 17:22:43: [SM]   [1] Line 208, include/daily_tricks.sp::timer_daily_callback
L 09/16/2021 - 17:23:15: [SM] Exception reported: Invalid query Handle 0 (error: 4)
L 09/16/2021 - 17:23:15: [SM] Blaming: dm_trick.smx
L 09/16/2021 - 17:23:15: [SM] Call stack trace:
L 09/16/2021 - 17:23:15: [SM]   [0] DBResultSet.HasResults.get
L 09/16/2021 - 17:23:15: [SM]   [1] Line 208, include/daily_tricks.sp::timer_daily_callback
L 09/16/2021 - 17:23:46: [SM] Exception reported: Invalid query Handle 0 (error: 4)
L 09/16/2021 - 17:23:46: [SM] Blaming: dm_trick.smx
L 09/16/2021 - 17:23:46: [SM] Call stack trace:
L 09/16/2021 - 17:23:46: [SM]   [0] DBResultSet.HasResults.get
L 09/16/2021 - 17:23:46: [SM]   [1] Line 208, include/daily_tricks.sp::timer_daily_callback
L 09/16/2021 - 17:24:18: [SM] Exception reported: Invalid query Handle 0 (error: 4)
L 09/16/2021 - 17:24:18: [SM] Blaming: dm_trick.smx
L 09/16/2021 - 17:24:18: [SM] Call stack trace:
L 09/16/2021 - 17:24:18: [SM]   [0] DBResultSet.HasResults.get
L 09/16/2021 - 17:24:18: [SM]   [1] Line 208, include/daily_tricks.sp::timer_daily_callback
L 09/16/2021 - 17:24:49: [SM] Exception reported: Invalid query Handle 0 (error: 4)
L 09/16/2021 - 17:24:49: [SM] Blaming: dm_trick.smx
L 09/16/2021 - 17:24:49: [SM] Call stack trace:
L 09/16/2021 - 17:24:49: [SM]   [0] DBResultSet.HasResults.get
L 09/16/2021 - 17:24:49: [SM]   [1] Line 208, include/daily_tricks.sp::timer_daily_callback
L 09/16/2021 - 17:25:18: [SM] Exception reported: Invalid index 48 (count: 0)
L 09/16/2021 - 17:25:18: [SM] Blaming: dm_trick.smx
L 09/16/2021 - 17:25:18: [SM] Call stack trace:
L 09/16/2021 - 17:25:18: [SM]   [0] ArrayList.GetString
L 09/16/2021 - 17:25:18: [SM]   [1] Line 79, include/top_displays.sp::top_update
L 09/16/2021 - 17:25:18: [SM]   [2] Line 21, include/top_displays.sp::load_info
L 09/16/2021 - 17:25:21: [SM] Exception reported: Invalid query Handle 0 (error: 4)
L 09/16/2021 - 17:25:21: [SM] Blaming: dm_trick.smx
L 09/16/2021 - 17:25:21: [SM] Call stack trace:
L 09/16/2021 - 17:25:21: [SM]   [0] DBResultSet.HasResults.get
L 09/16/2021 - 17:25:21: [SM]   [1] Line 208, include/daily_tricks.sp::timer_daily_callback
L 09/16/2021 - 17:25:52: [SM] Exception reported: Invalid query Handle 0 (error: 4)
L 09/16/2021 - 17:25:52: [SM] Blaming: dm_trick.smx
L 09/16/2021 - 17:25:52: [SM] Call stack trace:
L 09/16/2021 - 17:25:52: [SM]   [0] DBResultSet.HasResults.get
L 09/16/2021 - 17:25:52: [SM]   [1] Line 208, include/daily_tricks.sp::timer_daily_callback
L 09/16/2021 - 17:26:24: [SM] Exception reported: Invalid query Handle 0 (error: 4)
L 09/16/2021 - 17:26:24: [SM] Blaming: dm_trick.smx
L 09/16/2021 - 17:26:24: [SM] Call stack trace:
L 09/16/2021 - 17:26:24: [SM]   [0] DBResultSet.HasResults.get
L 09/16/2021 - 17:26:24: [SM]   [1] Line 208, include/daily_tricks.sp::timer_daily_callback
L 09/16/2021 - 17:26:55: [SM] Exception reported: Invalid query Handle 0 (error: 4)
L 09/16/2021 - 17:26:55: [SM] Blaming: dm_trick.smx
L 09/16/2021 - 17:26:55: [SM] Call stack trace:
L 09/16/2021 - 17:26:55: [SM]   [0] DBResultSet.HasResults.get
L 09/16/2021 - 17:26:55: [SM]   [1] Line 208, include/daily_tricks.sp::timer_daily_callback
L 09/16/2021 - 17:27:18: [SM] Exception reported: Invalid index 48 (count: 0)
L 09/16/2021 - 17:27:18: [SM] Blaming: dm_trick.smx
L 09/16/2021 - 17:27:18: [SM] Call stack trace:
L 09/16/2021 - 17:27:18: [SM]   [0] ArrayList.GetString
L 09/16/2021 - 17:27:18: [SM]   [1] Line 79, include/top_displays.sp::top_update
L 09/16/2021 - 17:27:18: [SM]   [2] Line 21, include/top_displays.sp::load_info
L 09/16/2021 - 17:27:27: [SM] Exception reported: Invalid query Handle 0 (error: 4)
L 09/16/2021 - 17:27:27: [SM] Blaming: dm_trick.smx
L 09/16/2021 - 17:27:27: [SM] Call stack trace:
L 09/16/2021 - 17:27:27: [SM]   [0] DBResultSet.HasResults.get
L 09/16/2021 - 17:27:27: [SM]   [1] Line 208, include/daily_tricks.sp::timer_daily_callback
L 09/16/2021 - 17:27:58: [dm_trick.smx] fffff: Can't connect to MySQL server on '178.20.47.151' (110)
L 09/16/2021 - 17:28:30: [SM] Exception reported: Invalid query Handle 0 (error: 4)
L 09/16/2021 - 17:28:30: [SM] Blaming: dm_trick.smx
L 09/16/2021 - 17:28:30: [SM] Call stack trace:
L 09/16/2021 - 17:28:30: [SM]   [0] DBResultSet.HasResults.get
L 09/16/2021 - 17:28:30: [SM]   [1] Line 208, include/daily_tricks.sp::timer_daily_callback
L 09/16/2021 - 17:29:01: [SM] Exception reported: Invalid query Handle 0 (error: 4)
L 09/16/2021 - 17:29:01: [SM] Blaming: dm_trick.smx
L 09/16/2021 - 17:29:01: [SM] Call stack trace:
L 09/16/2021 - 17:29:01: [SM]   [0] DBResultSet.HasResults.get
L 09/16/2021 - 17:29:01: [SM]   [1] Line 208, include/daily_tricks.sp::timer_daily_callback
L 09/16/2021 - 17:29:18: [SM] Exception reported: Invalid index 48 (count: 0)
L 09/16/2021 - 17:29:18: [SM] Blaming: dm_trick.smx
L 09/16/2021 - 17:29:18: [SM] Call stack trace:
L 09/16/2021 - 17:29:18: [SM]   [0] ArrayList.GetString
L 09/16/2021 - 17:29:18: [SM]   [1] Line 79, include/top_displays.sp::top_update
L 09/16/2021 - 17:29:18: [SM]   [2] Line 21, include/top_displays.sp::load_info
L 09/16/2021 - 17:29:33: [SM] Exception reported: Invalid query Handle 0 (error: 4)
L 09/16/2021 - 17:29:33: [SM] Blaming: dm_trick.smx
L 09/16/2021 - 17:29:33: [SM] Call stack trace:
L 09/16/2021 - 17:29:33: [SM]   [0] DBResultSet.HasResults.get
L 09/16/2021 - 17:29:33: [SM]   [1] Line 208, include/daily_tricks.sp::timer_daily_callback
L 09/16/2021 - 17:30:04: [SM] Exception reported: Invalid query Handle 0 (error: 4)
L 09/16/2021 - 17:30:04: [SM] Blaming: dm_trick.smx
L 09/16/2021 - 17:30:04: [SM] Call stack trace:
L 09/16/2021 - 17:30:04: [SM]   [0] DBResultSet.HasResults.get
L 09/16/2021 - 17:30:04: [SM]   [1] Line 208, include/daily_tricks.sp::timer_daily_callback
L 09/16/2021 - 17:30:36: [SM] Exception reported: Invalid query Handle 0 (error: 4)
L 09/16/2021 - 17:30:36: [SM] Blaming: dm_trick.smx
L 09/16/2021 - 17:30:36: [SM] Call stack trace:
L 09/16/2021 - 17:30:36: [SM]   [0] DBResultSet.HasResults.get
L 09/16/2021 - 17:30:36: [SM]   [1] Line 208, include/daily_tricks.sp::timer_daily_callback
L 09/16/2021 - 17:31:07: [SM] Exception reported: String formatted incorrectly - parameter 2 (total 1)
L 09/16/2021 - 17:31:07: [SM] Blaming: dm_trick.smx
L 09/16/2021 - 17:31:07: [SM] Call stack trace:
L 09/16/2021 - 17:31:07: [SM]   [0] LogError
L 09/16/2021 - 17:31:07: [SM]   [1] Line 103, include/db.sp::SQL_SelectTrickRoutesSpeedTimeCB
L 09/16/2021 - 17:31:18: [SM] Exception reported: Invalid index 48 (count: 0)
L 09/16/2021 - 17:31:18: [SM] Blaming: dm_trick.smx
L 09/16/2021 - 17:31:18: [SM] Call stack trace:
L 09/16/2021 - 17:31:18: [SM]   [0] ArrayList.GetString
L 09/16/2021 - 17:31:18: [SM]   [1] Line 79, include/top_displays.sp::top_update
L 09/16/2021 - 17:31:18: [SM]   [2] Line 21, include/top_displays.sp::load_info
L 09/16/2021 - 17:31:39: [SM] Exception reported: String formatted incorrectly - parameter 2 (total 1)
L 09/16/2021 - 17:31:39: [SM] Blaming: dm_trick.smx
L 09/16/2021 - 17:31:39: [SM] Call stack trace:
L 09/16/2021 - 17:31:39: [SM]   [0] LogError
L 09/16/2021 - 17:31:39: [SM]   [1] Line 103, include/db.sp::SQL_SelectTrickRoutesSpeedTimeCB
L 09/16/2021 - 17:32:10: [SM] Exception reported: String formatted incorrectly - parameter 2 (total 1)
L 09/16/2021 - 17:32:10: [SM] Blaming: dm_trick.smx
L 09/16/2021 - 17:32:10: [SM] Call stack trace:
L 09/16/2021 - 17:32:10: [SM]   [0] LogError
L 09/16/2021 - 17:32:10: [SM]   [1] Line 103, include/db.sp::SQL_SelectTrickRoutesSpeedTimeCB
L 09/16/2021 - 17:32:42: [SM] Exception reported: Invalid query Handle 0 (error: 4)
L 09/16/2021 - 17:32:42: [SM] Blaming: dm_trick.smx
L 09/16/2021 - 17:32:42: [SM] Call stack trace:
L 09/16/2021 - 17:32:42: [SM]   [0] DBResultSet.HasResults.get
L 09/16/2021 - 17:32:42: [SM]   [1] Line 208, include/daily_tricks.sp::timer_daily_callback
L 09/16/2021 - 17:33:13: [SM] Exception reported: Invalid query Handle 0 (error: 4)
L 09/16/2021 - 17:33:13: [SM] Blaming: dm_trick.smx
L 09/16/2021 - 17:33:13: [SM] Call stack trace:
L 09/16/2021 - 17:33:13: [SM]   [0] DBResultSet.HasResults.get
L 09/16/2021 - 17:33:13: [SM]   [1] Line 208, include/daily_tricks.sp::timer_daily_callback
L 09/16/2021 - 17:33:18: [SM] Exception reported: Invalid index 48 (count: 0)
L 09/16/2021 - 17:33:18: [SM] Blaming: dm_trick.smx
L 09/16/2021 - 17:33:18: [SM] Call stack trace:
L 09/16/2021 - 17:33:18: [SM]   [0] ArrayList.GetString
L 09/16/2021 - 17:33:18: [SM]   [1] Line 79, include/top_displays.sp::top_update
L 09/16/2021 - 17:33:18: [SM]   [2] Line 21, include/top_displays.sp::load_info
L 09/16/2021 - 17:33:45: [SM] Exception reported: Invalid query Handle 0 (error: 4)
L 09/16/2021 - 17:33:45: [SM] Blaming: dm_trick.smx
L 09/16/2021 - 17:33:45: [SM] Call stack trace:
L 09/16/2021 - 17:33:45: [SM]   [0] DBResultSet.HasResults.get
L 09/16/2021 - 17:33:45: [SM]   [1] Line 208, include/daily_tricks.sp::timer_daily_callback
L 09/16/2021 - 17:34:16: [SM] Exception reported: Invalid query Handle 0 (error: 4)
L 09/16/2021 - 17:34:16: [SM] Blaming: dm_trick.smx
L 09/16/2021 - 17:34:16: [SM] Call stack trace:
L 09/16/2021 - 17:34:16: [SM]   [0] DBResultSet.HasResults.get
L 09/16/2021 - 17:34:16: [SM]   [1] Line 208, include/daily_tricks.sp::timer_daily_callback
L 09/16/2021 - 17:35:18: [SM] Exception reported: Invalid index 48 (count: 0)
L 09/16/2021 - 17:35:18: [SM] Blaming: dm_trick.smx
L 09/16/2021 - 17:35:18: [SM] Call stack trace:
L 09/16/2021 - 17:35:18: [SM]   [0] ArrayList.GetString
L 09/16/2021 - 17:35:18: [SM]   [1] Line 79, include/top_displays.sp::top_update
L 09/16/2021 - 17:35:18: [SM]   [2] Line 21, include/top_displays.sp::load_info
L 09/16/2021 - 17:35:19: [SM] Exception reported: Invalid query Handle 0 (error: 4)
L 09/16/2021 - 17:35:19: [SM] Blaming: dm_trick.smx
L 09/16/2021 - 17:35:19: [SM] Call stack trace:
L 09/16/2021 - 17:35:19: [SM]   [0] DBResultSet.HasResults.get
L 09/16/2021 - 17:35:19: [SM]   [1] Line 208, include/daily_tricks.sp::timer_daily_callback
L 09/16/2021 - 17:35:50: [SM] Exception reported: Invalid query Handle 0 (error: 4)
L 09/16/2021 - 17:35:50: [SM] Blaming: dm_trick.smx
L 09/16/2021 - 17:35:50: [SM] Call stack trace:
L 09/16/2021 - 17:35:50: [SM]   [0] DBResultSet.HasResults.get
L 09/16/2021 - 17:35:50: [SM]   [1] Line 208, include/daily_tricks.sp::timer_daily_callback
L 09/16/2021 - 17:36:22: [SM] Exception reported: Invalid query Handle 0 (error: 4)
L 09/16/2021 - 17:36:22: [SM] Blaming: dm_trick.smx
L 09/16/2021 - 17:36:22: [SM] Call stack trace:
L 09/16/2021 - 17:36:22: [SM]   [0] DBResultSet.HasResults.get
L 09/16/2021 - 17:36:22: [SM]   [1] Line 208, include/daily_tricks.sp::timer_daily_callback
L 09/16/2021 - 17:36:53: [SM] Exception reported: Invalid query Handle 0 (error: 4)
L 09/16/2021 - 17:36:53: [SM] Blaming: dm_trick.smx
L 09/16/2021 - 17:36:53: [SM] Call stack trace:
L 09/16/2021 - 17:36:53: [SM]   [0] DBResultSet.HasResults.get
L 09/16/2021 - 17:36:53: [SM]   [1] Line 208, include/daily_tricks.sp::timer_daily_callback
L 09/16/2021 - 17:37:18: [SM] Exception reported: Invalid index 48 (count: 0)
L 09/16/2021 - 17:37:18: [SM] Blaming: dm_trick.smx
L 09/16/2021 - 17:37:18: [SM] Call stack trace:
L 09/16/2021 - 17:37:18: [SM]   [0] ArrayList.GetString
L 09/16/2021 - 17:37:18: [SM]   [1] Line 79, include/top_displays.sp::top_update
L 09/16/2021 - 17:37:18: [SM]   [2] Line 21, include/top_displays.sp::load_info
L 09/16/2021 - 17:37:25: [SM] Exception reported: Invalid query Handle 0 (error: 4)
L 09/16/2021 - 17:37:25: [SM] Blaming: dm_trick.smx
L 09/16/2021 - 17:37:25: [SM] Call stack trace:
L 09/16/2021 - 17:37:25: [SM]   [0] DBResultSet.HasResults.get
L 09/16/2021 - 17:37:25: [SM]   [1] Line 208, include/daily_tricks.sp::timer_daily_callback
L 09/16/2021 - 17:37:39: [SM] Exception reported: Client index 0 is invalid
L 09/16/2021 - 17:37:39: [SM] Blaming: HitReg_Gxd.smx
L 09/16/2021 - 17:37:39: [SM] Call stack trace:
L 09/16/2021 - 17:37:39: [SM]   [0] GetClientWeapon
L 09/16/2021 - 17:37:39: [SM]   [1] Line 218, c:\Users\Ваня\Desktop\Vse\Программы\SourcePawn\HitReg_Gxd\scripting\HitReg_Gxd.sp::OnPlayerHurt
L 09/16/2021 - 17:37:40: [SM] Exception reported: Client index 0 is invalid
L 09/16/2021 - 17:37:40: [SM] Blaming: HitReg_Gxd.smx
L 09/16/2021 - 17:37:40: [SM] Call stack trace:
L 09/16/2021 - 17:37:40: [SM]   [0] GetClientWeapon
L 09/16/2021 - 17:37:40: [SM]   [1] Line 218, c:\Users\Ваня\Desktop\Vse\Программы\SourcePawn\HitReg_Gxd\scripting\HitReg_Gxd.sp::OnPlayerHurt
L 09/16/2021 - 17:37:41: [SM] Exception reported: Client index 0 is invalid
L 09/16/2021 - 17:37:41: [SM] Blaming: HitReg_Gxd.smx
L 09/16/2021 - 17:37:41: [SM] Call stack trace:
L 09/16/2021 - 17:37:41: [SM]   [0] GetClientWeapon
L 09/16/2021 - 17:37:41: [SM]   [1] Line 218, c:\Users\Ваня\Desktop\Vse\Программы\SourcePawn\HitReg_Gxd\scripting\HitReg_Gxd.sp::OnPlayerHurt
L 09/16/2021 - 17:37:42: [SM] Exception reported: Client index 0 is invalid
L 09/16/2021 - 17:37:42: [SM] Blaming: HitReg_Gxd.smx
L 09/16/2021 - 17:37:42: [SM] Call stack trace:
L 09/16/2021 - 17:37:42: [SM]   [0] GetClientWeapon
L 09/16/2021 - 17:37:42: [SM]   [1] Line 218, c:\Users\Ваня\Desktop\Vse\Программы\SourcePawn\HitReg_Gxd\scripting\HitReg_Gxd.sp::OnPlayerHurt
L 09/16/2021 - 17:37:43: [SM] Exception reported: Client index 0 is invalid
L 09/16/2021 - 17:37:43: [SM] Blaming: HitReg_Gxd.smx
L 09/16/2021 - 17:37:43: [SM] Call stack trace:
L 09/16/2021 - 17:37:43: [SM]   [0] GetClientWeapon
L 09/16/2021 - 17:37:43: [SM]   [1] Line 218, c:\Users\Ваня\Desktop\Vse\Программы\SourcePawn\HitReg_Gxd\scripting\HitReg_Gxd.sp::OnPlayerHurt
L 09/16/2021 - 17:37:44: [SM] Exception reported: Client index 0 is invalid
L 09/16/2021 - 17:37:44: [SM] Blaming: HitReg_Gxd.smx
L 09/16/2021 - 17:37:44: [SM] Call stack trace:
L 09/16/2021 - 17:37:44: [SM]   [0] GetClientWeapon
L 09/16/2021 - 17:37:44: [SM]   [1] Line 218, c:\Users\Ваня\Desktop\Vse\Программы\SourcePawn\HitReg_Gxd\scripting\HitReg_Gxd.sp::OnPlayerHurt
L 09/16/2021 - 17:37:45: [SM] Exception reported: Client index 0 is invalid
L 09/16/2021 - 17:37:45: [SM] Blaming: HitReg_Gxd.smx
L 09/16/2021 - 17:37:45: [SM] Call stack trace:
L 09/16/2021 - 17:37:45: [SM]   [0] GetClientWeapon
L 09/16/2021 - 17:37:45: [SM]   [1] Line 218, c:\Users\Ваня\Desktop\Vse\Программы\SourcePawn\HitReg_Gxd\scripting\HitReg_Gxd.sp::OnPlayerHurt
L 09/16/2021 - 17:37:46: [SM] Exception reported: Client index 0 is invalid
L 09/16/2021 - 17:37:46: [SM] Blaming: HitReg_Gxd.smx
L 09/16/2021 - 17:37:46: [SM] Call stack trace:
L 09/16/2021 - 17:37:46: [SM]   [0] GetClientWeapon
L 09/16/2021 - 17:37:46: [SM]   [1] Line 218, c:\Users\Ваня\Desktop\Vse\Программы\SourcePawn\HitReg_Gxd\scripting\HitReg_Gxd.sp::OnPlayerHurt
L 09/16/2021 - 17:37:47: [SM] Exception reported: Client index 0 is invalid
L 09/16/2021 - 17:37:47: [SM] Blaming: HitReg_Gxd.smx
L 09/16/2021 - 17:37:47: [SM] Call stack trace:
L 09/16/2021 - 17:37:47: [SM]   [0] GetClientWeapon
L 09/16/2021 - 17:37:47: [SM]   [1] Line 218, c:\Users\Ваня\Desktop\Vse\Программы\SourcePawn\HitReg_Gxd\scripting\HitReg_Gxd.sp::OnPlayerHurt
L 09/16/2021 - 17:37:48: [SM] Exception reported: Client index 0 is invalid
L 09/16/2021 - 17:37:48: [SM] Blaming: HitReg_Gxd.smx
L 09/16/2021 - 17:37:48: [SM] Call stack trace:
L 09/16/2021 - 17:37:48: [SM]   [0] GetClientWeapon
L 09/16/2021 - 17:37:48: [SM]   [1] Line 218, c:\Users\Ваня\Desktop\Vse\Программы\SourcePawn\HitReg_Gxd\scripting\HitReg_Gxd.sp::OnPlayerHurt
L 09/16/2021 - 17:37:49: [SM] Exception reported: Client index 0 is invalid
L 09/16/2021 - 17:37:49: [SM] Blaming: HitReg_Gxd.smx
L 09/16/2021 - 17:37:49: [SM] Call stack trace:
L 09/16/2021 - 17:37:49: [SM]   [0] GetClientWeapon
L 09/16/2021 - 17:37:49: [SM]   [1] Line 218, c:\Users\Ваня\Desktop\Vse\Программы\SourcePawn\HitReg_Gxd\scripting\HitReg_Gxd.sp::OnPlayerHurt
L 09/16/2021 - 17:37:50: [SM] Exception reported: Client index 0 is invalid
L 09/16/2021 - 17:37:50: [SM] Blaming: HitReg_Gxd.smx
L 09/16/2021 - 17:37:50: [SM] Call stack trace:
L 09/16/2021 - 17:37:50: [SM]   [0] GetClientWeapon
L 09/16/2021 - 17:37:50: [SM]   [1] Line 218, c:\Users\Ваня\Desktop\Vse\Программы\SourcePawn\HitReg_Gxd\scripting\HitReg_Gxd.sp::OnPlayerHurt
L 09/16/2021 - 17:37:51: [SM] Exception reported: Client index 0 is invalid
L 09/16/2021 - 17:37:51: [SM] Blaming: HitReg_Gxd.smx
L 09/16/2021 - 17:37:51: [SM] Call stack trace:
L 09/16/2021 - 17:37:51: [SM]   [0] GetClientWeapon
L 09/16/2021 - 17:37:51: [SM]   [1] Line 218, c:\Users\Ваня\Desktop\Vse\Программы\SourcePawn\HitReg_Gxd\scripting\HitReg_Gxd.sp::OnPlayerHurt
L 09/16/2021 - 17:37:52: [SM] Exception reported: Client index 0 is invalid
L 09/16/2021 - 17:37:52: [SM] Blaming: HitReg_Gxd.smx
L 09/16/2021 - 17:37:52: [SM] Call stack trace:
L 09/16/2021 - 17:37:52: [SM]   [0] GetClientWeapon
L 09/16/2021 - 17:37:52: [SM]   [1] Line 218, c:\Users\Ваня\Desktop\Vse\Программы\SourcePawn\HitReg_Gxd\scripting\HitReg_Gxd.sp::OnPlayerHurt
L 09/16/2021 - 17:37:56: [SM] Exception reported: Invalid query Handle 0 (error: 4)
L 09/16/2021 - 17:37:56: [SM] Blaming: dm_trick.smx
L 09/16/2021 - 17:37:56: [SM] Call stack trace:
L 09/16/2021 - 17:37:56: [SM]   [0] DBResultSet.HasResults.get
L 09/16/2021 - 17:37:56: [SM]   [1] Line 208, include/daily_tricks.sp::timer_daily_callback
L 09/16/2021 - 17:38:28: [SM] Exception reported: Invalid query Handle 0 (error: 4)
L 09/16/2021 - 17:38:28: [SM] Blaming: dm_trick.smx
L 09/16/2021 - 17:38:28: [SM] Call stack trace:
L 09/16/2021 - 17:38:28: [SM]   [0] DBResultSet.HasResults.get
L 09/16/2021 - 17:38:28: [SM]   [1] Line 208, include/daily_tricks.sp::timer_daily_callback
L 09/16/2021 - 17:38:59: [SM] Exception reported: Invalid query Handle 0 (error: 4)
L 09/16/2021 - 17:38:59: [SM] Blaming: dm_trick.smx
L 09/16/2021 - 17:38:59: [SM] Call stack trace:
L 09/16/2021 - 17:38:59: [SM]   [0] DBResultSet.HasResults.get
L 09/16/2021 - 17:38:59: [SM]   [1] Line 208, include/daily_tricks.sp::timer_daily_callback
L 09/16/2021 - 17:39:18: [SM] Exception reported: Invalid index 48 (count: 0)
L 09/16/2021 - 17:39:18: [SM] Blaming: dm_trick.smx
L 09/16/2021 - 17:39:18: [SM] Call stack trace:
L 09/16/2021 - 17:39:18: [SM]   [0] ArrayList.GetString
L 09/16/2021 - 17:39:18: [SM]   [1] Line 79, include/top_displays.sp::top_update
L 09/16/2021 - 17:39:18: [SM]   [2] Line 21, include/top_displays.sp::load_info
L 09/16/2021 - 17:39:31: [SM] Exception reported: Invalid query Handle 0 (error: 4)
L 09/16/2021 - 17:39:31: [SM] Blaming: dm_trick.smx
L 09/16/2021 - 17:39:31: [SM] Call stack trace:
L 09/16/2021 - 17:39:31: [SM]   [0] DBResultSet.HasResults.get
L 09/16/2021 - 17:39:31: [SM]   [1] Line 208, include/daily_tricks.sp::timer_daily_callback
L 09/16/2021 - 17:40:02: [SM] Exception reported: Invalid query Handle 0 (error: 4)
L 09/16/2021 - 17:40:02: [SM] Blaming: dm_trick.smx
L 09/16/2021 - 17:40:02: [SM] Call stack trace:
L 09/16/2021 - 17:40:02: [SM]   [0] DBResultSet.HasResults.get
L 09/16/2021 - 17:40:02: [SM]   [1] Line 208, include/daily_tricks.sp::timer_daily_callback
L 09/16/2021 - 17:40:34: [SM] Exception reported: Invalid query Handle 0 (error: 4)
L 09/16/2021 - 17:40:34: [SM] Blaming: dm_trick.smx
L 09/16/2021 - 17:40:34: [SM] Call stack trace:
L 09/16/2021 - 17:40:34: [SM]   [0] DBResultSet.HasResults.get
L 09/16/2021 - 17:40:34: [SM]   [1] Line 208, include/daily_tricks.sp::timer_daily_callback
L 09/16/2021 - 17:41:05: [SM] Exception reported: Invalid query Handle 0 (error: 4)
L 09/16/2021 - 17:41:05: [SM] Blaming: dm_trick.smx
L 09/16/2021 - 17:41:05: [SM] Call stack trace:
L 09/16/2021 - 17:41:05: [SM]   [0] DBResultSet.HasResults.get
L 09/16/2021 - 17:41:05: [SM]   [1] Line 208, include/daily_tricks.sp::timer_daily_callback
L 09/16/2021 - 17:41:18: [SM] Exception reported: Invalid index 48 (count: 0)
L 09/16/2021 - 17:41:18: [SM] Blaming: dm_trick.smx
L 09/16/2021 - 17:41:18: [SM] Call stack trace:
L 09/16/2021 - 17:41:18: [SM]   [0] ArrayList.GetString
L 09/16/2021 - 17:41:18: [SM]   [1] Line 79, include/top_displays.sp::top_update
L 09/16/2021 - 17:41:18: [SM]   [2] Line 21, include/top_displays.sp::load_info
L 09/16/2021 - 17:41:37: [SM] Exception reported: Invalid query Handle 0 (error: 4)
L 09/16/2021 - 17:41:37: [SM] Blaming: dm_trick.smx
L 09/16/2021 - 17:41:37: [SM] Call stack trace:
L 09/16/2021 - 17:41:37: [SM]   [0] DBResultSet.HasResults.get
L 09/16/2021 - 17:41:37: [SM]   [1] Line 208, include/daily_tricks.sp::timer_daily_callback
L 09/16/2021 - 17:42:08: [SM] Exception reported: Invalid query Handle 0 (error: 4)
L 09/16/2021 - 17:42:08: [SM] Blaming: dm_trick.smx
L 09/16/2021 - 17:42:08: [SM] Call stack trace:
L 09/16/2021 - 17:42:08: [SM]   [0] DBResultSet.HasResults.get
L 09/16/2021 - 17:42:08: [SM]   [1] Line 208, include/daily_tricks.sp::timer_daily_callback
L 09/16/2021 - 17:42:12: [SM] Exception reported: Invalid Handle 0 (error: 4)
L 09/16/2021 - 17:42:12: [SM] Blaming: dm_trick.smx
L 09/16/2021 - 17:42:12: [SM] Call stack trace:
L 09/16/2021 - 17:42:12: [SM]   [0] ArrayList.SetArray
L 09/16/2021 - 17:42:12: [SM]   [1] Line 168, include/saveloc.sp::load_loc_cl_data_callback
L 09/16/2021 - 17:42:13: [SM] Exception reported: Invalid Handle 0 (error: 4)
L 09/16/2021 - 17:42:13: [SM] Blaming: dm_trick.smx
L 09/16/2021 - 17:42:13: [SM] Call stack trace:
L 09/16/2021 - 17:42:13: [SM]   [0] ArrayList.SetArray
L 09/16/2021 - 17:42:13: [SM]   [1] Line 168, include/saveloc.sp::load_loc_cl_data_callback
L 09/16/2021 - 17:43:18: [SM] Exception reported: Invalid index 48 (count: 0)
L 09/16/2021 - 17:43:18: [SM] Blaming: dm_trick.smx
L 09/16/2021 - 17:43:18: [SM] Call stack trace:
L 09/16/2021 - 17:43:18: [SM]   [0] ArrayList.GetString
L 09/16/2021 - 17:43:18: [SM]   [1] Line 79, include/top_displays.sp::top_update
L 09/16/2021 - 17:43:18: [SM]   [2] Line 21, include/top_displays.sp::load_info
L 09/16/2021 - 17:45:18: [SM] Exception reported: Invalid index 48 (count: 0)
L 09/16/2021 - 17:45:18: [SM] Blaming: dm_trick.smx
L 09/16/2021 - 17:45:18: [SM] Call stack trace:
L 09/16/2021 - 17:45:18: [SM]   [0] ArrayList.GetString
L 09/16/2021 - 17:45:18: [SM]   [1] Line 79, include/top_displays.sp::top_update
L 09/16/2021 - 17:45:18: [SM]   [2] Line 21, include/top_displays.sp::load_info
L 09/16/2021 - 17:47:18: [SM] Exception reported: Invalid index 48 (count: 0)
L 09/16/2021 - 17:47:18: [SM] Blaming: dm_trick.smx
L 09/16/2021 - 17:47:18: [SM] Call stack trace:
L 09/16/2021 - 17:47:18: [SM]   [0] ArrayList.GetString
L 09/16/2021 - 17:47:18: [SM]   [1] Line 79, include/top_displays.sp::top_update
L 09/16/2021 - 17:47:18: [SM]   [2] Line 21, include/top_displays.sp::load_info
L 09/16/2021 - 17:49:18: [SM] Exception reported: Invalid index 48 (count: 0)
L 09/16/2021 - 17:49:18: [SM] Blaming: dm_trick.smx
L 09/16/2021 - 17:49:18: [SM] Call stack trace:
L 09/16/2021 - 17:49:18: [SM]   [0] ArrayList.GetString
L 09/16/2021 - 17:49:18: [SM]   [1] Line 79, include/top_displays.sp::top_update
L 09/16/2021 - 17:49:18: [SM]   [2] Line 21, include/top_displays.sp::load_info
L 09/16/2021 - 17:51:18: [SM] Exception reported: Invalid index 48 (count: 0)
L 09/16/2021 - 17:51:18: [SM] Blaming: dm_trick.smx
L 09/16/2021 - 17:51:18: [SM] Call stack trace:
L 09/16/2021 - 17:51:18: [SM]   [0] ArrayList.GetString
L 09/16/2021 - 17:51:18: [SM]   [1] Line 79, include/top_displays.sp::top_update
L 09/16/2021 - 17:51:18: [SM]   [2] Line 21, include/top_displays.sp::load_info
L 09/16/2021 - 17:53:18: [SM] Exception reported: Invalid index 48 (count: 0)
L 09/16/2021 - 17:53:18: [SM] Blaming: dm_trick.smx
L 09/16/2021 - 17:53:18: [SM] Call stack trace:
L 09/16/2021 - 17:53:18: [SM]   [0] ArrayList.GetString
L 09/16/2021 - 17:53:18: [SM]   [1] Line 79, include/top_displays.sp::top_update
L 09/16/2021 - 17:53:18: [SM]   [2] Line 21, include/top_displays.sp::load_info
L 09/16/2021 - 17:55:18: [SM] Exception reported: Invalid index 48 (count: 0)
L 09/16/2021 - 17:55:18: [SM] Blaming: dm_trick.smx
L 09/16/2021 - 17:55:18: [SM] Call stack trace:
L 09/16/2021 - 17:55:18: [SM]   [0] ArrayList.GetString
L 09/16/2021 - 17:55:18: [SM]   [1] Line 79, include/top_displays.sp::top_update
L 09/16/2021 - 17:55:18: [SM]   [2] Line 21, include/top_displays.sp::load_info
L 09/16/2021 - 17:57:18: [SM] Exception reported: Invalid index 48 (count: 0)
L 09/16/2021 - 17:57:18: [SM] Blaming: dm_trick.smx
L 09/16/2021 - 17:57:18: [SM] Call stack trace:
L 09/16/2021 - 17:57:18: [SM]   [0] ArrayList.GetString
L 09/16/2021 - 17:57:18: [SM]   [1] Line 79, include/top_displays.sp::top_update
L 09/16/2021 - 17:57:18: [SM]   [2] Line 21, include/top_displays.sp::load_info
L 09/16/2021 - 17:59:18: [SM] Exception reported: Invalid index 48 (count: 0)
L 09/16/2021 - 17:59:18: [SM] Blaming: dm_trick.smx
L 09/16/2021 - 17:59:18: [SM] Call stack trace:
L 09/16/2021 - 17:59:18: [SM]   [0] ArrayList.GetString
L 09/16/2021 - 17:59:18: [SM]   [1] Line 79, include/top_displays.sp::top_update
L 09/16/2021 - 17:59:18: [SM]   [2] Line 21, include/top_displays.sp::load_info
L 09/16/2021 - 18:01:18: [SM] Exception reported: Invalid index 48 (count: 0)
L 09/16/2021 - 18:01:18: [SM] Blaming: dm_trick.smx
L 09/16/2021 - 18:01:18: [SM] Call stack trace:
L 09/16/2021 - 18:01:18: [SM]   [0] ArrayList.GetString
L 09/16/2021 - 18:01:18: [SM]   [1] Line 79, include/top_displays.sp::top_update
L 09/16/2021 - 18:01:18: [SM]   [2] Line 21, include/top_displays.sp::load_info
L 09/16/2021 - 18:03:18: [SM] Exception reported: Invalid index 48 (count: 0)
L 09/16/2021 - 18:03:18: [SM] Blaming: dm_trick.smx
L 09/16/2021 - 18:03:18: [SM] Call stack trace:
L 09/16/2021 - 18:03:18: [SM]   [0] ArrayList.GetString
L 09/16/2021 - 18:03:18: [SM]   [1] Line 79, include/top_displays.sp::top_update
L 09/16/2021 - 18:03:18: [SM]   [2] Line 21, include/top_displays.sp::load_info
L 09/16/2021 - 18:05:18: [SM] Exception reported: Invalid index 48 (count: 0)
L 09/16/2021 - 18:05:18: [SM] Blaming: dm_trick.smx
L 09/16/2021 - 18:05:18: [SM] Call stack trace:
L 09/16/2021 - 18:05:18: [SM]   [0] ArrayList.GetString
L 09/16/2021 - 18:05:18: [SM]   [1] Line 79, include/top_displays.sp::top_update
L 09/16/2021 - 18:05:18: [SM]   [2] Line 21, include/top_displays.sp::load_info
L 09/16/2021 - 18:07:18: [SM] Exception reported: Invalid index 48 (count: 0)
L 09/16/2021 - 18:07:18: [SM] Blaming: dm_trick.smx
L 09/16/2021 - 18:07:18: [SM] Call stack trace:
L 09/16/2021 - 18:07:18: [SM]   [0] ArrayList.GetString
L 09/16/2021 - 18:07:18: [SM]   [1] Line 79, include/top_displays.sp::top_update
L 09/16/2021 - 18:07:18: [SM]   [2] Line 21, include/top_displays.sp::load_info
L 09/16/2021 - 18:09:18: [SM] Exception reported: Invalid index 48 (count: 0)
L 09/16/2021 - 18:09:18: [SM] Blaming: dm_trick.smx
L 09/16/2021 - 18:09:18: [SM] Call stack trace:
L 09/16/2021 - 18:09:18: [SM]   [0] ArrayList.GetString
L 09/16/2021 - 18:09:18: [SM]   [1] Line 79, include/top_displays.sp::top_update
L 09/16/2021 - 18:09:18: [SM]   [2] Line 21, include/top_displays.sp::load_info
L 09/16/2021 - 18:11:18: [SM] Exception reported: Invalid index 48 (count: 0)
L 09/16/2021 - 18:11:18: [SM] Blaming: dm_trick.smx
L 09/16/2021 - 18:11:18: [SM] Call stack trace:
L 09/16/2021 - 18:11:18: [SM]   [0] ArrayList.GetString
L 09/16/2021 - 18:11:18: [SM]   [1] Line 79, include/top_displays.sp::top_update
L 09/16/2021 - 18:11:18: [SM]   [2] Line 21, include/top_displays.sp::load_info
L 09/16/2021 - 18:13:18: [SM] Exception reported: Invalid index 48 (count: 0)
L 09/16/2021 - 18:13:18: [SM] Blaming: dm_trick.smx
L 09/16/2021 - 18:13:18: [SM] Call stack trace:
L 09/16/2021 - 18:13:18: [SM]   [0] ArrayList.GetString
L 09/16/2021 - 18:13:18: [SM]   [1] Line 79, include/top_displays.sp::top_update
L 09/16/2021 - 18:13:18: [SM]   [2] Line 21, include/top_displays.sp::load_info
L 09/16/2021 - 18:15:18: [SM] Exception reported: Invalid index 48 (count: 0)
L 09/16/2021 - 18:15:18: [SM] Blaming: dm_trick.smx
L 09/16/2021 - 18:15:18: [SM] Call stack trace:
L 09/16/2021 - 18:15:18: [SM]   [0] ArrayList.GetString
L 09/16/2021 - 18:15:18: [SM]   [1] Line 79, include/top_displays.sp::top_update
L 09/16/2021 - 18:15:18: [SM]   [2] Line 21, include/top_displays.sp::load_info
L 09/16/2021 - 18:17:18: [SM] Exception reported: Invalid index 48 (count: 0)
L 09/16/2021 - 18:17:18: [SM] Blaming: dm_trick.smx
L 09/16/2021 - 18:17:18: [SM] Call stack trace:
L 09/16/2021 - 18:17:18: [SM]   [0] ArrayList.GetString
L 09/16/2021 - 18:17:18: [SM]   [1] Line 79, include/top_displays.sp::top_update
L 09/16/2021 - 18:17:18: [SM]   [2] Line 21, include/top_displays.sp::load_info
L 09/16/2021 - 18:19:18: [SM] Exception reported: Invalid index 48 (count: 0)
L 09/16/2021 - 18:19:18: [SM] Blaming: dm_trick.smx
L 09/16/2021 - 18:19:18: [SM] Call stack trace:
L 09/16/2021 - 18:19:18: [SM]   [0] ArrayList.GetString
L 09/16/2021 - 18:19:18: [SM]   [1] Line 79, include/top_displays.sp::top_update
L 09/16/2021 - 18:19:18: [SM]   [2] Line 21, include/top_displays.sp::load_info
L 09/16/2021 - 18:21:18: [SM] Exception reported: Invalid index 48 (count: 0)
L 09/16/2021 - 18:21:18: [SM] Blaming: dm_trick.smx
L 09/16/2021 - 18:21:18: [SM] Call stack trace:
L 09/16/2021 - 18:21:18: [SM]   [0] ArrayList.GetString
L 09/16/2021 - 18:21:18: [SM]   [1] Line 79, include/top_displays.sp::top_update
L 09/16/2021 - 18:21:18: [SM]   [2] Line 21, include/top_displays.sp::load_info
L 09/16/2021 - 18:23:18: [SM] Exception reported: Invalid index 48 (count: 0)
L 09/16/2021 - 18:23:18: [SM] Blaming: dm_trick.smx
L 09/16/2021 - 18:23:18: [SM] Call stack trace:
L 09/16/2021 - 18:23:18: [SM]   [0] ArrayList.GetString
L 09/16/2021 - 18:23:18: [SM]   [1] Line 79, include/top_displays.sp::top_update
L 09/16/2021 - 18:23:18: [SM]   [2] Line 21, include/top_displays.sp::load_info
L 09/16/2021 - 18:25:18: [SM] Exception reported: Invalid index 48 (count: 0)
L 09/16/2021 - 18:25:18: [SM] Blaming: dm_trick.smx
L 09/16/2021 - 18:25:18: [SM] Call stack trace:
L 09/16/2021 - 18:25:18: [SM]   [0] ArrayList.GetString
L 09/16/2021 - 18:25:18: [SM]   [1] Line 79, include/top_displays.sp::top_update
L 09/16/2021 - 18:25:18: [SM]   [2] Line 21, include/top_displays.sp::load_info
L 09/16/2021 - 18:27:18: [SM] Exception reported: Invalid index 48 (count: 0)
L 09/16/2021 - 18:27:18: [SM] Blaming: dm_trick.smx
L 09/16/2021 - 18:27:18: [SM] Call stack trace:
L 09/16/2021 - 18:27:18: [SM]   [0] ArrayList.GetString
L 09/16/2021 - 18:27:18: [SM]   [1] Line 79, include/top_displays.sp::top_update
L 09/16/2021 - 18:27:18: [SM]   [2] Line 21, include/top_displays.sp::load_info
L 09/16/2021 - 18:29:18: [SM] Exception reported: Invalid index 48 (count: 0)
L 09/16/2021 - 18:29:18: [SM] Blaming: dm_trick.smx
L 09/16/2021 - 18:29:18: [SM] Call stack trace:
L 09/16/2021 - 18:29:18: [SM]   [0] ArrayList.GetString
L 09/16/2021 - 18:29:18: [SM]   [1] Line 79, include/top_displays.sp::top_update
L 09/16/2021 - 18:29:18: [SM]   [2] Line 21, include/top_displays.sp::load_info
L 09/16/2021 - 18:31:18: [SM] Exception reported: Invalid index 48 (count: 0)
L 09/16/2021 - 18:31:18: [SM] Blaming: dm_trick.smx
L 09/16/2021 - 18:31:18: [SM] Call stack trace:
L 09/16/2021 - 18:31:18: [SM]   [0] ArrayList.GetString
L 09/16/2021 - 18:31:18: [SM]   [1] Line 79, include/top_displays.sp::top_update
L 09/16/2021 - 18:31:18: [SM]   [2] Line 21, include/top_displays.sp::load_info
L 09/16/2021 - 18:33:18: [SM] Exception reported: Invalid index 48 (count: 0)
L 09/16/2021 - 18:33:18: [SM] Blaming: dm_trick.smx
L 09/16/2021 - 18:33:18: [SM] Call stack trace:
L 09/16/2021 - 18:33:18: [SM]   [0] ArrayList.GetString
L 09/16/2021 - 18:33:18: [SM]   [1] Line 79, include/top_displays.sp::top_update
L 09/16/2021 - 18:33:18: [SM]   [2] Line 21, include/top_displays.sp::load_info
L 09/16/2021 - 18:35:18: [SM] Exception reported: Invalid index 48 (count: 0)
L 09/16/2021 - 18:35:18: [SM] Blaming: dm_trick.smx
L 09/16/2021 - 18:35:18: [SM] Call stack trace:
L 09/16/2021 - 18:35:18: [SM]   [0] ArrayList.GetString
L 09/16/2021 - 18:35:18: [SM]   [1] Line 79, include/top_displays.sp::top_update
L 09/16/2021 - 18:35:18: [SM]   [2] Line 21, include/top_displays.sp::load_info
L 09/16/2021 - 18:37:18: [SM] Exception reported: Invalid index 48 (count: 0)
L 09/16/2021 - 18:37:18: [SM] Blaming: dm_trick.smx
L 09/16/2021 - 18:37:18: [SM] Call stack trace:
L 09/16/2021 - 18:37:18: [SM]   [0] ArrayList.GetString
L 09/16/2021 - 18:37:18: [SM]   [1] Line 79, include/top_displays.sp::top_update
L 09/16/2021 - 18:37:18: [SM]   [2] Line 21, include/top_displays.sp::load_info
L 09/16/2021 - 18:39:18: [SM] Exception reported: Invalid index 48 (count: 0)
L 09/16/2021 - 18:39:18: [SM] Blaming: dm_trick.smx
L 09/16/2021 - 18:39:18: [SM] Call stack trace:
L 09/16/2021 - 18:39:18: [SM]   [0] ArrayList.GetString
L 09/16/2021 - 18:39:18: [SM]   [1] Line 79, include/top_displays.sp::top_update
L 09/16/2021 - 18:39:18: [SM]   [2] Line 21, include/top_displays.sp::load_info
L 09/16/2021 - 18:41:18: [SM] Exception reported: Invalid index 48 (count: 0)
L 09/16/2021 - 18:41:18: [SM] Blaming: dm_trick.smx
L 09/16/2021 - 18:41:18: [SM] Call stack trace:
L 09/16/2021 - 18:41:18: [SM]   [0] ArrayList.GetString
L 09/16/2021 - 18:41:18: [SM]   [1] Line 79, include/top_displays.sp::top_update
L 09/16/2021 - 18:41:18: [SM]   [2] Line 21, include/top_displays.sp::load_info
L 09/16/2021 - 18:43:18: [SM] Exception reported: Invalid index 48 (count: 0)
L 09/16/2021 - 18:43:18: [SM] Blaming: dm_trick.smx
L 09/16/2021 - 18:43:18: [SM] Call stack trace:
L 09/16/2021 - 18:43:18: [SM]   [0] ArrayList.GetString
L 09/16/2021 - 18:43:18: [SM]   [1] Line 79, include/top_displays.sp::top_update
L 09/16/2021 - 18:43:18: [SM]   [2] Line 21, include/top_displays.sp::load_info
L 09/16/2021 - 18:57:02: [SM] Exception reported: Invalid index 48 (count: 0)
L 09/16/2021 - 18:57:02: [SM] Blaming: dm_trick.smx
L 09/16/2021 - 18:57:02: [SM] Call stack trace:
L 09/16/2021 - 18:57:02: [SM]   [0] ArrayList.GetString
L 09/16/2021 - 18:57:02: [SM]   [1] Line 79, include/top_displays.sp::top_update
L 09/16/2021 - 18:57:02: [SM]   [2] Line 21, include/top_displays.sp::load_info
L 09/16/2021 - 18:57:03: Error log file session closed.
L 09/16/2021 - 19:03:28: SourceMod error session started
L 09/16/2021 - 19:03:28: Info (map "surf_trick_gxd") (file "/home/container/csgo/addons/sourcemod/logs/errors_20210916.log")
L 09/16/2021 - 19:03:28: [SM] Exception reported: Invalid index 48 (count: 0)
L 09/16/2021 - 19:03:28: [SM] Blaming: dm_trick.smx
L 09/16/2021 - 19:03:28: [SM] Call stack trace:
L 09/16/2021 - 19:03:28: [SM]   [0] ArrayList.GetString
L 09/16/2021 - 19:03:28: [SM]   [1] Line 79, include/top_displays.sp::top_update
L 09/16/2021 - 19:03:28: [SM]   [2] Line 21, include/top_displays.sp::load_info
L 09/16/2021 - 19:03:29: Error log file session closed.
L 09/16/2021 - 19:05:30: SourceMod error session started
L 09/16/2021 - 19:05:30: Info (map "surf_trick_gxd") (file "/home/container/csgo/addons/sourcemod/logs/errors_20210916.log")
L 09/16/2021 - 19:05:30: [SM] Exception reported: Invalid index 48 (count: 0)
L 09/16/2021 - 19:05:30: [SM] Blaming: dm_trick.smx
L 09/16/2021 - 19:05:30: [SM] Call stack trace:
L 09/16/2021 - 19:05:30: [SM]   [0] ArrayList.GetString
L 09/16/2021 - 19:05:30: [SM]   [1] Line 79, include/top_displays.sp::top_update
L 09/16/2021 - 19:05:30: [SM]   [2] Line 21, include/top_displays.sp::load_info
L 09/16/2021 - 19:07:30: [SM] Exception reported: Invalid index 48 (count: 0)
L 09/16/2021 - 19:07:30: [SM] Blaming: dm_trick.smx
L 09/16/2021 - 19:07:30: [SM] Call stack trace:
L 09/16/2021 - 19:07:30: [SM]   [0] ArrayList.GetString
L 09/16/2021 - 19:07:30: [SM]   [1] Line 79, include/top_displays.sp::top_update
L 09/16/2021 - 19:07:30: [SM]   [2] Line 21, include/top_displays.sp::load_info
L 09/16/2021 - 19:09:30: [SM] Exception reported: Invalid index 48 (count: 0)
L 09/16/2021 - 19:09:30: [SM] Blaming: dm_trick.smx
L 09/16/2021 - 19:09:30: [SM] Call stack trace:
L 09/16/2021 - 19:09:30: [SM]   [0] ArrayList.GetString
L 09/16/2021 - 19:09:30: [SM]   [1] Line 79, include/top_displays.sp::top_update
L 09/16/2021 - 19:09:30: [SM]   [2] Line 21, include/top_displays.sp::load_info
L 09/16/2021 - 19:11:30: [SM] Exception reported: Invalid index 48 (count: 0)
L 09/16/2021 - 19:11:30: [SM] Blaming: dm_trick.smx
L 09/16/2021 - 19:11:30: [SM] Call stack trace:
L 09/16/2021 - 19:11:30: [SM]   [0] ArrayList.GetString
L 09/16/2021 - 19:11:30: [SM]   [1] Line 79, include/top_displays.sp::top_update
L 09/16/2021 - 19:11:30: [SM]   [2] Line 21, include/top_displays.sp::load_info
L 09/16/2021 - 19:13:30: [SM] Exception reported: Invalid index 48 (count: 0)
L 09/16/2021 - 19:13:30: [SM] Blaming: dm_trick.smx
L 09/16/2021 - 19:13:30: [SM] Call stack trace:
L 09/16/2021 - 19:13:30: [SM]   [0] ArrayList.GetString
L 09/16/2021 - 19:13:30: [SM]   [1] Line 79, include/top_displays.sp::top_update
L 09/16/2021 - 19:13:30: [SM]   [2] Line 21, include/top_displays.sp::load_info
L 09/16/2021 - 19:15:30: [SM] Exception reported: Invalid index 48 (count: 0)
L 09/16/2021 - 19:15:30: [SM] Blaming: dm_trick.smx
L 09/16/2021 - 19:15:30: [SM] Call stack trace:
L 09/16/2021 - 19:15:30: [SM]   [0] ArrayList.GetString
L 09/16/2021 - 19:15:30: [SM]   [1] Line 79, include/top_displays.sp::top_update
L 09/16/2021 - 19:15:30: [SM]   [2] Line 21, include/top_displays.sp::load_info
L 09/16/2021 - 19:17:30: [SM] Exception reported: Invalid index 48 (count: 0)
L 09/16/2021 - 19:17:30: [SM] Blaming: dm_trick.smx
L 09/16/2021 - 19:17:30: [SM] Call stack trace:
L 09/16/2021 - 19:17:30: [SM]   [0] ArrayList.GetString
L 09/16/2021 - 19:17:30: [SM]   [1] Line 79, include/top_displays.sp::top_update
L 09/16/2021 - 19:17:30: [SM]   [2] Line 21, include/top_displays.sp::load_info
L 09/16/2021 - 19:19:30: [SM] Exception reported: Invalid index 48 (count: 0)
L 09/16/2021 - 19:19:30: [SM] Blaming: dm_trick.smx
L 09/16/2021 - 19:19:30: [SM] Call stack trace:
L 09/16/2021 - 19:19:30: [SM]   [0] ArrayList.GetString
L 09/16/2021 - 19:19:30: [SM]   [1] Line 79, include/top_displays.sp::top_update
L 09/16/2021 - 19:19:30: [SM]   [2] Line 21, include/top_displays.sp::load_info
L 09/16/2021 - 19:21:30: [SM] Exception reported: Invalid index 48 (count: 0)
L 09/16/2021 - 19:21:30: [SM] Blaming: dm_trick.smx
L 09/16/2021 - 19:21:30: [SM] Call stack trace:
L 09/16/2021 - 19:21:30: [SM]   [0] ArrayList.GetString
L 09/16/2021 - 19:21:30: [SM]   [1] Line 79, include/top_displays.sp::top_update
L 09/16/2021 - 19:21:30: [SM]   [2] Line 21, include/top_displays.sp::load_info
L 09/16/2021 - 19:23:30: [SM] Exception reported: Invalid index 48 (count: 0)
L 09/16/2021 - 19:23:30: [SM] Blaming: dm_trick.smx
L 09/16/2021 - 19:23:30: [SM] Call stack trace:
L 09/16/2021 - 19:23:30: [SM]   [0] ArrayList.GetString
L 09/16/2021 - 19:23:30: [SM]   [1] Line 79, include/top_displays.sp::top_update
L 09/16/2021 - 19:23:30: [SM]   [2] Line 21, include/top_displays.sp::load_info
L 09/16/2021 - 19:25:30: [SM] Exception reported: Invalid index 48 (count: 0)
L 09/16/2021 - 19:25:30: [SM] Blaming: dm_trick.smx
L 09/16/2021 - 19:25:30: [SM] Call stack trace:
L 09/16/2021 - 19:25:30: [SM]   [0] ArrayList.GetString
L 09/16/2021 - 19:25:30: [SM]   [1] Line 79, include/top_displays.sp::top_update
L 09/16/2021 - 19:25:30: [SM]   [2] Line 21, include/top_displays.sp::load_info
L 09/16/2021 - 19:27:30: [SM] Exception reported: Invalid index 48 (count: 0)
L 09/16/2021 - 19:27:30: [SM] Blaming: dm_trick.smx
L 09/16/2021 - 19:27:30: [SM] Call stack trace:
L 09/16/2021 - 19:27:30: [SM]   [0] ArrayList.GetString
L 09/16/2021 - 19:27:30: [SM]   [1] Line 79, include/top_displays.sp::top_update
L 09/16/2021 - 19:27:30: [SM]   [2] Line 21, include/top_displays.sp::load_info
L 09/16/2021 - 19:29:30: [SM] Exception reported: Invalid index 48 (count: 0)
L 09/16/2021 - 19:29:30: [SM] Blaming: dm_trick.smx
L 09/16/2021 - 19:29:30: [SM] Call stack trace:
L 09/16/2021 - 19:29:30: [SM]   [0] ArrayList.GetString
L 09/16/2021 - 19:29:30: [SM]   [1] Line 79, include/top_displays.sp::top_update
L 09/16/2021 - 19:29:30: [SM]   [2] Line 21, include/top_displays.sp::load_info
L 09/16/2021 - 19:31:30: [SM] Exception reported: Invalid index 48 (count: 0)
L 09/16/2021 - 19:31:30: [SM] Blaming: dm_trick.smx
L 09/16/2021 - 19:31:30: [SM] Call stack trace:
L 09/16/2021 - 19:31:30: [SM]   [0] ArrayList.GetString
L 09/16/2021 - 19:31:30: [SM]   [1] Line 79, include/top_displays.sp::top_update
L 09/16/2021 - 19:31:30: [SM]   [2] Line 21, include/top_displays.sp::load_info
L 09/16/2021 - 19:32:42: Error log file session closed.
L 09/16/2021 - 21:05:33: SourceMod error session started
L 09/16/2021 - 21:05:33: Info (map "surf_trick_gxd") (file "/home/container/csgo/addons/sourcemod/logs/errors_20210916.log")
L 09/16/2021 - 21:05:33: [SM] Exception reported: Invalid query Handle 0 (error: 4)
L 09/16/2021 - 21:05:33: [SM] Blaming: dm_trick.smx
L 09/16/2021 - 21:05:33: [SM] Call stack trace:
L 09/16/2021 - 21:05:33: [SM]   [0] DBResultSet.HasResults.get
L 09/16/2021 - 21:05:33: [SM]   [1] Line 139, include/saveloc.sp::load_loc_cl_data_callback
L 09/16/2021 - 21:05:33: [SM] Exception reported: Invalid query Handle 0 (error: 4)
L 09/16/2021 - 21:05:33: [SM] Blaming: dm_trick.smx
L 09/16/2021 - 21:05:33: [SM] Call stack trace:
L 09/16/2021 - 21:05:33: [SM]   [0] DBResultSet.HasResults.get
L 09/16/2021 - 21:05:33: [SM]   [1] Line 88, include/trick_menu.sp::load_trick_cl_data_callback
L 09/16/2021 - 21:10:02: [SM] Exception reported: Client index 828 is invalid
L 09/16/2021 - 21:10:02: [SM] Blaming: sm_hide.smx
L 09/16/2021 - 21:10:02: [SM] Call stack trace:
L 09/16/2021 - 21:10:02: [SM]   [0] GetClientTeam
L 09/16/2021 - 21:10:02: [SM]   [1] Line 141, /home/forums/content/files/2/7/7/4/6/3/183646.attach::OnNormalSoundPlayed
L 09/16/2021 - 21:12:00: [SM] Exception reported: Client index 828 is invalid
L 09/16/2021 - 21:12:00: [SM] Blaming: sm_hide.smx
L 09/16/2021 - 21:12:00: [SM] Call stack trace:
L 09/16/2021 - 21:12:00: [SM]   [0] GetClientTeam
L 09/16/2021 - 21:12:00: [SM]   [1] Line 141, /home/forums/content/files/2/7/7/4/6/3/183646.attach::OnNormalSoundPlayed
L 09/16/2021 - 21:12:55: [SM] Exception reported: Client index 828 is invalid
L 09/16/2021 - 21:12:55: [SM] Blaming: sm_hide.smx
L 09/16/2021 - 21:12:55: [SM] Call stack trace:
L 09/16/2021 - 21:12:55: [SM]   [0] GetClientTeam
L 09/16/2021 - 21:12:55: [SM]   [1] Line 141, /home/forums/content/files/2/7/7/4/6/3/183646.attach::OnNormalSoundPlayed
L 09/16/2021 - 21:12:56: [SM] Exception reported: Client index 828 is invalid
L 09/16/2021 - 21:12:56: [SM] Blaming: sm_hide.smx
L 09/16/2021 - 21:12:56: [SM] Call stack trace:
L 09/16/2021 - 21:12:56: [SM]   [0] GetClientTeam
L 09/16/2021 - 21:12:56: [SM]   [1] Line 141, /home/forums/content/files/2/7/7/4/6/3/183646.attach::OnNormalSoundPlayed
L 09/16/2021 - 21:13:01: [SM] Exception reported: Client index 828 is invalid
L 09/16/2021 - 21:13:01: [SM] Blaming: sm_hide.smx
L 09/16/2021 - 21:13:01: [SM] Call stack trace:
L 09/16/2021 - 21:13:01: [SM]   [0] GetClientTeam
L 09/16/2021 - 21:13:01: [SM]   [1] Line 141, /home/forums/content/files/2/7/7/4/6/3/183646.attach::OnNormalSoundPlayed
L 09/16/2021 - 21:13:02: [SM] Exception reported: Client index 828 is invalid
L 09/16/2021 - 21:13:02: [SM] Blaming: sm_hide.smx
L 09/16/2021 - 21:13:02: [SM] Call stack trace:
L 09/16/2021 - 21:13:02: [SM]   [0] GetClientTeam
L 09/16/2021 - 21:13:02: [SM]   [1] Line 141, /home/forums/content/files/2/7/7/4/6/3/183646.attach::OnNormalSoundPlayed
L 09/16/2021 - 21:13:02: [SM] Exception reported: Client index 828 is invalid
L 09/16/2021 - 21:13:02: [SM] Blaming: sm_hide.smx
L 09/16/2021 - 21:13:02: [SM] Call stack trace:
L 09/16/2021 - 21:13:02: [SM]   [0] GetClientTeam
L 09/16/2021 - 21:13:02: [SM]   [1] Line 141, /home/forums/content/files/2/7/7/4/6/3/183646.attach::OnNormalSoundPlayed
L 09/16/2021 - 21:13:03: [SM] Exception reported: Client index 828 is invalid
L 09/16/2021 - 21:13:03: [SM] Blaming: sm_hide.smx
L 09/16/2021 - 21:13:03: [SM] Call stack trace:
L 09/16/2021 - 21:13:03: [SM]   [0] GetClientTeam
L 09/16/2021 - 21:13:03: [SM]   [1] Line 141, /home/forums/content/files/2/7/7/4/6/3/183646.attach::OnNormalSoundPlayed
L 09/16/2021 - 21:13:03: [SM] Exception reported: Client index 828 is invalid
L 09/16/2021 - 21:13:03: [SM] Blaming: sm_hide.smx
L 09/16/2021 - 21:13:03: [SM] Call stack trace:
L 09/16/2021 - 21:13:03: [SM]   [0] GetClientTeam
L 09/16/2021 - 21:13:03: [SM]   [1] Line 141, /home/forums/content/files/2/7/7/4/6/3/183646.attach::OnNormalSoundPlayed
L 09/16/2021 - 21:48:10: [SM] Exception reported: Client index 825 is invalid
L 09/16/2021 - 21:48:10: [SM] Blaming: sm_hide.smx
L 09/16/2021 - 21:48:10: [SM] Call stack trace:
L 09/16/2021 - 21:48:10: [SM]   [0] GetClientTeam
L 09/16/2021 - 21:48:10: [SM]   [1] Line 141, /home/forums/content/files/2/7/7/4/6/3/183646.attach::OnNormalSoundPlayed
L 09/16/2021 - 23:30:05: Error log file session closed.
L 09/16/2021 - 23:30:06: SourceMod error session started
L 09/16/2021 - 23:30:06: Info (map "surf_trick_gxd") (file "/home/container/csgo/addons/sourcemod/logs/errors_20210916.log")
L 09/16/2021 - 23:30:06: [SM] Exception reported: Invalid query Handle 0 (error: 4)
L 09/16/2021 - 23:30:06: [SM] Blaming: dm_trick.smx
L 09/16/2021 - 23:30:06: [SM] Call stack trace:
L 09/16/2021 - 23:30:06: [SM]   [0] DBResultSet.HasResults.get
L 09/16/2021 - 23:30:06: [SM]   [1] Line 208, include/daily_tricks.sp::timer_daily_callback
L 09/16/2021 - 23:35:25: Error log file session closed.
L 09/16/2021 - 23:53:00: SourceMod error session started
L 09/16/2021 - 23:53:00: Info (map "surf_trick_gxd") (file "/home/container/csgo/addons/sourcemod/logs/errors_20210916.log")
L 09/16/2021 - 23:53:00: [SM] Exception reported: Invalid query Handle 0 (error: 4)
L 09/16/2021 - 23:53:00: [SM] Blaming: dm_trick.smx
L 09/16/2021 - 23:53:00: [SM] Call stack trace:
L 09/16/2021 - 23:53:00: [SM]   [0] DBResultSet.HasResults.get
L 09/16/2021 - 23:53:00: [SM]   [1] Line 208, include/daily_tricks.sp::timer_daily_callback
L 09/17/2021 - 05:06:24: Error log file session closed.
