L 08/20/2021 - 06:42:59: SourceMod error session started
L 08/20/2021 - 06:42:59: Info (map "surf_trick_gxd") (file "/home/container/csgo/addons/sourcemod/logs/errors_20210820.log")
L 08/20/2021 - 06:42:59: [SM] Exception reported: Invalid query Handle 0 (error: 4)
L 08/20/2021 - 06:42:59: [SM] Blaming: dm_trick.smx
L 08/20/2021 - 06:42:59: [SM] Call stack trace:
L 08/20/2021 - 06:42:59: [SM]   [0] DBResultSet.HasResults.get
L 08/20/2021 - 06:42:59: [SM]   [1] Line 208, include/daily_tricks.sp::timer_daily_callback
L 08/20/2021 - 06:43:00: Error log file session closed.
L 08/20/2021 - 06:44:43: SourceMod error session started
L 08/20/2021 - 06:44:43: Info (map "surf_trick_gxd") (file "/home/container/csgo/addons/sourcemod/logs/errors_20210820.log")
L 08/20/2021 - 06:44:43: [SM] Exception reported: Invalid query Handle 0 (error: 4)
L 08/20/2021 - 06:44:43: [SM] Blaming: dm_trick.smx
L 08/20/2021 - 06:44:43: [SM] Call stack trace:
L 08/20/2021 - 06:44:43: [SM]   [0] DBResultSet.HasResults.get
L 08/20/2021 - 06:44:43: [SM]   [1] Line 129, include/saveloc.sp::load_loc_cl_data_callback
L 08/20/2021 - 06:44:47: Error log file session closed.
L 08/20/2021 - 06:44:56: SourceMod error session started
L 08/20/2021 - 06:44:56: Info (map "surf_trick_gxd") (file "/home/container/csgo/addons/sourcemod/logs/errors_20210820.log")
L 08/20/2021 - 06:44:56: [SM] Exception reported: Invalid query Handle 0 (error: 4)
L 08/20/2021 - 06:44:56: [SM] Blaming: dm_trick.smx
L 08/20/2021 - 06:44:56: [SM] Call stack trace:
L 08/20/2021 - 06:44:56: [SM]   [0] DBResultSet.HasResults.get
L 08/20/2021 - 06:44:56: [SM]   [1] Line 129, include/saveloc.sp::load_loc_cl_data_callback
L 08/20/2021 - 06:45:17: Error log file session closed.
L 08/20/2021 - 06:45:26: SourceMod error session started
L 08/20/2021 - 06:45:26: Info (map "surf_trick_gxd") (file "/home/container/csgo/addons/sourcemod/logs/errors_20210820.log")
L 08/20/2021 - 06:45:26: [SM] Exception reported: Invalid query Handle 0 (error: 4)
L 08/20/2021 - 06:45:26: [SM] Blaming: dm_trick.smx
L 08/20/2021 - 06:45:26: [SM] Call stack trace:
L 08/20/2021 - 06:45:26: [SM]   [0] DBResultSet.HasResults.get
L 08/20/2021 - 06:45:26: [SM]   [1] Line 129, include/saveloc.sp::load_loc_cl_data_callback
L 08/20/2021 - 06:48:45: Error log file session closed.
L 08/20/2021 - 06:48:53: SourceMod error session started
L 08/20/2021 - 06:48:53: Info (map "surf_trick_gxd") (file "/home/container/csgo/addons/sourcemod/logs/errors_20210820.log")
L 08/20/2021 - 06:48:53: [SM] Exception reported: Invalid query Handle 0 (error: 4)
L 08/20/2021 - 06:48:53: [SM] Blaming: dm_trick.smx
L 08/20/2021 - 06:48:53: [SM] Call stack trace:
L 08/20/2021 - 06:48:53: [SM]   [0] DBResultSet.HasResults.get
L 08/20/2021 - 06:48:53: [SM]   [1] Line 129, include/saveloc.sp::load_loc_cl_data_callback
L 08/20/2021 - 06:48:53: [SM] Exception reported: Invalid query Handle 0 (error: 4)
L 08/20/2021 - 06:48:53: [SM] Blaming: dm_trick.smx
L 08/20/2021 - 06:48:53: [SM] Call stack trace:
L 08/20/2021 - 06:48:53: [SM]   [0] DBResultSet.HasResults.get
L 08/20/2021 - 06:48:53: [SM]   [1] Line 88, include/trick_menu.sp::load_trick_cl_data_callback
L 08/20/2021 - 06:53:12: Error log file session closed.
L 08/20/2021 - 06:53:21: SourceMod error session started
L 08/20/2021 - 06:53:21: Info (map "surf_trick_gxd") (file "/home/container/csgo/addons/sourcemod/logs/errors_20210820.log")
L 08/20/2021 - 06:53:21: [SM] Exception reported: Invalid query Handle 0 (error: 4)
L 08/20/2021 - 06:53:21: [SM] Blaming: dm_trick.smx
L 08/20/2021 - 06:53:21: [SM] Call stack trace:
L 08/20/2021 - 06:53:21: [SM]   [0] DBResultSet.HasResults.get
L 08/20/2021 - 06:53:21: [SM]   [1] Line 129, include/saveloc.sp::load_loc_cl_data_callback
L 08/20/2021 - 06:53:21: [SM] Exception reported: Invalid query Handle 0 (error: 4)
L 08/20/2021 - 06:53:21: [SM] Blaming: dm_trick.smx
L 08/20/2021 - 06:53:21: [SM] Call stack trace:
L 08/20/2021 - 06:53:21: [SM]   [0] DBResultSet.HasResults.get
L 08/20/2021 - 06:53:21: [SM]   [1] Line 88, include/trick_menu.sp::load_trick_cl_data_callback
L 08/20/2021 - 06:54:36: Error log file session closed.
L 08/20/2021 - 06:54:45: SourceMod error session started
L 08/20/2021 - 06:54:45: Info (map "surf_trick_gxd") (file "/home/container/csgo/addons/sourcemod/logs/errors_20210820.log")
L 08/20/2021 - 06:54:45: [SM] Exception reported: Invalid query Handle 0 (error: 4)
L 08/20/2021 - 06:54:45: [SM] Blaming: dm_trick.smx
L 08/20/2021 - 06:54:45: [SM] Call stack trace:
L 08/20/2021 - 06:54:45: [SM]   [0] DBResultSet.HasResults.get
L 08/20/2021 - 06:54:45: [SM]   [1] Line 129, include/saveloc.sp::load_loc_cl_data_callback
L 08/20/2021 - 06:54:59: Error log file session closed.
L 08/20/2021 - 06:55:08: SourceMod error session started
L 08/20/2021 - 06:55:08: Info (map "surf_trick_gxd") (file "/home/container/csgo/addons/sourcemod/logs/errors_20210820.log")
L 08/20/2021 - 06:55:08: [SM] Exception reported: Invalid query Handle 0 (error: 4)
L 08/20/2021 - 06:55:08: [SM] Blaming: dm_trick.smx
L 08/20/2021 - 06:55:08: [SM] Call stack trace:
L 08/20/2021 - 06:55:08: [SM]   [0] DBResultSet.HasResults.get
L 08/20/2021 - 06:55:08: [SM]   [1] Line 129, include/saveloc.sp::load_loc_cl_data_callback
L 08/20/2021 - 06:56:04: Error log file session closed.
L 08/20/2021 - 06:56:13: SourceMod error session started
L 08/20/2021 - 06:56:13: Info (map "surf_trick_gxd") (file "/home/container/csgo/addons/sourcemod/logs/errors_20210820.log")
L 08/20/2021 - 06:56:13: [SM] Exception reported: Invalid query Handle 0 (error: 4)
L 08/20/2021 - 06:56:13: [SM] Blaming: dm_trick.smx
L 08/20/2021 - 06:56:13: [SM] Call stack trace:
L 08/20/2021 - 06:56:13: [SM]   [0] DBResultSet.HasResults.get
L 08/20/2021 - 06:56:13: [SM]   [1] Line 129, include/saveloc.sp::load_loc_cl_data_callback
L 08/20/2021 - 06:56:32: Error log file session closed.
L 08/20/2021 - 06:56:41: SourceMod error session started
L 08/20/2021 - 06:56:41: Info (map "surf_trick_gxd") (file "/home/container/csgo/addons/sourcemod/logs/errors_20210820.log")
L 08/20/2021 - 06:56:41: [SM] Exception reported: Invalid query Handle 0 (error: 4)
L 08/20/2021 - 06:56:41: [SM] Blaming: dm_trick.smx
L 08/20/2021 - 06:56:41: [SM] Call stack trace:
L 08/20/2021 - 06:56:41: [SM]   [0] DBResultSet.HasResults.get
L 08/20/2021 - 06:56:41: [SM]   [1] Line 129, include/saveloc.sp::load_loc_cl_data_callback
L 08/20/2021 - 06:57:32: Error log file session closed.
L 08/20/2021 - 06:57:41: SourceMod error session started
L 08/20/2021 - 06:57:41: Info (map "surf_trick_gxd") (file "/home/container/csgo/addons/sourcemod/logs/errors_20210820.log")
L 08/20/2021 - 06:57:41: [SM] Exception reported: Invalid query Handle 0 (error: 4)
L 08/20/2021 - 06:57:41: [SM] Blaming: dm_trick.smx
L 08/20/2021 - 06:57:41: [SM] Call stack trace:
L 08/20/2021 - 06:57:41: [SM]   [0] DBResultSet.HasResults.get
L 08/20/2021 - 06:57:41: [SM]   [1] Line 129, include/saveloc.sp::load_loc_cl_data_callback
L 08/20/2021 - 06:58:31: Error log file session closed.
L 08/20/2021 - 06:58:40: SourceMod error session started
L 08/20/2021 - 06:58:40: Info (map "surf_trick_gxd") (file "/home/container/csgo/addons/sourcemod/logs/errors_20210820.log")
L 08/20/2021 - 06:58:40: [SM] Exception reported: Invalid query Handle 0 (error: 4)
L 08/20/2021 - 06:58:40: [SM] Blaming: dm_trick.smx
L 08/20/2021 - 06:58:40: [SM] Call stack trace:
L 08/20/2021 - 06:58:40: [SM]   [0] DBResultSet.HasResults.get
L 08/20/2021 - 06:58:40: [SM]   [1] Line 129, include/saveloc.sp::load_loc_cl_data_callback
L 08/20/2021 - 06:58:40: [SM] Exception reported: Invalid query Handle 0 (error: 4)
L 08/20/2021 - 06:58:40: [SM] Blaming: dm_trick.smx
L 08/20/2021 - 06:58:40: [SM] Call stack trace:
L 08/20/2021 - 06:58:40: [SM]   [0] DBResultSet.HasResults.get
L 08/20/2021 - 06:58:40: [SM]   [1] Line 88, include/trick_menu.sp::load_trick_cl_data_callback
L 08/20/2021 - 07:07:31: Error log file session closed.
L 08/20/2021 - 07:07:40: SourceMod error session started
L 08/20/2021 - 07:07:40: Info (map "surf_trick_gxd") (file "/home/container/csgo/addons/sourcemod/logs/errors_20210820.log")
L 08/20/2021 - 07:07:40: [SM] Exception reported: Invalid query Handle 0 (error: 4)
L 08/20/2021 - 07:07:40: [SM] Blaming: dm_trick.smx
L 08/20/2021 - 07:07:40: [SM] Call stack trace:
L 08/20/2021 - 07:07:40: [SM]   [0] DBResultSet.HasResults.get
L 08/20/2021 - 07:07:40: [SM]   [1] Line 129, include/saveloc.sp::load_loc_cl_data_callback
L 08/20/2021 - 07:07:44: Error log file session closed.
L 08/20/2021 - 07:07:49: SourceMod error session started
L 08/20/2021 - 07:07:49: Info (map "surf_trick_gxd") (file "/home/container/csgo/addons/sourcemod/logs/errors_20210820.log")
L 08/20/2021 - 07:07:49: [SM] Exception reported: Entity 1 (1) is invalid
L 08/20/2021 - 07:07:49: [SM] Blaming: DisableRadar.smx
L 08/20/2021 - 07:07:49: [SM] Call stack trace:
L 08/20/2021 - 07:07:49: [SM]   [0] GetEntProp
L 08/20/2021 - 07:07:49: [SM]   [1] Line 33, /home/forums/content/files/2/4/8/3/8/6/133573.attach::RemoveRadar
L 08/20/2021 - 07:07:49: [SM] Exception reported: Entity 1 (1) is invalid
L 08/20/2021 - 07:07:49: [SM] Blaming: DisableRadar.smx
L 08/20/2021 - 07:07:49: [SM] Call stack trace:
L 08/20/2021 - 07:07:49: [SM]   [0] GetEntProp
L 08/20/2021 - 07:07:49: [SM]   [1] Line 33, /home/forums/content/files/2/4/8/3/8/6/133573.attach::RemoveRadar
L 08/20/2021 - 07:07:52: [SM] Exception reported: Invalid query Handle 0 (error: 4)
L 08/20/2021 - 07:07:52: [SM] Blaming: dm_trick.smx
L 08/20/2021 - 07:07:52: [SM] Call stack trace:
L 08/20/2021 - 07:07:52: [SM]   [0] DBResultSet.HasResults.get
L 08/20/2021 - 07:07:52: [SM]   [1] Line 129, include/saveloc.sp::load_loc_cl_data_callback
L 08/20/2021 - 07:07:56: Error log file session closed.
L 08/20/2021 - 07:08:04: SourceMod error session started
L 08/20/2021 - 07:08:04: Info (map "surf_trick_gxd") (file "/home/container/csgo/addons/sourcemod/logs/errors_20210820.log")
L 08/20/2021 - 07:08:04: [SM] Exception reported: Invalid query Handle 0 (error: 4)
L 08/20/2021 - 07:08:04: [SM] Blaming: dm_trick.smx
L 08/20/2021 - 07:08:04: [SM] Call stack trace:
L 08/20/2021 - 07:08:04: [SM]   [0] DBResultSet.HasResults.get
L 08/20/2021 - 07:08:04: [SM]   [1] Line 129, include/saveloc.sp::load_loc_cl_data_callback
L 08/20/2021 - 07:11:35: Error log file session closed.
L 08/20/2021 - 07:11:35: SourceMod error session started
L 08/20/2021 - 07:11:35: Info (map "surf_trick_gxd") (file "/home/container/csgo/addons/sourcemod/logs/errors_20210820.log")
L 08/20/2021 - 07:11:35: [SM] Exception reported: Invalid database Handle 0 (error: 4)
L 08/20/2021 - 07:11:35: [SM] Blaming: dm_trick.smx
L 08/20/2021 - 07:11:35: [SM] Call stack trace:
L 08/20/2021 - 07:11:35: [SM]   [0] SQL_TQuery
L 08/20/2021 - 07:11:35: [SM]   [1] Line 10, include/time_online.sp::fix_time_status
L 08/20/2021 - 07:11:35: [SM]   [2] Line 113, c:\Users\Ваня\Desktop\Vse\Программы\SourcePawn\DM_Trick_n_Combat\scripting\dm_trick.sp::OnPluginStart
L 08/20/2021 - 07:11:35: [SM] Unable to load plugin "dm_trick.smx": Error detected in plugin startup (see error logs)
L 08/20/2021 - 07:12:26: Error log file session closed.
L 08/20/2021 - 07:14:19: SourceMod error session started
L 08/20/2021 - 07:14:19: Info (map "surf_trick_gxd") (file "/home/container/csgo/addons/sourcemod/logs/errors_20210820.log")
L 08/20/2021 - 07:14:19: [SM] Exception reported: Invalid database Handle 0 (error: 4)
L 08/20/2021 - 07:14:19: [SM] Blaming: dm_trick.smx
L 08/20/2021 - 07:14:19: [SM] Call stack trace:
L 08/20/2021 - 07:14:19: [SM]   [0] SQL_TQuery
L 08/20/2021 - 07:14:19: [SM]   [1] Line 10, include/time_online.sp::fix_time_status
L 08/20/2021 - 07:14:19: [SM]   [2] Line 113, c:\Users\Ваня\Desktop\Vse\Программы\SourcePawn\DM_Trick_n_Combat\scripting\dm_trick.sp::OnPluginStart
L 08/20/2021 - 07:14:19: [SM] Unable to load plugin "dm_trick.smx": Error detected in plugin startup (see error logs)
L 08/20/2021 - 07:14:32: Error log file session closed.
L 08/20/2021 - 07:18:17: SourceMod error session started
L 08/20/2021 - 07:18:17: Info (map "surf_trick_gxd") (file "/home/container/csgo/addons/sourcemod/logs/errors_20210820.log")
L 08/20/2021 - 07:18:17: [SM] Exception reported: Invalid query Handle 0 (error: 4)
L 08/20/2021 - 07:18:17: [SM] Blaming: dm_trick.smx
L 08/20/2021 - 07:18:17: [SM] Call stack trace:
L 08/20/2021 - 07:18:17: [SM]   [0] DBResultSet.HasResults.get
L 08/20/2021 - 07:18:17: [SM]   [1] Line 129, include/saveloc.sp::load_loc_cl_data_callback
L 08/20/2021 - 08:11:27: Error log file session closed.
L 08/20/2021 - 08:11:32: SourceMod error session started
L 08/20/2021 - 08:11:32: Info (map "surf_trick_gxd") (file "/home/container/csgo/addons/sourcemod/logs/errors_20210820.log")
L 08/20/2021 - 08:11:32: [SM] Exception reported: Invalid query Handle 0 (error: 4)
L 08/20/2021 - 08:11:32: [SM] Blaming: dm_trick.smx
L 08/20/2021 - 08:11:32: [SM] Call stack trace:
L 08/20/2021 - 08:11:32: [SM]   [0] DBResultSet.HasResults.get
L 08/20/2021 - 08:11:32: [SM]   [1] Line 208, include/daily_tricks.sp::timer_daily_callback
L 08/20/2021 - 08:11:41: [SM] Exception reported: Invalid query Handle 0 (error: 4)
L 08/20/2021 - 08:11:41: [SM] Blaming: dm_trick.smx
L 08/20/2021 - 08:11:41: [SM] Call stack trace:
L 08/20/2021 - 08:11:41: [SM]   [0] DBResultSet.HasResults.get
L 08/20/2021 - 08:11:41: [SM]   [1] Line 129, include/saveloc.sp::load_loc_cl_data_callback
L 08/20/2021 - 08:11:55: Error log file session closed.
L 08/20/2021 - 08:12:19: SourceMod error session started
L 08/20/2021 - 08:12:19: Info (map "surf_sarca") (file "/home/container/csgo/addons/sourcemod/logs/errors_20210820.log")
L 08/20/2021 - 08:12:19: [SM] Exception reported: Invalid query Handle 0 (error: 4)
L 08/20/2021 - 08:12:19: [SM] Blaming: dm_trick.smx
L 08/20/2021 - 08:12:19: [SM] Call stack trace:
L 08/20/2021 - 08:12:19: [SM]   [0] DBResultSet.HasResults.get
L 08/20/2021 - 08:12:19: [SM]   [1] Line 129, include/saveloc.sp::load_loc_cl_data_callback
L 08/20/2021 - 08:14:48: Error log file session closed.
L 08/20/2021 - 08:14:55: SourceMod error session started
L 08/20/2021 - 08:14:55: Info (map "surf_sarca") (file "/home/container/csgo/addons/sourcemod/logs/errors_20210820.log")
L 08/20/2021 - 08:14:55: [SM] Exception reported: Invalid query Handle 0 (error: 4)
L 08/20/2021 - 08:14:55: [SM] Blaming: dm_trick.smx
L 08/20/2021 - 08:14:55: [SM] Call stack trace:
L 08/20/2021 - 08:14:55: [SM]   [0] DBResultSet.HasResults.get
L 08/20/2021 - 08:14:55: [SM]   [1] Line 129, include/saveloc.sp::load_loc_cl_data_callback
L 08/20/2021 - 09:03:12: Error log file session closed.
L 08/20/2021 - 09:03:25: SourceMod error session started
L 08/20/2021 - 09:03:25: Info (map "surf_trick_gxd") (file "/home/container/csgo/addons/sourcemod/logs/errors_20210820.log")
L 08/20/2021 - 09:03:25: [SM] Exception reported: Invalid query Handle 0 (error: 4)
L 08/20/2021 - 09:03:25: [SM] Blaming: dm_trick.smx
L 08/20/2021 - 09:03:25: [SM] Call stack trace:
L 08/20/2021 - 09:03:25: [SM]   [0] DBResultSet.HasResults.get
L 08/20/2021 - 09:03:25: [SM]   [1] Line 129, include/saveloc.sp::load_loc_cl_data_callback
L 08/20/2021 - 09:04:34: Error log file session closed.
L 08/20/2021 - 09:04:42: SourceMod error session started
L 08/20/2021 - 09:04:42: Info (map "surf_trick_gxd") (file "/home/container/csgo/addons/sourcemod/logs/errors_20210820.log")
L 08/20/2021 - 09:04:42: [SM] Exception reported: Invalid query Handle 0 (error: 4)
L 08/20/2021 - 09:04:42: [SM] Blaming: dm_trick.smx
L 08/20/2021 - 09:04:42: [SM] Call stack trace:
L 08/20/2021 - 09:04:42: [SM]   [0] DBResultSet.HasResults.get
L 08/20/2021 - 09:04:42: [SM]   [1] Line 129, include/saveloc.sp::load_loc_cl_data_callback
L 08/20/2021 - 09:16:41: [SM] Exception reported: Invalid query Handle 0 (error: 4)
L 08/20/2021 - 09:16:41: [SM] Blaming: dm_trick.smx
L 08/20/2021 - 09:16:41: [SM] Call stack trace:
L 08/20/2021 - 09:16:41: [SM]   [0] DBResultSet.HasResults.get
L 08/20/2021 - 09:16:41: [SM]   [1] Line 208, include/daily_tricks.sp::timer_daily_callback
L 08/20/2021 - 10:09:04: Error log file session closed.
L 08/20/2021 - 10:09:08: SourceMod error session started
L 08/20/2021 - 10:09:08: Info (map "surf_trick_gxd") (file "/home/container/csgo/addons/sourcemod/logs/errors_20210820.log")
L 08/20/2021 - 10:09:08: [SM] Exception reported: Invalid query Handle 0 (error: 4)
L 08/20/2021 - 10:09:08: [SM] Blaming: dm_trick.smx
L 08/20/2021 - 10:09:08: [SM] Call stack trace:
L 08/20/2021 - 10:09:08: [SM]   [0] DBResultSet.HasResults.get
L 08/20/2021 - 10:09:08: [SM]   [1] Line 208, include/daily_tricks.sp::timer_daily_callback
L 08/20/2021 - 10:10:39: Error log file session closed.
L 08/20/2021 - 10:19:25: SourceMod error session started
L 08/20/2021 - 10:19:25: Info (map "surf_sarca") (file "/home/container/csgo/addons/sourcemod/logs/errors_20210820.log")
L 08/20/2021 - 10:19:25: [SM] Exception reported: Invalid query Handle 0 (error: 4)
L 08/20/2021 - 10:19:25: [SM] Blaming: dm_trick.smx
L 08/20/2021 - 10:19:25: [SM] Call stack trace:
L 08/20/2021 - 10:19:25: [SM]   [0] DBResultSet.HasResults.get
L 08/20/2021 - 10:19:25: [SM]   [1] Line 129, include/saveloc.sp::load_loc_cl_data_callback
L 08/20/2021 - 10:27:50: Error log file session closed.
L 08/20/2021 - 10:27:58: SourceMod error session started
L 08/20/2021 - 10:27:58: Info (map "surf_sarca") (file "/home/container/csgo/addons/sourcemod/logs/errors_20210820.log")
L 08/20/2021 - 10:27:58: [SM] Exception reported: Invalid query Handle 0 (error: 4)
L 08/20/2021 - 10:27:58: [SM] Blaming: dm_trick.smx
L 08/20/2021 - 10:27:58: [SM] Call stack trace:
L 08/20/2021 - 10:27:58: [SM]   [0] DBResultSet.HasResults.get
L 08/20/2021 - 10:27:58: [SM]   [1] Line 129, include/saveloc.sp::load_loc_cl_data_callback
L 08/20/2021 - 12:04:02: Error log file session closed.
L 08/20/2021 - 12:04:18: SourceMod error session started
L 08/20/2021 - 12:04:18: Info (map "surf_trick_gxd") (file "/home/container/csgo/addons/sourcemod/logs/errors_20210820.log")
L 08/20/2021 - 12:04:18: [SM] Exception reported: Invalid query Handle 0 (error: 4)
L 08/20/2021 - 12:04:18: [SM] Blaming: dm_trick.smx
L 08/20/2021 - 12:04:18: [SM] Call stack trace:
L 08/20/2021 - 12:04:18: [SM]   [0] DBResultSet.HasResults.get
L 08/20/2021 - 12:04:18: [SM]   [1] Line 129, include/saveloc.sp::load_loc_cl_data_callback
L 08/20/2021 - 12:08:06: [SM] Exception reported: Invalid query Handle 0 (error: 4)
L 08/20/2021 - 12:08:06: [SM] Blaming: dm_trick.smx
L 08/20/2021 - 12:08:06: [SM] Call stack trace:
L 08/20/2021 - 12:08:06: [SM]   [0] DBResultSet.HasResults.get
L 08/20/2021 - 12:08:06: [SM]   [1] Line 208, include/daily_tricks.sp::timer_daily_callback
L 08/20/2021 - 14:54:26: Error log file session closed.
L 08/20/2021 - 14:54:31: SourceMod error session started
L 08/20/2021 - 14:54:31: Info (map "surf_trick_gxd") (file "/home/container/csgo/addons/sourcemod/logs/errors_20210820.log")
L 08/20/2021 - 14:54:31: [SM] Exception reported: Invalid query Handle 0 (error: 4)
L 08/20/2021 - 14:54:31: [SM] Blaming: dm_trick.smx
L 08/20/2021 - 14:54:31: [SM] Call stack trace:
L 08/20/2021 - 14:54:31: [SM]   [0] DBResultSet.HasResults.get
L 08/20/2021 - 14:54:31: [SM]   [1] Line 208, include/daily_tricks.sp::timer_daily_callback
L 08/20/2021 - 14:54:46: [SM] Exception reported: Invalid query Handle 0 (error: 4)
L 08/20/2021 - 14:54:46: [SM] Blaming: dm_trick.smx
L 08/20/2021 - 14:54:46: [SM] Call stack trace:
L 08/20/2021 - 14:54:46: [SM]   [0] DBResultSet.HasResults.get
L 08/20/2021 - 14:54:46: [SM]   [1] Line 129, include/saveloc.sp::load_loc_cl_data_callback
L 08/20/2021 - 16:16:08: Error log file session closed.
L 08/20/2021 - 16:16:16: SourceMod error session started
L 08/20/2021 - 16:16:16: Info (map "surf_trick_gxd") (file "/home/container/csgo/addons/sourcemod/logs/errors_20210820.log")
L 08/20/2021 - 16:16:16: [SM] Exception reported: Invalid query Handle 0 (error: 4)
L 08/20/2021 - 16:16:16: [SM] Blaming: dm_trick.smx
L 08/20/2021 - 16:16:16: [SM] Call stack trace:
L 08/20/2021 - 16:16:16: [SM]   [0] DBResultSet.HasResults.get
L 08/20/2021 - 16:16:16: [SM]   [1] Line 129, include/saveloc.sp::load_loc_cl_data_callback
L 08/20/2021 - 16:47:47: Error log file session closed.
L 08/20/2021 - 16:47:55: SourceMod error session started
L 08/20/2021 - 16:47:55: Info (map "surf_trick_gxd") (file "/home/container/csgo/addons/sourcemod/logs/errors_20210820.log")
L 08/20/2021 - 16:47:55: [SM] Exception reported: Invalid query Handle 0 (error: 4)
L 08/20/2021 - 16:47:55: [SM] Blaming: dm_trick.smx
L 08/20/2021 - 16:47:55: [SM] Call stack trace:
L 08/20/2021 - 16:47:55: [SM]   [0] DBResultSet.HasResults.get
L 08/20/2021 - 16:47:55: [SM]   [1] Line 129, include/saveloc.sp::load_loc_cl_data_callback
L 08/20/2021 - 18:12:22: [SM] Exception reported: Client index 814 is invalid
L 08/20/2021 - 18:12:22: [SM] Blaming: sm_hide.smx
L 08/20/2021 - 18:12:22: [SM] Call stack trace:
L 08/20/2021 - 18:12:22: [SM]   [0] GetClientTeam
L 08/20/2021 - 18:12:22: [SM]   [1] Line 141, /home/forums/content/files/2/7/7/4/6/3/183646.attach::OnNormalSoundPlayed
L 08/20/2021 - 18:13:33: [SM] Exception reported: Client index 816 is invalid
L 08/20/2021 - 18:13:33: [SM] Blaming: sm_hide.smx
L 08/20/2021 - 18:13:33: [SM] Call stack trace:
L 08/20/2021 - 18:13:33: [SM]   [0] GetClientTeam
L 08/20/2021 - 18:13:33: [SM]   [1] Line 141, /home/forums/content/files/2/7/7/4/6/3/183646.attach::OnNormalSoundPlayed
L 08/20/2021 - 18:13:34: [SM] Exception reported: Client index 816 is invalid
L 08/20/2021 - 18:13:34: [SM] Blaming: sm_hide.smx
L 08/20/2021 - 18:13:34: [SM] Call stack trace:
L 08/20/2021 - 18:13:34: [SM]   [0] GetClientTeam
L 08/20/2021 - 18:13:34: [SM]   [1] Line 141, /home/forums/content/files/2/7/7/4/6/3/183646.attach::OnNormalSoundPlayed
L 08/20/2021 - 18:13:36: [SM] Exception reported: Client index 816 is invalid
L 08/20/2021 - 18:13:36: [SM] Blaming: sm_hide.smx
L 08/20/2021 - 18:13:36: [SM] Call stack trace:
L 08/20/2021 - 18:13:36: [SM]   [0] GetClientTeam
L 08/20/2021 - 18:13:36: [SM]   [1] Line 141, /home/forums/content/files/2/7/7/4/6/3/183646.attach::OnNormalSoundPlayed
L 08/20/2021 - 18:13:39: [SM] Exception reported: Client index 816 is invalid
L 08/20/2021 - 18:13:39: [SM] Blaming: sm_hide.smx
L 08/20/2021 - 18:13:39: [SM] Call stack trace:
L 08/20/2021 - 18:13:39: [SM]   [0] GetClientTeam
L 08/20/2021 - 18:13:39: [SM]   [1] Line 141, /home/forums/content/files/2/7/7/4/6/3/183646.attach::OnNormalSoundPlayed
L 08/20/2021 - 18:13:43: [SM] Exception reported: Client index 816 is invalid
L 08/20/2021 - 18:13:43: [SM] Blaming: sm_hide.smx
L 08/20/2021 - 18:13:43: [SM] Call stack trace:
L 08/20/2021 - 18:13:43: [SM]   [0] GetClientTeam
L 08/20/2021 - 18:13:43: [SM]   [1] Line 141, /home/forums/content/files/2/7/7/4/6/3/183646.attach::OnNormalSoundPlayed
L 08/20/2021 - 18:13:45: [SM] Exception reported: Client index 816 is invalid
L 08/20/2021 - 18:13:45: [SM] Blaming: sm_hide.smx
L 08/20/2021 - 18:13:45: [SM] Call stack trace:
L 08/20/2021 - 18:13:45: [SM]   [0] GetClientTeam
L 08/20/2021 - 18:13:45: [SM]   [1] Line 141, /home/forums/content/files/2/7/7/4/6/3/183646.attach::OnNormalSoundPlayed
L 08/20/2021 - 18:13:56: [SM] Exception reported: Client index 816 is invalid
L 08/20/2021 - 18:13:56: [SM] Blaming: sm_hide.smx
L 08/20/2021 - 18:13:56: [SM] Call stack trace:
L 08/20/2021 - 18:13:56: [SM]   [0] GetClientTeam
L 08/20/2021 - 18:13:56: [SM]   [1] Line 141, /home/forums/content/files/2/7/7/4/6/3/183646.attach::OnNormalSoundPlayed
L 08/20/2021 - 18:13:57: [SM] Exception reported: Client index 816 is invalid
L 08/20/2021 - 18:13:57: [SM] Blaming: sm_hide.smx
L 08/20/2021 - 18:13:57: [SM] Call stack trace:
L 08/20/2021 - 18:13:57: [SM]   [0] GetClientTeam
L 08/20/2021 - 18:13:57: [SM]   [1] Line 141, /home/forums/content/files/2/7/7/4/6/3/183646.attach::OnNormalSoundPlayed
L 08/20/2021 - 18:14:07: [SM] Exception reported: Client index 816 is invalid
L 08/20/2021 - 18:14:07: [SM] Blaming: sm_hide.smx
L 08/20/2021 - 18:14:07: [SM] Call stack trace:
L 08/20/2021 - 18:14:07: [SM]   [0] GetClientTeam
L 08/20/2021 - 18:14:07: [SM]   [1] Line 141, /home/forums/content/files/2/7/7/4/6/3/183646.attach::OnNormalSoundPlayed
L 08/20/2021 - 18:15:56: [SM] Exception reported: Client 2 is not in game
L 08/20/2021 - 18:15:56: [SM] Blaming: sm_hide.smx
L 08/20/2021 - 18:15:56: [SM] Call stack trace:
L 08/20/2021 - 18:15:56: [SM]   [0] GetClientTeam
L 08/20/2021 - 18:15:56: [SM]   [1] Line 165, /home/forums/content/files/2/7/7/4/6/3/183646.attach::CSS_Hook_ShotgunShot
L 08/20/2021 - 18:15:59: [SM] Exception reported: Client 2 is not in game
L 08/20/2021 - 18:15:59: [SM] Blaming: sm_hide.smx
L 08/20/2021 - 18:15:59: [SM] Call stack trace:
L 08/20/2021 - 18:15:59: [SM]   [0] GetClientTeam
L 08/20/2021 - 18:15:59: [SM]   [1] Line 165, /home/forums/content/files/2/7/7/4/6/3/183646.attach::CSS_Hook_ShotgunShot
L 08/20/2021 - 18:16:12: [SM] Exception reported: Client 2 is not in game
L 08/20/2021 - 18:16:12: [SM] Blaming: sm_hide.smx
L 08/20/2021 - 18:16:12: [SM] Call stack trace:
L 08/20/2021 - 18:16:12: [SM]   [0] GetClientTeam
L 08/20/2021 - 18:16:12: [SM]   [1] Line 165, /home/forums/content/files/2/7/7/4/6/3/183646.attach::CSS_Hook_ShotgunShot
L 08/20/2021 - 18:16:53: [SM] Exception reported: Client index 816 is invalid
L 08/20/2021 - 18:16:53: [SM] Blaming: sm_hide.smx
L 08/20/2021 - 18:16:53: [SM] Call stack trace:
L 08/20/2021 - 18:16:53: [SM]   [0] GetClientTeam
L 08/20/2021 - 18:16:53: [SM]   [1] Line 141, /home/forums/content/files/2/7/7/4/6/3/183646.attach::OnNormalSoundPlayed
L 08/20/2021 - 18:16:56: [SM] Exception reported: Client 2 is not in game
L 08/20/2021 - 18:16:56: [SM] Blaming: sm_hide.smx
L 08/20/2021 - 18:16:56: [SM] Call stack trace:
L 08/20/2021 - 18:16:56: [SM]   [0] GetClientTeam
L 08/20/2021 - 18:16:56: [SM]   [1] Line 165, /home/forums/content/files/2/7/7/4/6/3/183646.attach::CSS_Hook_ShotgunShot
L 08/20/2021 - 18:17:14: [SM] Exception reported: Client 2 is not in game
L 08/20/2021 - 18:17:14: [SM] Blaming: sm_hide.smx
L 08/20/2021 - 18:17:14: [SM] Call stack trace:
L 08/20/2021 - 18:17:15: [SM]   [0] GetClientTeam
L 08/20/2021 - 18:17:15: [SM]   [1] Line 165, /home/forums/content/files/2/7/7/4/6/3/183646.attach::CSS_Hook_ShotgunShot
L 08/20/2021 - 18:17:16: [SM] Exception reported: Client index 822 is invalid
L 08/20/2021 - 18:17:16: [SM] Blaming: sm_hide.smx
L 08/20/2021 - 18:17:16: [SM] Call stack trace:
L 08/20/2021 - 18:17:16: [SM]   [0] GetClientTeam
L 08/20/2021 - 18:17:16: [SM]   [1] Line 141, /home/forums/content/files/2/7/7/4/6/3/183646.attach::OnNormalSoundPlayed
L 08/20/2021 - 18:17:18: [SM] Exception reported: Client index 822 is invalid
L 08/20/2021 - 18:17:18: [SM] Blaming: sm_hide.smx
L 08/20/2021 - 18:17:18: [SM] Call stack trace:
L 08/20/2021 - 18:17:18: [SM]   [0] GetClientTeam
L 08/20/2021 - 18:17:18: [SM]   [1] Line 141, /home/forums/content/files/2/7/7/4/6/3/183646.attach::OnNormalSoundPlayed
L 08/20/2021 - 18:17:19: [SM] Exception reported: Client index 822 is invalid
L 08/20/2021 - 18:17:19: [SM] Blaming: sm_hide.smx
L 08/20/2021 - 18:17:19: [SM] Call stack trace:
L 08/20/2021 - 18:17:19: [SM]   [0] GetClientTeam
L 08/20/2021 - 18:17:19: [SM]   [1] Line 141, /home/forums/content/files/2/7/7/4/6/3/183646.attach::OnNormalSoundPlayed
L 08/20/2021 - 18:17:20: [SM] Exception reported: Client 2 is not in game
L 08/20/2021 - 18:17:20: [SM] Blaming: sm_hide.smx
L 08/20/2021 - 18:17:20: [SM] Call stack trace:
L 08/20/2021 - 18:17:20: [SM]   [0] GetClientTeam
L 08/20/2021 - 18:17:20: [SM]   [1] Line 165, /home/forums/content/files/2/7/7/4/6/3/183646.attach::CSS_Hook_ShotgunShot
L 08/20/2021 - 18:17:35: [SM] Exception reported: Client 2 is not in game
L 08/20/2021 - 18:17:35: [SM] Blaming: sm_hide.smx
L 08/20/2021 - 18:17:35: [SM] Call stack trace:
L 08/20/2021 - 18:17:35: [SM]   [0] GetClientTeam
L 08/20/2021 - 18:17:35: [SM]   [1] Line 165, /home/forums/content/files/2/7/7/4/6/3/183646.attach::CSS_Hook_ShotgunShot
L 08/20/2021 - 18:17:40: [SM] Exception reported: Client 2 is not in game
L 08/20/2021 - 18:17:40: [SM] Blaming: sm_hide.smx
L 08/20/2021 - 18:17:40: [SM] Call stack trace:
L 08/20/2021 - 18:17:40: [SM]   [0] GetClientTeam
L 08/20/2021 - 18:17:40: [SM]   [1] Line 165, /home/forums/content/files/2/7/7/4/6/3/183646.attach::CSS_Hook_ShotgunShot
L 08/20/2021 - 18:17:45: [SM] Exception reported: Client 2 is not in game
L 08/20/2021 - 18:17:45: [SM] Blaming: sm_hide.smx
L 08/20/2021 - 18:17:45: [SM] Call stack trace:
L 08/20/2021 - 18:17:45: [SM]   [0] GetClientTeam
L 08/20/2021 - 18:17:45: [SM]   [1] Line 165, /home/forums/content/files/2/7/7/4/6/3/183646.attach::CSS_Hook_ShotgunShot
L 08/20/2021 - 18:18:09: [SM] Exception reported: Client index 822 is invalid
L 08/20/2021 - 18:18:09: [SM] Blaming: sm_hide.smx
L 08/20/2021 - 18:18:09: [SM] Call stack trace:
L 08/20/2021 - 18:18:09: [SM]   [0] GetClientTeam
L 08/20/2021 - 18:18:09: [SM]   [1] Line 141, /home/forums/content/files/2/7/7/4/6/3/183646.attach::OnNormalSoundPlayed
L 08/20/2021 - 18:18:10: [SM] Exception reported: Client index 822 is invalid
L 08/20/2021 - 18:18:10: [SM] Blaming: sm_hide.smx
L 08/20/2021 - 18:18:10: [SM] Call stack trace:
L 08/20/2021 - 18:18:10: [SM]   [0] GetClientTeam
L 08/20/2021 - 18:18:10: [SM]   [1] Line 141, /home/forums/content/files/2/7/7/4/6/3/183646.attach::OnNormalSoundPlayed
L 08/20/2021 - 18:18:12: [SM] Exception reported: Client index 822 is invalid
L 08/20/2021 - 18:18:12: [SM] Blaming: sm_hide.smx
L 08/20/2021 - 18:18:12: [SM] Call stack trace:
L 08/20/2021 - 18:18:12: [SM]   [0] GetClientTeam
L 08/20/2021 - 18:18:12: [SM]   [1] Line 141, /home/forums/content/files/2/7/7/4/6/3/183646.attach::OnNormalSoundPlayed
L 08/20/2021 - 18:18:12: [SM] Exception reported: Client 2 is not in game
L 08/20/2021 - 18:18:12: [SM] Blaming: sm_hide.smx
L 08/20/2021 - 18:18:12: [SM] Call stack trace:
L 08/20/2021 - 18:18:12: [SM]   [0] GetClientTeam
L 08/20/2021 - 18:18:12: [SM]   [1] Line 165, /home/forums/content/files/2/7/7/4/6/3/183646.attach::CSS_Hook_ShotgunShot
L 08/20/2021 - 18:18:13: [SM] Exception reported: Client index 816 is invalid
L 08/20/2021 - 18:18:13: [SM] Blaming: sm_hide.smx
L 08/20/2021 - 18:18:13: [SM] Call stack trace:
L 08/20/2021 - 18:18:13: [SM]   [0] GetClientTeam
L 08/20/2021 - 18:18:13: [SM]   [1] Line 141, /home/forums/content/files/2/7/7/4/6/3/183646.attach::OnNormalSoundPlayed
L 08/20/2021 - 18:18:13: [SM] Exception reported: Client index 822 is invalid
L 08/20/2021 - 18:18:13: [SM] Blaming: sm_hide.smx
L 08/20/2021 - 18:18:13: [SM] Call stack trace:
L 08/20/2021 - 18:18:13: [SM]   [0] GetClientTeam
L 08/20/2021 - 18:18:13: [SM]   [1] Line 141, /home/forums/content/files/2/7/7/4/6/3/183646.attach::OnNormalSoundPlayed
L 08/20/2021 - 18:18:14: [SM] Exception reported: Client index 822 is invalid
L 08/20/2021 - 18:18:14: [SM] Blaming: sm_hide.smx
L 08/20/2021 - 18:18:14: [SM] Call stack trace:
L 08/20/2021 - 18:18:14: [SM]   [0] GetClientTeam
L 08/20/2021 - 18:18:14: [SM]   [1] Line 141, /home/forums/content/files/2/7/7/4/6/3/183646.attach::OnNormalSoundPlayed
L 08/20/2021 - 18:18:15: [SM] Exception reported: Client index 822 is invalid
L 08/20/2021 - 18:18:15: [SM] Blaming: sm_hide.smx
L 08/20/2021 - 18:18:15: [SM] Call stack trace:
L 08/20/2021 - 18:18:15: [SM]   [0] GetClientTeam
L 08/20/2021 - 18:18:15: [SM]   [1] Line 141, /home/forums/content/files/2/7/7/4/6/3/183646.attach::OnNormalSoundPlayed
L 08/20/2021 - 18:18:16: [SM] Exception reported: Client index 816 is invalid
L 08/20/2021 - 18:18:16: [SM] Blaming: sm_hide.smx
L 08/20/2021 - 18:18:16: [SM] Call stack trace:
L 08/20/2021 - 18:18:16: [SM]   [0] GetClientTeam
L 08/20/2021 - 18:18:16: [SM]   [1] Line 141, /home/forums/content/files/2/7/7/4/6/3/183646.attach::OnNormalSoundPlayed
L 08/20/2021 - 18:18:16: [SM] Exception reported: Client 2 is not in game
L 08/20/2021 - 18:18:16: [SM] Blaming: sm_hide.smx
L 08/20/2021 - 18:18:16: [SM] Call stack trace:
L 08/20/2021 - 18:18:16: [SM]   [0] GetClientTeam
L 08/20/2021 - 18:18:16: [SM]   [1] Line 165, /home/forums/content/files/2/7/7/4/6/3/183646.attach::CSS_Hook_ShotgunShot
L 08/20/2021 - 18:18:18: [SM] Exception reported: Client 2 is not in game
L 08/20/2021 - 18:18:18: [SM] Blaming: sm_hide.smx
L 08/20/2021 - 18:18:18: [SM] Call stack trace:
L 08/20/2021 - 18:18:18: [SM]   [0] GetClientTeam
L 08/20/2021 - 18:18:18: [SM]   [1] Line 165, /home/forums/content/files/2/7/7/4/6/3/183646.attach::CSS_Hook_ShotgunShot
L 08/20/2021 - 18:18:21: [SM] Exception reported: Client index 822 is invalid
L 08/20/2021 - 18:18:21: [SM] Blaming: sm_hide.smx
L 08/20/2021 - 18:18:21: [SM] Call stack trace:
L 08/20/2021 - 18:18:21: [SM]   [0] GetClientTeam
L 08/20/2021 - 18:18:21: [SM]   [1] Line 141, /home/forums/content/files/2/7/7/4/6/3/183646.attach::OnNormalSoundPlayed
L 08/20/2021 - 18:18:30: [SM] Exception reported: Client 2 is not in game
L 08/20/2021 - 18:18:30: [SM] Blaming: sm_hide.smx
L 08/20/2021 - 18:18:30: [SM] Call stack trace:
L 08/20/2021 - 18:18:30: [SM]   [0] GetClientTeam
L 08/20/2021 - 18:18:30: [SM]   [1] Line 165, /home/forums/content/files/2/7/7/4/6/3/183646.attach::CSS_Hook_ShotgunShot
L 08/20/2021 - 18:18:34: [SM] Exception reported: Client 2 is not in game
L 08/20/2021 - 18:18:34: [SM] Blaming: sm_hide.smx
L 08/20/2021 - 18:18:34: [SM] Call stack trace:
L 08/20/2021 - 18:18:34: [SM]   [0] GetClientTeam
L 08/20/2021 - 18:18:34: [SM]   [1] Line 165, /home/forums/content/files/2/7/7/4/6/3/183646.attach::CSS_Hook_ShotgunShot
L 08/20/2021 - 18:18:36: [SM] Exception reported: Client 2 is not in game
L 08/20/2021 - 18:18:36: [SM] Blaming: sm_hide.smx
L 08/20/2021 - 18:18:36: [SM] Call stack trace:
L 08/20/2021 - 18:18:36: [SM]   [0] GetClientTeam
L 08/20/2021 - 18:18:36: [SM]   [1] Line 165, /home/forums/content/files/2/7/7/4/6/3/183646.attach::CSS_Hook_ShotgunShot
L 08/20/2021 - 18:18:43: [SM] Exception reported: Client 2 is not in game
L 08/20/2021 - 18:18:43: [SM] Blaming: sm_hide.smx
L 08/20/2021 - 18:18:43: [SM] Call stack trace:
L 08/20/2021 - 18:18:43: [SM]   [0] GetClientTeam
L 08/20/2021 - 18:18:43: [SM]   [1] Line 165, /home/forums/content/files/2/7/7/4/6/3/183646.attach::CSS_Hook_ShotgunShot
L 08/20/2021 - 18:19:37: [SM] Exception reported: Client 2 is not in game
L 08/20/2021 - 18:19:37: [SM] Blaming: sm_hide.smx
L 08/20/2021 - 18:19:37: [SM] Call stack trace:
L 08/20/2021 - 18:19:37: [SM]   [0] GetClientTeam
L 08/20/2021 - 18:19:37: [SM]   [1] Line 165, /home/forums/content/files/2/7/7/4/6/3/183646.attach::CSS_Hook_ShotgunShot
L 08/20/2021 - 18:19:50: [SM] Exception reported: Client 2 is not in game
L 08/20/2021 - 18:19:50: [SM] Blaming: sm_hide.smx
L 08/20/2021 - 18:19:50: [SM] Call stack trace:
L 08/20/2021 - 18:19:50: [SM]   [0] GetClientTeam
L 08/20/2021 - 18:19:50: [SM]   [1] Line 165, /home/forums/content/files/2/7/7/4/6/3/183646.attach::CSS_Hook_ShotgunShot
L 08/20/2021 - 18:20:03: [SM] Exception reported: Client 2 is not in game
L 08/20/2021 - 18:20:03: [SM] Blaming: sm_hide.smx
L 08/20/2021 - 18:20:03: [SM] Call stack trace:
L 08/20/2021 - 18:20:03: [SM]   [0] GetClientTeam
L 08/20/2021 - 18:20:03: [SM]   [1] Line 165, /home/forums/content/files/2/7/7/4/6/3/183646.attach::CSS_Hook_ShotgunShot
L 08/20/2021 - 18:20:10: [SM] Exception reported: Client 2 is not in game
L 08/20/2021 - 18:20:10: [SM] Blaming: sm_hide.smx
L 08/20/2021 - 18:20:10: [SM] Call stack trace:
L 08/20/2021 - 18:20:10: [SM]   [0] GetClientTeam
L 08/20/2021 - 18:20:10: [SM]   [1] Line 165, /home/forums/content/files/2/7/7/4/6/3/183646.attach::CSS_Hook_ShotgunShot
L 08/20/2021 - 20:44:57: [SM] Exception reported: Client index 861 is invalid
L 08/20/2021 - 20:44:57: [SM] Blaming: sm_hide.smx
L 08/20/2021 - 20:44:57: [SM] Call stack trace:
L 08/20/2021 - 20:44:57: [SM]   [0] GetClientTeam
L 08/20/2021 - 20:44:57: [SM]   [1] Line 141, /home/forums/content/files/2/7/7/4/6/3/183646.attach::OnNormalSoundPlayed
L 08/20/2021 - 20:44:57: [SM] Exception reported: Client index 861 is invalid
L 08/20/2021 - 20:44:57: [SM] Blaming: sm_hide.smx
L 08/20/2021 - 20:44:57: [SM] Call stack trace:
L 08/20/2021 - 20:44:57: [SM]   [0] GetClientTeam
L 08/20/2021 - 20:44:57: [SM]   [1] Line 141, /home/forums/content/files/2/7/7/4/6/3/183646.attach::OnNormalSoundPlayed
L 08/20/2021 - 20:44:58: [SM] Exception reported: Client index 861 is invalid
L 08/20/2021 - 20:44:58: [SM] Blaming: sm_hide.smx
L 08/20/2021 - 20:44:58: [SM] Call stack trace:
L 08/20/2021 - 20:44:58: [SM]   [0] GetClientTeam
L 08/20/2021 - 20:44:58: [SM]   [1] Line 141, /home/forums/content/files/2/7/7/4/6/3/183646.attach::OnNormalSoundPlayed
L 08/20/2021 - 20:45:03: [SM] Exception reported: Client index 861 is invalid
L 08/20/2021 - 20:45:03: [SM] Blaming: sm_hide.smx
L 08/20/2021 - 20:45:03: [SM] Call stack trace:
L 08/20/2021 - 20:45:03: [SM]   [0] GetClientTeam
L 08/20/2021 - 20:45:03: [SM]   [1] Line 141, /home/forums/content/files/2/7/7/4/6/3/183646.attach::OnNormalSoundPlayed
L 08/20/2021 - 21:43:40: [SM] Exception reported: Invalid query Handle 0 (error: 4)
L 08/20/2021 - 21:43:40: [SM] Blaming: dm_trick.smx
L 08/20/2021 - 21:43:40: [SM] Call stack trace:
L 08/20/2021 - 21:43:40: [SM]   [0] DBResultSet.HasResults.get
L 08/20/2021 - 21:43:40: [SM]   [1] Line 208, include/daily_tricks.sp::timer_daily_callback
L 08/20/2021 - 22:56:59: [SM] Exception reported: Client 6 is not in game
L 08/20/2021 - 22:56:59: [SM] Blaming: dm_trick.smx
L 08/20/2021 - 22:56:59: [SM] Call stack trace:
L 08/20/2021 - 22:56:59: [SM]   [0] IsPlayerAlive
L 08/20/2021 - 22:56:59: [SM]   [1] Line 36, include/saveloc.sp::cmd_teleport
L 08/21/2021 - 00:05:37: Error log file session closed.
