L 08/17/2021 - 00:27:02: SourceMod error session started
L 08/17/2021 - 00:27:02: Info (map "surf_trick_g") (file "/home/container/csgo/addons/sourcemod/logs/errors_20210817.log")
L 08/17/2021 - 00:27:02: [SM] Exception reported: Invalid query Handle 0 (error: 4)
L 08/17/2021 - 00:27:02: [SM] Blaming: dm_trick.smx
L 08/17/2021 - 00:27:02: [SM] Call stack trace:
L 08/17/2021 - 00:27:02: [SM]   [0] DBResultSet.HasResults.get
L 08/17/2021 - 00:27:02: [SM]   [1] Line 208, include/daily_tricks.sp::timer_daily_callback
L 08/17/2021 - 00:33:16: [SM] Exception reported: Invalid query Handle 0 (error: 4)
L 08/17/2021 - 00:33:16: [SM] Blaming: dm_trick.smx
L 08/17/2021 - 00:33:16: [SM] Call stack trace:
L 08/17/2021 - 00:33:16: [SM]   [0] DBResultSet.HasResults.get
L 08/17/2021 - 00:33:16: [SM]   [1] Line 129, include/saveloc.sp::load_loc_cl_data_callback
L 08/17/2021 - 00:40:38: Error log file session closed.
L 08/17/2021 - 00:43:07: SourceMod error session started
L 08/17/2021 - 00:43:07: Info (map "surf_trick_g") (file "/home/container/csgo/addons/sourcemod/logs/errors_20210817.log")
L 08/17/2021 - 00:43:07: [SM] Exception reported: Invalid query Handle 0 (error: 4)
L 08/17/2021 - 00:43:07: [SM] Blaming: dm_trick.smx
L 08/17/2021 - 00:43:07: [SM] Call stack trace:
L 08/17/2021 - 00:43:07: [SM]   [0] DBResultSet.HasResults.get
L 08/17/2021 - 00:43:07: [SM]   [1] Line 129, include/saveloc.sp::load_loc_cl_data_callback
L 08/17/2021 - 01:21:24: Error log file session closed.
L 08/17/2021 - 01:21:29: SourceMod error session started
L 08/17/2021 - 01:21:29: Info (map "surf_trick_g") (file "/home/container/csgo/addons/sourcemod/logs/errors_20210817.log")
L 08/17/2021 - 01:21:29: [SM] Exception reported: Invalid query Handle 0 (error: 4)
L 08/17/2021 - 01:21:29: [SM] Blaming: dm_trick.smx
L 08/17/2021 - 01:21:29: [SM] Call stack trace:
L 08/17/2021 - 01:21:29: [SM]   [0] DBResultSet.HasResults.get
L 08/17/2021 - 01:21:29: [SM]   [1] Line 208, include/daily_tricks.sp::timer_daily_callback
L 08/17/2021 - 01:21:46: [SM] Exception reported: Invalid query Handle 0 (error: 4)
L 08/17/2021 - 01:21:46: [SM] Blaming: dm_trick.smx
L 08/17/2021 - 01:21:46: [SM] Call stack trace:
L 08/17/2021 - 01:21:46: [SM]   [0] DBResultSet.HasResults.get
L 08/17/2021 - 01:21:46: [SM]   [1] Line 129, include/saveloc.sp::load_loc_cl_data_callback
L 08/17/2021 - 07:52:48: Error log file session closed.
L 08/17/2021 - 07:52:52: SourceMod error session started
L 08/17/2021 - 07:52:52: Info (map "surf_trick_g") (file "/home/container/csgo/addons/sourcemod/logs/errors_20210817.log")
L 08/17/2021 - 07:52:52: [SM] Exception reported: Invalid query Handle 0 (error: 4)
L 08/17/2021 - 07:52:52: [SM] Blaming: dm_trick.smx
L 08/17/2021 - 07:52:52: [SM] Call stack trace:
L 08/17/2021 - 07:52:52: [SM]   [0] DBResultSet.HasResults.get
L 08/17/2021 - 07:52:52: [SM]   [1] Line 208, include/daily_tricks.sp::timer_daily_callback
L 08/17/2021 - 08:37:11: Error log file session closed.
L 08/17/2021 - 08:37:16: SourceMod error session started
L 08/17/2021 - 08:37:16: Info (map "surf_trick_g") (file "/home/container/csgo/addons/sourcemod/logs/errors_20210817.log")
L 08/17/2021 - 08:37:16: [SM] Exception reported: Invalid query Handle 0 (error: 4)
L 08/17/2021 - 08:37:16: [SM] Blaming: dm_trick.smx
L 08/17/2021 - 08:37:16: [SM] Call stack trace:
L 08/17/2021 - 08:37:16: [SM]   [0] DBResultSet.HasResults.get
L 08/17/2021 - 08:37:16: [SM]   [1] Line 208, include/daily_tricks.sp::timer_daily_callback
L 08/17/2021 - 09:45:17: [SM] Exception reported: Invalid query Handle 0 (error: 4)
L 08/17/2021 - 09:45:17: [SM] Blaming: dm_trick.smx
L 08/17/2021 - 09:45:17: [SM] Call stack trace:
L 08/17/2021 - 09:45:17: [SM]   [0] DBResultSet.HasResults.get
L 08/17/2021 - 09:45:17: [SM]   [1] Line 208, include/daily_tricks.sp::timer_daily_callback
L 08/17/2021 - 10:32:52: Error log file session closed.
L 08/17/2021 - 10:32:57: SourceMod error session started
L 08/17/2021 - 10:32:57: Info (map "surf_trick_g") (file "/home/container/csgo/addons/sourcemod/logs/errors_20210817.log")
L 08/17/2021 - 10:32:57: [SM] Exception reported: Invalid query Handle 0 (error: 4)
L 08/17/2021 - 10:32:57: [SM] Blaming: dm_trick.smx
L 08/17/2021 - 10:32:57: [SM] Call stack trace:
L 08/17/2021 - 10:32:57: [SM]   [0] DBResultSet.HasResults.get
L 08/17/2021 - 10:32:57: [SM]   [1] Line 208, include/daily_tricks.sp::timer_daily_callback
L 08/17/2021 - 10:35:43: [SM] Exception reported: Invalid query Handle 0 (error: 4)
L 08/17/2021 - 10:35:43: [SM] Blaming: dm_trick.smx
L 08/17/2021 - 10:35:43: [SM] Call stack trace:
L 08/17/2021 - 10:35:43: [SM]   [0] DBResultSet.HasResults.get
L 08/17/2021 - 10:35:43: [SM]   [1] Line 129, include/saveloc.sp::load_loc_cl_data_callback
L 08/17/2021 - 10:35:43: [SM] Exception reported: Invalid query Handle 0 (error: 4)
L 08/17/2021 - 10:35:43: [SM] Blaming: dm_trick.smx
L 08/17/2021 - 10:35:43: [SM] Call stack trace:
L 08/17/2021 - 10:35:43: [SM]   [0] DBResultSet.HasResults.get
L 08/17/2021 - 10:35:43: [SM]   [1] Line 88, include/trick_menu.sp::load_trick_cl_data_callback
L 08/17/2021 - 11:08:57: Error log file session closed.
L 08/17/2021 - 11:09:02: SourceMod error session started
L 08/17/2021 - 11:09:02: Info (map "surf_trick_g") (file "/home/container/csgo/addons/sourcemod/logs/errors_20210817.log")
L 08/17/2021 - 11:09:02: [SM] Exception reported: Invalid query Handle 0 (error: 4)
L 08/17/2021 - 11:09:02: [SM] Blaming: dm_trick.smx
L 08/17/2021 - 11:09:02: [SM] Call stack trace:
L 08/17/2021 - 11:09:02: [SM]   [0] DBResultSet.HasResults.get
L 08/17/2021 - 11:09:02: [SM]   [1] Line 208, include/daily_tricks.sp::timer_daily_callback
L 08/17/2021 - 11:09:31: [SM] Exception reported: Invalid query Handle 0 (error: 4)
L 08/17/2021 - 11:09:31: [SM] Blaming: dm_trick.smx
L 08/17/2021 - 11:09:31: [SM] Call stack trace:
L 08/17/2021 - 11:09:31: [SM]   [0] DBResultSet.HasResults.get
L 08/17/2021 - 11:09:31: [SM]   [1] Line 129, include/saveloc.sp::load_loc_cl_data_callback
L 08/17/2021 - 11:37:33: Error log file session closed.
L 08/17/2021 - 11:37:38: SourceMod error session started
L 08/17/2021 - 11:37:38: Info (map "surf_trick_g") (file "/home/container/csgo/addons/sourcemod/logs/errors_20210817.log")
L 08/17/2021 - 11:37:38: [SM] Exception reported: Invalid query Handle 0 (error: 4)
L 08/17/2021 - 11:37:38: [SM] Blaming: dm_trick.smx
L 08/17/2021 - 11:37:38: [SM] Call stack trace:
L 08/17/2021 - 11:37:38: [SM]   [0] DBResultSet.HasResults.get
L 08/17/2021 - 11:37:38: [SM]   [1] Line 208, include/daily_tricks.sp::timer_daily_callback
L 08/17/2021 - 11:38:00: [SM] Exception reported: Invalid query Handle 0 (error: 4)
L 08/17/2021 - 11:38:00: [SM] Blaming: dm_trick.smx
L 08/17/2021 - 11:38:00: [SM] Call stack trace:
L 08/17/2021 - 11:38:00: [SM]   [0] DBResultSet.HasResults.get
L 08/17/2021 - 11:38:00: [SM]   [1] Line 129, include/saveloc.sp::load_loc_cl_data_callback
L 08/17/2021 - 13:03:18: Error log file session closed.
L 08/17/2021 - 13:03:23: SourceMod error session started
L 08/17/2021 - 13:03:23: Info (map "surf_trick_g") (file "/home/container/csgo/addons/sourcemod/logs/errors_20210817.log")
L 08/17/2021 - 13:03:23: [SM] Exception reported: Invalid query Handle 0 (error: 4)
L 08/17/2021 - 13:03:23: [SM] Blaming: dm_trick.smx
L 08/17/2021 - 13:03:23: [SM] Call stack trace:
L 08/17/2021 - 13:03:23: [SM]   [0] DBResultSet.HasResults.get
L 08/17/2021 - 13:03:23: [SM]   [1] Line 208, include/daily_tricks.sp::timer_daily_callback
L 08/17/2021 - 13:04:23: [SM] Exception reported: Invalid query Handle 0 (error: 4)
L 08/17/2021 - 13:04:23: [SM] Blaming: dm_trick.smx
L 08/17/2021 - 13:04:23: [SM] Call stack trace:
L 08/17/2021 - 13:04:23: [SM]   [0] DBResultSet.HasResults.get
L 08/17/2021 - 13:04:23: [SM]   [1] Line 129, include/saveloc.sp::load_loc_cl_data_callback
L 08/17/2021 - 13:04:23: [SM] Exception reported: Invalid query Handle 0 (error: 4)
L 08/17/2021 - 13:04:23: [SM] Blaming: dm_trick.smx
L 08/17/2021 - 13:04:23: [SM] Call stack trace:
L 08/17/2021 - 13:04:23: [SM]   [0] DBResultSet.HasResults.get
L 08/17/2021 - 13:04:23: [SM]   [1] Line 88, include/trick_menu.sp::load_trick_cl_data_callback
L 08/17/2021 - 14:09:49: Error log file session closed.
L 08/17/2021 - 14:09:54: SourceMod error session started
L 08/17/2021 - 14:09:54: Info (map "surf_trick_g") (file "/home/container/csgo/addons/sourcemod/logs/errors_20210817.log")
L 08/17/2021 - 14:09:54: [SM] Exception reported: Invalid query Handle 0 (error: 4)
L 08/17/2021 - 14:09:54: [SM] Blaming: dm_trick.smx
L 08/17/2021 - 14:09:54: [SM] Call stack trace:
L 08/17/2021 - 14:09:54: [SM]   [0] DBResultSet.HasResults.get
L 08/17/2021 - 14:09:54: [SM]   [1] Line 208, include/daily_tricks.sp::timer_daily_callback
L 08/17/2021 - 14:10:20: [SM] Exception reported: Invalid query Handle 0 (error: 4)
L 08/17/2021 - 14:10:20: [SM] Blaming: dm_trick.smx
L 08/17/2021 - 14:10:20: [SM] Call stack trace:
L 08/17/2021 - 14:10:20: [SM]   [0] DBResultSet.HasResults.get
L 08/17/2021 - 14:10:20: [SM]   [1] Line 129, include/saveloc.sp::load_loc_cl_data_callback
L 08/17/2021 - 14:10:20: [SM] Exception reported: Invalid query Handle 0 (error: 4)
L 08/17/2021 - 14:10:20: [SM] Blaming: dm_trick.smx
L 08/17/2021 - 14:10:20: [SM] Call stack trace:
L 08/17/2021 - 14:10:20: [SM]   [0] DBResultSet.HasResults.get
L 08/17/2021 - 14:10:20: [SM]   [1] Line 88, include/trick_menu.sp::load_trick_cl_data_callback
L 08/17/2021 - 15:25:49: [SM] Exception reported: Client index 744 is invalid
L 08/17/2021 - 15:25:49: [SM] Blaming: sm_hide.smx
L 08/17/2021 - 15:25:49: [SM] Call stack trace:
L 08/17/2021 - 15:25:49: [SM]   [0] GetClientTeam
L 08/17/2021 - 15:25:49: [SM]   [1] Line 141, /home/forums/content/files/2/7/7/4/6/3/183646.attach::OnNormalSoundPlayed
L 08/17/2021 - 15:47:54: [SM] Exception reported: Client 2 is not in game
L 08/17/2021 - 15:47:54: [SM] Blaming: sm_hide.smx
L 08/17/2021 - 15:47:54: [SM] Call stack trace:
L 08/17/2021 - 15:47:54: [SM]   [0] GetClientTeam
L 08/17/2021 - 15:47:54: [SM]   [1] Line 165, /home/forums/content/files/2/7/7/4/6/3/183646.attach::CSS_Hook_ShotgunShot
L 08/17/2021 - 15:48:04: [SM] Exception reported: Client 2 is not in game
L 08/17/2021 - 15:48:04: [SM] Blaming: sm_hide.smx
L 08/17/2021 - 15:48:04: [SM] Call stack trace:
L 08/17/2021 - 15:48:04: [SM]   [0] GetClientTeam
L 08/17/2021 - 15:48:04: [SM]   [1] Line 165, /home/forums/content/files/2/7/7/4/6/3/183646.attach::CSS_Hook_ShotgunShot
L 08/17/2021 - 17:29:23: Error log file session closed.
L 08/17/2021 - 17:29:55: SourceMod error session started
L 08/17/2021 - 17:29:55: Info (map "surf_trick_g") (file "/home/container/csgo/addons/sourcemod/logs/errors_20210817.log")
L 08/17/2021 - 17:29:55: [SM] Exception reported: Invalid query Handle 0 (error: 4)
L 08/17/2021 - 17:29:55: [SM] Blaming: dm_trick.smx
L 08/17/2021 - 17:29:55: [SM] Call stack trace:
L 08/17/2021 - 17:29:55: [SM]   [0] DBResultSet.HasResults.get
L 08/17/2021 - 17:29:55: [SM]   [1] Line 129, include/saveloc.sp::load_loc_cl_data_callback
L 08/17/2021 - 21:09:33: [SM] Exception reported: Invalid query Handle 0 (error: 4)
L 08/17/2021 - 21:09:33: [SM] Blaming: dm_trick.smx
L 08/17/2021 - 21:09:33: [SM] Call stack trace:
L 08/17/2021 - 21:09:33: [SM]   [0] DBResultSet.HasResults.get
L 08/17/2021 - 21:09:33: [SM]   [1] Line 208, include/daily_tricks.sp::timer_daily_callback
L 08/17/2021 - 21:09:36: Error log file session closed.
L 08/17/2021 - 21:10:07: SourceMod error session started
L 08/17/2021 - 21:10:07: Info (map "surf_trick_g") (file "/home/container/csgo/addons/sourcemod/logs/errors_20210817.log")
L 08/17/2021 - 21:10:07: [SM] Exception reported: Invalid query Handle 0 (error: 4)
L 08/17/2021 - 21:10:07: [SM] Blaming: dm_trick.smx
L 08/17/2021 - 21:10:07: [SM] Call stack trace:
L 08/17/2021 - 21:10:07: [SM]   [0] DBResultSet.HasResults.get
L 08/17/2021 - 21:10:07: [SM]   [1] Line 129, include/saveloc.sp::load_loc_cl_data_callback
L 08/17/2021 - 22:03:34: Error log file session closed.
L 08/17/2021 - 22:03:45: SourceMod error session started
L 08/17/2021 - 22:03:45: Info (map "surf_trick_gxd") (file "/home/container/csgo/addons/sourcemod/logs/errors_20210817.log")
L 08/17/2021 - 22:03:45: [SM] Exception reported: Invalid query Handle 0 (error: 4)
L 08/17/2021 - 22:03:45: [SM] Blaming: dm_trick.smx
L 08/17/2021 - 22:03:45: [SM] Call stack trace:
L 08/17/2021 - 22:03:45: [SM]   [0] DBResultSet.HasResults.get
L 08/17/2021 - 22:03:45: [SM]   [1] Line 129, include/saveloc.sp::load_loc_cl_data_callback
L 08/17/2021 - 22:29:29: Error log file session closed.
L 08/17/2021 - 22:29:37: SourceMod error session started
L 08/17/2021 - 22:29:37: Info (map "surf_trick_gxd") (file "/home/container/csgo/addons/sourcemod/logs/errors_20210817.log")
L 08/17/2021 - 22:29:37: [SM] Exception reported: Invalid query Handle 0 (error: 4)
L 08/17/2021 - 22:29:37: [SM] Blaming: dm_trick.smx
L 08/17/2021 - 22:29:37: [SM] Call stack trace:
L 08/17/2021 - 22:29:37: [SM]   [0] DBResultSet.HasResults.get
L 08/17/2021 - 22:29:37: [SM]   [1] Line 129, include/saveloc.sp::load_loc_cl_data_callback
L 08/17/2021 - 22:29:41: Error log file session closed.
L 08/17/2021 - 22:29:49: SourceMod error session started
L 08/17/2021 - 22:29:49: Info (map "surf_trick_gxd") (file "/home/container/csgo/addons/sourcemod/logs/errors_20210817.log")
L 08/17/2021 - 22:29:49: [SM] Exception reported: Invalid query Handle 0 (error: 4)
L 08/17/2021 - 22:29:49: [SM] Blaming: dm_trick.smx
L 08/17/2021 - 22:29:49: [SM] Call stack trace:
L 08/17/2021 - 22:29:49: [SM]   [0] DBResultSet.HasResults.get
L 08/17/2021 - 22:29:49: [SM]   [1] Line 129, include/saveloc.sp::load_loc_cl_data_callback
L 08/17/2021 - 22:29:53: Error log file session closed.
L 08/17/2021 - 22:30:00: SourceMod error session started
L 08/17/2021 - 22:30:00: Info (map "surf_trick_gxd") (file "/home/container/csgo/addons/sourcemod/logs/errors_20210817.log")
L 08/17/2021 - 22:30:00: [SM] Exception reported: Invalid query Handle 0 (error: 4)
L 08/17/2021 - 22:30:00: [SM] Blaming: dm_trick.smx
L 08/17/2021 - 22:30:00: [SM] Call stack trace:
L 08/17/2021 - 22:30:00: [SM]   [0] DBResultSet.HasResults.get
L 08/17/2021 - 22:30:00: [SM]   [1] Line 129, include/saveloc.sp::load_loc_cl_data_callback
L 08/17/2021 - 22:47:50: [SM] Exception reported: Invalid query Handle 0 (error: 4)
L 08/17/2021 - 22:47:50: [SM] Blaming: dm_trick.smx
L 08/17/2021 - 22:47:50: [SM] Call stack trace:
L 08/17/2021 - 22:47:50: [SM]   [0] DBResultSet.HasResults.get
L 08/17/2021 - 22:47:50: [SM]   [1] Line 208, include/daily_tricks.sp::timer_daily_callback
L 08/17/2021 - 23:08:18: [SM] Exception reported: Invalid Handle 0 (error: 4)
L 08/17/2021 - 23:08:18: [SM] Blaming: dm_trick.smx
L 08/17/2021 - 23:08:18: [SM] Call stack trace:
L 08/17/2021 - 23:08:18: [SM]   [0] ArrayList.Length.get
L 08/17/2021 - 23:08:18: [SM]   [1] Line 795, c:\Users\Ваня\Desktop\Vse\Программы\SourcePawn\DM_Trick_n_Combat\scripting\dm_trick.sp::OnTriggerStartTouch
L 08/17/2021 - 23:08:19: [SM] Exception reported: Invalid Handle 0 (error: 4)
L 08/17/2021 - 23:08:19: [SM] Blaming: dm_trick.smx
L 08/17/2021 - 23:08:19: [SM] Call stack trace:
L 08/17/2021 - 23:08:19: [SM]   [0] ArrayList.Length.get
L 08/17/2021 - 23:08:19: [SM]   [1] Line 795, c:\Users\Ваня\Desktop\Vse\Программы\SourcePawn\DM_Trick_n_Combat\scripting\dm_trick.sp::OnTriggerStartTouch
L 08/17/2021 - 23:08:21: [SM] Exception reported: Invalid Handle 0 (error: 4)
L 08/17/2021 - 23:08:21: [SM] Blaming: dm_trick.smx
L 08/17/2021 - 23:08:21: [SM] Call stack trace:
L 08/17/2021 - 23:08:21: [SM]   [0] ArrayList.Length.get
L 08/17/2021 - 23:08:21: [SM]   [1] Line 681, c:\Users\Ваня\Desktop\Vse\Программы\SourcePawn\DM_Trick_n_Combat\scripting\dm_trick.sp::OnTriggerEndTouch
L 08/17/2021 - 23:08:24: [SM] Exception reported: Invalid Handle 0 (error: 4)
L 08/17/2021 - 23:08:24: [SM] Blaming: dm_trick.smx
L 08/17/2021 - 23:08:24: [SM] Call stack trace:
L 08/17/2021 - 23:08:24: [SM]   [0] ArrayList.Length.get
L 08/17/2021 - 23:08:24: [SM]   [1] Line 795, c:\Users\Ваня\Desktop\Vse\Программы\SourcePawn\DM_Trick_n_Combat\scripting\dm_trick.sp::OnTriggerStartTouch
L 08/17/2021 - 23:08:24: [SM] Exception reported: Invalid Handle 0 (error: 4)
L 08/17/2021 - 23:08:24: [SM] Blaming: dm_trick.smx
L 08/17/2021 - 23:08:24: [SM] Call stack trace:
L 08/17/2021 - 23:08:24: [SM]   [0] ArrayList.Length.get
L 08/17/2021 - 23:08:24: [SM]   [1] Line 681, c:\Users\Ваня\Desktop\Vse\Программы\SourcePawn\DM_Trick_n_Combat\scripting\dm_trick.sp::OnTriggerEndTouch
L 08/17/2021 - 23:08:27: [SM] Exception reported: Invalid Handle 0 (error: 4)
L 08/17/2021 - 23:08:27: [SM] Blaming: dm_trick.smx
L 08/17/2021 - 23:08:27: [SM] Call stack trace:
L 08/17/2021 - 23:08:27: [SM]   [0] ArrayList.Length.get
L 08/17/2021 - 23:08:27: [SM]   [1] Line 795, c:\Users\Ваня\Desktop\Vse\Программы\SourcePawn\DM_Trick_n_Combat\scripting\dm_trick.sp::OnTriggerStartTouch
L 08/17/2021 - 23:08:28: [SM] Exception reported: Invalid Handle 0 (error: 4)
L 08/17/2021 - 23:08:28: [SM] Blaming: dm_trick.smx
L 08/17/2021 - 23:08:28: [SM] Call stack trace:
L 08/17/2021 - 23:08:28: [SM]   [0] ArrayList.Length.get
L 08/17/2021 - 23:08:28: [SM]   [1] Line 681, c:\Users\Ваня\Desktop\Vse\Программы\SourcePawn\DM_Trick_n_Combat\scripting\dm_trick.sp::OnTriggerEndTouch
L 08/17/2021 - 23:08:28: [SM] Exception reported: Invalid Handle 0 (error: 4)
L 08/17/2021 - 23:08:28: [SM] Blaming: dm_trick.smx
L 08/17/2021 - 23:08:28: [SM] Call stack trace:
L 08/17/2021 - 23:08:28: [SM]   [0] ArrayList.Length.get
L 08/17/2021 - 23:08:28: [SM]   [1] Line 795, c:\Users\Ваня\Desktop\Vse\Программы\SourcePawn\DM_Trick_n_Combat\scripting\dm_trick.sp::OnTriggerStartTouch
L 08/17/2021 - 23:08:30: [SM] Exception reported: Invalid Handle 0 (error: 4)
L 08/17/2021 - 23:08:30: [SM] Blaming: dm_trick.smx
L 08/17/2021 - 23:08:30: [SM] Call stack trace:
L 08/17/2021 - 23:08:30: [SM]   [0] ArrayList.Length.get
L 08/17/2021 - 23:08:30: [SM]   [1] Line 681, c:\Users\Ваня\Desktop\Vse\Программы\SourcePawn\DM_Trick_n_Combat\scripting\dm_trick.sp::OnTriggerEndTouch
L 08/17/2021 - 23:09:19: [SM] Exception reported: Invalid Handle 0 (error: 4)
L 08/17/2021 - 23:09:19: [SM] Blaming: dm_trick.smx
L 08/17/2021 - 23:09:19: [SM] Call stack trace:
L 08/17/2021 - 23:09:19: [SM]   [0] ArrayList.Length.get
L 08/17/2021 - 23:09:19: [SM]   [1] Line 795, c:\Users\Ваня\Desktop\Vse\Программы\SourcePawn\DM_Trick_n_Combat\scripting\dm_trick.sp::OnTriggerStartTouch
L 08/17/2021 - 23:09:20: [SM] Exception reported: Invalid Handle 0 (error: 4)
L 08/17/2021 - 23:09:20: [SM] Blaming: dm_trick.smx
L 08/17/2021 - 23:09:20: [SM] Call stack trace:
L 08/17/2021 - 23:09:20: [SM]   [0] ArrayList.Length.get
L 08/17/2021 - 23:09:20: [SM]   [1] Line 795, c:\Users\Ваня\Desktop\Vse\Программы\SourcePawn\DM_Trick_n_Combat\scripting\dm_trick.sp::OnTriggerStartTouch
L 08/17/2021 - 23:09:22: [SM] Exception reported: Invalid Handle 0 (error: 4)
L 08/17/2021 - 23:09:22: [SM] Blaming: dm_trick.smx
L 08/17/2021 - 23:09:22: [SM] Call stack trace:
L 08/17/2021 - 23:09:22: [SM]   [0] ArrayList.Length.get
L 08/17/2021 - 23:09:22: [SM]   [1] Line 795, c:\Users\Ваня\Desktop\Vse\Программы\SourcePawn\DM_Trick_n_Combat\scripting\dm_trick.sp::OnTriggerStartTouch
L 08/17/2021 - 23:09:23: [SM] Exception reported: Invalid Handle 0 (error: 4)
L 08/17/2021 - 23:09:23: [SM] Blaming: dm_trick.smx
L 08/17/2021 - 23:09:23: [SM] Call stack trace:
L 08/17/2021 - 23:09:23: [SM]   [0] ArrayList.Length.get
L 08/17/2021 - 23:09:23: [SM]   [1] Line 681, c:\Users\Ваня\Desktop\Vse\Программы\SourcePawn\DM_Trick_n_Combat\scripting\dm_trick.sp::OnTriggerEndTouch
L 08/17/2021 - 23:09:23: [SM] Exception reported: Invalid Handle 0 (error: 4)
L 08/17/2021 - 23:09:23: [SM] Blaming: dm_trick.smx
L 08/17/2021 - 23:09:23: [SM] Call stack trace:
L 08/17/2021 - 23:09:23: [SM]   [0] ArrayList.Length.get
L 08/17/2021 - 23:09:23: [SM]   [1] Line 795, c:\Users\Ваня\Desktop\Vse\Программы\SourcePawn\DM_Trick_n_Combat\scripting\dm_trick.sp::OnTriggerStartTouch
L 08/17/2021 - 23:09:24: [SM] Exception reported: Invalid Handle 0 (error: 4)
L 08/17/2021 - 23:09:24: [SM] Blaming: dm_trick.smx
L 08/17/2021 - 23:09:24: [SM] Call stack trace:
L 08/17/2021 - 23:09:24: [SM]   [0] ArrayList.Length.get
L 08/17/2021 - 23:09:24: [SM]   [1] Line 681, c:\Users\Ваня\Desktop\Vse\Программы\SourcePawn\DM_Trick_n_Combat\scripting\dm_trick.sp::OnTriggerEndTouch
L 08/17/2021 - 23:35:53: [SM] Exception reported: Invalid Handle 0 (error: 4)
L 08/17/2021 - 23:35:53: [SM] Blaming: dm_trick.smx
L 08/17/2021 - 23:35:53: [SM] Call stack trace:
L 08/17/2021 - 23:35:53: [SM]   [0] ArrayList.Length.get
L 08/17/2021 - 23:35:53: [SM]   [1] Line 795, c:\Users\Ваня\Desktop\Vse\Программы\SourcePawn\DM_Trick_n_Combat\scripting\dm_trick.sp::OnTriggerStartTouch
L 08/17/2021 - 23:35:54: [SM] Exception reported: Invalid Handle 0 (error: 4)
L 08/17/2021 - 23:35:54: [SM] Blaming: dm_trick.smx
L 08/17/2021 - 23:35:54: [SM] Call stack trace:
L 08/17/2021 - 23:35:54: [SM]   [0] ArrayList.Length.get
L 08/17/2021 - 23:35:54: [SM]   [1] Line 681, c:\Users\Ваня\Desktop\Vse\Программы\SourcePawn\DM_Trick_n_Combat\scripting\dm_trick.sp::OnTriggerEndTouch
L 08/17/2021 - 23:35:57: [SM] Exception reported: Invalid Handle 0 (error: 4)
L 08/17/2021 - 23:35:57: [SM] Blaming: dm_trick.smx
L 08/17/2021 - 23:35:57: [SM] Call stack trace:
L 08/17/2021 - 23:35:57: [SM]   [0] ArrayList.Length.get
L 08/17/2021 - 23:35:57: [SM]   [1] Line 795, c:\Users\Ваня\Desktop\Vse\Программы\SourcePawn\DM_Trick_n_Combat\scripting\dm_trick.sp::OnTriggerStartTouch
L 08/17/2021 - 23:35:59: [SM] Exception reported: Invalid Handle 0 (error: 4)
L 08/17/2021 - 23:35:59: [SM] Blaming: dm_trick.smx
L 08/17/2021 - 23:35:59: [SM] Call stack trace:
L 08/17/2021 - 23:35:59: [SM]   [0] ArrayList.Length.get
L 08/17/2021 - 23:35:59: [SM]   [1] Line 795, c:\Users\Ваня\Desktop\Vse\Программы\SourcePawn\DM_Trick_n_Combat\scripting\dm_trick.sp::OnTriggerStartTouch
L 08/17/2021 - 23:36:00: [SM] Exception reported: Invalid Handle 0 (error: 4)
L 08/17/2021 - 23:36:00: [SM] Blaming: dm_trick.smx
L 08/17/2021 - 23:36:00: [SM] Call stack trace:
L 08/17/2021 - 23:36:00: [SM]   [0] ArrayList.Length.get
L 08/17/2021 - 23:36:00: [SM]   [1] Line 681, c:\Users\Ваня\Desktop\Vse\Программы\SourcePawn\DM_Trick_n_Combat\scripting\dm_trick.sp::OnTriggerEndTouch
L 08/17/2021 - 23:36:04: [SM] Exception reported: Invalid Handle 0 (error: 4)
L 08/17/2021 - 23:36:04: [SM] Blaming: dm_trick.smx
L 08/17/2021 - 23:36:04: [SM] Call stack trace:
L 08/17/2021 - 23:36:04: [SM]   [0] ArrayList.Length.get
L 08/17/2021 - 23:36:04: [SM]   [1] Line 795, c:\Users\Ваня\Desktop\Vse\Программы\SourcePawn\DM_Trick_n_Combat\scripting\dm_trick.sp::OnTriggerStartTouch
L 08/17/2021 - 23:36:05: [SM] Exception reported: Invalid Handle 0 (error: 4)
L 08/17/2021 - 23:36:05: [SM] Blaming: dm_trick.smx
L 08/17/2021 - 23:36:05: [SM] Call stack trace:
L 08/17/2021 - 23:36:05: [SM]   [0] ArrayList.Length.get
L 08/17/2021 - 23:36:05: [SM]   [1] Line 681, c:\Users\Ваня\Desktop\Vse\Программы\SourcePawn\DM_Trick_n_Combat\scripting\dm_trick.sp::OnTriggerEndTouch
L 08/17/2021 - 23:36:08: [SM] Exception reported: Invalid Handle 0 (error: 4)
L 08/17/2021 - 23:36:08: [SM] Blaming: dm_trick.smx
L 08/17/2021 - 23:36:08: [SM] Call stack trace:
L 08/17/2021 - 23:36:08: [SM]   [0] ArrayList.Length.get
L 08/17/2021 - 23:36:08: [SM]   [1] Line 795, c:\Users\Ваня\Desktop\Vse\Программы\SourcePawn\DM_Trick_n_Combat\scripting\dm_trick.sp::OnTriggerStartTouch
L 08/17/2021 - 23:36:09: [SM] Exception reported: Invalid Handle 0 (error: 4)
L 08/17/2021 - 23:36:09: [SM] Blaming: dm_trick.smx
L 08/17/2021 - 23:36:09: [SM] Call stack trace:
L 08/17/2021 - 23:36:09: [SM]   [0] ArrayList.Length.get
L 08/17/2021 - 23:36:09: [SM]   [1] Line 681, c:\Users\Ваня\Desktop\Vse\Программы\SourcePawn\DM_Trick_n_Combat\scripting\dm_trick.sp::OnTriggerEndTouch
L 08/17/2021 - 23:36:13: [SM] Exception reported: Invalid Handle 0 (error: 4)
L 08/17/2021 - 23:36:13: [SM] Blaming: dm_trick.smx
L 08/17/2021 - 23:36:13: [SM] Call stack trace:
L 08/17/2021 - 23:36:13: [SM]   [0] ArrayList.Length.get
L 08/17/2021 - 23:36:13: [SM]   [1] Line 795, c:\Users\Ваня\Desktop\Vse\Программы\SourcePawn\DM_Trick_n_Combat\scripting\dm_trick.sp::OnTriggerStartTouch
L 08/17/2021 - 23:36:13: [SM] Exception reported: Invalid Handle 0 (error: 4)
L 08/17/2021 - 23:36:13: [SM] Blaming: dm_trick.smx
L 08/17/2021 - 23:36:13: [SM] Call stack trace:
L 08/17/2021 - 23:36:13: [SM]   [0] ArrayList.Length.get
L 08/17/2021 - 23:36:13: [SM]   [1] Line 681, c:\Users\Ваня\Desktop\Vse\Программы\SourcePawn\DM_Trick_n_Combat\scripting\dm_trick.sp::OnTriggerEndTouch
L 08/17/2021 - 23:36:18: [SM] Exception reported: Invalid Handle 0 (error: 4)
L 08/17/2021 - 23:36:18: [SM] Blaming: dm_trick.smx
L 08/17/2021 - 23:36:18: [SM] Call stack trace:
L 08/17/2021 - 23:36:18: [SM]   [0] ArrayList.Length.get
L 08/17/2021 - 23:36:18: [SM]   [1] Line 795, c:\Users\Ваня\Desktop\Vse\Программы\SourcePawn\DM_Trick_n_Combat\scripting\dm_trick.sp::OnTriggerStartTouch
L 08/17/2021 - 23:36:19: [SM] Exception reported: Invalid Handle 0 (error: 4)
L 08/17/2021 - 23:36:19: [SM] Blaming: dm_trick.smx
L 08/17/2021 - 23:36:19: [SM] Call stack trace:
L 08/17/2021 - 23:36:19: [SM]   [0] ArrayList.Length.get
L 08/17/2021 - 23:36:19: [SM]   [1] Line 681, c:\Users\Ваня\Desktop\Vse\Программы\SourcePawn\DM_Trick_n_Combat\scripting\dm_trick.sp::OnTriggerEndTouch
L 08/17/2021 - 23:36:23: [SM] Exception reported: Invalid Handle 0 (error: 4)
L 08/17/2021 - 23:36:23: [SM] Blaming: dm_trick.smx
L 08/17/2021 - 23:36:23: [SM] Call stack trace:
L 08/17/2021 - 23:36:23: [SM]   [0] ArrayList.Length.get
L 08/17/2021 - 23:36:23: [SM]   [1] Line 795, c:\Users\Ваня\Desktop\Vse\Программы\SourcePawn\DM_Trick_n_Combat\scripting\dm_trick.sp::OnTriggerStartTouch
L 08/17/2021 - 23:36:23: [SM] Exception reported: Invalid Handle 0 (error: 4)
L 08/17/2021 - 23:36:23: [SM] Blaming: dm_trick.smx
L 08/17/2021 - 23:36:23: [SM] Call stack trace:
L 08/17/2021 - 23:36:23: [SM]   [0] ArrayList.Length.get
L 08/17/2021 - 23:36:23: [SM]   [1] Line 681, c:\Users\Ваня\Desktop\Vse\Программы\SourcePawn\DM_Trick_n_Combat\scripting\dm_trick.sp::OnTriggerEndTouch
L 08/17/2021 - 23:36:27: [SM] Exception reported: Invalid Handle 0 (error: 4)
L 08/17/2021 - 23:36:27: [SM] Blaming: dm_trick.smx
L 08/17/2021 - 23:36:27: [SM] Call stack trace:
L 08/17/2021 - 23:36:27: [SM]   [0] ArrayList.Length.get
L 08/17/2021 - 23:36:27: [SM]   [1] Line 795, c:\Users\Ваня\Desktop\Vse\Программы\SourcePawn\DM_Trick_n_Combat\scripting\dm_trick.sp::OnTriggerStartTouch
L 08/17/2021 - 23:36:27: [SM] Exception reported: Invalid Handle 0 (error: 4)
L 08/17/2021 - 23:36:27: [SM] Blaming: dm_trick.smx
L 08/17/2021 - 23:36:27: [SM] Call stack trace:
L 08/17/2021 - 23:36:27: [SM]   [0] ArrayList.Length.get
L 08/17/2021 - 23:36:27: [SM]   [1] Line 681, c:\Users\Ваня\Desktop\Vse\Программы\SourcePawn\DM_Trick_n_Combat\scripting\dm_trick.sp::OnTriggerEndTouch
L 08/17/2021 - 23:36:32: [SM] Exception reported: Invalid Handle 0 (error: 4)
L 08/17/2021 - 23:36:32: [SM] Blaming: dm_trick.smx
L 08/17/2021 - 23:36:32: [SM] Call stack trace:
L 08/17/2021 - 23:36:32: [SM]   [0] ArrayList.Length.get
L 08/17/2021 - 23:36:32: [SM]   [1] Line 795, c:\Users\Ваня\Desktop\Vse\Программы\SourcePawn\DM_Trick_n_Combat\scripting\dm_trick.sp::OnTriggerStartTouch
L 08/17/2021 - 23:36:33: [SM] Exception reported: Invalid Handle 0 (error: 4)
L 08/17/2021 - 23:36:33: [SM] Blaming: dm_trick.smx
L 08/17/2021 - 23:36:33: [SM] Call stack trace:
L 08/17/2021 - 23:36:33: [SM]   [0] ArrayList.Length.get
L 08/17/2021 - 23:36:33: [SM]   [1] Line 681, c:\Users\Ваня\Desktop\Vse\Программы\SourcePawn\DM_Trick_n_Combat\scripting\dm_trick.sp::OnTriggerEndTouch
L 08/17/2021 - 23:36:33: [SM] Exception reported: Invalid Handle 0 (error: 4)
L 08/17/2021 - 23:36:33: [SM] Blaming: dm_trick.smx
L 08/17/2021 - 23:36:33: [SM] Call stack trace:
L 08/17/2021 - 23:36:33: [SM]   [0] ArrayList.Length.get
L 08/17/2021 - 23:36:33: [SM]   [1] Line 795, c:\Users\Ваня\Desktop\Vse\Программы\SourcePawn\DM_Trick_n_Combat\scripting\dm_trick.sp::OnTriggerStartTouch
L 08/17/2021 - 23:36:35: [SM] Exception reported: Invalid Handle 0 (error: 4)
L 08/17/2021 - 23:36:35: [SM] Blaming: dm_trick.smx
L 08/17/2021 - 23:36:35: [SM] Call stack trace:
L 08/17/2021 - 23:36:35: [SM]   [0] ArrayList.Length.get
L 08/17/2021 - 23:36:35: [SM]   [1] Line 681, c:\Users\Ваня\Desktop\Vse\Программы\SourcePawn\DM_Trick_n_Combat\scripting\dm_trick.sp::OnTriggerEndTouch
L 08/17/2021 - 23:36:46: [SM] Exception reported: Invalid Handle 0 (error: 4)
L 08/17/2021 - 23:36:46: [SM] Blaming: dm_trick.smx
L 08/17/2021 - 23:36:46: [SM] Call stack trace:
L 08/17/2021 - 23:36:46: [SM]   [0] ArrayList.Length.get
L 08/17/2021 - 23:36:46: [SM]   [1] Line 795, c:\Users\Ваня\Desktop\Vse\Программы\SourcePawn\DM_Trick_n_Combat\scripting\dm_trick.sp::OnTriggerStartTouch
L 08/17/2021 - 23:36:53: [SM] Exception reported: Invalid Handle 0 (error: 4)
L 08/17/2021 - 23:36:53: [SM] Blaming: dm_trick.smx
L 08/17/2021 - 23:36:53: [SM] Call stack trace:
L 08/17/2021 - 23:36:53: [SM]   [0] ArrayList.Length.get
L 08/17/2021 - 23:36:53: [SM]   [1] Line 795, c:\Users\Ваня\Desktop\Vse\Программы\SourcePawn\DM_Trick_n_Combat\scripting\dm_trick.sp::OnTriggerStartTouch
L 08/17/2021 - 23:36:54: [SM] Exception reported: Invalid Handle 0 (error: 4)
L 08/17/2021 - 23:36:54: [SM] Blaming: dm_trick.smx
L 08/17/2021 - 23:36:54: [SM] Call stack trace:
L 08/17/2021 - 23:36:54: [SM]   [0] ArrayList.Length.get
L 08/17/2021 - 23:36:54: [SM]   [1] Line 681, c:\Users\Ваня\Desktop\Vse\Программы\SourcePawn\DM_Trick_n_Combat\scripting\dm_trick.sp::OnTriggerEndTouch
L 08/17/2021 - 23:36:58: [SM] Exception reported: Invalid Handle 0 (error: 4)
L 08/17/2021 - 23:36:58: [SM] Blaming: dm_trick.smx
L 08/17/2021 - 23:36:58: [SM] Call stack trace:
L 08/17/2021 - 23:36:58: [SM]   [0] ArrayList.Length.get
L 08/17/2021 - 23:36:58: [SM]   [1] Line 795, c:\Users\Ваня\Desktop\Vse\Программы\SourcePawn\DM_Trick_n_Combat\scripting\dm_trick.sp::OnTriggerStartTouch
L 08/17/2021 - 23:36:59: [SM] Exception reported: Invalid Handle 0 (error: 4)
L 08/17/2021 - 23:36:59: [SM] Blaming: dm_trick.smx
L 08/17/2021 - 23:36:59: [SM] Call stack trace:
L 08/17/2021 - 23:36:59: [SM]   [0] ArrayList.Length.get
L 08/17/2021 - 23:36:59: [SM]   [1] Line 681, c:\Users\Ваня\Desktop\Vse\Программы\SourcePawn\DM_Trick_n_Combat\scripting\dm_trick.sp::OnTriggerEndTouch
L 08/17/2021 - 23:37:08: [SM] Exception reported: Invalid Handle 0 (error: 4)
L 08/17/2021 - 23:37:08: [SM] Blaming: dm_trick.smx
L 08/17/2021 - 23:37:08: [SM] Call stack trace:
L 08/17/2021 - 23:37:08: [SM]   [0] ArrayList.Length.get
L 08/17/2021 - 23:37:08: [SM]   [1] Line 795, c:\Users\Ваня\Desktop\Vse\Программы\SourcePawn\DM_Trick_n_Combat\scripting\dm_trick.sp::OnTriggerStartTouch
L 08/17/2021 - 23:37:08: [SM] Exception reported: Invalid Handle 0 (error: 4)
L 08/17/2021 - 23:37:08: [SM] Blaming: dm_trick.smx
L 08/17/2021 - 23:37:08: [SM] Call stack trace:
L 08/17/2021 - 23:37:08: [SM]   [0] ArrayList.Length.get
L 08/17/2021 - 23:37:08: [SM]   [1] Line 681, c:\Users\Ваня\Desktop\Vse\Программы\SourcePawn\DM_Trick_n_Combat\scripting\dm_trick.sp::OnTriggerEndTouch
L 08/17/2021 - 23:37:24: [SM] Exception reported: Invalid Handle 0 (error: 4)
L 08/17/2021 - 23:37:24: [SM] Blaming: dm_trick.smx
L 08/17/2021 - 23:37:24: [SM] Call stack trace:
L 08/17/2021 - 23:37:24: [SM]   [0] ArrayList.Length.get
L 08/17/2021 - 23:37:24: [SM]   [1] Line 795, c:\Users\Ваня\Desktop\Vse\Программы\SourcePawn\DM_Trick_n_Combat\scripting\dm_trick.sp::OnTriggerStartTouch
L 08/17/2021 - 23:37:27: [SM] Exception reported: Invalid Handle 0 (error: 4)
L 08/17/2021 - 23:37:27: [SM] Blaming: dm_trick.smx
L 08/17/2021 - 23:37:27: [SM] Call stack trace:
L 08/17/2021 - 23:37:27: [SM]   [0] ArrayList.Length.get
L 08/17/2021 - 23:37:27: [SM]   [1] Line 795, c:\Users\Ваня\Desktop\Vse\Программы\SourcePawn\DM_Trick_n_Combat\scripting\dm_trick.sp::OnTriggerStartTouch
L 08/17/2021 - 23:37:28: [SM] Exception reported: Invalid Handle 0 (error: 4)
L 08/17/2021 - 23:37:28: [SM] Blaming: dm_trick.smx
L 08/17/2021 - 23:37:28: [SM] Call stack trace:
L 08/17/2021 - 23:37:28: [SM]   [0] ArrayList.Length.get
L 08/17/2021 - 23:37:28: [SM]   [1] Line 681, c:\Users\Ваня\Desktop\Vse\Программы\SourcePawn\DM_Trick_n_Combat\scripting\dm_trick.sp::OnTriggerEndTouch
L 08/17/2021 - 23:37:30: [SM] Exception reported: Invalid Handle 0 (error: 4)
L 08/17/2021 - 23:37:30: [SM] Blaming: dm_trick.smx
L 08/17/2021 - 23:37:30: [SM] Call stack trace:
L 08/17/2021 - 23:37:30: [SM]   [0] ArrayList.Length.get
L 08/17/2021 - 23:37:30: [SM]   [1] Line 795, c:\Users\Ваня\Desktop\Vse\Программы\SourcePawn\DM_Trick_n_Combat\scripting\dm_trick.sp::OnTriggerStartTouch
L 08/17/2021 - 23:37:30: [SM] Exception reported: Invalid Handle 0 (error: 4)
L 08/17/2021 - 23:37:30: [SM] Blaming: dm_trick.smx
L 08/17/2021 - 23:37:31: [SM] Call stack trace:
L 08/17/2021 - 23:37:31: [SM]   [0] ArrayList.Length.get
L 08/17/2021 - 23:37:31: [SM]   [1] Line 681, c:\Users\Ваня\Desktop\Vse\Программы\SourcePawn\DM_Trick_n_Combat\scripting\dm_trick.sp::OnTriggerEndTouch
L 08/17/2021 - 23:37:38: [SM] Exception reported: Invalid Handle 0 (error: 4)
L 08/17/2021 - 23:37:38: [SM] Blaming: dm_trick.smx
L 08/17/2021 - 23:37:38: [SM] Call stack trace:
L 08/17/2021 - 23:37:38: [SM]   [0] ArrayList.Length.get
L 08/17/2021 - 23:37:38: [SM]   [1] Line 795, c:\Users\Ваня\Desktop\Vse\Программы\SourcePawn\DM_Trick_n_Combat\scripting\dm_trick.sp::OnTriggerStartTouch
L 08/17/2021 - 23:37:38: [SM] Exception reported: Invalid Handle 0 (error: 4)
L 08/17/2021 - 23:37:38: [SM] Blaming: dm_trick.smx
L 08/17/2021 - 23:37:38: [SM] Call stack trace:
L 08/17/2021 - 23:37:38: [SM]   [0] ArrayList.Length.get
L 08/17/2021 - 23:37:38: [SM]   [1] Line 681, c:\Users\Ваня\Desktop\Vse\Программы\SourcePawn\DM_Trick_n_Combat\scripting\dm_trick.sp::OnTriggerEndTouch
L 08/17/2021 - 23:37:41: [SM] Exception reported: Invalid Handle 0 (error: 4)
L 08/17/2021 - 23:37:41: [SM] Blaming: dm_trick.smx
L 08/17/2021 - 23:37:41: [SM] Call stack trace:
L 08/17/2021 - 23:37:41: [SM]   [0] ArrayList.Length.get
L 08/17/2021 - 23:37:41: [SM]   [1] Line 795, c:\Users\Ваня\Desktop\Vse\Программы\SourcePawn\DM_Trick_n_Combat\scripting\dm_trick.sp::OnTriggerStartTouch
L 08/17/2021 - 23:37:44: [SM] Exception reported: Invalid Handle 0 (error: 4)
L 08/17/2021 - 23:37:44: [SM] Blaming: dm_trick.smx
L 08/17/2021 - 23:37:44: [SM] Call stack trace:
L 08/17/2021 - 23:37:44: [SM]   [0] ArrayList.Length.get
L 08/17/2021 - 23:37:44: [SM]   [1] Line 795, c:\Users\Ваня\Desktop\Vse\Программы\SourcePawn\DM_Trick_n_Combat\scripting\dm_trick.sp::OnTriggerStartTouch
L 08/17/2021 - 23:37:47: [SM] Exception reported: Invalid Handle 0 (error: 4)
L 08/17/2021 - 23:37:47: [SM] Blaming: dm_trick.smx
L 08/17/2021 - 23:37:47: [SM] Call stack trace:
L 08/17/2021 - 23:37:47: [SM]   [0] ArrayList.Length.get
L 08/17/2021 - 23:37:47: [SM]   [1] Line 795, c:\Users\Ваня\Desktop\Vse\Программы\SourcePawn\DM_Trick_n_Combat\scripting\dm_trick.sp::OnTriggerStartTouch
L 08/17/2021 - 23:37:47: [SM] Exception reported: Invalid Handle 0 (error: 4)
L 08/17/2021 - 23:37:47: [SM] Blaming: dm_trick.smx
L 08/17/2021 - 23:37:47: [SM] Call stack trace:
L 08/17/2021 - 23:37:47: [SM]   [0] ArrayList.Length.get
L 08/17/2021 - 23:37:47: [SM]   [1] Line 681, c:\Users\Ваня\Desktop\Vse\Программы\SourcePawn\DM_Trick_n_Combat\scripting\dm_trick.sp::OnTriggerEndTouch
L 08/17/2021 - 23:37:56: [SM] Exception reported: Invalid Handle 0 (error: 4)
L 08/17/2021 - 23:37:56: [SM] Blaming: dm_trick.smx
L 08/17/2021 - 23:37:56: [SM] Call stack trace:
L 08/17/2021 - 23:37:56: [SM]   [0] ArrayList.Length.get
L 08/17/2021 - 23:37:56: [SM]   [1] Line 795, c:\Users\Ваня\Desktop\Vse\Программы\SourcePawn\DM_Trick_n_Combat\scripting\dm_trick.sp::OnTriggerStartTouch
L 08/17/2021 - 23:37:57: [SM] Exception reported: Invalid Handle 0 (error: 4)
L 08/17/2021 - 23:37:57: [SM] Blaming: dm_trick.smx
L 08/17/2021 - 23:37:57: [SM] Call stack trace:
L 08/17/2021 - 23:37:57: [SM]   [0] ArrayList.Length.get
L 08/17/2021 - 23:37:57: [SM]   [1] Line 681, c:\Users\Ваня\Desktop\Vse\Программы\SourcePawn\DM_Trick_n_Combat\scripting\dm_trick.sp::OnTriggerEndTouch
L 08/17/2021 - 23:38:00: [SM] Exception reported: Invalid Handle 0 (error: 4)
L 08/17/2021 - 23:38:00: [SM] Blaming: dm_trick.smx
L 08/17/2021 - 23:38:00: [SM] Call stack trace:
L 08/17/2021 - 23:38:00: [SM]   [0] ArrayList.Length.get
L 08/17/2021 - 23:38:00: [SM]   [1] Line 795, c:\Users\Ваня\Desktop\Vse\Программы\SourcePawn\DM_Trick_n_Combat\scripting\dm_trick.sp::OnTriggerStartTouch
L 08/17/2021 - 23:38:00: [SM] Exception reported: Invalid Handle 0 (error: 4)
L 08/17/2021 - 23:38:00: [SM] Blaming: dm_trick.smx
L 08/17/2021 - 23:38:00: [SM] Call stack trace:
L 08/17/2021 - 23:38:00: [SM]   [0] ArrayList.Length.get
L 08/17/2021 - 23:38:00: [SM]   [1] Line 681, c:\Users\Ваня\Desktop\Vse\Программы\SourcePawn\DM_Trick_n_Combat\scripting\dm_trick.sp::OnTriggerEndTouch
L 08/17/2021 - 23:38:07: [SM] Exception reported: Invalid Handle 0 (error: 4)
L 08/17/2021 - 23:38:07: [SM] Blaming: dm_trick.smx
L 08/17/2021 - 23:38:07: [SM] Call stack trace:
L 08/17/2021 - 23:38:07: [SM]   [0] ArrayList.Length.get
L 08/17/2021 - 23:38:07: [SM]   [1] Line 795, c:\Users\Ваня\Desktop\Vse\Программы\SourcePawn\DM_Trick_n_Combat\scripting\dm_trick.sp::OnTriggerStartTouch
L 08/17/2021 - 23:38:07: [SM] Exception reported: Invalid Handle 0 (error: 4)
L 08/17/2021 - 23:38:07: [SM] Blaming: dm_trick.smx
L 08/17/2021 - 23:38:07: [SM] Call stack trace:
L 08/17/2021 - 23:38:07: [SM]   [0] ArrayList.Length.get
L 08/17/2021 - 23:38:07: [SM]   [1] Line 681, c:\Users\Ваня\Desktop\Vse\Программы\SourcePawn\DM_Trick_n_Combat\scripting\dm_trick.sp::OnTriggerEndTouch
L 08/17/2021 - 23:38:12: [SM] Exception reported: Invalid Handle 0 (error: 4)
L 08/17/2021 - 23:38:12: [SM] Blaming: dm_trick.smx
L 08/17/2021 - 23:38:12: [SM] Call stack trace:
L 08/17/2021 - 23:38:12: [SM]   [0] ArrayList.Length.get
L 08/17/2021 - 23:38:12: [SM]   [1] Line 795, c:\Users\Ваня\Desktop\Vse\Программы\SourcePawn\DM_Trick_n_Combat\scripting\dm_trick.sp::OnTriggerStartTouch
L 08/17/2021 - 23:38:12: [SM] Exception reported: Invalid Handle 0 (error: 4)
L 08/17/2021 - 23:38:12: [SM] Blaming: dm_trick.smx
L 08/17/2021 - 23:38:12: [SM] Call stack trace:
L 08/17/2021 - 23:38:12: [SM]   [0] ArrayList.Length.get
L 08/17/2021 - 23:38:12: [SM]   [1] Line 681, c:\Users\Ваня\Desktop\Vse\Программы\SourcePawn\DM_Trick_n_Combat\scripting\dm_trick.sp::OnTriggerEndTouch
L 08/17/2021 - 23:43:41: Error log file session closed.
L 08/17/2021 - 23:44:29: SourceMod error session started
L 08/17/2021 - 23:44:29: Info (map "surf_trick_gxd") (file "/home/container/csgo/addons/sourcemod/logs/errors_20210817.log")
L 08/17/2021 - 23:44:29: [SM] Exception reported: Invalid query Handle 0 (error: 4)
L 08/17/2021 - 23:44:29: [SM] Blaming: dm_trick.smx
L 08/17/2021 - 23:44:29: [SM] Call stack trace:
L 08/17/2021 - 23:44:29: [SM]   [0] DBResultSet.HasResults.get
L 08/17/2021 - 23:44:29: [SM]   [1] Line 129, include/saveloc.sp::load_loc_cl_data_callback
L 08/18/2021 - 00:01:25: Error log file session closed.
