L 08/16/2021 - 00:10:40: SourceMod error session started
L 08/16/2021 - 00:10:40: Info (map "surf_trick_g") (file "/home/container/csgo/addons/sourcemod/logs/errors_20210816.log")
L 08/16/2021 - 00:10:40: [SM] Exception reported: Invalid query Handle 0 (error: 4)
L 08/16/2021 - 00:10:40: [SM] Blaming: dm_trick.smx
L 08/16/2021 - 00:10:40: [SM] Call stack trace:
L 08/16/2021 - 00:10:40: [SM]   [0] DBResultSet.HasResults.get
L 08/16/2021 - 00:10:40: [SM]   [1] Line 129, include/saveloc.sp::load_loc_cl_data_callback
L 08/16/2021 - 01:42:14: [SM] Exception reported: Invalid Handle 0 (error: 4)
L 08/16/2021 - 01:42:14: [SM] Blaming: dm_trick.smx
L 08/16/2021 - 01:42:14: [SM] Call stack trace:
L 08/16/2021 - 01:42:14: [SM]   [0] ArrayList.Length.get
L 08/16/2021 - 01:42:14: [SM]   [1] Line 809, c:\Users\Ваня\Desktop\Vse\Программы\SourcePawn\DM_Trick_n_Combat\scripting\dm_trick.sp::OnTriggerStartTouch
L 08/16/2021 - 02:20:29: Error log file session closed.
L 08/16/2021 - 02:20:37: SourceMod error session started
L 08/16/2021 - 02:20:37: Info (map "surf_trick_g") (file "/home/container/csgo/addons/sourcemod/logs/errors_20210816.log")
L 08/16/2021 - 02:20:37: [SM] Exception reported: Invalid query Handle 0 (error: 4)
L 08/16/2021 - 02:20:37: [SM] Blaming: dm_trick.smx
L 08/16/2021 - 02:20:37: [SM] Call stack trace:
L 08/16/2021 - 02:20:37: [SM]   [0] DBResultSet.HasResults.get
L 08/16/2021 - 02:20:37: [SM]   [1] Line 129, include/saveloc.sp::load_loc_cl_data_callback
L 08/16/2021 - 02:20:38: [SM] Exception reported: Client 2 is a bot
L 08/16/2021 - 02:20:38: [SM] Blaming: dm_trick.smx
L 08/16/2021 - 02:20:38: [SM] Call stack trace:
L 08/16/2021 - 02:20:38: [SM]   [0] GetClientTime
L 08/16/2021 - 02:20:38: [SM]   [1] Line 1045, c:\Users\Ваня\Desktop\Vse\Программы\SourcePawn\DM_Trick_n_Combat\scripting\dm_trick.sp::OnClientDisconnect
L 08/16/2021 - 02:20:38: [SM] Exception reported: Entity 2 (2) is invalid
L 08/16/2021 - 02:20:38: [SM] Blaming: DisableRadar.smx
L 08/16/2021 - 02:20:38: [SM] Call stack trace:
L 08/16/2021 - 02:20:38: [SM]   [0] GetEntProp
L 08/16/2021 - 02:20:38: [SM]   [1] Line 33, /home/forums/content/files/2/4/8/3/8/6/133573.attach::RemoveRadar
L 08/16/2021 - 02:20:38: [SM] Exception reported: Entity 2 (2) is invalid
L 08/16/2021 - 02:20:38: [SM] Blaming: DisableRadar.smx
L 08/16/2021 - 02:20:38: [SM] Call stack trace:
L 08/16/2021 - 02:20:38: [SM]   [0] GetEntProp
L 08/16/2021 - 02:20:38: [SM]   [1] Line 33, /home/forums/content/files/2/4/8/3/8/6/133573.attach::RemoveRadar
L 08/16/2021 - 02:53:42: [SM] Exception reported: Invalid Handle 0 (error: 4)
L 08/16/2021 - 02:53:42: [SM] Blaming: dm_trick.smx
L 08/16/2021 - 02:53:42: [SM] Call stack trace:
L 08/16/2021 - 02:53:42: [SM]   [0] ArrayList.Clear
L 08/16/2021 - 02:53:42: [SM]   [1] Line 1082, c:\Users\Ваня\Desktop\Vse\Программы\SourcePawn\DM_Trick_n_Combat\scripting\dm_trick.sp::reset_cl_vars
L 08/16/2021 - 02:53:42: [SM]   [2] Line 1048, c:\Users\Ваня\Desktop\Vse\Программы\SourcePawn\DM_Trick_n_Combat\scripting\dm_trick.sp::OnClientDisconnect
L 08/16/2021 - 03:13:13: Error log file session closed.
L 08/16/2021 - 03:13:21: SourceMod error session started
L 08/16/2021 - 03:13:21: Info (map "surf_trick_g") (file "/home/container/csgo/addons/sourcemod/logs/errors_20210816.log")
L 08/16/2021 - 03:13:21: [SM] Exception reported: Invalid query Handle 0 (error: 4)
L 08/16/2021 - 03:13:21: [SM] Blaming: dm_trick.smx
L 08/16/2021 - 03:13:21: [SM] Call stack trace:
L 08/16/2021 - 03:13:21: [SM]   [0] DBResultSet.HasResults.get
L 08/16/2021 - 03:13:21: [SM]   [1] Line 129, include/saveloc.sp::load_loc_cl_data_callback
L 08/16/2021 - 03:13:23: [SM] Exception reported: Client 2 is a bot
L 08/16/2021 - 03:13:23: [SM] Blaming: dm_trick.smx
L 08/16/2021 - 03:13:23: [SM] Call stack trace:
L 08/16/2021 - 03:13:23: [SM]   [0] GetClientTime
L 08/16/2021 - 03:13:23: [SM]   [1] Line 1044, c:\Users\Ваня\Desktop\Vse\Программы\SourcePawn\DM_Trick_n_Combat\scripting\dm_trick.sp::OnClientDisconnect
L 08/16/2021 - 03:24:45: Error log file session closed.
L 08/16/2021 - 03:35:00: SourceMod error session started
L 08/16/2021 - 03:35:00: Info (map "surf_trick_g") (file "/home/container/csgo/addons/sourcemod/logs/errors_20210816.log")
L 08/16/2021 - 03:35:00: [SM] Exception reported: Invalid query Handle 0 (error: 4)
L 08/16/2021 - 03:35:00: [SM] Blaming: dm_trick.smx
L 08/16/2021 - 03:35:00: [SM] Call stack trace:
L 08/16/2021 - 03:35:00: [SM]   [0] DBResultSet.HasResults.get
L 08/16/2021 - 03:35:00: [SM]   [1] Line 129, include/saveloc.sp::load_loc_cl_data_callback
L 08/16/2021 - 05:18:53: [SM] Exception reported: Invalid query Handle 0 (error: 4)
L 08/16/2021 - 05:18:53: [SM] Blaming: dm_trick.smx
L 08/16/2021 - 05:18:53: [SM] Call stack trace:
L 08/16/2021 - 05:18:53: [SM]   [0] DBResultSet.HasResults.get
L 08/16/2021 - 05:18:53: [SM]   [1] Line 208, include/daily_tricks.sp::timer_daily_callback
L 08/16/2021 - 05:18:56: Error log file session closed.
L 08/16/2021 - 05:30:38: SourceMod error session started
L 08/16/2021 - 05:30:38: Info (map "surf_trick_g") (file "/home/container/csgo/addons/sourcemod/logs/errors_20210816.log")
L 08/16/2021 - 05:30:38: [SM] Exception reported: Invalid query Handle 0 (error: 4)
L 08/16/2021 - 05:30:38: [SM] Blaming: dm_trick.smx
L 08/16/2021 - 05:30:38: [SM] Call stack trace:
L 08/16/2021 - 05:30:38: [SM]   [0] DBResultSet.HasResults.get
L 08/16/2021 - 05:30:38: [SM]   [1] Line 208, include/daily_tricks.sp::timer_daily_callback
L 08/16/2021 - 05:52:10: [SM] Exception reported: Client 2 is a bot
L 08/16/2021 - 05:52:10: [SM] Blaming: dm_trick.smx
L 08/16/2021 - 05:52:10: [SM] Call stack trace:
L 08/16/2021 - 05:52:10: [SM]   [0] GetClientTime
L 08/16/2021 - 05:52:10: [SM]   [1] Line 1032, c:\Users\Ваня\Desktop\Vse\Программы\SourcePawn\DM_Trick_n_Combat\scripting\dm_trick.sp::OnClientDisconnect
L 08/16/2021 - 05:52:10: [SM] Exception reported: Entity 2 (2) is invalid
L 08/16/2021 - 05:52:10: [SM] Blaming: DisableRadar.smx
L 08/16/2021 - 05:52:10: [SM] Call stack trace:
L 08/16/2021 - 05:52:10: [SM]   [0] GetEntProp
L 08/16/2021 - 05:52:10: [SM]   [1] Line 33, /home/forums/content/files/2/4/8/3/8/6/133573.attach::RemoveRadar
L 08/16/2021 - 05:52:10: [SM] Exception reported: Entity 2 (2) is invalid
L 08/16/2021 - 05:52:10: [SM] Blaming: DisableRadar.smx
L 08/16/2021 - 05:52:10: [SM] Call stack trace:
L 08/16/2021 - 05:52:10: [SM]   [0] GetEntProp
L 08/16/2021 - 05:52:10: [SM]   [1] Line 33, /home/forums/content/files/2/4/8/3/8/6/133573.attach::RemoveRadar
L 08/16/2021 - 06:57:55: Error log file session closed.
L 08/16/2021 - 06:57:59: SourceMod error session started
L 08/16/2021 - 06:57:59: Info (map "surf_trick_g") (file "/home/container/csgo/addons/sourcemod/logs/errors_20210816.log")
L 08/16/2021 - 06:57:59: [SM] Exception reported: Invalid query Handle 0 (error: 4)
L 08/16/2021 - 06:57:59: [SM] Blaming: dm_trick.smx
L 08/16/2021 - 06:57:59: [SM] Call stack trace:
L 08/16/2021 - 06:57:59: [SM]   [0] DBResultSet.HasResults.get
L 08/16/2021 - 06:57:59: [SM]   [1] Line 208, include/daily_tricks.sp::timer_daily_callback
L 08/16/2021 - 07:01:39: [SM] Exception reported: Invalid query Handle 0 (error: 4)
L 08/16/2021 - 07:01:39: [SM] Blaming: dm_trick.smx
L 08/16/2021 - 07:01:39: [SM] Call stack trace:
L 08/16/2021 - 07:01:39: [SM]   [0] DBResultSet.HasResults.get
L 08/16/2021 - 07:01:39: [SM]   [1] Line 129, include/saveloc.sp::load_loc_cl_data_callback
L 08/16/2021 - 07:51:01: Error log file session closed.
L 08/16/2021 - 07:51:05: SourceMod error session started
L 08/16/2021 - 07:51:05: Info (map "surf_trick_g") (file "/home/container/csgo/addons/sourcemod/logs/errors_20210816.log")
L 08/16/2021 - 07:51:05: [SM] Exception reported: Invalid query Handle 0 (error: 4)
L 08/16/2021 - 07:51:05: [SM] Blaming: dm_trick.smx
L 08/16/2021 - 07:51:05: [SM] Call stack trace:
L 08/16/2021 - 07:51:05: [SM]   [0] DBResultSet.HasResults.get
L 08/16/2021 - 07:51:05: [SM]   [1] Line 208, include/daily_tricks.sp::timer_daily_callback
L 08/16/2021 - 07:51:20: [SM] Exception reported: Invalid query Handle 0 (error: 4)
L 08/16/2021 - 07:51:20: [SM] Blaming: dm_trick.smx
L 08/16/2021 - 07:51:20: [SM] Call stack trace:
L 08/16/2021 - 07:51:20: [SM]   [0] DBResultSet.HasResults.get
L 08/16/2021 - 07:51:20: [SM]   [1] Line 129, include/saveloc.sp::load_loc_cl_data_callback
L 08/16/2021 - 08:55:13: Error log file session closed.
L 08/16/2021 - 08:55:17: SourceMod error session started
L 08/16/2021 - 08:55:17: Info (map "surf_trick_g") (file "/home/container/csgo/addons/sourcemod/logs/errors_20210816.log")
L 08/16/2021 - 08:55:17: [SM] Exception reported: Invalid query Handle 0 (error: 4)
L 08/16/2021 - 08:55:17: [SM] Blaming: dm_trick.smx
L 08/16/2021 - 08:55:17: [SM] Call stack trace:
L 08/16/2021 - 08:55:17: [SM]   [0] DBResultSet.HasResults.get
L 08/16/2021 - 08:55:17: [SM]   [1] Line 208, include/daily_tricks.sp::timer_daily_callback
L 08/16/2021 - 08:55:50: [SM] Exception reported: Invalid query Handle 0 (error: 4)
L 08/16/2021 - 08:55:50: [SM] Blaming: dm_trick.smx
L 08/16/2021 - 08:55:50: [SM] Call stack trace:
L 08/16/2021 - 08:55:50: [SM]   [0] DBResultSet.HasResults.get
L 08/16/2021 - 08:55:50: [SM]   [1] Line 129, include/saveloc.sp::load_loc_cl_data_callback
L 08/16/2021 - 08:55:50: [SM] Exception reported: Invalid query Handle 0 (error: 4)
L 08/16/2021 - 08:55:50: [SM] Blaming: dm_trick.smx
L 08/16/2021 - 08:55:50: [SM] Call stack trace:
L 08/16/2021 - 08:55:50: [SM]   [0] DBResultSet.HasResults.get
L 08/16/2021 - 08:55:50: [SM]   [1] Line 88, include/trick_menu.sp::load_trick_cl_data_callback
L 08/16/2021 - 13:43:49: [SM] Exception reported: Invalid query Handle 0 (error: 4)
L 08/16/2021 - 13:43:49: [SM] Blaming: dm_trick.smx
L 08/16/2021 - 13:43:49: [SM] Call stack trace:
L 08/16/2021 - 13:43:49: [SM]   [0] DBResultSet.HasResults.get
L 08/16/2021 - 13:43:49: [SM]   [1] Line 129, include/saveloc.sp::load_loc_cl_data_callback
L 08/16/2021 - 18:05:09: Error log file session closed.
L 08/16/2021 - 18:05:58: SourceMod error session started
L 08/16/2021 - 18:05:58: Info (map "surf_trick_g") (file "/home/container/csgo/addons/sourcemod/logs/errors_20210816.log")
L 08/16/2021 - 18:05:58: [SM] Exception reported: Invalid query Handle 0 (error: 4)
L 08/16/2021 - 18:05:58: [SM] Blaming: dm_trick.smx
L 08/16/2021 - 18:05:58: [SM] Call stack trace:
L 08/16/2021 - 18:05:58: [SM]   [0] DBResultSet.HasResults.get
L 08/16/2021 - 18:05:58: [SM]   [1] Line 129, include/saveloc.sp::load_loc_cl_data_callback
L 08/16/2021 - 18:39:54: [SM] Exception reported: Invalid query Handle 0 (error: 4)
L 08/16/2021 - 18:39:54: [SM] Blaming: dm_trick.smx
L 08/16/2021 - 18:39:54: [SM] Call stack trace:
L 08/16/2021 - 18:39:54: [SM]   [0] DBResultSet.HasResults.get
L 08/16/2021 - 18:39:54: [SM]   [1] Line 208, include/daily_tricks.sp::timer_daily_callback
L 08/16/2021 - 20:08:06: Error log file session closed.
L 08/16/2021 - 20:10:52: SourceMod error session started
L 08/16/2021 - 20:10:52: Info (map "surf_trick_g") (file "/home/container/csgo/addons/sourcemod/logs/errors_20210816.log")
L 08/16/2021 - 20:10:52: [SM] Exception reported: Invalid query Handle 0 (error: 4)
L 08/16/2021 - 20:10:52: [SM] Blaming: dm_trick.smx
L 08/16/2021 - 20:10:52: [SM] Call stack trace:
L 08/16/2021 - 20:10:52: [SM]   [0] DBResultSet.HasResults.get
L 08/16/2021 - 20:10:52: [SM]   [1] Line 129, include/saveloc.sp::load_loc_cl_data_callback
L 08/16/2021 - 20:12:36: [SM] Exception reported: Client 3 is a bot
L 08/16/2021 - 20:12:36: [SM] Blaming: dm_trick.smx
L 08/16/2021 - 20:12:36: [SM] Call stack trace:
L 08/16/2021 - 20:12:36: [SM]   [0] GetClientTime
L 08/16/2021 - 20:12:36: [SM]   [1] Line 1032, c:\Users\Ваня\Desktop\Vse\Программы\SourcePawn\DM_Trick_n_Combat\scripting\dm_trick.sp::OnClientDisconnect
L 08/16/2021 - 20:12:36: [SM] Exception reported: Entity 3 (3) is invalid
L 08/16/2021 - 20:12:36: [SM] Blaming: DisableRadar.smx
L 08/16/2021 - 20:12:36: [SM] Call stack trace:
L 08/16/2021 - 20:12:36: [SM]   [0] GetEntProp
L 08/16/2021 - 20:12:36: [SM]   [1] Line 33, /home/forums/content/files/2/4/8/3/8/6/133573.attach::RemoveRadar
L 08/16/2021 - 20:12:36: [SM] Exception reported: Entity 3 (3) is invalid
L 08/16/2021 - 20:12:36: [SM] Blaming: DisableRadar.smx
L 08/16/2021 - 20:12:36: [SM] Call stack trace:
L 08/16/2021 - 20:12:36: [SM]   [0] GetEntProp
L 08/16/2021 - 20:12:36: [SM]   [1] Line 33, /home/forums/content/files/2/4/8/3/8/6/133573.attach::RemoveRadar
L 08/16/2021 - 20:42:02: [SM] Exception reported: Client index 981 is invalid
L 08/16/2021 - 20:42:02: [SM] Blaming: sm_hide.smx
L 08/16/2021 - 20:42:02: [SM] Call stack trace:
L 08/16/2021 - 20:42:02: [SM]   [0] GetClientTeam
L 08/16/2021 - 20:42:02: [SM]   [1] Line 141, /home/forums/content/files/2/7/7/4/6/3/183646.attach::OnNormalSoundPlayed
L 08/16/2021 - 20:46:09: [SM] Exception reported: Client 3 is not in game
L 08/16/2021 - 20:46:09: [SM] Blaming: sm_hide.smx
L 08/16/2021 - 20:46:09: [SM] Call stack trace:
L 08/16/2021 - 20:46:09: [SM]   [0] GetClientTeam
L 08/16/2021 - 20:46:09: [SM]   [1] Line 165, /home/forums/content/files/2/7/7/4/6/3/183646.attach::CSS_Hook_ShotgunShot
L 08/16/2021 - 20:46:12: [SM] Exception reported: Client 3 is not in game
L 08/16/2021 - 20:46:12: [SM] Blaming: sm_hide.smx
L 08/16/2021 - 20:46:12: [SM] Call stack trace:
L 08/16/2021 - 20:46:12: [SM]   [0] GetClientTeam
L 08/16/2021 - 20:46:12: [SM]   [1] Line 165, /home/forums/content/files/2/7/7/4/6/3/183646.attach::CSS_Hook_ShotgunShot
L 08/16/2021 - 20:46:21: [SM] Exception reported: Client 3 is not in game
L 08/16/2021 - 20:46:21: [SM] Blaming: sm_hide.smx
L 08/16/2021 - 20:46:21: [SM] Call stack trace:
L 08/16/2021 - 20:46:21: [SM]   [0] GetClientTeam
L 08/16/2021 - 20:46:21: [SM]   [1] Line 165, /home/forums/content/files/2/7/7/4/6/3/183646.attach::CSS_Hook_ShotgunShot
L 08/16/2021 - 20:46:22: [SM] Exception reported: Client 3 is not in game
L 08/16/2021 - 20:46:22: [SM] Blaming: sm_hide.smx
L 08/16/2021 - 20:46:22: [SM] Call stack trace:
L 08/16/2021 - 20:46:22: [SM]   [0] GetClientTeam
L 08/16/2021 - 20:46:22: [SM]   [1] Line 165, /home/forums/content/files/2/7/7/4/6/3/183646.attach::CSS_Hook_ShotgunShot
L 08/16/2021 - 20:46:24: [SM] Exception reported: Client 3 is not in game
L 08/16/2021 - 20:46:24: [SM] Blaming: sm_hide.smx
L 08/16/2021 - 20:46:24: [SM] Call stack trace:
L 08/16/2021 - 20:46:24: [SM]   [0] GetClientTeam
L 08/16/2021 - 20:46:24: [SM]   [1] Line 165, /home/forums/content/files/2/7/7/4/6/3/183646.attach::CSS_Hook_ShotgunShot
L 08/16/2021 - 20:46:30: [SM] Exception reported: Client 3 is not in game
L 08/16/2021 - 20:46:30: [SM] Blaming: sm_hide.smx
L 08/16/2021 - 20:46:30: [SM] Call stack trace:
L 08/16/2021 - 20:46:30: [SM]   [0] GetClientTeam
L 08/16/2021 - 20:46:30: [SM]   [1] Line 165, /home/forums/content/files/2/7/7/4/6/3/183646.attach::CSS_Hook_ShotgunShot
L 08/16/2021 - 20:46:36: [SM] Exception reported: Client 3 is not in game
L 08/16/2021 - 20:46:36: [SM] Blaming: sm_hide.smx
L 08/16/2021 - 20:46:36: [SM] Call stack trace:
L 08/16/2021 - 20:46:36: [SM]   [0] GetClientTeam
L 08/16/2021 - 20:46:36: [SM]   [1] Line 165, /home/forums/content/files/2/7/7/4/6/3/183646.attach::CSS_Hook_ShotgunShot
L 08/16/2021 - 20:46:40: [SM] Exception reported: Client 3 is not in game
L 08/16/2021 - 20:46:40: [SM] Blaming: sm_hide.smx
L 08/16/2021 - 20:46:40: [SM] Call stack trace:
L 08/16/2021 - 20:46:40: [SM]   [0] GetClientTeam
L 08/16/2021 - 20:46:40: [SM]   [1] Line 165, /home/forums/content/files/2/7/7/4/6/3/183646.attach::CSS_Hook_ShotgunShot
L 08/16/2021 - 20:46:41: [SM] Exception reported: Client 3 is not in game
L 08/16/2021 - 20:46:41: [SM] Blaming: sm_hide.smx
L 08/16/2021 - 20:46:41: [SM] Call stack trace:
L 08/16/2021 - 20:46:41: [SM]   [0] GetClientTeam
L 08/16/2021 - 20:46:41: [SM]   [1] Line 165, /home/forums/content/files/2/7/7/4/6/3/183646.attach::CSS_Hook_ShotgunShot
L 08/16/2021 - 20:46:46: [SM] Exception reported: Client 3 is not in game
L 08/16/2021 - 20:46:46: [SM] Blaming: sm_hide.smx
L 08/16/2021 - 20:46:46: [SM] Call stack trace:
L 08/16/2021 - 20:46:46: [SM]   [0] GetClientTeam
L 08/16/2021 - 20:46:46: [SM]   [1] Line 165, /home/forums/content/files/2/7/7/4/6/3/183646.attach::CSS_Hook_ShotgunShot
L 08/16/2021 - 20:46:51: [SM] Exception reported: Client 3 is not in game
L 08/16/2021 - 20:46:51: [SM] Blaming: sm_hide.smx
L 08/16/2021 - 20:46:51: [SM] Call stack trace:
L 08/16/2021 - 20:46:51: [SM]   [0] GetClientTeam
L 08/16/2021 - 20:46:51: [SM]   [1] Line 165, /home/forums/content/files/2/7/7/4/6/3/183646.attach::CSS_Hook_ShotgunShot
L 08/16/2021 - 20:46:56: [SM] Exception reported: Client 3 is not in game
L 08/16/2021 - 20:46:56: [SM] Blaming: sm_hide.smx
L 08/16/2021 - 20:46:56: [SM] Call stack trace:
L 08/16/2021 - 20:46:56: [SM]   [0] GetClientTeam
L 08/16/2021 - 20:46:56: [SM]   [1] Line 165, /home/forums/content/files/2/7/7/4/6/3/183646.attach::CSS_Hook_ShotgunShot
L 08/16/2021 - 20:47:02: [SM] Exception reported: Client 3 is not in game
L 08/16/2021 - 20:47:02: [SM] Blaming: sm_hide.smx
L 08/16/2021 - 20:47:02: [SM] Call stack trace:
L 08/16/2021 - 20:47:02: [SM]   [0] GetClientTeam
L 08/16/2021 - 20:47:02: [SM]   [1] Line 165, /home/forums/content/files/2/7/7/4/6/3/183646.attach::CSS_Hook_ShotgunShot
L 08/16/2021 - 20:47:06: [SM] Exception reported: Client 3 is not in game
L 08/16/2021 - 20:47:06: [SM] Blaming: sm_hide.smx
L 08/16/2021 - 20:47:06: [SM] Call stack trace:
L 08/16/2021 - 20:47:06: [SM]   [0] GetClientTeam
L 08/16/2021 - 20:47:06: [SM]   [1] Line 165, /home/forums/content/files/2/7/7/4/6/3/183646.attach::CSS_Hook_ShotgunShot
L 08/16/2021 - 20:47:06: [SM] Exception reported: Client 3 is not in game
L 08/16/2021 - 20:47:06: [SM] Blaming: sm_hide.smx
L 08/16/2021 - 20:47:06: [SM] Call stack trace:
L 08/16/2021 - 20:47:06: [SM]   [0] GetClientTeam
L 08/16/2021 - 20:47:06: [SM]   [1] Line 165, /home/forums/content/files/2/7/7/4/6/3/183646.attach::CSS_Hook_ShotgunShot
L 08/16/2021 - 20:47:17: [SM] Exception reported: Client 3 is not in game
L 08/16/2021 - 20:47:17: [SM] Blaming: sm_hide.smx
L 08/16/2021 - 20:47:17: [SM] Call stack trace:
L 08/16/2021 - 20:47:17: [SM]   [0] GetClientTeam
L 08/16/2021 - 20:47:17: [SM]   [1] Line 165, /home/forums/content/files/2/7/7/4/6/3/183646.attach::CSS_Hook_ShotgunShot
L 08/16/2021 - 20:47:17: [SM] Exception reported: Client 3 is not in game
L 08/16/2021 - 20:47:17: [SM] Blaming: sm_hide.smx
L 08/16/2021 - 20:47:17: [SM] Call stack trace:
L 08/16/2021 - 20:47:17: [SM]   [0] GetClientTeam
L 08/16/2021 - 20:47:17: [SM]   [1] Line 165, /home/forums/content/files/2/7/7/4/6/3/183646.attach::CSS_Hook_ShotgunShot
L 08/16/2021 - 20:47:19: [SM] Exception reported: Client 3 is not in game
L 08/16/2021 - 20:47:19: [SM] Blaming: sm_hide.smx
L 08/16/2021 - 20:47:19: [SM] Call stack trace:
L 08/16/2021 - 20:47:19: [SM]   [0] GetClientTeam
L 08/16/2021 - 20:47:19: [SM]   [1] Line 165, /home/forums/content/files/2/7/7/4/6/3/183646.attach::CSS_Hook_ShotgunShot
L 08/16/2021 - 20:47:42: [SM] Exception reported: Client 3 is not in game
L 08/16/2021 - 20:47:42: [SM] Blaming: sm_hide.smx
L 08/16/2021 - 20:47:42: [SM] Call stack trace:
L 08/16/2021 - 20:47:42: [SM]   [0] GetClientTeam
L 08/16/2021 - 20:47:42: [SM]   [1] Line 165, /home/forums/content/files/2/7/7/4/6/3/183646.attach::CSS_Hook_ShotgunShot
L 08/16/2021 - 20:47:46: [SM] Exception reported: Client 3 is not in game
L 08/16/2021 - 20:47:46: [SM] Blaming: sm_hide.smx
L 08/16/2021 - 20:47:46: [SM] Call stack trace:
L 08/16/2021 - 20:47:46: [SM]   [0] GetClientTeam
L 08/16/2021 - 20:47:46: [SM]   [1] Line 165, /home/forums/content/files/2/7/7/4/6/3/183646.attach::CSS_Hook_ShotgunShot
L 08/16/2021 - 20:48:01: [SM] Exception reported: Client 3 is not in game
L 08/16/2021 - 20:48:01: [SM] Blaming: sm_hide.smx
L 08/16/2021 - 20:48:01: [SM] Call stack trace:
L 08/16/2021 - 20:48:01: [SM]   [0] GetClientTeam
L 08/16/2021 - 20:48:01: [SM]   [1] Line 165, /home/forums/content/files/2/7/7/4/6/3/183646.attach::CSS_Hook_ShotgunShot
L 08/16/2021 - 20:48:07: [SM] Exception reported: Client 3 is not in game
L 08/16/2021 - 20:48:07: [SM] Blaming: sm_hide.smx
L 08/16/2021 - 20:48:07: [SM] Call stack trace:
L 08/16/2021 - 20:48:07: [SM]   [0] GetClientTeam
L 08/16/2021 - 20:48:07: [SM]   [1] Line 165, /home/forums/content/files/2/7/7/4/6/3/183646.attach::CSS_Hook_ShotgunShot
L 08/16/2021 - 20:48:39: [SM] Exception reported: Client 3 is not in game
L 08/16/2021 - 20:48:39: [SM] Blaming: sm_hide.smx
L 08/16/2021 - 20:48:39: [SM] Call stack trace:
L 08/16/2021 - 20:48:39: [SM]   [0] GetClientTeam
L 08/16/2021 - 20:48:39: [SM]   [1] Line 165, /home/forums/content/files/2/7/7/4/6/3/183646.attach::CSS_Hook_ShotgunShot
L 08/16/2021 - 20:48:41: [SM] Exception reported: Client 3 is not in game
L 08/16/2021 - 20:48:41: [SM] Blaming: sm_hide.smx
L 08/16/2021 - 20:48:41: [SM] Call stack trace:
L 08/16/2021 - 20:48:41: [SM]   [0] GetClientTeam
L 08/16/2021 - 20:48:41: [SM]   [1] Line 165, /home/forums/content/files/2/7/7/4/6/3/183646.attach::CSS_Hook_ShotgunShot
L 08/16/2021 - 20:48:42: [SM] Exception reported: Client 3 is not in game
L 08/16/2021 - 20:48:42: [SM] Blaming: sm_hide.smx
L 08/16/2021 - 20:48:42: [SM] Call stack trace:
L 08/16/2021 - 20:48:42: [SM]   [0] GetClientTeam
L 08/16/2021 - 20:48:42: [SM]   [1] Line 165, /home/forums/content/files/2/7/7/4/6/3/183646.attach::CSS_Hook_ShotgunShot
L 08/16/2021 - 21:54:53: [SM] Exception reported: Invalid query Handle 0 (error: 4)
L 08/16/2021 - 21:54:53: [SM] Blaming: dm_trick.smx
L 08/16/2021 - 21:54:53: [SM] Call stack trace:
L 08/16/2021 - 21:54:53: [SM]   [0] DBResultSet.HasResults.get
L 08/16/2021 - 21:54:53: [SM]   [1] Line 129, include/saveloc.sp::load_loc_cl_data_callback
L 08/16/2021 - 21:54:53: [SM] Exception reported: Invalid query Handle 0 (error: 4)
L 08/16/2021 - 21:54:53: [SM] Blaming: dm_trick.smx
L 08/16/2021 - 21:54:53: [SM] Call stack trace:
L 08/16/2021 - 21:54:53: [SM]   [0] DBResultSet.HasResults.get
L 08/16/2021 - 21:54:53: [SM]   [1] Line 88, include/trick_menu.sp::load_trick_cl_data_callback
L 08/17/2021 - 00:26:58: Error log file session closed.
