L 08/28/2021 - 01:19:46: SourceMod error session started
L 08/28/2021 - 01:19:46: Info (map "surf_trick_gxd") (file "/home/container/csgo/addons/sourcemod/logs/errors_20210828.log")
L 08/28/2021 - 01:19:46: [dm_trick.smx] fffff: Lost connection to MySQL server during query
L 08/28/2021 - 01:20:45: [SM] Exception reported: Invalid index 48 (count: 0)
L 08/28/2021 - 01:20:45: [SM] Blaming: dm_trick.smx
L 08/28/2021 - 01:20:45: [SM] Call stack trace:
L 08/28/2021 - 01:20:45: [SM]   [0] ArrayList.GetString
L 08/28/2021 - 01:20:45: [SM]   [1] Line 79, include/top_displays.sp::top_update
L 08/28/2021 - 01:20:45: [SM]   [2] Line 21, include/top_displays.sp::load_info
L 08/28/2021 - 01:22:45: [SM] Exception reported: Invalid index 48 (count: 0)
L 08/28/2021 - 01:22:45: [SM] Blaming: dm_trick.smx
L 08/28/2021 - 01:22:45: [SM] Call stack trace:
L 08/28/2021 - 01:22:45: [SM]   [0] ArrayList.GetString
L 08/28/2021 - 01:22:45: [SM]   [1] Line 79, include/top_displays.sp::top_update
L 08/28/2021 - 01:22:45: [SM]   [2] Line 21, include/top_displays.sp::load_info
L 08/28/2021 - 01:24:45: [SM] Exception reported: Invalid index 48 (count: 0)
L 08/28/2021 - 01:24:45: [SM] Blaming: dm_trick.smx
L 08/28/2021 - 01:24:45: [SM] Call stack trace:
L 08/28/2021 - 01:24:45: [SM]   [0] ArrayList.GetString
L 08/28/2021 - 01:24:45: [SM]   [1] Line 79, include/top_displays.sp::top_update
L 08/28/2021 - 01:24:45: [SM]   [2] Line 21, include/top_displays.sp::load_info
L 08/28/2021 - 01:26:45: [SM] Exception reported: Invalid index 48 (count: 0)
L 08/28/2021 - 01:26:45: [SM] Blaming: dm_trick.smx
L 08/28/2021 - 01:26:45: [SM] Call stack trace:
L 08/28/2021 - 01:26:45: [SM]   [0] ArrayList.GetString
L 08/28/2021 - 01:26:45: [SM]   [1] Line 79, include/top_displays.sp::top_update
L 08/28/2021 - 01:26:45: [SM]   [2] Line 21, include/top_displays.sp::load_info
L 08/28/2021 - 01:28:45: [SM] Exception reported: Invalid index 48 (count: 0)
L 08/28/2021 - 01:28:45: [SM] Blaming: dm_trick.smx
L 08/28/2021 - 01:28:45: [SM] Call stack trace:
L 08/28/2021 - 01:28:45: [SM]   [0] ArrayList.GetString
L 08/28/2021 - 01:28:45: [SM]   [1] Line 79, include/top_displays.sp::top_update
L 08/28/2021 - 01:28:45: [SM]   [2] Line 21, include/top_displays.sp::load_info
L 08/28/2021 - 01:30:45: [SM] Exception reported: Invalid index 48 (count: 0)
L 08/28/2021 - 01:30:45: [SM] Blaming: dm_trick.smx
L 08/28/2021 - 01:30:45: [SM] Call stack trace:
L 08/28/2021 - 01:30:45: [SM]   [0] ArrayList.GetString
L 08/28/2021 - 01:30:45: [SM]   [1] Line 79, include/top_displays.sp::top_update
L 08/28/2021 - 01:30:45: [SM]   [2] Line 21, include/top_displays.sp::load_info
L 08/28/2021 - 01:32:45: [SM] Exception reported: Invalid index 48 (count: 0)
L 08/28/2021 - 01:32:45: [SM] Blaming: dm_trick.smx
L 08/28/2021 - 01:32:45: [SM] Call stack trace:
L 08/28/2021 - 01:32:45: [SM]   [0] ArrayList.GetString
L 08/28/2021 - 01:32:45: [SM]   [1] Line 79, include/top_displays.sp::top_update
L 08/28/2021 - 01:32:45: [SM]   [2] Line 21, include/top_displays.sp::load_info
L 08/28/2021 - 01:34:45: [SM] Exception reported: Invalid index 48 (count: 0)
L 08/28/2021 - 01:34:45: [SM] Blaming: dm_trick.smx
L 08/28/2021 - 01:34:45: [SM] Call stack trace:
L 08/28/2021 - 01:34:45: [SM]   [0] ArrayList.GetString
L 08/28/2021 - 01:34:45: [SM]   [1] Line 79, include/top_displays.sp::top_update
L 08/28/2021 - 01:34:45: [SM]   [2] Line 21, include/top_displays.sp::load_info
L 08/28/2021 - 01:36:45: [SM] Exception reported: Invalid index 48 (count: 0)
L 08/28/2021 - 01:36:45: [SM] Blaming: dm_trick.smx
L 08/28/2021 - 01:36:45: [SM] Call stack trace:
L 08/28/2021 - 01:36:45: [SM]   [0] ArrayList.GetString
L 08/28/2021 - 01:36:45: [SM]   [1] Line 79, include/top_displays.sp::top_update
L 08/28/2021 - 01:36:45: [SM]   [2] Line 21, include/top_displays.sp::load_info
L 08/28/2021 - 01:38:45: [SM] Exception reported: Invalid index 48 (count: 0)
L 08/28/2021 - 01:38:45: [SM] Blaming: dm_trick.smx
L 08/28/2021 - 01:38:45: [SM] Call stack trace:
L 08/28/2021 - 01:38:45: [SM]   [0] ArrayList.GetString
L 08/28/2021 - 01:38:45: [SM]   [1] Line 79, include/top_displays.sp::top_update
L 08/28/2021 - 01:38:45: [SM]   [2] Line 21, include/top_displays.sp::load_info
L 08/28/2021 - 01:40:45: [SM] Exception reported: Invalid index 48 (count: 0)
L 08/28/2021 - 01:40:45: [SM] Blaming: dm_trick.smx
L 08/28/2021 - 01:40:45: [SM] Call stack trace:
L 08/28/2021 - 01:40:45: [SM]   [0] ArrayList.GetString
L 08/28/2021 - 01:40:45: [SM]   [1] Line 79, include/top_displays.sp::top_update
L 08/28/2021 - 01:40:45: [SM]   [2] Line 21, include/top_displays.sp::load_info
L 08/28/2021 - 01:42:45: [SM] Exception reported: Invalid index 48 (count: 0)
L 08/28/2021 - 01:42:45: [SM] Blaming: dm_trick.smx
L 08/28/2021 - 01:42:45: [SM] Call stack trace:
L 08/28/2021 - 01:42:45: [SM]   [0] ArrayList.GetString
L 08/28/2021 - 01:42:45: [SM]   [1] Line 79, include/top_displays.sp::top_update
L 08/28/2021 - 01:42:45: [SM]   [2] Line 21, include/top_displays.sp::load_info
L 08/28/2021 - 01:44:45: [SM] Exception reported: Invalid index 48 (count: 0)
L 08/28/2021 - 01:44:45: [SM] Blaming: dm_trick.smx
L 08/28/2021 - 01:44:45: [SM] Call stack trace:
L 08/28/2021 - 01:44:45: [SM]   [0] ArrayList.GetString
L 08/28/2021 - 01:44:45: [SM]   [1] Line 79, include/top_displays.sp::top_update
L 08/28/2021 - 01:44:45: [SM]   [2] Line 21, include/top_displays.sp::load_info
L 08/28/2021 - 01:46:45: [SM] Exception reported: Invalid index 48 (count: 0)
L 08/28/2021 - 01:46:45: [SM] Blaming: dm_trick.smx
L 08/28/2021 - 01:46:45: [SM] Call stack trace:
L 08/28/2021 - 01:46:45: [SM]   [0] ArrayList.GetString
L 08/28/2021 - 01:46:45: [SM]   [1] Line 79, include/top_displays.sp::top_update
L 08/28/2021 - 01:46:45: [SM]   [2] Line 21, include/top_displays.sp::load_info
L 08/28/2021 - 01:48:45: [SM] Exception reported: Invalid index 48 (count: 0)
L 08/28/2021 - 01:48:45: [SM] Blaming: dm_trick.smx
L 08/28/2021 - 01:48:45: [SM] Call stack trace:
L 08/28/2021 - 01:48:45: [SM]   [0] ArrayList.GetString
L 08/28/2021 - 01:48:45: [SM]   [1] Line 79, include/top_displays.sp::top_update
L 08/28/2021 - 01:48:45: [SM]   [2] Line 21, include/top_displays.sp::load_info
L 08/28/2021 - 01:50:45: [SM] Exception reported: Invalid index 48 (count: 0)
L 08/28/2021 - 01:50:45: [SM] Blaming: dm_trick.smx
L 08/28/2021 - 01:50:45: [SM] Call stack trace:
L 08/28/2021 - 01:50:45: [SM]   [0] ArrayList.GetString
L 08/28/2021 - 01:50:45: [SM]   [1] Line 79, include/top_displays.sp::top_update
L 08/28/2021 - 01:50:45: [SM]   [2] Line 21, include/top_displays.sp::load_info
L 08/28/2021 - 01:52:45: [SM] Exception reported: Invalid index 48 (count: 0)
L 08/28/2021 - 01:52:45: [SM] Blaming: dm_trick.smx
L 08/28/2021 - 01:52:45: [SM] Call stack trace:
L 08/28/2021 - 01:52:45: [SM]   [0] ArrayList.GetString
L 08/28/2021 - 01:52:45: [SM]   [1] Line 79, include/top_displays.sp::top_update
L 08/28/2021 - 01:52:45: [SM]   [2] Line 21, include/top_displays.sp::load_info
L 08/28/2021 - 01:54:45: [SM] Exception reported: Invalid index 48 (count: 0)
L 08/28/2021 - 01:54:45: [SM] Blaming: dm_trick.smx
L 08/28/2021 - 01:54:45: [SM] Call stack trace:
L 08/28/2021 - 01:54:45: [SM]   [0] ArrayList.GetString
L 08/28/2021 - 01:54:45: [SM]   [1] Line 79, include/top_displays.sp::top_update
L 08/28/2021 - 01:54:45: [SM]   [2] Line 21, include/top_displays.sp::load_info
L 08/28/2021 - 01:56:45: [SM] Exception reported: Invalid index 48 (count: 0)
L 08/28/2021 - 01:56:45: [SM] Blaming: dm_trick.smx
L 08/28/2021 - 01:56:45: [SM] Call stack trace:
L 08/28/2021 - 01:56:45: [SM]   [0] ArrayList.GetString
L 08/28/2021 - 01:56:45: [SM]   [1] Line 79, include/top_displays.sp::top_update
L 08/28/2021 - 01:56:45: [SM]   [2] Line 21, include/top_displays.sp::load_info
L 08/28/2021 - 01:58:45: [SM] Exception reported: Invalid index 48 (count: 0)
L 08/28/2021 - 01:58:45: [SM] Blaming: dm_trick.smx
L 08/28/2021 - 01:58:45: [SM] Call stack trace:
L 08/28/2021 - 01:58:45: [SM]   [0] ArrayList.GetString
L 08/28/2021 - 01:58:45: [SM]   [1] Line 79, include/top_displays.sp::top_update
L 08/28/2021 - 01:58:45: [SM]   [2] Line 21, include/top_displays.sp::load_info
L 08/28/2021 - 02:00:45: [SM] Exception reported: Invalid index 48 (count: 0)
L 08/28/2021 - 02:00:45: [SM] Blaming: dm_trick.smx
L 08/28/2021 - 02:00:45: [SM] Call stack trace:
L 08/28/2021 - 02:00:45: [SM]   [0] ArrayList.GetString
L 08/28/2021 - 02:00:45: [SM]   [1] Line 79, include/top_displays.sp::top_update
L 08/28/2021 - 02:00:45: [SM]   [2] Line 21, include/top_displays.sp::load_info
L 08/28/2021 - 02:02:45: [SM] Exception reported: Invalid index 48 (count: 0)
L 08/28/2021 - 02:02:45: [SM] Blaming: dm_trick.smx
L 08/28/2021 - 02:02:45: [SM] Call stack trace:
L 08/28/2021 - 02:02:45: [SM]   [0] ArrayList.GetString
L 08/28/2021 - 02:02:45: [SM]   [1] Line 79, include/top_displays.sp::top_update
L 08/28/2021 - 02:02:45: [SM]   [2] Line 21, include/top_displays.sp::load_info
L 08/28/2021 - 02:04:45: [SM] Exception reported: Invalid index 48 (count: 0)
L 08/28/2021 - 02:04:45: [SM] Blaming: dm_trick.smx
L 08/28/2021 - 02:04:45: [SM] Call stack trace:
L 08/28/2021 - 02:04:45: [SM]   [0] ArrayList.GetString
L 08/28/2021 - 02:04:45: [SM]   [1] Line 79, include/top_displays.sp::top_update
L 08/28/2021 - 02:04:45: [SM]   [2] Line 21, include/top_displays.sp::load_info
L 08/28/2021 - 02:06:45: [SM] Exception reported: Invalid index 48 (count: 0)
L 08/28/2021 - 02:06:45: [SM] Blaming: dm_trick.smx
L 08/28/2021 - 02:06:45: [SM] Call stack trace:
L 08/28/2021 - 02:06:45: [SM]   [0] ArrayList.GetString
L 08/28/2021 - 02:06:45: [SM]   [1] Line 79, include/top_displays.sp::top_update
L 08/28/2021 - 02:06:45: [SM]   [2] Line 21, include/top_displays.sp::load_info
L 08/28/2021 - 02:21:45: [SM] Exception reported: Invalid index 48 (count: 0)
L 08/28/2021 - 02:21:45: [SM] Blaming: dm_trick.smx
L 08/28/2021 - 02:21:45: [SM] Call stack trace:
L 08/28/2021 - 02:21:45: [SM]   [0] ArrayList.GetString
L 08/28/2021 - 02:21:45: [SM]   [1] Line 79, include/top_displays.sp::top_update
L 08/28/2021 - 02:21:45: [SM]   [2] Line 21, include/top_displays.sp::load_info
L 08/28/2021 - 02:21:46: Error log file session closed.
L 08/28/2021 - 02:23:47: SourceMod error session started
L 08/28/2021 - 02:23:47: Info (map "surf_trick_gxd") (file "/home/container/csgo/addons/sourcemod/logs/errors_20210828.log")
L 08/28/2021 - 02:23:47: [SM] Exception reported: Invalid index 48 (count: 0)
L 08/28/2021 - 02:23:47: [SM] Blaming: dm_trick.smx
L 08/28/2021 - 02:23:47: [SM] Call stack trace:
L 08/28/2021 - 02:23:47: [SM]   [0] ArrayList.GetString
L 08/28/2021 - 02:23:47: [SM]   [1] Line 79, include/top_displays.sp::top_update
L 08/28/2021 - 02:23:47: [SM]   [2] Line 21, include/top_displays.sp::load_info
L 08/28/2021 - 02:41:27: Error log file session closed.
L 08/28/2021 - 06:00:09: SourceMod error session started
L 08/28/2021 - 06:00:09: Info (map "surf_trick_gxd") (file "/home/container/csgo/addons/sourcemod/logs/errors_20210828.log")
L 08/28/2021 - 06:00:09: [SM] Unable to load plugin "momsurffix2.smx": Native "DHookCreateDetour" was not found
L 08/28/2021 - 03:43:06: Error log file session closed.
L 08/28/2021 - 03:43:39: SourceMod error session started
L 08/28/2021 - 03:43:39: Info (map "surf_trick_gxd") (file "/home/container/csgo/addons/sourcemod/logs/errors_20210828.log")
L 08/28/2021 - 03:43:39: [SM] Exception reported: Client index 0 is invalid
L 08/28/2021 - 03:43:39: [SM] Blaming: HitReg_Gxd.smx
L 08/28/2021 - 03:43:39: [SM] Call stack trace:
L 08/28/2021 - 03:43:39: [SM]   [0] GetClientWeapon
L 08/28/2021 - 03:43:39: [SM]   [1] Line 218, c:\Users\Ваня\Desktop\Vse\Программы\SourcePawn\HitReg_Gxd\scripting\HitReg_Gxd.sp::OnPlayerHurt
L 08/28/2021 - 03:43:51: [SM] Exception reported: Client index 0 is invalid
L 08/28/2021 - 03:43:51: [SM] Blaming: HitReg_Gxd.smx
L 08/28/2021 - 03:43:51: [SM] Call stack trace:
L 08/28/2021 - 03:43:51: [SM]   [0] GetClientWeapon
L 08/28/2021 - 03:43:51: [SM]   [1] Line 218, c:\Users\Ваня\Desktop\Vse\Программы\SourcePawn\HitReg_Gxd\scripting\HitReg_Gxd.sp::OnPlayerHurt
L 08/28/2021 - 04:23:00: Error log file session closed.
L 08/28/2021 - 06:01:03: SourceMod error session started
L 08/28/2021 - 06:01:03: Info (map "surf_trick_gxd") (file "/home/container/csgo/addons/sourcemod/logs/errors_20210828.log")
L 08/28/2021 - 06:01:03: [SM] Unable to load plugin "momsurffix2.smx": Native "DHookCreateDetour" was not found
L 08/28/2021 - 04:55:32: Error log file session closed.
L 08/28/2021 - 05:02:50: SourceMod error session started
L 08/28/2021 - 05:02:50: Info (map "surf_trick_gxd") (file "/home/container/csgo/addons/sourcemod/logs/errors_20210828.log")
L 08/28/2021 - 05:02:50: [SM] Exception reported: Client index 0 is invalid
L 08/28/2021 - 05:02:50: [SM] Blaming: HitReg_Gxd.smx
L 08/28/2021 - 05:02:50: [SM] Call stack trace:
L 08/28/2021 - 05:02:50: [SM]   [0] GetClientWeapon
L 08/28/2021 - 05:02:50: [SM]   [1] Line 218, c:\Users\Ваня\Desktop\Vse\Программы\SourcePawn\HitReg_Gxd\scripting\HitReg_Gxd.sp::OnPlayerHurt
L 08/28/2021 - 05:03:01: [SM] Exception reported: Client index 0 is invalid
L 08/28/2021 - 05:03:01: [SM] Blaming: HitReg_Gxd.smx
L 08/28/2021 - 05:03:01: [SM] Call stack trace:
L 08/28/2021 - 05:03:01: [SM]   [0] GetClientWeapon
L 08/28/2021 - 05:03:01: [SM]   [1] Line 218, c:\Users\Ваня\Desktop\Vse\Программы\SourcePawn\HitReg_Gxd\scripting\HitReg_Gxd.sp::OnPlayerHurt
L 08/28/2021 - 05:04:38: [SM] Exception reported: Client index 0 is invalid
L 08/28/2021 - 05:04:38: [SM] Blaming: HitReg_Gxd.smx
L 08/28/2021 - 05:04:38: [SM] Call stack trace:
L 08/28/2021 - 05:04:38: [SM]   [0] GetClientWeapon
L 08/28/2021 - 05:04:38: [SM]   [1] Line 218, c:\Users\Ваня\Desktop\Vse\Программы\SourcePawn\HitReg_Gxd\scripting\HitReg_Gxd.sp::OnPlayerHurt
L 08/28/2021 - 05:05:05: [SM] Exception reported: Client index 0 is invalid
L 08/28/2021 - 05:05:05: [SM] Blaming: HitReg_Gxd.smx
L 08/28/2021 - 05:05:05: [SM] Call stack trace:
L 08/28/2021 - 05:05:05: [SM]   [0] GetClientWeapon
L 08/28/2021 - 05:05:05: [SM]   [1] Line 218, c:\Users\Ваня\Desktop\Vse\Программы\SourcePawn\HitReg_Gxd\scripting\HitReg_Gxd.sp::OnPlayerHurt
L 08/28/2021 - 05:06:36: [SM] Exception reported: Client index 0 is invalid
L 08/28/2021 - 05:06:36: [SM] Blaming: HitReg_Gxd.smx
L 08/28/2021 - 05:06:36: [SM] Call stack trace:
L 08/28/2021 - 05:06:36: [SM]   [0] GetClientWeapon
L 08/28/2021 - 05:06:36: [SM]   [1] Line 218, c:\Users\Ваня\Desktop\Vse\Программы\SourcePawn\HitReg_Gxd\scripting\HitReg_Gxd.sp::OnPlayerHurt
L 08/28/2021 - 05:07:05: [SM] Exception reported: Client index 0 is invalid
L 08/28/2021 - 05:07:05: [SM] Blaming: HitReg_Gxd.smx
L 08/28/2021 - 05:07:05: [SM] Call stack trace:
L 08/28/2021 - 05:07:05: [SM]   [0] GetClientWeapon
L 08/28/2021 - 05:07:05: [SM]   [1] Line 218, c:\Users\Ваня\Desktop\Vse\Программы\SourcePawn\HitReg_Gxd\scripting\HitReg_Gxd.sp::OnPlayerHurt
L 08/28/2021 - 05:07:24: [SM] Exception reported: Client index 0 is invalid
L 08/28/2021 - 05:07:24: [SM] Blaming: HitReg_Gxd.smx
L 08/28/2021 - 05:07:24: [SM] Call stack trace:
L 08/28/2021 - 05:07:24: [SM]   [0] GetClientWeapon
L 08/28/2021 - 05:07:24: [SM]   [1] Line 218, c:\Users\Ваня\Desktop\Vse\Программы\SourcePawn\HitReg_Gxd\scripting\HitReg_Gxd.sp::OnPlayerHurt
L 08/28/2021 - 05:52:08: Error log file session closed.
L 08/28/2021 - 06:01:04: SourceMod error session started
L 08/28/2021 - 06:01:04: Info (map "surf_trick_gxd") (file "/home/container/csgo/addons/sourcemod/logs/errors_20210828.log")
L 08/28/2021 - 06:01:04: [SM] Unable to load plugin "momsurffix2.smx": Native "DHookCreateDetour" was not found
L 08/28/2021 - 06:05:54: Error log file session closed.
L 08/28/2021 - 09:10:53: SourceMod error session started
L 08/28/2021 - 09:10:53: Info (map "surf_trick_gxd") (file "/home/container/csgo/addons/sourcemod/logs/errors_20210828.log")
L 08/28/2021 - 09:10:53: [SM] Unable to load plugin "momsurffix2.smx": Native "DHookCreateDetour" was not found
L 08/28/2021 - 09:13:36: Error log file session closed.
L 08/28/2021 - 06:18:47: SourceMod error session started
L 08/28/2021 - 06:18:47: Info (map "surf_trick_gxd") (file "/home/container/csgo/addons/sourcemod/logs/errors_20210828.log")
L 08/28/2021 - 06:18:47: [SM] Unable to load plugin "momsurffix2.smx": Native "DHookCreateDetour" was not found
L 08/28/2021 - 07:49:46: Error log file session closed.
L 08/28/2021 - 08:32:20: SourceMod error session started
L 08/28/2021 - 08:32:20: Info (map "surf_trick_gxd") (file "/home/container/csgo/addons/sourcemod/logs/errors_20210828.log")
L 08/28/2021 - 08:32:20: [SM] Exception reported: Invalid query Handle 0 (error: 4)
L 08/28/2021 - 08:32:20: [SM] Blaming: dm_trick.smx
L 08/28/2021 - 08:32:20: [SM] Call stack trace:
L 08/28/2021 - 08:32:20: [SM]   [0] DBResultSet.HasResults.get
L 08/28/2021 - 08:32:20: [SM]   [1] Line 208, include/daily_tricks.sp::timer_daily_callback
L 08/28/2021 - 09:01:58: Error log file session closed.
L 08/28/2021 - 09:01:59: SourceMod error session started
L 08/28/2021 - 09:01:59: Info (map "surf_trick_gxd") (file "/home/container/csgo/addons/sourcemod/logs/errors_20210828.log")
L 08/28/2021 - 09:01:59: [SM] Exception reported: Invalid query Handle 0 (error: 4)
L 08/28/2021 - 09:01:59: [SM] Blaming: dm_trick.smx
L 08/28/2021 - 09:01:59: [SM] Call stack trace:
L 08/28/2021 - 09:01:59: [SM]   [0] DBResultSet.HasResults.get
L 08/28/2021 - 09:01:59: [SM]   [1] Line 208, include/daily_tricks.sp::timer_daily_callback
L 08/28/2021 - 09:29:18: Error log file session closed.
L 08/28/2021 - 09:29:19: SourceMod error session started
L 08/28/2021 - 09:29:19: Info (map "surf_trick_gxd") (file "/home/container/csgo/addons/sourcemod/logs/errors_20210828.log")
L 08/28/2021 - 09:29:19: [SM] Exception reported: Invalid query Handle 0 (error: 4)
L 08/28/2021 - 09:29:19: [SM] Blaming: dm_trick.smx
L 08/28/2021 - 09:29:19: [SM] Call stack trace:
L 08/28/2021 - 09:29:19: [SM]   [0] DBResultSet.HasResults.get
L 08/28/2021 - 09:29:19: [SM]   [1] Line 208, include/daily_tricks.sp::timer_daily_callback
L 08/28/2021 - 09:36:30: Error log file session closed.
L 08/28/2021 - 10:10:59: SourceMod error session started
L 08/28/2021 - 10:10:59: Info (map "surf_trick_gxd") (file "/home/container/csgo/addons/sourcemod/logs/errors_20210828.log")
L 08/28/2021 - 10:10:59: [SM] Exception reported: Invalid query Handle 0 (error: 4)
L 08/28/2021 - 10:10:59: [SM] Blaming: dm_trick.smx
L 08/28/2021 - 10:10:59: [SM] Call stack trace:
L 08/28/2021 - 10:10:59: [SM]   [0] DBResultSet.HasResults.get
L 08/28/2021 - 10:10:59: [SM]   [1] Line 208, include/daily_tricks.sp::timer_daily_callback
L 08/28/2021 - 10:14:49: Error log file session closed.
L 08/28/2021 - 12:21:22: SourceMod error session started
L 08/28/2021 - 12:21:22: Info (map "surf_trick_gxd") (file "/home/container/csgo/addons/sourcemod/logs/errors_20210828.log")
L 08/28/2021 - 12:21:22: [SM] Exception reported: Client index 818 is invalid
L 08/28/2021 - 12:21:22: [SM] Blaming: sm_hide.smx
L 08/28/2021 - 12:21:22: [SM] Call stack trace:
L 08/28/2021 - 12:21:22: [SM]   [0] GetClientTeam
L 08/28/2021 - 12:21:22: [SM]   [1] Line 141, /home/forums/content/files/2/7/7/4/6/3/183646.attach::OnNormalSoundPlayed
L 08/28/2021 - 12:21:26: [SM] Exception reported: Client index 818 is invalid
L 08/28/2021 - 12:21:26: [SM] Blaming: sm_hide.smx
L 08/28/2021 - 12:21:26: [SM] Call stack trace:
L 08/28/2021 - 12:21:26: [SM]   [0] GetClientTeam
L 08/28/2021 - 12:21:26: [SM]   [1] Line 141, /home/forums/content/files/2/7/7/4/6/3/183646.attach::OnNormalSoundPlayed
L 08/28/2021 - 12:21:30: [SM] Exception reported: Client index 818 is invalid
L 08/28/2021 - 12:21:30: [SM] Blaming: sm_hide.smx
L 08/28/2021 - 12:21:30: [SM] Call stack trace:
L 08/28/2021 - 12:21:30: [SM]   [0] GetClientTeam
L 08/28/2021 - 12:21:30: [SM]   [1] Line 141, /home/forums/content/files/2/7/7/4/6/3/183646.attach::OnNormalSoundPlayed
L 08/28/2021 - 12:38:57: Error log file session closed.
L 08/28/2021 - 13:17:50: SourceMod error session started
L 08/28/2021 - 13:17:50: Info (map "surf_trick_gxd") (file "/home/container/csgo/addons/sourcemod/logs/errors_20210828.log")
L 08/28/2021 - 13:17:50: [SM] Exception reported: Invalid query Handle 0 (error: 4)
L 08/28/2021 - 13:17:50: [SM] Blaming: dm_trick.smx
L 08/28/2021 - 13:17:50: [SM] Call stack trace:
L 08/28/2021 - 13:17:50: [SM]   [0] DBResultSet.HasResults.get
L 08/28/2021 - 13:17:50: [SM]   [1] Line 208, include/daily_tricks.sp::timer_daily_callback
L 08/28/2021 - 13:30:15: Error log file session closed.
L 08/28/2021 - 13:30:16: SourceMod error session started
L 08/28/2021 - 13:30:16: Info (map "surf_trick_gxd") (file "/home/container/csgo/addons/sourcemod/logs/errors_20210828.log")
L 08/28/2021 - 13:30:16: [SM] Exception reported: Invalid query Handle 0 (error: 4)
L 08/28/2021 - 13:30:16: [SM] Blaming: dm_trick.smx
L 08/28/2021 - 13:30:16: [SM] Call stack trace:
L 08/28/2021 - 13:30:16: [SM]   [0] DBResultSet.HasResults.get
L 08/28/2021 - 13:30:16: [SM]   [1] Line 208, include/daily_tricks.sp::timer_daily_callback
L 08/28/2021 - 14:51:22: Error log file session closed.
L 08/28/2021 - 14:51:24: SourceMod error session started
L 08/28/2021 - 14:51:24: Info (map "surf_trick_gxd") (file "/home/container/csgo/addons/sourcemod/logs/errors_20210828.log")
L 08/28/2021 - 14:51:24: [SM] Exception reported: Invalid query Handle 0 (error: 4)
L 08/28/2021 - 14:51:24: [SM] Blaming: dm_trick.smx
L 08/28/2021 - 14:51:24: [SM] Call stack trace:
L 08/28/2021 - 14:51:24: [SM]   [0] DBResultSet.HasResults.get
L 08/28/2021 - 14:51:24: [SM]   [1] Line 208, include/daily_tricks.sp::timer_daily_callback
L 08/28/2021 - 14:56:55: Error log file session closed.
L 08/28/2021 - 14:56:56: SourceMod error session started
L 08/28/2021 - 14:56:56: Info (map "surf_trick_gxd") (file "/home/container/csgo/addons/sourcemod/logs/errors_20210828.log")
L 08/28/2021 - 14:56:56: [SM] Exception reported: Invalid query Handle 0 (error: 4)
L 08/28/2021 - 14:56:56: [SM] Blaming: dm_trick.smx
L 08/28/2021 - 14:56:56: [SM] Call stack trace:
L 08/28/2021 - 14:56:56: [SM]   [0] DBResultSet.HasResults.get
L 08/28/2021 - 14:56:56: [SM]   [1] Line 208, include/daily_tricks.sp::timer_daily_callback
L 08/28/2021 - 16:29:55: Error log file session closed.
L 08/28/2021 - 16:29:56: SourceMod error session started
L 08/28/2021 - 16:29:56: Info (map "surf_trick_gxd") (file "/home/container/csgo/addons/sourcemod/logs/errors_20210828.log")
L 08/28/2021 - 16:29:56: [SM] Exception reported: Invalid query Handle 0 (error: 4)
L 08/28/2021 - 16:29:56: [SM] Blaming: dm_trick.smx
L 08/28/2021 - 16:29:56: [SM] Call stack trace:
L 08/28/2021 - 16:29:56: [SM]   [0] DBResultSet.HasResults.get
L 08/28/2021 - 16:29:56: [SM]   [1] Line 208, include/daily_tricks.sp::timer_daily_callback
L 08/28/2021 - 16:35:21: Error log file session closed.
L 08/28/2021 - 16:35:23: SourceMod error session started
L 08/28/2021 - 16:35:23: Info (map "surf_trick_gxd") (file "/home/container/csgo/addons/sourcemod/logs/errors_20210828.log")
L 08/28/2021 - 16:35:23: [SM] Exception reported: Invalid query Handle 0 (error: 4)
L 08/28/2021 - 16:35:23: [SM] Blaming: dm_trick.smx
L 08/28/2021 - 16:35:23: [SM] Call stack trace:
L 08/28/2021 - 16:35:23: [SM]   [0] DBResultSet.HasResults.get
L 08/28/2021 - 16:35:23: [SM]   [1] Line 208, include/daily_tricks.sp::timer_daily_callback
L 08/28/2021 - 17:18:30: Error log file session closed.
L 08/28/2021 - 17:22:22: SourceMod error session started
L 08/28/2021 - 17:22:22: Info (map "surf_trick_gxd") (file "/home/container/csgo/addons/sourcemod/logs/errors_20210828.log")
L 08/28/2021 - 17:22:22: [SM] Unable to load plugin "momsurffix2.smx": Required extension "dhooks" file("dhooks.ext") not running
L 08/28/2021 - 17:22:22: [SM] Unable to load plugin "dm_trick.smx": Required extension "dhooks" file("dhooks.ext") not running
L 08/28/2021 - 17:22:27: Error log file session closed.
L 08/28/2021 - 17:22:27: SourceMod error session started
L 08/28/2021 - 17:22:27: Info (map "surf_trick_gxd") (file "/home/container/csgo/addons/sourcemod/logs/errors_20210828.log")
L 08/28/2021 - 17:22:27: [SM] Unable to load plugin "momsurffix2.smx": Required extension "dhooks" file("dhooks.ext") not running
L 08/28/2021 - 17:27:12: Error log file session closed.
L 08/28/2021 - 17:27:12: SourceMod error session started
L 08/28/2021 - 17:27:12: Info (map "surf_trick_gxd") (file "/home/container/csgo/addons/sourcemod/logs/errors_20210828.log")
L 08/28/2021 - 17:27:12: [SM] Unable to load plugin "momsurffix2.smx": Required extension "dhooks" file("dhooks.ext") not running
L 08/28/2021 - 17:29:00: Error log file session closed.
L 08/28/2021 - 17:29:14: SourceMod error session started
L 08/28/2021 - 17:29:14: Info (map "surf_trick_gxd") (file "/home/container/csgo/addons/sourcemod/logs/errors_20210828.log")
L 08/28/2021 - 17:29:14: [SM] Unable to load plugin "momsurffix2.smx": Required extension "dhooks" file("dhooks.ext") not running
L 08/28/2021 - 17:29:14: [SM] Unable to load plugin "dm_trick.smx": Required extension "dhooks" file("dhooks.ext") not running
L 08/28/2021 - 17:29:18: Error log file session closed.
L 08/28/2021 - 17:32:41: SourceMod error session started
L 08/28/2021 - 17:32:41: Info (map "surf_trick_gxd") (file "/home/container/csgo/addons/sourcemod/logs/errors_20210828.log")
L 08/28/2021 - 17:32:41: [SM] Unable to load plugin "momsurffix2.smx": Native "DHookCreateDetour" was not found
L 08/28/2021 - 17:32:46: Error log file session closed.
L 08/28/2021 - 20:11:09: SourceMod error session started
L 08/28/2021 - 20:11:09: Info (map "surf_trick_gxd") (file "/home/container/csgo/addons/sourcemod/logs/errors_20210828.log")
L 08/28/2021 - 20:11:09: [SM] Exception reported: Invalid query Handle 0 (error: 4)
L 08/28/2021 - 20:11:09: [SM] Blaming: dm_trick.smx
L 08/28/2021 - 20:11:09: [SM] Call stack trace:
L 08/28/2021 - 20:11:09: [SM]   [0] DBResultSet.HasResults.get
L 08/28/2021 - 20:11:09: [SM]   [1] Line 208, include/daily_tricks.sp::timer_daily_callback
L 08/28/2021 - 20:29:48: [SM] Exception reported: Client index 809 is invalid
L 08/28/2021 - 20:29:48: [SM] Blaming: sm_hide.smx
L 08/28/2021 - 20:29:48: [SM] Call stack trace:
L 08/28/2021 - 20:29:48: [SM]   [0] GetClientTeam
L 08/28/2021 - 20:29:48: [SM]   [1] Line 141, /home/forums/content/files/2/7/7/4/6/3/183646.attach::OnNormalSoundPlayed
L 08/28/2021 - 20:43:50: [SM] Exception reported: Invalid query Handle 0 (error: 4)
L 08/28/2021 - 20:43:50: [SM] Blaming: dm_trick.smx
L 08/28/2021 - 20:43:50: [SM] Call stack trace:
L 08/28/2021 - 20:43:50: [SM]   [0] DBResultSet.HasResults.get
L 08/28/2021 - 20:43:50: [SM]   [1] Line 208, include/daily_tricks.sp::timer_daily_callback
L 08/28/2021 - 21:27:34: [SM] Exception reported: Client 10 is not in game
L 08/28/2021 - 21:27:34: [SM] Blaming: dm_trick.smx
L 08/28/2021 - 21:27:34: [SM] Call stack trace:
L 08/28/2021 - 21:27:34: [SM]   [0] IsPlayerAlive
L 08/28/2021 - 21:27:34: [SM]   [1] Line 36, include/saveloc.sp::cmd_teleport
L 08/28/2021 - 21:27:34: [SM] Exception reported: Client 10 is not in game
L 08/28/2021 - 21:27:34: [SM] Blaming: dm_trick.smx
L 08/28/2021 - 21:27:34: [SM] Call stack trace:
L 08/28/2021 - 21:27:34: [SM]   [0] IsPlayerAlive
L 08/28/2021 - 21:27:34: [SM]   [1] Line 36, include/saveloc.sp::cmd_teleport
L 08/28/2021 - 21:52:20: [SM] Exception reported: String formatted incorrectly - parameter 2 (total 1)
L 08/28/2021 - 21:52:20: [SM] Blaming: dm_trick.smx
L 08/28/2021 - 21:52:20: [SM] Call stack trace:
L 08/28/2021 - 21:52:20: [SM]   [0] LogError
L 08/28/2021 - 21:52:20: [SM]   [1] Line 103, include/db.sp::SQL_SelectTrickRoutesSpeedTimeCB
L 08/28/2021 - 22:45:19: Error log file session closed.
L 08/28/2021 - 22:45:41: SourceMod error session started
L 08/28/2021 - 22:45:41: Info (map "surf_trick_gxd") (file "/home/container/csgo/addons/sourcemod/logs/errors_20210828.log")
L 08/28/2021 - 22:45:41: [SM] Exception reported: Array index out-of-bounds (index 10, limit 10)
L 08/28/2021 - 22:45:41: [SM] Blaming: dm_trick.smx
L 08/28/2021 - 22:45:41: [SM] Call stack trace:
L 08/28/2021 - 22:45:41: [SM]   [1] Line 31, include/show_triggers.sp::cmd_show_triggers
L 08/28/2021 - 22:45:45: [SM] Exception reported: Array index out-of-bounds (index 10, limit 10)
L 08/28/2021 - 22:45:45: [SM] Blaming: dm_trick.smx
L 08/28/2021 - 22:45:45: [SM] Call stack trace:
L 08/28/2021 - 22:45:45: [SM]   [1] Line 31, include/show_triggers.sp::cmd_show_triggers
L 08/28/2021 - 22:45:50: [SM] Exception reported: Array index out-of-bounds (index 10, limit 10)
L 08/28/2021 - 22:45:50: [SM] Blaming: dm_trick.smx
L 08/28/2021 - 22:45:50: [SM] Call stack trace:
L 08/28/2021 - 22:45:50: [SM]   [1] Line 31, include/show_triggers.sp::cmd_show_triggers
L 08/28/2021 - 22:46:05: [SM] Exception reported: Array index out-of-bounds (index 10, limit 10)
L 08/28/2021 - 22:46:05: [SM] Blaming: dm_trick.smx
L 08/28/2021 - 22:46:05: [SM] Call stack trace:
L 08/28/2021 - 22:46:05: [SM]   [1] Line 31, include/show_triggers.sp::cmd_show_triggers
L 08/28/2021 - 22:46:46: [SM] Exception reported: Invalid Handle 0 (error: 4)
L 08/28/2021 - 22:46:46: [SM] Blaming: dm_trick.smx
L 08/28/2021 - 22:46:46: [SM] Call stack trace:
L 08/28/2021 - 22:46:46: [SM]   [0] ArrayList.Length.get
L 08/28/2021 - 22:46:46: [SM]   [1] Line 254, c:\Users\Ваня\Desktop\Vse\Программы\SourcePawn\DM_Trick_n_Combat\scripting\dm_trick.sp::timer_speed_saved
L 08/28/2021 - 22:46:46: [SM] Exception reported: Invalid Handle 0 (error: 4)
L 08/28/2021 - 22:46:46: [SM] Blaming: dm_trick.smx
L 08/28/2021 - 22:46:46: [SM] Call stack trace:
L 08/28/2021 - 22:46:46: [SM]   [0] ArrayList.Length.get
L 08/28/2021 - 22:46:46: [SM]   [1] Line 254, c:\Users\Ваня\Desktop\Vse\Программы\SourcePawn\DM_Trick_n_Combat\scripting\dm_trick.sp::timer_speed_saved
L 08/28/2021 - 22:46:46: [SM] Exception reported: Invalid Handle 0 (error: 4)
L 08/28/2021 - 22:46:46: [SM] Blaming: dm_trick.smx
L 08/28/2021 - 22:46:46: [SM] Call stack trace:
L 08/28/2021 - 22:46:46: [SM]   [0] ArrayList.Length.get
L 08/28/2021 - 22:46:46: [SM]   [1] Line 254, c:\Users\Ваня\Desktop\Vse\Программы\SourcePawn\DM_Trick_n_Combat\scripting\dm_trick.sp::timer_speed_saved
L 08/28/2021 - 22:46:46: [SM] Exception reported: Invalid Handle 0 (error: 4)
L 08/28/2021 - 22:46:46: [SM] Blaming: dm_trick.smx
L 08/28/2021 - 22:46:46: [SM] Call stack trace:
L 08/28/2021 - 22:46:46: [SM]   [0] ArrayList.Length.get
L 08/28/2021 - 22:46:46: [SM]   [1] Line 28, include/utils.sp::trigger_redundancy
L 08/28/2021 - 22:46:46: [SM]   [2] Line 610, c:\Users\Ваня\Desktop\Vse\Программы\SourcePawn\DM_Trick_n_Combat\scripting\dm_trick.sp::OnTriggerEndTouch
L 08/28/2021 - 22:46:46: [SM] Exception reported: Invalid Handle 0 (error: 4)
L 08/28/2021 - 22:46:46: [SM] Blaming: dm_trick.smx
L 08/28/2021 - 22:46:46: [SM] Call stack trace:
L 08/28/2021 - 22:46:46: [SM]   [0] ArrayList.Length.get
L 08/28/2021 - 22:46:46: [SM]   [1] Line 254, c:\Users\Ваня\Desktop\Vse\Программы\SourcePawn\DM_Trick_n_Combat\scripting\dm_trick.sp::timer_speed_saved
L 08/28/2021 - 22:46:46: [SM] Exception reported: Invalid Handle 0 (error: 4)
L 08/28/2021 - 22:46:46: [SM] Blaming: dm_trick.smx
L 08/28/2021 - 22:46:46: [SM] Call stack trace:
L 08/28/2021 - 22:46:46: [SM]   [0] ArrayList.Length.get
L 08/28/2021 - 22:46:46: [SM]   [1] Line 254, c:\Users\Ваня\Desktop\Vse\Программы\SourcePawn\DM_Trick_n_Combat\scripting\dm_trick.sp::timer_speed_saved
L 08/28/2021 - 22:46:46: [SM] Exception reported: Invalid Handle 0 (error: 4)
L 08/28/2021 - 22:46:46: [SM] Blaming: dm_trick.smx
L 08/28/2021 - 22:46:46: [SM] Call stack trace:
L 08/28/2021 - 22:46:46: [SM]   [0] ArrayList.Length.get
L 08/28/2021 - 22:46:46: [SM]   [1] Line 28, include/utils.sp::trigger_redundancy
L 08/28/2021 - 22:46:46: [SM]   [2] Line 610, c:\Users\Ваня\Desktop\Vse\Программы\SourcePawn\DM_Trick_n_Combat\scripting\dm_trick.sp::OnTriggerEndTouch
L 08/28/2021 - 22:46:46: [SM] Exception reported: Invalid Handle 0 (error: 4)
L 08/28/2021 - 22:46:46: [SM] Blaming: dm_trick.smx
L 08/28/2021 - 22:46:46: [SM] Call stack trace:
L 08/28/2021 - 22:46:46: [SM]   [0] ArrayList.Length.get
L 08/28/2021 - 22:46:46: [SM]   [1] Line 254, c:\Users\Ваня\Desktop\Vse\Программы\SourcePawn\DM_Trick_n_Combat\scripting\dm_trick.sp::timer_speed_saved
L 08/28/2021 - 22:46:46: [SM] Exception reported: Invalid Handle 0 (error: 4)
L 08/28/2021 - 22:46:46: [SM] Blaming: dm_trick.smx
L 08/28/2021 - 22:46:46: [SM] Call stack trace:
L 08/28/2021 - 22:46:46: [SM]   [0] ArrayList.Length.get
L 08/28/2021 - 22:46:46: [SM]   [1] Line 254, c:\Users\Ваня\Desktop\Vse\Программы\SourcePawn\DM_Trick_n_Combat\scripting\dm_trick.sp::timer_speed_saved
L 08/28/2021 - 22:46:46: [SM] Exception reported: Invalid Handle 0 (error: 4)
L 08/28/2021 - 22:46:46: [SM] Blaming: dm_trick.smx
L 08/28/2021 - 22:46:46: [SM] Call stack trace:
L 08/28/2021 - 22:46:46: [SM]   [0] ArrayList.Length.get
L 08/28/2021 - 22:46:46: [SM]   [1] Line 254, c:\Users\Ваня\Desktop\Vse\Программы\SourcePawn\DM_Trick_n_Combat\scripting\dm_trick.sp::timer_speed_saved
L 08/28/2021 - 22:46:47: [SM] Exception reported: Invalid Handle 0 (error: 4)
L 08/28/2021 - 22:46:47: [SM] Blaming: dm_trick.smx
L 08/28/2021 - 22:46:47: [SM] Call stack trace:
L 08/28/2021 - 22:46:47: [SM]   [0] ArrayList.Length.get
L 08/28/2021 - 22:46:47: [SM]   [1] Line 254, c:\Users\Ваня\Desktop\Vse\Программы\SourcePawn\DM_Trick_n_Combat\scripting\dm_trick.sp::timer_speed_saved
L 08/28/2021 - 22:46:47: [SM] Exception reported: Invalid Handle 0 (error: 4)
L 08/28/2021 - 22:46:47: [SM] Blaming: dm_trick.smx
L 08/28/2021 - 22:46:47: [SM] Call stack trace:
L 08/28/2021 - 22:46:47: [SM]   [0] ArrayList.Length.get
L 08/28/2021 - 22:46:47: [SM]   [1] Line 254, c:\Users\Ваня\Desktop\Vse\Программы\SourcePawn\DM_Trick_n_Combat\scripting\dm_trick.sp::timer_speed_saved
L 08/28/2021 - 22:46:47: [SM] Exception reported: Invalid Handle 0 (error: 4)
L 08/28/2021 - 22:46:47: [SM] Blaming: dm_trick.smx
L 08/28/2021 - 22:46:47: [SM] Call stack trace:
L 08/28/2021 - 22:46:47: [SM]   [0] ArrayList.Length.get
L 08/28/2021 - 22:46:47: [SM]   [1] Line 254, c:\Users\Ваня\Desktop\Vse\Программы\SourcePawn\DM_Trick_n_Combat\scripting\dm_trick.sp::timer_speed_saved
L 08/28/2021 - 22:46:47: [SM] Exception reported: Invalid Handle 0 (error: 4)
L 08/28/2021 - 22:46:47: [SM] Blaming: dm_trick.smx
L 08/28/2021 - 22:46:47: [SM] Call stack trace:
L 08/28/2021 - 22:46:47: [SM]   [0] ArrayList.Length.get
L 08/28/2021 - 22:46:47: [SM]   [1] Line 254, c:\Users\Ваня\Desktop\Vse\Программы\SourcePawn\DM_Trick_n_Combat\scripting\dm_trick.sp::timer_speed_saved
L 08/28/2021 - 22:46:47: [SM] Exception reported: Invalid Handle 0 (error: 4)
L 08/28/2021 - 22:46:47: [SM] Blaming: dm_trick.smx
L 08/28/2021 - 22:46:47: [SM] Call stack trace:
L 08/28/2021 - 22:46:47: [SM]   [0] ArrayList.Length.get
L 08/28/2021 - 22:46:47: [SM]   [1] Line 254, c:\Users\Ваня\Desktop\Vse\Программы\SourcePawn\DM_Trick_n_Combat\scripting\dm_trick.sp::timer_speed_saved
L 08/28/2021 - 22:46:47: [SM] Exception reported: Invalid Handle 0 (error: 4)
L 08/28/2021 - 22:46:47: [SM] Blaming: dm_trick.smx
L 08/28/2021 - 22:46:47: [SM] Call stack trace:
L 08/28/2021 - 22:46:47: [SM]   [0] ArrayList.Length.get
L 08/28/2021 - 22:46:47: [SM]   [1] Line 254, c:\Users\Ваня\Desktop\Vse\Программы\SourcePawn\DM_Trick_n_Combat\scripting\dm_trick.sp::timer_speed_saved
L 08/28/2021 - 22:46:47: [SM] Exception reported: Invalid Handle 0 (error: 4)
L 08/28/2021 - 22:46:47: [SM] Blaming: dm_trick.smx
L 08/28/2021 - 22:46:47: [SM] Call stack trace:
L 08/28/2021 - 22:46:47: [SM]   [0] ArrayList.Length.get
L 08/28/2021 - 22:46:47: [SM]   [1] Line 254, c:\Users\Ваня\Desktop\Vse\Программы\SourcePawn\DM_Trick_n_Combat\scripting\dm_trick.sp::timer_speed_saved
L 08/28/2021 - 22:46:47: [SM] Exception reported: Invalid Handle 0 (error: 4)
L 08/28/2021 - 22:46:47: [SM] Blaming: dm_trick.smx
L 08/28/2021 - 22:46:47: [SM] Call stack trace:
L 08/28/2021 - 22:46:47: [SM]   [0] ArrayList.Length.get
L 08/28/2021 - 22:46:47: [SM]   [1] Line 254, c:\Users\Ваня\Desktop\Vse\Программы\SourcePawn\DM_Trick_n_Combat\scripting\dm_trick.sp::timer_speed_saved
L 08/28/2021 - 22:46:47: [SM] Exception reported: Invalid Handle 0 (error: 4)
L 08/28/2021 - 22:46:47: [SM] Blaming: dm_trick.smx
L 08/28/2021 - 22:46:47: [SM] Call stack trace:
L 08/28/2021 - 22:46:47: [SM]   [0] ArrayList.Length.get
L 08/28/2021 - 22:46:47: [SM]   [1] Line 254, c:\Users\Ваня\Desktop\Vse\Программы\SourcePawn\DM_Trick_n_Combat\scripting\dm_trick.sp::timer_speed_saved
L 08/28/2021 - 22:46:47: [SM] Exception reported: Invalid Handle 0 (error: 4)
L 08/28/2021 - 22:46:47: [SM] Blaming: dm_trick.smx
L 08/28/2021 - 22:46:47: [SM] Call stack trace:
L 08/28/2021 - 22:46:47: [SM]   [0] ArrayList.Length.get
L 08/28/2021 - 22:46:47: [SM]   [1] Line 28, include/utils.sp::trigger_redundancy
L 08/28/2021 - 22:46:47: [SM]   [2] Line 610, c:\Users\Ваня\Desktop\Vse\Программы\SourcePawn\DM_Trick_n_Combat\scripting\dm_trick.sp::OnTriggerEndTouch
L 08/28/2021 - 22:46:47: [SM] Exception reported: Invalid Handle 0 (error: 4)
L 08/28/2021 - 22:46:47: [SM] Blaming: dm_trick.smx
L 08/28/2021 - 22:46:47: [SM] Call stack trace:
L 08/28/2021 - 22:46:47: [SM]   [0] ArrayList.Length.get
L 08/28/2021 - 22:46:47: [SM]   [1] Line 254, c:\Users\Ваня\Desktop\Vse\Программы\SourcePawn\DM_Trick_n_Combat\scripting\dm_trick.sp::timer_speed_saved
L 08/28/2021 - 22:46:48: [SM] Exception reported: Invalid Handle 0 (error: 4)
L 08/28/2021 - 22:46:48: [SM] Blaming: dm_trick.smx
L 08/28/2021 - 22:46:48: [SM] Call stack trace:
L 08/28/2021 - 22:46:48: [SM]   [0] ArrayList.Length.get
L 08/28/2021 - 22:46:48: [SM]   [1] Line 254, c:\Users\Ваня\Desktop\Vse\Программы\SourcePawn\DM_Trick_n_Combat\scripting\dm_trick.sp::timer_speed_saved
L 08/28/2021 - 22:46:48: [SM] Exception reported: Invalid Handle 0 (error: 4)
L 08/28/2021 - 22:46:48: [SM] Blaming: dm_trick.smx
L 08/28/2021 - 22:46:48: [SM] Call stack trace:
L 08/28/2021 - 22:46:48: [SM]   [0] ArrayList.Length.get
L 08/28/2021 - 22:46:48: [SM]   [1] Line 254, c:\Users\Ваня\Desktop\Vse\Программы\SourcePawn\DM_Trick_n_Combat\scripting\dm_trick.sp::timer_speed_saved
L 08/28/2021 - 22:46:48: [SM] Exception reported: Invalid Handle 0 (error: 4)
L 08/28/2021 - 22:46:48: [SM] Blaming: dm_trick.smx
L 08/28/2021 - 22:46:48: [SM] Call stack trace:
L 08/28/2021 - 22:46:48: [SM]   [0] ArrayList.Clear
L 08/28/2021 - 22:46:48: [SM]   [1] Line 41, include/saveloc.sp::cmd_teleport
L 08/28/2021 - 22:46:48: [SM] Exception reported: Invalid Handle 0 (error: 4)
L 08/28/2021 - 22:46:48: [SM] Blaming: dm_trick.smx
L 08/28/2021 - 22:46:48: [SM] Call stack trace:
L 08/28/2021 - 22:46:48: [SM]   [0] ArrayList.Length.get
L 08/28/2021 - 22:46:48: [SM]   [1] Line 254, c:\Users\Ваня\Desktop\Vse\Программы\SourcePawn\DM_Trick_n_Combat\scripting\dm_trick.sp::timer_speed_saved
L 08/28/2021 - 22:46:48: [SM] Exception reported: Invalid Handle 0 (error: 4)
L 08/28/2021 - 22:46:48: [SM] Blaming: dm_trick.smx
L 08/28/2021 - 22:46:48: [SM] Call stack trace:
L 08/28/2021 - 22:46:48: [SM]   [0] ArrayList.Length.get
L 08/28/2021 - 22:46:48: [SM]   [1] Line 254, c:\Users\Ваня\Desktop\Vse\Программы\SourcePawn\DM_Trick_n_Combat\scripting\dm_trick.sp::timer_speed_saved
L 08/28/2021 - 22:46:48: [SM] Exception reported: Invalid Handle 0 (error: 4)
L 08/28/2021 - 22:46:48: [SM] Blaming: dm_trick.smx
L 08/28/2021 - 22:46:48: [SM] Call stack trace:
L 08/28/2021 - 22:46:48: [SM]   [0] ArrayList.Length.get
L 08/28/2021 - 22:46:48: [SM]   [1] Line 254, c:\Users\Ваня\Desktop\Vse\Программы\SourcePawn\DM_Trick_n_Combat\scripting\dm_trick.sp::timer_speed_saved
L 08/28/2021 - 22:46:48: [SM] Exception reported: Invalid Handle 0 (error: 4)
L 08/28/2021 - 22:46:48: [SM] Blaming: dm_trick.smx
L 08/28/2021 - 22:46:48: [SM] Call stack trace:
L 08/28/2021 - 22:46:48: [SM]   [0] ArrayList.Length.get
L 08/28/2021 - 22:46:48: [SM]   [1] Line 28, include/utils.sp::trigger_redundancy
L 08/28/2021 - 22:46:48: [SM]   [2] Line 610, c:\Users\Ваня\Desktop\Vse\Программы\SourcePawn\DM_Trick_n_Combat\scripting\dm_trick.sp::OnTriggerEndTouch
L 08/28/2021 - 22:46:48: [SM] Exception reported: Invalid Handle 0 (error: 4)
L 08/28/2021 - 22:46:48: [SM] Blaming: dm_trick.smx
L 08/28/2021 - 22:46:48: [SM] Call stack trace:
L 08/28/2021 - 22:46:48: [SM]   [0] ArrayList.Length.get
L 08/28/2021 - 22:46:48: [SM]   [1] Line 254, c:\Users\Ваня\Desktop\Vse\Программы\SourcePawn\DM_Trick_n_Combat\scripting\dm_trick.sp::timer_speed_saved
L 08/28/2021 - 22:46:48: [SM] Exception reported: Invalid Handle 0 (error: 4)
L 08/28/2021 - 22:46:48: [SM] Blaming: dm_trick.smx
L 08/28/2021 - 22:46:48: [SM] Call stack trace:
L 08/28/2021 - 22:46:48: [SM]   [0] ArrayList.Length.get
L 08/28/2021 - 22:46:48: [SM]   [1] Line 254, c:\Users\Ваня\Desktop\Vse\Программы\SourcePawn\DM_Trick_n_Combat\scripting\dm_trick.sp::timer_speed_saved
L 08/28/2021 - 22:46:48: [SM] Exception reported: Invalid Handle 0 (error: 4)
L 08/28/2021 - 22:46:48: [SM] Blaming: dm_trick.smx
L 08/28/2021 - 22:46:48: [SM] Call stack trace:
L 08/28/2021 - 22:46:48: [SM]   [0] ArrayList.Clear
L 08/28/2021 - 22:46:48: [SM]   [1] Line 41, include/saveloc.sp::cmd_teleport
L 08/28/2021 - 22:46:48: [SM] Exception reported: Invalid Handle 0 (error: 4)
L 08/28/2021 - 22:46:48: [SM] Blaming: dm_trick.smx
L 08/28/2021 - 22:46:48: [SM] Call stack trace:
L 08/28/2021 - 22:46:48: [SM]   [0] ArrayList.Length.get
L 08/28/2021 - 22:46:48: [SM]   [1] Line 254, c:\Users\Ваня\Desktop\Vse\Программы\SourcePawn\DM_Trick_n_Combat\scripting\dm_trick.sp::timer_speed_saved
L 08/28/2021 - 22:46:48: [SM] Exception reported: Invalid Handle 0 (error: 4)
L 08/28/2021 - 22:46:48: [SM] Blaming: dm_trick.smx
L 08/28/2021 - 22:46:48: [SM] Call stack trace:
L 08/28/2021 - 22:46:48: [SM]   [0] ArrayList.Length.get
L 08/28/2021 - 22:46:48: [SM]   [1] Line 254, c:\Users\Ваня\Desktop\Vse\Программы\SourcePawn\DM_Trick_n_Combat\scripting\dm_trick.sp::timer_speed_saved
L 08/28/2021 - 22:46:48: [SM] Exception reported: Invalid Handle 0 (error: 4)
L 08/28/2021 - 22:46:48: [SM] Blaming: dm_trick.smx
L 08/28/2021 - 22:46:48: [SM] Call stack trace:
L 08/28/2021 - 22:46:48: [SM]   [0] ArrayList.Length.get
L 08/28/2021 - 22:46:48: [SM]   [1] Line 254, c:\Users\Ваня\Desktop\Vse\Программы\SourcePawn\DM_Trick_n_Combat\scripting\dm_trick.sp::timer_speed_saved
L 08/28/2021 - 22:46:49: [SM] Exception reported: Invalid Handle 0 (error: 4)
L 08/28/2021 - 22:46:49: [SM] Blaming: dm_trick.smx
L 08/28/2021 - 22:46:49: [SM] Call stack trace:
L 08/28/2021 - 22:46:49: [SM]   [0] ArrayList.Length.get
L 08/28/2021 - 22:46:49: [SM]   [1] Line 254, c:\Users\Ваня\Desktop\Vse\Программы\SourcePawn\DM_Trick_n_Combat\scripting\dm_trick.sp::timer_speed_saved
L 08/28/2021 - 22:46:49: [SM] Exception reported: Invalid Handle 0 (error: 4)
L 08/28/2021 - 22:46:49: [SM] Blaming: dm_trick.smx
L 08/28/2021 - 22:46:49: [SM] Call stack trace:
L 08/28/2021 - 22:46:49: [SM]   [0] ArrayList.Length.get
L 08/28/2021 - 22:46:49: [SM]   [1] Line 254, c:\Users\Ваня\Desktop\Vse\Программы\SourcePawn\DM_Trick_n_Combat\scripting\dm_trick.sp::timer_speed_saved
L 08/28/2021 - 22:46:49: [SM] Exception reported: Invalid Handle 0 (error: 4)
L 08/28/2021 - 22:46:49: [SM] Blaming: dm_trick.smx
L 08/28/2021 - 22:46:49: [SM] Call stack trace:
L 08/28/2021 - 22:46:49: [SM]   [0] ArrayList.Clear
L 08/28/2021 - 22:46:49: [SM]   [1] Line 41, include/saveloc.sp::cmd_teleport
L 08/28/2021 - 22:46:49: [SM] Exception reported: Invalid Handle 0 (error: 4)
L 08/28/2021 - 22:46:49: [SM] Blaming: dm_trick.smx
L 08/28/2021 - 22:46:49: [SM] Call stack trace:
L 08/28/2021 - 22:46:49: [SM]   [0] ArrayList.Length.get
L 08/28/2021 - 22:46:49: [SM]   [1] Line 254, c:\Users\Ваня\Desktop\Vse\Программы\SourcePawn\DM_Trick_n_Combat\scripting\dm_trick.sp::timer_speed_saved
L 08/28/2021 - 22:46:49: [SM] Exception reported: Invalid Handle 0 (error: 4)
L 08/28/2021 - 22:46:49: [SM] Blaming: dm_trick.smx
L 08/28/2021 - 22:46:49: [SM] Call stack trace:
L 08/28/2021 - 22:46:49: [SM]   [0] ArrayList.Length.get
L 08/28/2021 - 22:46:49: [SM]   [1] Line 254, c:\Users\Ваня\Desktop\Vse\Программы\SourcePawn\DM_Trick_n_Combat\scripting\dm_trick.sp::timer_speed_saved
L 08/28/2021 - 22:46:49: [SM] Exception reported: Invalid Handle 0 (error: 4)
L 08/28/2021 - 22:46:49: [SM] Blaming: dm_trick.smx
L 08/28/2021 - 22:46:49: [SM] Call stack trace:
L 08/28/2021 - 22:46:49: [SM]   [0] ArrayList.Clear
L 08/28/2021 - 22:46:49: [SM]   [1] Line 41, include/saveloc.sp::cmd_teleport
L 08/28/2021 - 22:46:49: [SM] Exception reported: Invalid Handle 0 (error: 4)
L 08/28/2021 - 22:46:49: [SM] Blaming: dm_trick.smx
L 08/28/2021 - 22:46:49: [SM] Call stack trace:
L 08/28/2021 - 22:46:49: [SM]   [0] ArrayList.Length.get
L 08/28/2021 - 22:46:49: [SM]   [1] Line 254, c:\Users\Ваня\Desktop\Vse\Программы\SourcePawn\DM_Trick_n_Combat\scripting\dm_trick.sp::timer_speed_saved
L 08/28/2021 - 22:46:49: [SM] Exception reported: Invalid Handle 0 (error: 4)
L 08/28/2021 - 22:46:49: [SM] Blaming: dm_trick.smx
L 08/28/2021 - 22:46:49: [SM] Call stack trace:
L 08/28/2021 - 22:46:49: [SM]   [0] ArrayList.Length.get
L 08/28/2021 - 22:46:49: [SM]   [1] Line 254, c:\Users\Ваня\Desktop\Vse\Программы\SourcePawn\DM_Trick_n_Combat\scripting\dm_trick.sp::timer_speed_saved
L 08/28/2021 - 22:46:49: [SM] Exception reported: Invalid Handle 0 (error: 4)
L 08/28/2021 - 22:46:49: [SM] Blaming: dm_trick.smx
L 08/28/2021 - 22:46:49: [SM] Call stack trace:
L 08/28/2021 - 22:46:49: [SM]   [0] ArrayList.Clear
L 08/28/2021 - 22:46:49: [SM]   [1] Line 41, include/saveloc.sp::cmd_teleport
L 08/28/2021 - 22:46:49: [SM] Exception reported: Invalid Handle 0 (error: 4)
L 08/28/2021 - 22:46:49: [SM] Blaming: dm_trick.smx
L 08/28/2021 - 22:46:49: [SM] Call stack trace:
L 08/28/2021 - 22:46:49: [SM]   [0] ArrayList.Length.get
L 08/28/2021 - 22:46:49: [SM]   [1] Line 254, c:\Users\Ваня\Desktop\Vse\Программы\SourcePawn\DM_Trick_n_Combat\scripting\dm_trick.sp::timer_speed_saved
L 08/28/2021 - 22:46:49: [SM] Exception reported: Invalid Handle 0 (error: 4)
L 08/28/2021 - 22:46:49: [SM] Blaming: dm_trick.smx
L 08/28/2021 - 22:46:49: [SM] Call stack trace:
L 08/28/2021 - 22:46:49: [SM]   [0] ArrayList.Length.get
L 08/28/2021 - 22:46:49: [SM]   [1] Line 28, include/utils.sp::trigger_redundancy
L 08/28/2021 - 22:46:49: [SM]   [2] Line 610, c:\Users\Ваня\Desktop\Vse\Программы\SourcePawn\DM_Trick_n_Combat\scripting\dm_trick.sp::OnTriggerEndTouch
L 08/28/2021 - 22:46:49: [SM] Exception reported: Invalid Handle 0 (error: 4)
L 08/28/2021 - 22:46:49: [SM] Blaming: dm_trick.smx
L 08/28/2021 - 22:46:49: [SM] Call stack trace:
L 08/28/2021 - 22:46:49: [SM]   [0] ArrayList.Length.get
L 08/28/2021 - 22:46:49: [SM]   [1] Line 254, c:\Users\Ваня\Desktop\Vse\Программы\SourcePawn\DM_Trick_n_Combat\scripting\dm_trick.sp::timer_speed_saved
L 08/28/2021 - 22:46:49: [SM] Exception reported: Invalid Handle 0 (error: 4)
L 08/28/2021 - 22:46:49: [SM] Blaming: dm_trick.smx
L 08/28/2021 - 22:46:49: [SM] Call stack trace:
L 08/28/2021 - 22:46:49: [SM]   [0] ArrayList.Clear
L 08/28/2021 - 22:46:49: [SM]   [1] Line 41, include/saveloc.sp::cmd_teleport
L 08/28/2021 - 22:46:49: [SM] Exception reported: Invalid Handle 0 (error: 4)
L 08/28/2021 - 22:46:49: [SM] Blaming: dm_trick.smx
L 08/28/2021 - 22:46:49: [SM] Call stack trace:
L 08/28/2021 - 22:46:49: [SM]   [0] ArrayList.Length.get
L 08/28/2021 - 22:46:49: [SM]   [1] Line 254, c:\Users\Ваня\Desktop\Vse\Программы\SourcePawn\DM_Trick_n_Combat\scripting\dm_trick.sp::timer_speed_saved
L 08/28/2021 - 22:46:49: [SM] Exception reported: Invalid Handle 0 (error: 4)
L 08/28/2021 - 22:46:49: [SM] Blaming: dm_trick.smx
L 08/28/2021 - 22:46:49: [SM] Call stack trace:
L 08/28/2021 - 22:46:49: [SM]   [0] ArrayList.Clear
L 08/28/2021 - 22:46:49: [SM]   [1] Line 41, include/saveloc.sp::cmd_teleport
L 08/28/2021 - 22:46:49: [SM] Exception reported: Invalid Handle 0 (error: 4)
L 08/28/2021 - 22:46:49: [SM] Blaming: dm_trick.smx
L 08/28/2021 - 22:46:49: [SM] Call stack trace:
L 08/28/2021 - 22:46:49: [SM]   [0] ArrayList.Length.get
L 08/28/2021 - 22:46:49: [SM]   [1] Line 254, c:\Users\Ваня\Desktop\Vse\Программы\SourcePawn\DM_Trick_n_Combat\scripting\dm_trick.sp::timer_speed_saved
L 08/28/2021 - 22:46:50: [SM] Exception reported: Invalid Handle 0 (error: 4)
L 08/28/2021 - 22:46:50: [SM] Blaming: dm_trick.smx
L 08/28/2021 - 22:46:50: [SM] Call stack trace:
L 08/28/2021 - 22:46:50: [SM]   [0] ArrayList.Length.get
L 08/28/2021 - 22:46:50: [SM]   [1] Line 254, c:\Users\Ваня\Desktop\Vse\Программы\SourcePawn\DM_Trick_n_Combat\scripting\dm_trick.sp::timer_speed_saved
L 08/28/2021 - 22:46:50: [SM] Exception reported: Invalid Handle 0 (error: 4)
L 08/28/2021 - 22:46:50: [SM] Blaming: dm_trick.smx
L 08/28/2021 - 22:46:50: [SM] Call stack trace:
L 08/28/2021 - 22:46:50: [SM]   [0] ArrayList.Clear
L 08/28/2021 - 22:46:50: [SM]   [1] Line 41, include/saveloc.sp::cmd_teleport
L 08/28/2021 - 22:46:50: [SM] Exception reported: Invalid Handle 0 (error: 4)
L 08/28/2021 - 22:46:50: [SM] Blaming: dm_trick.smx
L 08/28/2021 - 22:46:50: [SM] Call stack trace:
L 08/28/2021 - 22:46:50: [SM]   [0] ArrayList.Length.get
L 08/28/2021 - 22:46:50: [SM]   [1] Line 254, c:\Users\Ваня\Desktop\Vse\Программы\SourcePawn\DM_Trick_n_Combat\scripting\dm_trick.sp::timer_speed_saved
L 08/28/2021 - 22:46:50: [SM] Exception reported: Invalid Handle 0 (error: 4)
L 08/28/2021 - 22:46:50: [SM] Blaming: dm_trick.smx
L 08/28/2021 - 22:46:50: [SM] Call stack trace:
L 08/28/2021 - 22:46:50: [SM]   [0] ArrayList.Length.get
L 08/28/2021 - 22:46:50: [SM]   [1] Line 254, c:\Users\Ваня\Desktop\Vse\Программы\SourcePawn\DM_Trick_n_Combat\scripting\dm_trick.sp::timer_speed_saved
L 08/28/2021 - 22:46:50: [SM] Exception reported: Invalid Handle 0 (error: 4)
L 08/28/2021 - 22:46:50: [SM] Blaming: dm_trick.smx
L 08/28/2021 - 22:46:50: [SM] Call stack trace:
L 08/28/2021 - 22:46:50: [SM]   [0] ArrayList.Clear
L 08/28/2021 - 22:46:50: [SM]   [1] Line 41, include/saveloc.sp::cmd_teleport
L 08/28/2021 - 22:46:50: [SM] Exception reported: Invalid Handle 0 (error: 4)
L 08/28/2021 - 22:46:50: [SM] Blaming: dm_trick.smx
L 08/28/2021 - 22:46:50: [SM] Call stack trace:
L 08/28/2021 - 22:46:50: [SM]   [0] ArrayList.Length.get
L 08/28/2021 - 22:46:50: [SM]   [1] Line 254, c:\Users\Ваня\Desktop\Vse\Программы\SourcePawn\DM_Trick_n_Combat\scripting\dm_trick.sp::timer_speed_saved
L 08/28/2021 - 22:46:50: [SM] Exception reported: Invalid Handle 0 (error: 4)
L 08/28/2021 - 22:46:50: [SM] Blaming: dm_trick.smx
L 08/28/2021 - 22:46:50: [SM] Call stack trace:
L 08/28/2021 - 22:46:50: [SM]   [0] ArrayList.Length.get
L 08/28/2021 - 22:46:50: [SM]   [1] Line 254, c:\Users\Ваня\Desktop\Vse\Программы\SourcePawn\DM_Trick_n_Combat\scripting\dm_trick.sp::timer_speed_saved
L 08/28/2021 - 22:46:50: [SM] Exception reported: Invalid Handle 0 (error: 4)
L 08/28/2021 - 22:46:50: [SM] Blaming: dm_trick.smx
L 08/28/2021 - 22:46:50: [SM] Call stack trace:
L 08/28/2021 - 22:46:50: [SM]   [0] ArrayList.Clear
L 08/28/2021 - 22:46:50: [SM]   [1] Line 41, include/saveloc.sp::cmd_teleport
L 08/28/2021 - 22:46:50: [SM] Exception reported: Invalid Handle 0 (error: 4)
L 08/28/2021 - 22:46:50: [SM] Blaming: dm_trick.smx
L 08/28/2021 - 22:46:50: [SM] Call stack trace:
L 08/28/2021 - 22:46:50: [SM]   [0] ArrayList.Length.get
L 08/28/2021 - 22:46:50: [SM]   [1] Line 254, c:\Users\Ваня\Desktop\Vse\Программы\SourcePawn\DM_Trick_n_Combat\scripting\dm_trick.sp::timer_speed_saved
L 08/28/2021 - 22:46:50: [SM] Exception reported: Invalid Handle 0 (error: 4)
L 08/28/2021 - 22:46:50: [SM] Blaming: dm_trick.smx
L 08/28/2021 - 22:46:50: [SM] Call stack trace:
L 08/28/2021 - 22:46:50: [SM]   [0] ArrayList.Length.get
L 08/28/2021 - 22:46:50: [SM]   [1] Line 254, c:\Users\Ваня\Desktop\Vse\Программы\SourcePawn\DM_Trick_n_Combat\scripting\dm_trick.sp::timer_speed_saved
L 08/28/2021 - 22:46:50: [SM] Exception reported: Invalid Handle 0 (error: 4)
L 08/28/2021 - 22:46:50: [SM] Blaming: dm_trick.smx
L 08/28/2021 - 22:46:50: [SM] Call stack trace:
L 08/28/2021 - 22:46:50: [SM]   [0] ArrayList.Length.get
L 08/28/2021 - 22:46:50: [SM]   [1] Line 254, c:\Users\Ваня\Desktop\Vse\Программы\SourcePawn\DM_Trick_n_Combat\scripting\dm_trick.sp::timer_speed_saved
L 08/28/2021 - 22:46:50: [SM] Exception reported: Invalid Handle 0 (error: 4)
L 08/28/2021 - 22:46:50: [SM] Blaming: dm_trick.smx
L 08/28/2021 - 22:46:50: [SM] Call stack trace:
L 08/28/2021 - 22:46:50: [SM]   [0] ArrayList.Length.get
L 08/28/2021 - 22:46:50: [SM]   [1] Line 254, c:\Users\Ваня\Desktop\Vse\Программы\SourcePawn\DM_Trick_n_Combat\scripting\dm_trick.sp::timer_speed_saved
L 08/28/2021 - 22:46:50: [SM] Exception reported: Invalid Handle 0 (error: 4)
L 08/28/2021 - 22:46:50: [SM] Blaming: dm_trick.smx
L 08/28/2021 - 22:46:50: [SM] Call stack trace:
L 08/28/2021 - 22:46:50: [SM]   [0] ArrayList.Length.get
L 08/28/2021 - 22:46:50: [SM]   [1] Line 254, c:\Users\Ваня\Desktop\Vse\Программы\SourcePawn\DM_Trick_n_Combat\scripting\dm_trick.sp::timer_speed_saved
L 08/28/2021 - 22:46:51: [SM] Exception reported: Invalid Handle 0 (error: 4)
L 08/28/2021 - 22:46:51: [SM] Blaming: dm_trick.smx
L 08/28/2021 - 22:46:51: [SM] Call stack trace:
L 08/28/2021 - 22:46:51: [SM]   [0] ArrayList.Length.get
L 08/28/2021 - 22:46:51: [SM]   [1] Line 254, c:\Users\Ваня\Desktop\Vse\Программы\SourcePawn\DM_Trick_n_Combat\scripting\dm_trick.sp::timer_speed_saved
L 08/28/2021 - 22:46:51: [SM] Exception reported: Invalid Handle 0 (error: 4)
L 08/28/2021 - 22:46:51: [SM] Blaming: dm_trick.smx
L 08/28/2021 - 22:46:51: [SM] Call stack trace:
L 08/28/2021 - 22:46:51: [SM]   [0] ArrayList.Clear
L 08/28/2021 - 22:46:51: [SM]   [1] Line 41, include/saveloc.sp::cmd_teleport
L 08/28/2021 - 22:46:51: [SM] Exception reported: Invalid Handle 0 (error: 4)
L 08/28/2021 - 22:46:51: [SM] Blaming: dm_trick.smx
L 08/28/2021 - 22:46:51: [SM] Call stack trace:
L 08/28/2021 - 22:46:51: [SM]   [0] ArrayList.Length.get
L 08/28/2021 - 22:46:51: [SM]   [1] Line 254, c:\Users\Ваня\Desktop\Vse\Программы\SourcePawn\DM_Trick_n_Combat\scripting\dm_trick.sp::timer_speed_saved
L 08/28/2021 - 22:46:51: [SM] Exception reported: Invalid Handle 0 (error: 4)
L 08/28/2021 - 22:46:51: [SM] Blaming: dm_trick.smx
L 08/28/2021 - 22:46:51: [SM] Call stack trace:
L 08/28/2021 - 22:46:51: [SM]   [0] ArrayList.Length.get
L 08/28/2021 - 22:46:51: [SM]   [1] Line 28, include/utils.sp::trigger_redundancy
L 08/28/2021 - 22:46:51: [SM]   [2] Line 610, c:\Users\Ваня\Desktop\Vse\Программы\SourcePawn\DM_Trick_n_Combat\scripting\dm_trick.sp::OnTriggerEndTouch
L 08/28/2021 - 22:46:51: [SM] Exception reported: Invalid Handle 0 (error: 4)
L 08/28/2021 - 22:46:51: [SM] Blaming: dm_trick.smx
L 08/28/2021 - 22:46:51: [SM] Call stack trace:
L 08/28/2021 - 22:46:51: [SM]   [0] ArrayList.Length.get
L 08/28/2021 - 22:46:51: [SM]   [1] Line 254, c:\Users\Ваня\Desktop\Vse\Программы\SourcePawn\DM_Trick_n_Combat\scripting\dm_trick.sp::timer_speed_saved
L 08/28/2021 - 22:46:51: [SM] Exception reported: Invalid Handle 0 (error: 4)
L 08/28/2021 - 22:46:51: [SM] Blaming: dm_trick.smx
L 08/28/2021 - 22:46:51: [SM] Call stack trace:
L 08/28/2021 - 22:46:51: [SM]   [0] ArrayList.Length.get
L 08/28/2021 - 22:46:51: [SM]   [1] Line 254, c:\Users\Ваня\Desktop\Vse\Программы\SourcePawn\DM_Trick_n_Combat\scripting\dm_trick.sp::timer_speed_saved
L 08/28/2021 - 22:46:51: [SM] Exception reported: Invalid Handle 0 (error: 4)
L 08/28/2021 - 22:46:51: [SM] Blaming: dm_trick.smx
L 08/28/2021 - 22:46:51: [SM] Call stack trace:
L 08/28/2021 - 22:46:51: [SM]   [0] ArrayList.Length.get
L 08/28/2021 - 22:46:51: [SM]   [1] Line 254, c:\Users\Ваня\Desktop\Vse\Программы\SourcePawn\DM_Trick_n_Combat\scripting\dm_trick.sp::timer_speed_saved
L 08/28/2021 - 22:46:51: [SM] Exception reported: Invalid Handle 0 (error: 4)
L 08/28/2021 - 22:46:51: [SM] Blaming: dm_trick.smx
L 08/28/2021 - 22:46:51: [SM] Call stack trace:
L 08/28/2021 - 22:46:51: [SM]   [0] ArrayList.Length.get
L 08/28/2021 - 22:46:51: [SM]   [1] Line 28, include/utils.sp::trigger_redundancy
L 08/28/2021 - 22:46:51: [SM]   [2] Line 610, c:\Users\Ваня\Desktop\Vse\Программы\SourcePawn\DM_Trick_n_Combat\scripting\dm_trick.sp::OnTriggerEndTouch
L 08/28/2021 - 22:46:51: [SM] Exception reported: Invalid Handle 0 (error: 4)
L 08/28/2021 - 22:46:51: [SM] Blaming: dm_trick.smx
L 08/28/2021 - 22:46:51: [SM] Call stack trace:
L 08/28/2021 - 22:46:51: [SM]   [0] ArrayList.Length.get
L 08/28/2021 - 22:46:51: [SM]   [1] Line 254, c:\Users\Ваня\Desktop\Vse\Программы\SourcePawn\DM_Trick_n_Combat\scripting\dm_trick.sp::timer_speed_saved
L 08/28/2021 - 22:46:51: [SM] Exception reported: Invalid Handle 0 (error: 4)
L 08/28/2021 - 22:46:51: [SM] Blaming: dm_trick.smx
L 08/28/2021 - 22:46:51: [SM] Call stack trace:
L 08/28/2021 - 22:46:51: [SM]   [0] ArrayList.Length.get
L 08/28/2021 - 22:46:51: [SM]   [1] Line 254, c:\Users\Ваня\Desktop\Vse\Программы\SourcePawn\DM_Trick_n_Combat\scripting\dm_trick.sp::timer_speed_saved
L 08/28/2021 - 22:46:51: [SM] Exception reported: Invalid Handle 0 (error: 4)
L 08/28/2021 - 22:46:51: [SM] Blaming: dm_trick.smx
L 08/28/2021 - 22:46:51: [SM] Call stack trace:
L 08/28/2021 - 22:46:51: [SM]   [0] ArrayList.Length.get
L 08/28/2021 - 22:46:51: [SM]   [1] Line 254, c:\Users\Ваня\Desktop\Vse\Программы\SourcePawn\DM_Trick_n_Combat\scripting\dm_trick.sp::timer_speed_saved
L 08/28/2021 - 22:46:51: [SM] Exception reported: Invalid Handle 0 (error: 4)
L 08/28/2021 - 22:46:51: [SM] Blaming: dm_trick.smx
L 08/28/2021 - 22:46:51: [SM] Call stack trace:
L 08/28/2021 - 22:46:51: [SM]   [0] ArrayList.Length.get
L 08/28/2021 - 22:46:51: [SM]   [1] Line 28, include/utils.sp::trigger_redundancy
L 08/28/2021 - 22:46:51: [SM]   [2] Line 610, c:\Users\Ваня\Desktop\Vse\Программы\SourcePawn\DM_Trick_n_Combat\scripting\dm_trick.sp::OnTriggerEndTouch
L 08/28/2021 - 22:46:51: [SM] Exception reported: Invalid Handle 0 (error: 4)
L 08/28/2021 - 22:46:51: [SM] Blaming: dm_trick.smx
L 08/28/2021 - 22:46:51: [SM] Call stack trace:
L 08/28/2021 - 22:46:51: [SM]   [0] ArrayList.Length.get
L 08/28/2021 - 22:46:51: [SM]   [1] Line 254, c:\Users\Ваня\Desktop\Vse\Программы\SourcePawn\DM_Trick_n_Combat\scripting\dm_trick.sp::timer_speed_saved
L 08/28/2021 - 22:46:51: [SM] Exception reported: Invalid Handle 0 (error: 4)
L 08/28/2021 - 22:46:51: [SM] Blaming: dm_trick.smx
L 08/28/2021 - 22:46:51: [SM] Call stack trace:
L 08/28/2021 - 22:46:51: [SM]   [0] ArrayList.Length.get
L 08/28/2021 - 22:46:51: [SM]   [1] Line 28, include/utils.sp::trigger_redundancy
L 08/28/2021 - 22:46:51: [SM]   [2] Line 610, c:\Users\Ваня\Desktop\Vse\Программы\SourcePawn\DM_Trick_n_Combat\scripting\dm_trick.sp::OnTriggerEndTouch
L 08/28/2021 - 22:46:51: [SM] Exception reported: Invalid Handle 0 (error: 4)
L 08/28/2021 - 22:46:51: [SM] Blaming: dm_trick.smx
L 08/28/2021 - 22:46:51: [SM] Call stack trace:
L 08/28/2021 - 22:46:51: [SM]   [0] ArrayList.Length.get
L 08/28/2021 - 22:46:51: [SM]   [1] Line 254, c:\Users\Ваня\Desktop\Vse\Программы\SourcePawn\DM_Trick_n_Combat\scripting\dm_trick.sp::timer_speed_saved
L 08/28/2021 - 22:46:52: [SM] Exception reported: Invalid Handle 0 (error: 4)
L 08/28/2021 - 22:46:52: [SM] Blaming: dm_trick.smx
L 08/28/2021 - 22:46:52: [SM] Call stack trace:
L 08/28/2021 - 22:46:52: [SM]   [0] ArrayList.Length.get
L 08/28/2021 - 22:46:52: [SM]   [1] Line 254, c:\Users\Ваня\Desktop\Vse\Программы\SourcePawn\DM_Trick_n_Combat\scripting\dm_trick.sp::timer_speed_saved
L 08/28/2021 - 22:46:52: [SM] Exception reported: Invalid Handle 0 (error: 4)
L 08/28/2021 - 22:46:52: [SM] Blaming: dm_trick.smx
L 08/28/2021 - 22:46:52: [SM] Call stack trace:
L 08/28/2021 - 22:46:52: [SM]   [0] ArrayList.Length.get
L 08/28/2021 - 22:46:52: [SM]   [1] Line 254, c:\Users\Ваня\Desktop\Vse\Программы\SourcePawn\DM_Trick_n_Combat\scripting\dm_trick.sp::timer_speed_saved
L 08/28/2021 - 22:46:52: [SM] Exception reported: Invalid Handle 0 (error: 4)
L 08/28/2021 - 22:46:52: [SM] Blaming: dm_trick.smx
L 08/28/2021 - 22:46:52: [SM] Call stack trace:
L 08/28/2021 - 22:46:52: [SM]   [0] ArrayList.Length.get
L 08/28/2021 - 22:46:52: [SM]   [1] Line 254, c:\Users\Ваня\Desktop\Vse\Программы\SourcePawn\DM_Trick_n_Combat\scripting\dm_trick.sp::timer_speed_saved
L 08/28/2021 - 22:46:52: [SM] Exception reported: Invalid Handle 0 (error: 4)
L 08/28/2021 - 22:46:52: [SM] Blaming: dm_trick.smx
L 08/28/2021 - 22:46:52: [SM] Call stack trace:
L 08/28/2021 - 22:46:52: [SM]   [0] ArrayList.Length.get
L 08/28/2021 - 22:46:52: [SM]   [1] Line 254, c:\Users\Ваня\Desktop\Vse\Программы\SourcePawn\DM_Trick_n_Combat\scripting\dm_trick.sp::timer_speed_saved
L 08/28/2021 - 22:46:52: [SM] Exception reported: Invalid Handle 0 (error: 4)
L 08/28/2021 - 22:46:52: [SM] Blaming: dm_trick.smx
L 08/28/2021 - 22:46:52: [SM] Call stack trace:
L 08/28/2021 - 22:46:52: [SM]   [0] ArrayList.Length.get
L 08/28/2021 - 22:46:52: [SM]   [1] Line 254, c:\Users\Ваня\Desktop\Vse\Программы\SourcePawn\DM_Trick_n_Combat\scripting\dm_trick.sp::timer_speed_saved
L 08/28/2021 - 22:46:52: [SM] Exception reported: Invalid Handle 0 (error: 4)
L 08/28/2021 - 22:46:52: [SM] Blaming: dm_trick.smx
L 08/28/2021 - 22:46:52: [SM] Call stack trace:
L 08/28/2021 - 22:46:52: [SM]   [0] ArrayList.Length.get
L 08/28/2021 - 22:46:52: [SM]   [1] Line 254, c:\Users\Ваня\Desktop\Vse\Программы\SourcePawn\DM_Trick_n_Combat\scripting\dm_trick.sp::timer_speed_saved
L 08/28/2021 - 22:46:52: [SM] Exception reported: Invalid Handle 0 (error: 4)
L 08/28/2021 - 22:46:52: [SM] Blaming: dm_trick.smx
L 08/28/2021 - 22:46:52: [SM] Call stack trace:
L 08/28/2021 - 22:46:52: [SM]   [0] ArrayList.Length.get
L 08/28/2021 - 22:46:52: [SM]   [1] Line 254, c:\Users\Ваня\Desktop\Vse\Программы\SourcePawn\DM_Trick_n_Combat\scripting\dm_trick.sp::timer_speed_saved
L 08/28/2021 - 22:46:52: [SM] Exception reported: Invalid Handle 0 (error: 4)
L 08/28/2021 - 22:46:52: [SM] Blaming: dm_trick.smx
L 08/28/2021 - 22:46:52: [SM] Call stack trace:
L 08/28/2021 - 22:46:52: [SM]   [0] ArrayList.Length.get
L 08/28/2021 - 22:46:52: [SM]   [1] Line 254, c:\Users\Ваня\Desktop\Vse\Программы\SourcePawn\DM_Trick_n_Combat\scripting\dm_trick.sp::timer_speed_saved
L 08/28/2021 - 22:46:52: [SM] Exception reported: Invalid Handle 0 (error: 4)
L 08/28/2021 - 22:46:52: [SM] Blaming: dm_trick.smx
L 08/28/2021 - 22:46:52: [SM] Call stack trace:
L 08/28/2021 - 22:46:52: [SM]   [0] ArrayList.Clear
L 08/28/2021 - 22:46:52: [SM]   [1] Line 41, include/saveloc.sp::cmd_teleport
L 08/28/2021 - 22:46:52: [SM] Exception reported: Invalid Handle 0 (error: 4)
L 08/28/2021 - 22:46:52: [SM] Blaming: dm_trick.smx
L 08/28/2021 - 22:46:52: [SM] Call stack trace:
L 08/28/2021 - 22:46:52: [SM]   [0] ArrayList.Length.get
L 08/28/2021 - 22:46:52: [SM]   [1] Line 254, c:\Users\Ваня\Desktop\Vse\Программы\SourcePawn\DM_Trick_n_Combat\scripting\dm_trick.sp::timer_speed_saved
L 08/28/2021 - 22:46:52: [SM] Exception reported: Invalid Handle 0 (error: 4)
L 08/28/2021 - 22:46:52: [SM] Blaming: dm_trick.smx
L 08/28/2021 - 22:46:52: [SM] Call stack trace:
L 08/28/2021 - 22:46:52: [SM]   [0] ArrayList.Clear
L 08/28/2021 - 22:46:52: [SM]   [1] Line 41, include/saveloc.sp::cmd_teleport
L 08/28/2021 - 22:46:52: [SM] Exception reported: Invalid Handle 0 (error: 4)
L 08/28/2021 - 22:46:52: [SM] Blaming: dm_trick.smx
L 08/28/2021 - 22:46:52: [SM] Call stack trace:
L 08/28/2021 - 22:46:52: [SM]   [0] ArrayList.Length.get
L 08/28/2021 - 22:46:52: [SM]   [1] Line 254, c:\Users\Ваня\Desktop\Vse\Программы\SourcePawn\DM_Trick_n_Combat\scripting\dm_trick.sp::timer_speed_saved
L 08/28/2021 - 22:46:53: [SM] Exception reported: Invalid Handle 0 (error: 4)
L 08/28/2021 - 22:46:53: [SM] Blaming: dm_trick.smx
L 08/28/2021 - 22:46:53: [SM] Call stack trace:
L 08/28/2021 - 22:46:53: [SM]   [0] ArrayList.Length.get
L 08/28/2021 - 22:46:53: [SM]   [1] Line 254, c:\Users\Ваня\Desktop\Vse\Программы\SourcePawn\DM_Trick_n_Combat\scripting\dm_trick.sp::timer_speed_saved
L 08/28/2021 - 22:46:53: [SM] Exception reported: Invalid Handle 0 (error: 4)
L 08/28/2021 - 22:46:53: [SM] Blaming: dm_trick.smx
L 08/28/2021 - 22:46:53: [SM] Call stack trace:
L 08/28/2021 - 22:46:53: [SM]   [0] ArrayList.Length.get
L 08/28/2021 - 22:46:53: [SM]   [1] Line 254, c:\Users\Ваня\Desktop\Vse\Программы\SourcePawn\DM_Trick_n_Combat\scripting\dm_trick.sp::timer_speed_saved
L 08/28/2021 - 22:46:53: [SM] Exception reported: Invalid Handle 0 (error: 4)
L 08/28/2021 - 22:46:53: [SM] Blaming: dm_trick.smx
L 08/28/2021 - 22:46:53: [SM] Call stack trace:
L 08/28/2021 - 22:46:53: [SM]   [0] ArrayList.Clear
L 08/28/2021 - 22:46:53: [SM]   [1] Line 41, include/saveloc.sp::cmd_teleport
L 08/28/2021 - 22:46:53: [SM] Exception reported: Invalid Handle 0 (error: 4)
L 08/28/2021 - 22:46:53: [SM] Blaming: dm_trick.smx
L 08/28/2021 - 22:46:53: [SM] Call stack trace:
L 08/28/2021 - 22:46:53: [SM]   [0] ArrayList.Length.get
L 08/28/2021 - 22:46:53: [SM]   [1] Line 254, c:\Users\Ваня\Desktop\Vse\Программы\SourcePawn\DM_Trick_n_Combat\scripting\dm_trick.sp::timer_speed_saved
L 08/28/2021 - 22:46:53: [SM] Exception reported: Invalid Handle 0 (error: 4)
L 08/28/2021 - 22:46:53: [SM] Blaming: dm_trick.smx
L 08/28/2021 - 22:46:53: [SM] Call stack trace:
L 08/28/2021 - 22:46:53: [SM]   [0] ArrayList.Clear
L 08/28/2021 - 22:46:53: [SM]   [1] Line 41, include/saveloc.sp::cmd_teleport
L 08/28/2021 - 22:46:53: [SM] Exception reported: Invalid Handle 0 (error: 4)
L 08/28/2021 - 22:46:53: [SM] Blaming: dm_trick.smx
L 08/28/2021 - 22:46:53: [SM] Call stack trace:
L 08/28/2021 - 22:46:53: [SM]   [0] ArrayList.Length.get
L 08/28/2021 - 22:46:53: [SM]   [1] Line 254, c:\Users\Ваня\Desktop\Vse\Программы\SourcePawn\DM_Trick_n_Combat\scripting\dm_trick.sp::timer_speed_saved
L 08/28/2021 - 22:46:53: [SM] Exception reported: Invalid Handle 0 (error: 4)
L 08/28/2021 - 22:46:53: [SM] Blaming: dm_trick.smx
L 08/28/2021 - 22:46:53: [SM] Call stack trace:
L 08/28/2021 - 22:46:53: [SM]   [0] ArrayList.Length.get
L 08/28/2021 - 22:46:53: [SM]   [1] Line 254, c:\Users\Ваня\Desktop\Vse\Программы\SourcePawn\DM_Trick_n_Combat\scripting\dm_trick.sp::timer_speed_saved
L 08/28/2021 - 22:46:53: [SM] Exception reported: Invalid Handle 0 (error: 4)
L 08/28/2021 - 22:46:53: [SM] Blaming: dm_trick.smx
L 08/28/2021 - 22:46:53: [SM] Call stack trace:
L 08/28/2021 - 22:46:53: [SM]   [0] ArrayList.Length.get
L 08/28/2021 - 22:46:53: [SM]   [1] Line 254, c:\Users\Ваня\Desktop\Vse\Программы\SourcePawn\DM_Trick_n_Combat\scripting\dm_trick.sp::timer_speed_saved
L 08/28/2021 - 22:46:53: [SM] Exception reported: Invalid Handle 0 (error: 4)
L 08/28/2021 - 22:46:53: [SM] Blaming: dm_trick.smx
L 08/28/2021 - 22:46:53: [SM] Call stack trace:
L 08/28/2021 - 22:46:53: [SM]   [0] ArrayList.Length.get
L 08/28/2021 - 22:46:53: [SM]   [1] Line 254, c:\Users\Ваня\Desktop\Vse\Программы\SourcePawn\DM_Trick_n_Combat\scripting\dm_trick.sp::timer_speed_saved
L 08/28/2021 - 22:46:53: [SM] Exception reported: Invalid Handle 0 (error: 4)
L 08/28/2021 - 22:46:53: [SM] Blaming: dm_trick.smx
L 08/28/2021 - 22:46:53: [SM] Call stack trace:
L 08/28/2021 - 22:46:53: [SM]   [0] ArrayList.Length.get
L 08/28/2021 - 22:46:53: [SM]   [1] Line 254, c:\Users\Ваня\Desktop\Vse\Программы\SourcePawn\DM_Trick_n_Combat\scripting\dm_trick.sp::timer_speed_saved
L 08/28/2021 - 22:46:53: [SM] Exception reported: Invalid Handle 0 (error: 4)
L 08/28/2021 - 22:46:53: [SM] Blaming: dm_trick.smx
L 08/28/2021 - 22:46:53: [SM] Call stack trace:
L 08/28/2021 - 22:46:53: [SM]   [0] ArrayList.Length.get
L 08/28/2021 - 22:46:53: [SM]   [1] Line 254, c:\Users\Ваня\Desktop\Vse\Программы\SourcePawn\DM_Trick_n_Combat\scripting\dm_trick.sp::timer_speed_saved
L 08/28/2021 - 22:46:53: [SM] Exception reported: Invalid Handle 0 (error: 4)
L 08/28/2021 - 22:46:53: [SM] Blaming: dm_trick.smx
L 08/28/2021 - 22:46:53: [SM] Call stack trace:
L 08/28/2021 - 22:46:53: [SM]   [0] ArrayList.Length.get
L 08/28/2021 - 22:46:53: [SM]   [1] Line 254, c:\Users\Ваня\Desktop\Vse\Программы\SourcePawn\DM_Trick_n_Combat\scripting\dm_trick.sp::timer_speed_saved
L 08/28/2021 - 22:46:54: [SM] Exception reported: Invalid Handle 0 (error: 4)
L 08/28/2021 - 22:46:54: [SM] Blaming: dm_trick.smx
L 08/28/2021 - 22:46:54: [SM] Call stack trace:
L 08/28/2021 - 22:46:54: [SM]   [0] ArrayList.Length.get
L 08/28/2021 - 22:46:54: [SM]   [1] Line 254, c:\Users\Ваня\Desktop\Vse\Программы\SourcePawn\DM_Trick_n_Combat\scripting\dm_trick.sp::timer_speed_saved
L 08/28/2021 - 22:46:54: [SM] Exception reported: Invalid Handle 0 (error: 4)
L 08/28/2021 - 22:46:54: [SM] Blaming: dm_trick.smx
L 08/28/2021 - 22:46:54: [SM] Call stack trace:
L 08/28/2021 - 22:46:54: [SM]   [0] ArrayList.Length.get
L 08/28/2021 - 22:46:54: [SM]   [1] Line 254, c:\Users\Ваня\Desktop\Vse\Программы\SourcePawn\DM_Trick_n_Combat\scripting\dm_trick.sp::timer_speed_saved
L 08/28/2021 - 22:46:54: [SM] Exception reported: Invalid Handle 0 (error: 4)
L 08/28/2021 - 22:46:54: [SM] Blaming: dm_trick.smx
L 08/28/2021 - 22:46:54: [SM] Call stack trace:
L 08/28/2021 - 22:46:54: [SM]   [0] ArrayList.Length.get
L 08/28/2021 - 22:46:54: [SM]   [1] Line 28, include/utils.sp::trigger_redundancy
L 08/28/2021 - 22:46:54: [SM]   [2] Line 610, c:\Users\Ваня\Desktop\Vse\Программы\SourcePawn\DM_Trick_n_Combat\scripting\dm_trick.sp::OnTriggerEndTouch
L 08/28/2021 - 22:46:54: [SM] Exception reported: Invalid Handle 0 (error: 4)
L 08/28/2021 - 22:46:54: [SM] Blaming: dm_trick.smx
L 08/28/2021 - 22:46:54: [SM] Call stack trace:
L 08/28/2021 - 22:46:54: [SM]   [0] ArrayList.Length.get
L 08/28/2021 - 22:46:54: [SM]   [1] Line 254, c:\Users\Ваня\Desktop\Vse\Программы\SourcePawn\DM_Trick_n_Combat\scripting\dm_trick.sp::timer_speed_saved
L 08/28/2021 - 22:46:54: [SM] Exception reported: Invalid Handle 0 (error: 4)
L 08/28/2021 - 22:46:54: [SM] Blaming: dm_trick.smx
L 08/28/2021 - 22:46:54: [SM] Call stack trace:
L 08/28/2021 - 22:46:54: [SM]   [0] ArrayList.Length.get
L 08/28/2021 - 22:46:54: [SM]   [1] Line 28, include/utils.sp::trigger_redundancy
L 08/28/2021 - 22:46:54: [SM]   [2] Line 610, c:\Users\Ваня\Desktop\Vse\Программы\SourcePawn\DM_Trick_n_Combat\scripting\dm_trick.sp::OnTriggerEndTouch
L 08/28/2021 - 22:46:54: [SM] Exception reported: Invalid Handle 0 (error: 4)
L 08/28/2021 - 22:46:54: [SM] Blaming: dm_trick.smx
L 08/28/2021 - 22:46:54: [SM] Call stack trace:
L 08/28/2021 - 22:46:54: [SM]   [0] ArrayList.Length.get
L 08/28/2021 - 22:46:54: [SM]   [1] Line 254, c:\Users\Ваня\Desktop\Vse\Программы\SourcePawn\DM_Trick_n_Combat\scripting\dm_trick.sp::timer_speed_saved
L 08/28/2021 - 22:46:54: [SM] Exception reported: Invalid Handle 0 (error: 4)
L 08/28/2021 - 22:46:54: [SM] Blaming: dm_trick.smx
L 08/28/2021 - 22:46:54: [SM] Call stack trace:
L 08/28/2021 - 22:46:54: [SM]   [0] ArrayList.Length.get
L 08/28/2021 - 22:46:54: [SM]   [1] Line 254, c:\Users\Ваня\Desktop\Vse\Программы\SourcePawn\DM_Trick_n_Combat\scripting\dm_trick.sp::timer_speed_saved
L 08/28/2021 - 22:46:54: [SM] Exception reported: Invalid Handle 0 (error: 4)
L 08/28/2021 - 22:46:54: [SM] Blaming: dm_trick.smx
L 08/28/2021 - 22:46:54: [SM] Call stack trace:
L 08/28/2021 - 22:46:54: [SM]   [0] ArrayList.Length.get
L 08/28/2021 - 22:46:54: [SM]   [1] Line 254, c:\Users\Ваня\Desktop\Vse\Программы\SourcePawn\DM_Trick_n_Combat\scripting\dm_trick.sp::timer_speed_saved
L 08/28/2021 - 22:46:54: [SM] Exception reported: Invalid Handle 0 (error: 4)
L 08/28/2021 - 22:46:54: [SM] Blaming: dm_trick.smx
L 08/28/2021 - 22:46:54: [SM] Call stack trace:
L 08/28/2021 - 22:46:54: [SM]   [0] ArrayList.Length.get
L 08/28/2021 - 22:46:54: [SM]   [1] Line 254, c:\Users\Ваня\Desktop\Vse\Программы\SourcePawn\DM_Trick_n_Combat\scripting\dm_trick.sp::timer_speed_saved
L 08/28/2021 - 22:46:54: [SM] Exception reported: Invalid Handle 0 (error: 4)
L 08/28/2021 - 22:46:54: [SM] Blaming: dm_trick.smx
L 08/28/2021 - 22:46:54: [SM] Call stack trace:
L 08/28/2021 - 22:46:54: [SM]   [0] ArrayList.Length.get
L 08/28/2021 - 22:46:54: [SM]   [1] Line 254, c:\Users\Ваня\Desktop\Vse\Программы\SourcePawn\DM_Trick_n_Combat\scripting\dm_trick.sp::timer_speed_saved
L 08/28/2021 - 22:46:54: [SM] Exception reported: Invalid Handle 0 (error: 4)
L 08/28/2021 - 22:46:54: [SM] Blaming: dm_trick.smx
L 08/28/2021 - 22:46:54: [SM] Call stack trace:
L 08/28/2021 - 22:46:54: [SM]   [0] ArrayList.Length.get
L 08/28/2021 - 22:46:54: [SM]   [1] Line 254, c:\Users\Ваня\Desktop\Vse\Программы\SourcePawn\DM_Trick_n_Combat\scripting\dm_trick.sp::timer_speed_saved
L 08/28/2021 - 22:46:54: [SM] Exception reported: Invalid Handle 0 (error: 4)
L 08/28/2021 - 22:46:54: [SM] Blaming: dm_trick.smx
L 08/28/2021 - 22:46:54: [SM] Call stack trace:
L 08/28/2021 - 22:46:54: [SM]   [0] ArrayList.Length.get
L 08/28/2021 - 22:46:54: [SM]   [1] Line 254, c:\Users\Ваня\Desktop\Vse\Программы\SourcePawn\DM_Trick_n_Combat\scripting\dm_trick.sp::timer_speed_saved
L 08/28/2021 - 22:46:55: [SM] Exception reported: Invalid Handle 0 (error: 4)
L 08/28/2021 - 22:46:55: [SM] Blaming: dm_trick.smx
L 08/28/2021 - 22:46:55: [SM] Call stack trace:
L 08/28/2021 - 22:46:55: [SM]   [0] ArrayList.Length.get
L 08/28/2021 - 22:46:55: [SM]   [1] Line 254, c:\Users\Ваня\Desktop\Vse\Программы\SourcePawn\DM_Trick_n_Combat\scripting\dm_trick.sp::timer_speed_saved
L 08/28/2021 - 22:46:55: [SM] Exception reported: Invalid Handle 0 (error: 4)
L 08/28/2021 - 22:46:55: [SM] Blaming: dm_trick.smx
L 08/28/2021 - 22:46:55: [SM] Call stack trace:
L 08/28/2021 - 22:46:55: [SM]   [0] ArrayList.Length.get
L 08/28/2021 - 22:46:55: [SM]   [1] Line 254, c:\Users\Ваня\Desktop\Vse\Программы\SourcePawn\DM_Trick_n_Combat\scripting\dm_trick.sp::timer_speed_saved
L 08/28/2021 - 22:46:55: [SM] Exception reported: Invalid Handle 0 (error: 4)
L 08/28/2021 - 22:46:55: [SM] Blaming: dm_trick.smx
L 08/28/2021 - 22:46:55: [SM] Call stack trace:
L 08/28/2021 - 22:46:55: [SM]   [0] ArrayList.Length.get
L 08/28/2021 - 22:46:55: [SM]   [1] Line 254, c:\Users\Ваня\Desktop\Vse\Программы\SourcePawn\DM_Trick_n_Combat\scripting\dm_trick.sp::timer_speed_saved
L 08/28/2021 - 22:46:55: [SM] Exception reported: Invalid Handle 0 (error: 4)
L 08/28/2021 - 22:46:55: [SM] Blaming: dm_trick.smx
L 08/28/2021 - 22:46:55: [SM] Call stack trace:
L 08/28/2021 - 22:46:55: [SM]   [0] ArrayList.Clear
L 08/28/2021 - 22:46:55: [SM]   [1] Line 41, include/saveloc.sp::cmd_teleport
L 08/28/2021 - 22:46:55: [SM] Exception reported: Invalid Handle 0 (error: 4)
L 08/28/2021 - 22:46:55: [SM] Blaming: dm_trick.smx
L 08/28/2021 - 22:46:55: [SM] Call stack trace:
L 08/28/2021 - 22:46:55: [SM]   [0] ArrayList.Length.get
L 08/28/2021 - 22:46:55: [SM]   [1] Line 254, c:\Users\Ваня\Desktop\Vse\Программы\SourcePawn\DM_Trick_n_Combat\scripting\dm_trick.sp::timer_speed_saved
L 08/28/2021 - 22:46:55: [SM] Exception reported: Invalid Handle 0 (error: 4)
L 08/28/2021 - 22:46:55: [SM] Blaming: dm_trick.smx
L 08/28/2021 - 22:46:55: [SM] Call stack trace:
L 08/28/2021 - 22:46:55: [SM]   [0] ArrayList.Clear
L 08/28/2021 - 22:46:55: [SM]   [1] Line 41, include/saveloc.sp::cmd_teleport
L 08/28/2021 - 22:46:55: [SM] Exception reported: Invalid Handle 0 (error: 4)
L 08/28/2021 - 22:46:55: [SM] Blaming: dm_trick.smx
L 08/28/2021 - 22:46:55: [SM] Call stack trace:
L 08/28/2021 - 22:46:55: [SM]   [0] ArrayList.Length.get
L 08/28/2021 - 22:46:55: [SM]   [1] Line 254, c:\Users\Ваня\Desktop\Vse\Программы\SourcePawn\DM_Trick_n_Combat\scripting\dm_trick.sp::timer_speed_saved
L 08/28/2021 - 22:46:55: [SM] Exception reported: Invalid Handle 0 (error: 4)
L 08/28/2021 - 22:46:55: [SM] Blaming: dm_trick.smx
L 08/28/2021 - 22:46:55: [SM] Call stack trace:
L 08/28/2021 - 22:46:55: [SM]   [0] ArrayList.Length.get
L 08/28/2021 - 22:46:55: [SM]   [1] Line 254, c:\Users\Ваня\Desktop\Vse\Программы\SourcePawn\DM_Trick_n_Combat\scripting\dm_trick.sp::timer_speed_saved
L 08/28/2021 - 22:46:55: [SM] Exception reported: Invalid Handle 0 (error: 4)
L 08/28/2021 - 22:46:55: [SM] Blaming: dm_trick.smx
L 08/28/2021 - 22:46:55: [SM] Call stack trace:
L 08/28/2021 - 22:46:55: [SM]   [0] ArrayList.Clear
L 08/28/2021 - 22:46:55: [SM]   [1] Line 41, include/saveloc.sp::cmd_teleport
L 08/28/2021 - 22:46:55: [SM] Exception reported: Invalid Handle 0 (error: 4)
L 08/28/2021 - 22:46:55: [SM] Blaming: dm_trick.smx
L 08/28/2021 - 22:46:55: [SM] Call stack trace:
L 08/28/2021 - 22:46:55: [SM]   [0] ArrayList.Length.get
L 08/28/2021 - 22:46:55: [SM]   [1] Line 254, c:\Users\Ваня\Desktop\Vse\Программы\SourcePawn\DM_Trick_n_Combat\scripting\dm_trick.sp::timer_speed_saved
L 08/28/2021 - 22:46:55: [SM] Exception reported: Invalid Handle 0 (error: 4)
L 08/28/2021 - 22:46:55: [SM] Blaming: dm_trick.smx
L 08/28/2021 - 22:46:55: [SM] Call stack trace:
L 08/28/2021 - 22:46:55: [SM]   [0] ArrayList.Length.get
L 08/28/2021 - 22:46:55: [SM]   [1] Line 254, c:\Users\Ваня\Desktop\Vse\Программы\SourcePawn\DM_Trick_n_Combat\scripting\dm_trick.sp::timer_speed_saved
L 08/28/2021 - 22:46:55: [SM] Exception reported: Invalid Handle 0 (error: 4)
L 08/28/2021 - 22:46:55: [SM] Blaming: dm_trick.smx
L 08/28/2021 - 22:46:55: [SM] Call stack trace:
L 08/28/2021 - 22:46:55: [SM]   [0] ArrayList.Clear
L 08/28/2021 - 22:46:55: [SM]   [1] Line 41, include/saveloc.sp::cmd_teleport
L 08/28/2021 - 22:46:55: [SM] Exception reported: Invalid Handle 0 (error: 4)
L 08/28/2021 - 22:46:55: [SM] Blaming: dm_trick.smx
L 08/28/2021 - 22:46:55: [SM] Call stack trace:
L 08/28/2021 - 22:46:55: [SM]   [0] ArrayList.Length.get
L 08/28/2021 - 22:46:55: [SM]   [1] Line 254, c:\Users\Ваня\Desktop\Vse\Программы\SourcePawn\DM_Trick_n_Combat\scripting\dm_trick.sp::timer_speed_saved
L 08/28/2021 - 22:46:55: [SM] Exception reported: Invalid Handle 0 (error: 4)
L 08/28/2021 - 22:46:55: [SM] Blaming: dm_trick.smx
L 08/28/2021 - 22:46:55: [SM] Call stack trace:
L 08/28/2021 - 22:46:55: [SM]   [0] ArrayList.Length.get
L 08/28/2021 - 22:46:55: [SM]   [1] Line 254, c:\Users\Ваня\Desktop\Vse\Программы\SourcePawn\DM_Trick_n_Combat\scripting\dm_trick.sp::timer_speed_saved
L 08/28/2021 - 22:46:56: [SM] Exception reported: Invalid Handle 0 (error: 4)
L 08/28/2021 - 22:46:56: [SM] Blaming: dm_trick.smx
L 08/28/2021 - 22:46:56: [SM] Call stack trace:
L 08/28/2021 - 22:46:56: [SM]   [0] ArrayList.Clear
L 08/28/2021 - 22:46:56: [SM]   [1] Line 41, include/saveloc.sp::cmd_teleport
L 08/28/2021 - 22:46:56: [SM] Exception reported: Invalid Handle 0 (error: 4)
L 08/28/2021 - 22:46:56: [SM] Blaming: dm_trick.smx
L 08/28/2021 - 22:46:56: [SM] Call stack trace:
L 08/28/2021 - 22:46:56: [SM]   [0] ArrayList.Length.get
L 08/28/2021 - 22:46:56: [SM]   [1] Line 254, c:\Users\Ваня\Desktop\Vse\Программы\SourcePawn\DM_Trick_n_Combat\scripting\dm_trick.sp::timer_speed_saved
L 08/28/2021 - 22:46:56: [SM] Exception reported: Invalid Handle 0 (error: 4)
L 08/28/2021 - 22:46:56: [SM] Blaming: dm_trick.smx
L 08/28/2021 - 22:46:56: [SM] Call stack trace:
L 08/28/2021 - 22:46:56: [SM]   [0] ArrayList.Length.get
L 08/28/2021 - 22:46:56: [SM]   [1] Line 254, c:\Users\Ваня\Desktop\Vse\Программы\SourcePawn\DM_Trick_n_Combat\scripting\dm_trick.sp::timer_speed_saved
L 08/28/2021 - 22:46:56: [SM] Exception reported: Invalid Handle 0 (error: 4)
L 08/28/2021 - 22:46:56: [SM] Blaming: dm_trick.smx
L 08/28/2021 - 22:46:56: [SM] Call stack trace:
L 08/28/2021 - 22:46:56: [SM]   [0] ArrayList.Clear
L 08/28/2021 - 22:46:56: [SM]   [1] Line 41, include/saveloc.sp::cmd_teleport
L 08/28/2021 - 22:46:56: [SM] Exception reported: Invalid Handle 0 (error: 4)
L 08/28/2021 - 22:46:56: [SM] Blaming: dm_trick.smx
L 08/28/2021 - 22:46:56: [SM] Call stack trace:
L 08/28/2021 - 22:46:56: [SM]   [0] ArrayList.Length.get
L 08/28/2021 - 22:46:56: [SM]   [1] Line 254, c:\Users\Ваня\Desktop\Vse\Программы\SourcePawn\DM_Trick_n_Combat\scripting\dm_trick.sp::timer_speed_saved
L 08/28/2021 - 22:46:56: [SM] Exception reported: Invalid Handle 0 (error: 4)
L 08/28/2021 - 22:46:56: [SM] Blaming: dm_trick.smx
L 08/28/2021 - 22:46:56: [SM] Call stack trace:
L 08/28/2021 - 22:46:56: [SM]   [0] ArrayList.Length.get
L 08/28/2021 - 22:46:56: [SM]   [1] Line 254, c:\Users\Ваня\Desktop\Vse\Программы\SourcePawn\DM_Trick_n_Combat\scripting\dm_trick.sp::timer_speed_saved
L 08/28/2021 - 22:46:56: [SM] Exception reported: Invalid Handle 0 (error: 4)
L 08/28/2021 - 22:46:56: [SM] Blaming: dm_trick.smx
L 08/28/2021 - 22:46:56: [SM] Call stack trace:
L 08/28/2021 - 22:46:56: [SM]   [0] ArrayList.Length.get
L 08/28/2021 - 22:46:56: [SM]   [1] Line 28, include/utils.sp::trigger_redundancy
L 08/28/2021 - 22:46:56: [SM]   [2] Line 610, c:\Users\Ваня\Desktop\Vse\Программы\SourcePawn\DM_Trick_n_Combat\scripting\dm_trick.sp::OnTriggerEndTouch
L 08/28/2021 - 22:46:56: [SM] Exception reported: Invalid Handle 0 (error: 4)
L 08/28/2021 - 22:46:56: [SM] Blaming: dm_trick.smx
L 08/28/2021 - 22:46:56: [SM] Call stack trace:
L 08/28/2021 - 22:46:56: [SM]   [0] ArrayList.Length.get
L 08/28/2021 - 22:46:56: [SM]   [1] Line 254, c:\Users\Ваня\Desktop\Vse\Программы\SourcePawn\DM_Trick_n_Combat\scripting\dm_trick.sp::timer_speed_saved
L 08/28/2021 - 22:46:56: [SM] Exception reported: Invalid Handle 0 (error: 4)
L 08/28/2021 - 22:46:56: [SM] Blaming: dm_trick.smx
L 08/28/2021 - 22:46:56: [SM] Call stack trace:
L 08/28/2021 - 22:46:56: [SM]   [0] ArrayList.Length.get
L 08/28/2021 - 22:46:56: [SM]   [1] Line 254, c:\Users\Ваня\Desktop\Vse\Программы\SourcePawn\DM_Trick_n_Combat\scripting\dm_trick.sp::timer_speed_saved
L 08/28/2021 - 22:46:56: [SM] Exception reported: Invalid Handle 0 (error: 4)
L 08/28/2021 - 22:46:56: [SM] Blaming: dm_trick.smx
L 08/28/2021 - 22:46:56: [SM] Call stack trace:
L 08/28/2021 - 22:46:56: [SM]   [0] ArrayList.Length.get
L 08/28/2021 - 22:46:56: [SM]   [1] Line 254, c:\Users\Ваня\Desktop\Vse\Программы\SourcePawn\DM_Trick_n_Combat\scripting\dm_trick.sp::timer_speed_saved
L 08/28/2021 - 22:46:56: [SM] Exception reported: Invalid Handle 0 (error: 4)
L 08/28/2021 - 22:46:56: [SM] Blaming: dm_trick.smx
L 08/28/2021 - 22:46:56: [SM] Call stack trace:
L 08/28/2021 - 22:46:56: [SM]   [0] ArrayList.Length.get
L 08/28/2021 - 22:46:56: [SM]   [1] Line 254, c:\Users\Ваня\Desktop\Vse\Программы\SourcePawn\DM_Trick_n_Combat\scripting\dm_trick.sp::timer_speed_saved
L 08/28/2021 - 22:46:56: [SM] Exception reported: Invalid Handle 0 (error: 4)
L 08/28/2021 - 22:46:56: [SM] Blaming: dm_trick.smx
L 08/28/2021 - 22:46:56: [SM] Call stack trace:
L 08/28/2021 - 22:46:56: [SM]   [0] ArrayList.Length.get
L 08/28/2021 - 22:46:56: [SM]   [1] Line 254, c:\Users\Ваня\Desktop\Vse\Программы\SourcePawn\DM_Trick_n_Combat\scripting\dm_trick.sp::timer_speed_saved
L 08/28/2021 - 22:46:56: [SM] Exception reported: Invalid Handle 0 (error: 4)
L 08/28/2021 - 22:46:56: [SM] Blaming: dm_trick.smx
L 08/28/2021 - 22:46:56: [SM] Call stack trace:
L 08/28/2021 - 22:46:56: [SM]   [0] ArrayList.Length.get
L 08/28/2021 - 22:46:56: [SM]   [1] Line 254, c:\Users\Ваня\Desktop\Vse\Программы\SourcePawn\DM_Trick_n_Combat\scripting\dm_trick.sp::timer_speed_saved
L 08/28/2021 - 22:46:57: [SM] Exception reported: Invalid Handle 0 (error: 4)
L 08/28/2021 - 22:46:57: [SM] Blaming: dm_trick.smx
L 08/28/2021 - 22:46:57: [SM] Call stack trace:
L 08/28/2021 - 22:46:57: [SM]   [0] ArrayList.Length.get
L 08/28/2021 - 22:46:57: [SM]   [1] Line 254, c:\Users\Ваня\Desktop\Vse\Программы\SourcePawn\DM_Trick_n_Combat\scripting\dm_trick.sp::timer_speed_saved
L 08/28/2021 - 22:46:57: [SM] Exception reported: Invalid Handle 0 (error: 4)
L 08/28/2021 - 22:46:57: [SM] Blaming: dm_trick.smx
L 08/28/2021 - 22:46:57: [SM] Call stack trace:
L 08/28/2021 - 22:46:57: [SM]   [0] ArrayList.Length.get
L 08/28/2021 - 22:46:57: [SM]   [1] Line 254, c:\Users\Ваня\Desktop\Vse\Программы\SourcePawn\DM_Trick_n_Combat\scripting\dm_trick.sp::timer_speed_saved
L 08/28/2021 - 22:46:57: [SM] Exception reported: Invalid Handle 0 (error: 4)
L 08/28/2021 - 22:46:57: [SM] Blaming: dm_trick.smx
L 08/28/2021 - 22:46:57: [SM] Call stack trace:
L 08/28/2021 - 22:46:57: [SM]   [0] ArrayList.Length.get
L 08/28/2021 - 22:46:57: [SM]   [1] Line 254, c:\Users\Ваня\Desktop\Vse\Программы\SourcePawn\DM_Trick_n_Combat\scripting\dm_trick.sp::timer_speed_saved
L 08/28/2021 - 22:46:57: [SM] Exception reported: Invalid Handle 0 (error: 4)
L 08/28/2021 - 22:46:57: [SM] Blaming: dm_trick.smx
L 08/28/2021 - 22:46:57: [SM] Call stack trace:
L 08/28/2021 - 22:46:57: [SM]   [0] ArrayList.Length.get
L 08/28/2021 - 22:46:57: [SM]   [1] Line 254, c:\Users\Ваня\Desktop\Vse\Программы\SourcePawn\DM_Trick_n_Combat\scripting\dm_trick.sp::timer_speed_saved
L 08/28/2021 - 22:46:57: [SM] Exception reported: Invalid Handle 0 (error: 4)
L 08/28/2021 - 22:46:57: [SM] Blaming: dm_trick.smx
L 08/28/2021 - 22:46:57: [SM] Call stack trace:
L 08/28/2021 - 22:46:57: [SM]   [0] ArrayList.Length.get
L 08/28/2021 - 22:46:57: [SM]   [1] Line 254, c:\Users\Ваня\Desktop\Vse\Программы\SourcePawn\DM_Trick_n_Combat\scripting\dm_trick.sp::timer_speed_saved
L 08/28/2021 - 22:46:57: [SM] Exception reported: Invalid Handle 0 (error: 4)
L 08/28/2021 - 22:46:57: [SM] Blaming: dm_trick.smx
L 08/28/2021 - 22:46:57: [SM] Call stack trace:
L 08/28/2021 - 22:46:57: [SM]   [0] ArrayList.Length.get
L 08/28/2021 - 22:46:57: [SM]   [1] Line 254, c:\Users\Ваня\Desktop\Vse\Программы\SourcePawn\DM_Trick_n_Combat\scripting\dm_trick.sp::timer_speed_saved
L 08/28/2021 - 22:46:57: [SM] Exception reported: Invalid Handle 0 (error: 4)
L 08/28/2021 - 22:46:57: [SM] Blaming: dm_trick.smx
L 08/28/2021 - 22:46:57: [SM] Call stack trace:
L 08/28/2021 - 22:46:57: [SM]   [0] ArrayList.Length.get
L 08/28/2021 - 22:46:57: [SM]   [1] Line 254, c:\Users\Ваня\Desktop\Vse\Программы\SourcePawn\DM_Trick_n_Combat\scripting\dm_trick.sp::timer_speed_saved
L 08/28/2021 - 22:46:57: [SM] Exception reported: Invalid Handle 0 (error: 4)
L 08/28/2021 - 22:46:57: [SM] Blaming: dm_trick.smx
L 08/28/2021 - 22:46:57: [SM] Call stack trace:
L 08/28/2021 - 22:46:57: [SM]   [0] ArrayList.Length.get
L 08/28/2021 - 22:46:57: [SM]   [1] Line 254, c:\Users\Ваня\Desktop\Vse\Программы\SourcePawn\DM_Trick_n_Combat\scripting\dm_trick.sp::timer_speed_saved
L 08/28/2021 - 22:46:57: [SM] Exception reported: Invalid Handle 0 (error: 4)
L 08/28/2021 - 22:46:57: [SM] Blaming: dm_trick.smx
L 08/28/2021 - 22:46:57: [SM] Call stack trace:
L 08/28/2021 - 22:46:57: [SM]   [0] ArrayList.Length.get
L 08/28/2021 - 22:46:57: [SM]   [1] Line 254, c:\Users\Ваня\Desktop\Vse\Программы\SourcePawn\DM_Trick_n_Combat\scripting\dm_trick.sp::timer_speed_saved
L 08/28/2021 - 22:46:57: [SM] Exception reported: Invalid Handle 0 (error: 4)
L 08/28/2021 - 22:46:57: [SM] Blaming: dm_trick.smx
L 08/28/2021 - 22:46:57: [SM] Call stack trace:
L 08/28/2021 - 22:46:57: [SM]   [0] ArrayList.Length.get
L 08/28/2021 - 22:46:57: [SM]   [1] Line 254, c:\Users\Ваня\Desktop\Vse\Программы\SourcePawn\DM_Trick_n_Combat\scripting\dm_trick.sp::timer_speed_saved
L 08/28/2021 - 22:46:58: [SM] Exception reported: Invalid Handle 0 (error: 4)
L 08/28/2021 - 22:46:58: [SM] Blaming: dm_trick.smx
L 08/28/2021 - 22:46:58: [SM] Call stack trace:
L 08/28/2021 - 22:46:58: [SM]   [0] ArrayList.Length.get
L 08/28/2021 - 22:46:58: [SM]   [1] Line 254, c:\Users\Ваня\Desktop\Vse\Программы\SourcePawn\DM_Trick_n_Combat\scripting\dm_trick.sp::timer_speed_saved
L 08/28/2021 - 22:46:58: [SM] Exception reported: Invalid Handle 0 (error: 4)
L 08/28/2021 - 22:46:58: [SM] Blaming: dm_trick.smx
L 08/28/2021 - 22:46:58: [SM] Call stack trace:
L 08/28/2021 - 22:46:58: [SM]   [0] ArrayList.Length.get
L 08/28/2021 - 22:46:58: [SM]   [1] Line 254, c:\Users\Ваня\Desktop\Vse\Программы\SourcePawn\DM_Trick_n_Combat\scripting\dm_trick.sp::timer_speed_saved
L 08/28/2021 - 22:46:58: [SM] Exception reported: Invalid Handle 0 (error: 4)
L 08/28/2021 - 22:46:58: [SM] Blaming: dm_trick.smx
L 08/28/2021 - 22:46:58: [SM] Call stack trace:
L 08/28/2021 - 22:46:58: [SM]   [0] ArrayList.Length.get
L 08/28/2021 - 22:46:58: [SM]   [1] Line 254, c:\Users\Ваня\Desktop\Vse\Программы\SourcePawn\DM_Trick_n_Combat\scripting\dm_trick.sp::timer_speed_saved
L 08/28/2021 - 22:46:58: [SM] Exception reported: Invalid Handle 0 (error: 4)
L 08/28/2021 - 22:46:58: [SM] Blaming: dm_trick.smx
L 08/28/2021 - 22:46:58: [SM] Call stack trace:
L 08/28/2021 - 22:46:58: [SM]   [0] ArrayList.Length.get
L 08/28/2021 - 22:46:58: [SM]   [1] Line 254, c:\Users\Ваня\Desktop\Vse\Программы\SourcePawn\DM_Trick_n_Combat\scripting\dm_trick.sp::timer_speed_saved
L 08/28/2021 - 22:46:58: [SM] Exception reported: Invalid Handle 0 (error: 4)
L 08/28/2021 - 22:46:58: [SM] Blaming: dm_trick.smx
L 08/28/2021 - 22:46:58: [SM] Call stack trace:
L 08/28/2021 - 22:46:58: [SM]   [0] ArrayList.Length.get
L 08/28/2021 - 22:46:58: [SM]   [1] Line 254, c:\Users\Ваня\Desktop\Vse\Программы\SourcePawn\DM_Trick_n_Combat\scripting\dm_trick.sp::timer_speed_saved
L 08/28/2021 - 22:46:59: Error log file session closed.
