L 09/15/2021 - 01:06:58: SourceMod error session started
L 09/15/2021 - 01:06:58: Info (map "surf_trick_gxd") (file "/home/container/csgo/addons/sourcemod/logs/errors_20210915.log")
L 09/15/2021 - 01:06:58: [SM] Exception reported: Invalid query Handle 0 (error: 4)
L 09/15/2021 - 01:06:58: [SM] Blaming: dm_trick.smx
L 09/15/2021 - 01:06:58: [SM] Call stack trace:
L 09/15/2021 - 01:06:58: [SM]   [0] DBResultSet.HasResults.get
L 09/15/2021 - 01:06:58: [SM]   [1] Line 208, include/daily_tricks.sp::timer_daily_callback
L 09/15/2021 - 06:30:02: Error log file session closed.
L 09/15/2021 - 06:30:03: SourceMod error session started
L 09/15/2021 - 06:30:03: Info (map "surf_trick_gxd") (file "/home/container/csgo/addons/sourcemod/logs/errors_20210915.log")
L 09/15/2021 - 06:30:03: [SM] Exception reported: Invalid query Handle 0 (error: 4)
L 09/15/2021 - 06:30:03: [SM] Blaming: dm_trick.smx
L 09/15/2021 - 06:30:03: [SM] Call stack trace:
L 09/15/2021 - 06:30:03: [SM]   [0] DBResultSet.HasResults.get
L 09/15/2021 - 06:30:03: [SM]   [1] Line 208, include/daily_tricks.sp::timer_daily_callback
L 09/15/2021 - 06:54:47: Error log file session closed.
L 09/15/2021 - 06:54:48: SourceMod error session started
L 09/15/2021 - 06:54:48: Info (map "surf_trick_gxd") (file "/home/container/csgo/addons/sourcemod/logs/errors_20210915.log")
L 09/15/2021 - 06:54:48: [SM] Exception reported: Invalid query Handle 0 (error: 4)
L 09/15/2021 - 06:54:48: [SM] Blaming: dm_trick.smx
L 09/15/2021 - 06:54:48: [SM] Call stack trace:
L 09/15/2021 - 06:54:48: [SM]   [0] DBResultSet.HasResults.get
L 09/15/2021 - 06:54:48: [SM]   [1] Line 208, include/daily_tricks.sp::timer_daily_callback
L 09/15/2021 - 07:18:10: Error log file session closed.
L 09/15/2021 - 07:25:20: SourceMod error session started
L 09/15/2021 - 07:25:20: Info (map "surf_trick_gxd") (file "/home/container/csgo/addons/sourcemod/logs/errors_20210915.log")
L 09/15/2021 - 07:25:20: [SM] Exception reported: Invalid query Handle 0 (error: 4)
L 09/15/2021 - 07:25:20: [SM] Blaming: dm_trick.smx
L 09/15/2021 - 07:25:20: [SM] Call stack trace:
L 09/15/2021 - 07:25:20: [SM]   [0] DBResultSet.HasResults.get
L 09/15/2021 - 07:25:20: [SM]   [1] Line 139, include/saveloc.sp::load_loc_cl_data_callback
L 09/15/2021 - 07:25:20: [SM] Exception reported: Invalid query Handle 0 (error: 4)
L 09/15/2021 - 07:25:20: [SM] Blaming: dm_trick.smx
L 09/15/2021 - 07:25:20: [SM] Call stack trace:
L 09/15/2021 - 07:25:20: [SM]   [0] DBResultSet.HasResults.get
L 09/15/2021 - 07:25:20: [SM]   [1] Line 88, include/trick_menu.sp::load_trick_cl_data_callback
L 09/15/2021 - 07:25:23: Error log file session closed.
L 09/15/2021 - 10:45:45: SourceMod error session started
L 09/15/2021 - 10:45:45: Info (map "surf_trick_gxd") (file "/home/container/csgo/addons/sourcemod/logs/errors_20210915.log")
L 09/15/2021 - 10:45:45: [SM] Exception reported: Invalid query Handle 0 (error: 4)
L 09/15/2021 - 10:45:45: [SM] Blaming: dm_trick.smx
L 09/15/2021 - 10:45:45: [SM] Call stack trace:
L 09/15/2021 - 10:45:45: [SM]   [0] DBResultSet.HasResults.get
L 09/15/2021 - 10:45:45: [SM]   [1] Line 208, include/daily_tricks.sp::timer_daily_callback
L 09/15/2021 - 13:19:33: Error log file session closed.
L 09/15/2021 - 13:19:34: SourceMod error session started
L 09/15/2021 - 13:19:34: Info (map "surf_trick_gxd") (file "/home/container/csgo/addons/sourcemod/logs/errors_20210915.log")
L 09/15/2021 - 13:19:34: [SM] Exception reported: Invalid query Handle 0 (error: 4)
L 09/15/2021 - 13:19:34: [SM] Blaming: dm_trick.smx
L 09/15/2021 - 13:19:34: [SM] Call stack trace:
L 09/15/2021 - 13:19:34: [SM]   [0] DBResultSet.HasResults.get
L 09/15/2021 - 13:19:34: [SM]   [1] Line 208, include/daily_tricks.sp::timer_daily_callback
L 09/15/2021 - 14:34:16: Error log file session closed.
L 09/15/2021 - 14:34:17: SourceMod error session started
L 09/15/2021 - 14:34:17: Info (map "surf_trick_gxd") (file "/home/container/csgo/addons/sourcemod/logs/errors_20210915.log")
L 09/15/2021 - 14:34:17: [SM] Exception reported: Invalid query Handle 0 (error: 4)
L 09/15/2021 - 14:34:17: [SM] Blaming: dm_trick.smx
L 09/15/2021 - 14:34:17: [SM] Call stack trace:
L 09/15/2021 - 14:34:17: [SM]   [0] DBResultSet.HasResults.get
L 09/15/2021 - 14:34:17: [SM]   [1] Line 208, include/daily_tricks.sp::timer_daily_callback
L 09/15/2021 - 15:13:20: Error log file session closed.
L 09/15/2021 - 15:13:22: SourceMod error session started
L 09/15/2021 - 15:13:22: Info (map "surf_trick_gxd") (file "/home/container/csgo/addons/sourcemod/logs/errors_20210915.log")
L 09/15/2021 - 15:13:22: [SM] Exception reported: Invalid query Handle 0 (error: 4)
L 09/15/2021 - 15:13:22: [SM] Blaming: dm_trick.smx
L 09/15/2021 - 15:13:22: [SM] Call stack trace:
L 09/15/2021 - 15:13:22: [SM]   [0] DBResultSet.HasResults.get
L 09/15/2021 - 15:13:22: [SM]   [1] Line 208, include/daily_tricks.sp::timer_daily_callback
L 09/15/2021 - 17:38:30: [SM] Exception reported: Client 1 is not in game
L 09/15/2021 - 17:38:30: [SM] Blaming: dm_trick.smx
L 09/15/2021 - 17:38:30: [SM] Call stack trace:
L 09/15/2021 - 17:38:30: [SM]   [0] IsPlayerAlive
L 09/15/2021 - 17:38:30: [SM]   [1] Line 36, include/saveloc.sp::cmd_teleport
L 09/15/2021 - 18:34:42: [SM] Exception reported: Client index 828 is invalid
L 09/15/2021 - 18:34:42: [SM] Blaming: sm_hide.smx
L 09/15/2021 - 18:34:42: [SM] Call stack trace:
L 09/15/2021 - 18:34:42: [SM]   [0] GetClientTeam
L 09/15/2021 - 18:34:42: [SM]   [1] Line 141, /home/forums/content/files/2/7/7/4/6/3/183646.attach::OnNormalSoundPlayed
L 09/15/2021 - 18:34:42: [SM] Exception reported: Client index 828 is invalid
L 09/15/2021 - 18:34:42: [SM] Blaming: sm_hide.smx
L 09/15/2021 - 18:34:42: [SM] Call stack trace:
L 09/15/2021 - 18:34:42: [SM]   [0] GetClientTeam
L 09/15/2021 - 18:34:42: [SM]   [1] Line 141, /home/forums/content/files/2/7/7/4/6/3/183646.attach::OnNormalSoundPlayed
L 09/15/2021 - 18:34:43: [SM] Exception reported: Client index 828 is invalid
L 09/15/2021 - 18:34:43: [SM] Blaming: sm_hide.smx
L 09/15/2021 - 18:34:43: [SM] Call stack trace:
L 09/15/2021 - 18:34:43: [SM]   [0] GetClientTeam
L 09/15/2021 - 18:34:43: [SM]   [1] Line 141, /home/forums/content/files/2/7/7/4/6/3/183646.attach::OnNormalSoundPlayed
L 09/15/2021 - 18:35:36: [SM] Exception reported: Client index 828 is invalid
L 09/15/2021 - 18:35:36: [SM] Blaming: sm_hide.smx
L 09/15/2021 - 18:35:36: [SM] Call stack trace:
L 09/15/2021 - 18:35:36: [SM]   [0] GetClientTeam
L 09/15/2021 - 18:35:36: [SM]   [1] Line 141, /home/forums/content/files/2/7/7/4/6/3/183646.attach::OnNormalSoundPlayed
L 09/15/2021 - 18:35:42: [SM] Exception reported: Client index 828 is invalid
L 09/15/2021 - 18:35:42: [SM] Blaming: sm_hide.smx
L 09/15/2021 - 18:35:42: [SM] Call stack trace:
L 09/15/2021 - 18:35:42: [SM]   [0] GetClientTeam
L 09/15/2021 - 18:35:42: [SM]   [1] Line 141, /home/forums/content/files/2/7/7/4/6/3/183646.attach::OnNormalSoundPlayed
L 09/15/2021 - 18:35:43: [SM] Exception reported: Client index 828 is invalid
L 09/15/2021 - 18:35:43: [SM] Blaming: sm_hide.smx
L 09/15/2021 - 18:35:43: [SM] Call stack trace:
L 09/15/2021 - 18:35:43: [SM]   [0] GetClientTeam
L 09/15/2021 - 18:35:43: [SM]   [1] Line 141, /home/forums/content/files/2/7/7/4/6/3/183646.attach::OnNormalSoundPlayed
L 09/15/2021 - 18:35:49: [SM] Exception reported: Client index 828 is invalid
L 09/15/2021 - 18:35:49: [SM] Blaming: sm_hide.smx
L 09/15/2021 - 18:35:49: [SM] Call stack trace:
L 09/15/2021 - 18:35:49: [SM]   [0] GetClientTeam
L 09/15/2021 - 18:35:49: [SM]   [1] Line 141, /home/forums/content/files/2/7/7/4/6/3/183646.attach::OnNormalSoundPlayed
L 09/15/2021 - 18:35:50: [SM] Exception reported: Client index 828 is invalid
L 09/15/2021 - 18:35:50: [SM] Blaming: sm_hide.smx
L 09/15/2021 - 18:35:50: [SM] Call stack trace:
L 09/15/2021 - 18:35:50: [SM]   [0] GetClientTeam
L 09/15/2021 - 18:35:50: [SM]   [1] Line 141, /home/forums/content/files/2/7/7/4/6/3/183646.attach::OnNormalSoundPlayed
L 09/15/2021 - 18:35:51: [SM] Exception reported: Client index 828 is invalid
L 09/15/2021 - 18:35:51: [SM] Blaming: sm_hide.smx
L 09/15/2021 - 18:35:51: [SM] Call stack trace:
L 09/15/2021 - 18:35:51: [SM]   [0] GetClientTeam
L 09/15/2021 - 18:35:51: [SM]   [1] Line 141, /home/forums/content/files/2/7/7/4/6/3/183646.attach::OnNormalSoundPlayed
L 09/15/2021 - 18:35:51: [SM] Exception reported: Client index 828 is invalid
L 09/15/2021 - 18:35:51: [SM] Blaming: sm_hide.smx
L 09/15/2021 - 18:35:51: [SM] Call stack trace:
L 09/15/2021 - 18:35:51: [SM]   [0] GetClientTeam
L 09/15/2021 - 18:35:51: [SM]   [1] Line 141, /home/forums/content/files/2/7/7/4/6/3/183646.attach::OnNormalSoundPlayed
L 09/15/2021 - 18:35:51: [SM] Exception reported: Client index 828 is invalid
L 09/15/2021 - 18:35:51: [SM] Blaming: sm_hide.smx
L 09/15/2021 - 18:35:51: [SM] Call stack trace:
L 09/15/2021 - 18:35:51: [SM]   [0] GetClientTeam
L 09/15/2021 - 18:35:51: [SM]   [1] Line 141, /home/forums/content/files/2/7/7/4/6/3/183646.attach::OnNormalSoundPlayed
L 09/15/2021 - 18:45:23: [SM] Exception reported: Invalid query Handle 0 (error: 4)
L 09/15/2021 - 18:45:23: [SM] Blaming: dm_trick.smx
L 09/15/2021 - 18:45:23: [SM] Call stack trace:
L 09/15/2021 - 18:45:23: [SM]   [0] DBResultSet.HasResults.get
L 09/15/2021 - 18:45:23: [SM]   [1] Line 208, include/daily_tricks.sp::timer_daily_callback
L 09/15/2021 - 19:45:05: [SM] Exception reported: Client index 819 is invalid
L 09/15/2021 - 19:45:05: [SM] Blaming: sm_hide.smx
L 09/15/2021 - 19:45:05: [SM] Call stack trace:
L 09/15/2021 - 19:45:05: [SM]   [0] GetClientTeam
L 09/15/2021 - 19:45:05: [SM]   [1] Line 141, /home/forums/content/files/2/7/7/4/6/3/183646.attach::OnNormalSoundPlayed
L 09/15/2021 - 19:45:50: [SM] Exception reported: Client index 819 is invalid
L 09/15/2021 - 19:45:50: [SM] Blaming: sm_hide.smx
L 09/15/2021 - 19:45:50: [SM] Call stack trace:
L 09/15/2021 - 19:45:50: [SM]   [0] GetClientTeam
L 09/15/2021 - 19:45:50: [SM]   [1] Line 141, /home/forums/content/files/2/7/7/4/6/3/183646.attach::OnNormalSoundPlayed
L 09/15/2021 - 19:45:53: [SM] Exception reported: Client index 819 is invalid
L 09/15/2021 - 19:45:53: [SM] Blaming: sm_hide.smx
L 09/15/2021 - 19:45:53: [SM] Call stack trace:
L 09/15/2021 - 19:45:53: [SM]   [0] GetClientTeam
L 09/15/2021 - 19:45:53: [SM]   [1] Line 141, /home/forums/content/files/2/7/7/4/6/3/183646.attach::OnNormalSoundPlayed
L 09/15/2021 - 20:03:53: [SM] Exception reported: Client index 822 is invalid
L 09/15/2021 - 20:03:53: [SM] Blaming: sm_hide.smx
L 09/15/2021 - 20:03:53: [SM] Call stack trace:
L 09/15/2021 - 20:03:53: [SM]   [0] GetClientTeam
L 09/15/2021 - 20:03:53: [SM]   [1] Line 141, /home/forums/content/files/2/7/7/4/6/3/183646.attach::OnNormalSoundPlayed
L 09/15/2021 - 20:04:03: [SM] Exception reported: Client index 822 is invalid
L 09/15/2021 - 20:04:03: [SM] Blaming: sm_hide.smx
L 09/15/2021 - 20:04:03: [SM] Call stack trace:
L 09/15/2021 - 20:04:03: [SM]   [0] GetClientTeam
L 09/15/2021 - 20:04:03: [SM]   [1] Line 141, /home/forums/content/files/2/7/7/4/6/3/183646.attach::OnNormalSoundPlayed
L 09/15/2021 - 20:04:15: [SM] Exception reported: Client index 822 is invalid
L 09/15/2021 - 20:04:15: [SM] Blaming: sm_hide.smx
L 09/15/2021 - 20:04:15: [SM] Call stack trace:
L 09/15/2021 - 20:04:15: [SM]   [0] GetClientTeam
L 09/15/2021 - 20:04:15: [SM]   [1] Line 141, /home/forums/content/files/2/7/7/4/6/3/183646.attach::OnNormalSoundPlayed
L 09/15/2021 - 20:04:26: [SM] Exception reported: Client index 822 is invalid
L 09/15/2021 - 20:04:26: [SM] Blaming: sm_hide.smx
L 09/15/2021 - 20:04:26: [SM] Call stack trace:
L 09/15/2021 - 20:04:26: [SM]   [0] GetClientTeam
L 09/15/2021 - 20:04:26: [SM]   [1] Line 141, /home/forums/content/files/2/7/7/4/6/3/183646.attach::OnNormalSoundPlayed
L 09/15/2021 - 20:05:04: [SM] Exception reported: Client index 822 is invalid
L 09/15/2021 - 20:05:04: [SM] Blaming: sm_hide.smx
L 09/15/2021 - 20:05:04: [SM] Call stack trace:
L 09/15/2021 - 20:05:04: [SM]   [0] GetClientTeam
L 09/15/2021 - 20:05:04: [SM]   [1] Line 141, /home/forums/content/files/2/7/7/4/6/3/183646.attach::OnNormalSoundPlayed
L 09/15/2021 - 20:05:22: [SM] Exception reported: Client index 822 is invalid
L 09/15/2021 - 20:05:22: [SM] Blaming: sm_hide.smx
L 09/15/2021 - 20:05:22: [SM] Call stack trace:
L 09/15/2021 - 20:05:22: [SM]   [0] GetClientTeam
L 09/15/2021 - 20:05:22: [SM]   [1] Line 141, /home/forums/content/files/2/7/7/4/6/3/183646.attach::OnNormalSoundPlayed
L 09/15/2021 - 20:07:05: [SM] Exception reported: Client index 822 is invalid
L 09/15/2021 - 20:07:05: [SM] Blaming: sm_hide.smx
L 09/15/2021 - 20:07:05: [SM] Call stack trace:
L 09/15/2021 - 20:07:05: [SM]   [0] GetClientTeam
L 09/15/2021 - 20:07:05: [SM]   [1] Line 141, /home/forums/content/files/2/7/7/4/6/3/183646.attach::OnNormalSoundPlayed
L 09/15/2021 - 20:07:17: [SM] Exception reported: Client index 822 is invalid
L 09/15/2021 - 20:07:17: [SM] Blaming: sm_hide.smx
L 09/15/2021 - 20:07:17: [SM] Call stack trace:
L 09/15/2021 - 20:07:17: [SM]   [0] GetClientTeam
L 09/15/2021 - 20:07:17: [SM]   [1] Line 141, /home/forums/content/files/2/7/7/4/6/3/183646.attach::OnNormalSoundPlayed
L 09/15/2021 - 20:07:19: [SM] Exception reported: Client index 822 is invalid
L 09/15/2021 - 20:07:19: [SM] Blaming: sm_hide.smx
L 09/15/2021 - 20:07:19: [SM] Call stack trace:
L 09/15/2021 - 20:07:19: [SM]   [0] GetClientTeam
L 09/15/2021 - 20:07:19: [SM]   [1] Line 141, /home/forums/content/files/2/7/7/4/6/3/183646.attach::OnNormalSoundPlayed
L 09/15/2021 - 20:07:30: [SM] Exception reported: Client index 822 is invalid
L 09/15/2021 - 20:07:30: [SM] Blaming: sm_hide.smx
L 09/15/2021 - 20:07:30: [SM] Call stack trace:
L 09/15/2021 - 20:07:30: [SM]   [0] GetClientTeam
L 09/15/2021 - 20:07:30: [SM]   [1] Line 141, /home/forums/content/files/2/7/7/4/6/3/183646.attach::OnNormalSoundPlayed
L 09/15/2021 - 20:07:55: [SM] Exception reported: Client index 822 is invalid
L 09/15/2021 - 20:07:55: [SM] Blaming: sm_hide.smx
L 09/15/2021 - 20:07:55: [SM] Call stack trace:
L 09/15/2021 - 20:07:55: [SM]   [0] GetClientTeam
L 09/15/2021 - 20:07:55: [SM]   [1] Line 141, /home/forums/content/files/2/7/7/4/6/3/183646.attach::OnNormalSoundPlayed
L 09/15/2021 - 20:10:51: [SM] Exception reported: Client index 822 is invalid
L 09/15/2021 - 20:10:51: [SM] Blaming: sm_hide.smx
L 09/15/2021 - 20:10:51: [SM] Call stack trace:
L 09/15/2021 - 20:10:51: [SM]   [0] GetClientTeam
L 09/15/2021 - 20:10:51: [SM]   [1] Line 141, /home/forums/content/files/2/7/7/4/6/3/183646.attach::OnNormalSoundPlayed
L 09/15/2021 - 20:10:54: [SM] Exception reported: Client index 822 is invalid
L 09/15/2021 - 20:10:54: [SM] Blaming: sm_hide.smx
L 09/15/2021 - 20:10:54: [SM] Call stack trace:
L 09/15/2021 - 20:10:54: [SM]   [0] GetClientTeam
L 09/15/2021 - 20:10:54: [SM]   [1] Line 141, /home/forums/content/files/2/7/7/4/6/3/183646.attach::OnNormalSoundPlayed
L 09/15/2021 - 20:11:56: [SM] Exception reported: Client index 822 is invalid
L 09/15/2021 - 20:11:56: [SM] Blaming: sm_hide.smx
L 09/15/2021 - 20:11:56: [SM] Call stack trace:
L 09/15/2021 - 20:11:56: [SM]   [0] GetClientTeam
L 09/15/2021 - 20:11:56: [SM]   [1] Line 141, /home/forums/content/files/2/7/7/4/6/3/183646.attach::OnNormalSoundPlayed
L 09/15/2021 - 20:12:25: [SM] Exception reported: Client index 831 is invalid
L 09/15/2021 - 20:12:25: [SM] Blaming: sm_hide.smx
L 09/15/2021 - 20:12:25: [SM] Call stack trace:
L 09/15/2021 - 20:12:25: [SM]   [0] GetClientTeam
L 09/15/2021 - 20:12:25: [SM]   [1] Line 141, /home/forums/content/files/2/7/7/4/6/3/183646.attach::OnNormalSoundPlayed
L 09/15/2021 - 20:13:23: [SM] Exception reported: Client index 823 is invalid
L 09/15/2021 - 20:13:23: [SM] Blaming: sm_hide.smx
L 09/15/2021 - 20:13:23: [SM] Call stack trace:
L 09/15/2021 - 20:13:23: [SM]   [0] GetClientTeam
L 09/15/2021 - 20:13:23: [SM]   [1] Line 141, /home/forums/content/files/2/7/7/4/6/3/183646.attach::OnNormalSoundPlayed
L 09/15/2021 - 20:13:40: [SM] Exception reported: Client index 823 is invalid
L 09/15/2021 - 20:13:40: [SM] Blaming: sm_hide.smx
L 09/15/2021 - 20:13:40: [SM] Call stack trace:
L 09/15/2021 - 20:13:40: [SM]   [0] GetClientTeam
L 09/15/2021 - 20:13:40: [SM]   [1] Line 141, /home/forums/content/files/2/7/7/4/6/3/183646.attach::OnNormalSoundPlayed
L 09/15/2021 - 20:13:47: [SM] Exception reported: Client index 823 is invalid
L 09/15/2021 - 20:13:47: [SM] Blaming: sm_hide.smx
L 09/15/2021 - 20:13:47: [SM] Call stack trace:
L 09/15/2021 - 20:13:47: [SM]   [0] GetClientTeam
L 09/15/2021 - 20:13:47: [SM]   [1] Line 141, /home/forums/content/files/2/7/7/4/6/3/183646.attach::OnNormalSoundPlayed
L 09/15/2021 - 20:13:54: [SM] Exception reported: Client index 823 is invalid
L 09/15/2021 - 20:13:54: [SM] Blaming: sm_hide.smx
L 09/15/2021 - 20:13:54: [SM] Call stack trace:
L 09/15/2021 - 20:13:54: [SM]   [0] GetClientTeam
L 09/15/2021 - 20:13:54: [SM]   [1] Line 141, /home/forums/content/files/2/7/7/4/6/3/183646.attach::OnNormalSoundPlayed
L 09/15/2021 - 20:14:28: [SM] Exception reported: Client index 831 is invalid
L 09/15/2021 - 20:14:28: [SM] Blaming: sm_hide.smx
L 09/15/2021 - 20:14:28: [SM] Call stack trace:
L 09/15/2021 - 20:14:28: [SM]   [0] GetClientTeam
L 09/15/2021 - 20:14:28: [SM]   [1] Line 141, /home/forums/content/files/2/7/7/4/6/3/183646.attach::OnNormalSoundPlayed
L 09/15/2021 - 20:16:32: [SM] Exception reported: Client index 836 is invalid
L 09/15/2021 - 20:16:32: [SM] Blaming: sm_hide.smx
L 09/15/2021 - 20:16:32: [SM] Call stack trace:
L 09/15/2021 - 20:16:32: [SM]   [0] GetClientTeam
L 09/15/2021 - 20:16:32: [SM]   [1] Line 141, /home/forums/content/files/2/7/7/4/6/3/183646.attach::OnNormalSoundPlayed
L 09/15/2021 - 20:16:58: [SM] Exception reported: Client index 837 is invalid
L 09/15/2021 - 20:16:58: [SM] Blaming: sm_hide.smx
L 09/15/2021 - 20:16:58: [SM] Call stack trace:
L 09/15/2021 - 20:16:58: [SM]   [0] GetClientTeam
L 09/15/2021 - 20:16:58: [SM]   [1] Line 141, /home/forums/content/files/2/7/7/4/6/3/183646.attach::OnNormalSoundPlayed
L 09/15/2021 - 20:17:29: [SM] Exception reported: Client index 866 is invalid
L 09/15/2021 - 20:17:29: [SM] Blaming: sm_hide.smx
L 09/15/2021 - 20:17:29: [SM] Call stack trace:
L 09/15/2021 - 20:17:29: [SM]   [0] GetClientTeam
L 09/15/2021 - 20:17:29: [SM]   [1] Line 141, /home/forums/content/files/2/7/7/4/6/3/183646.attach::OnNormalSoundPlayed
L 09/15/2021 - 20:17:36: [SM] Exception reported: Client index 823 is invalid
L 09/15/2021 - 20:17:36: [SM] Blaming: sm_hide.smx
L 09/15/2021 - 20:17:36: [SM] Call stack trace:
L 09/15/2021 - 20:17:36: [SM]   [0] GetClientTeam
L 09/15/2021 - 20:17:36: [SM]   [1] Line 141, /home/forums/content/files/2/7/7/4/6/3/183646.attach::OnNormalSoundPlayed
L 09/15/2021 - 20:18:58: [SM] Exception reported: Client index 866 is invalid
L 09/15/2021 - 20:18:58: [SM] Blaming: sm_hide.smx
L 09/15/2021 - 20:18:58: [SM] Call stack trace:
L 09/15/2021 - 20:18:58: [SM]   [0] GetClientTeam
L 09/15/2021 - 20:18:58: [SM]   [1] Line 141, /home/forums/content/files/2/7/7/4/6/3/183646.attach::OnNormalSoundPlayed
L 09/15/2021 - 20:18:59: [SM] Exception reported: Client index 866 is invalid
L 09/15/2021 - 20:18:59: [SM] Blaming: sm_hide.smx
L 09/15/2021 - 20:18:59: [SM] Call stack trace:
L 09/15/2021 - 20:18:59: [SM]   [0] GetClientTeam
L 09/15/2021 - 20:18:59: [SM]   [1] Line 141, /home/forums/content/files/2/7/7/4/6/3/183646.attach::OnNormalSoundPlayed
L 09/15/2021 - 20:18:59: [SM] Exception reported: Client index 866 is invalid
L 09/15/2021 - 20:18:59: [SM] Blaming: sm_hide.smx
L 09/15/2021 - 20:18:59: [SM] Call stack trace:
L 09/15/2021 - 20:18:59: [SM]   [0] GetClientTeam
L 09/15/2021 - 20:18:59: [SM]   [1] Line 141, /home/forums/content/files/2/7/7/4/6/3/183646.attach::OnNormalSoundPlayed
L 09/15/2021 - 20:19:00: [SM] Exception reported: Client index 866 is invalid
L 09/15/2021 - 20:19:00: [SM] Blaming: sm_hide.smx
L 09/15/2021 - 20:19:00: [SM] Call stack trace:
L 09/15/2021 - 20:19:00: [SM]   [0] GetClientTeam
L 09/15/2021 - 20:19:00: [SM]   [1] Line 141, /home/forums/content/files/2/7/7/4/6/3/183646.attach::OnNormalSoundPlayed
L 09/15/2021 - 20:19:11: [SM] Exception reported: Client index 849 is invalid
L 09/15/2021 - 20:19:11: [SM] Blaming: sm_hide.smx
L 09/15/2021 - 20:19:11: [SM] Call stack trace:
L 09/15/2021 - 20:19:11: [SM]   [0] GetClientTeam
L 09/15/2021 - 20:19:11: [SM]   [1] Line 141, /home/forums/content/files/2/7/7/4/6/3/183646.attach::OnNormalSoundPlayed
L 09/15/2021 - 20:19:31: [SM] Exception reported: Client index 842 is invalid
L 09/15/2021 - 20:19:31: [SM] Blaming: sm_hide.smx
L 09/15/2021 - 20:19:31: [SM] Call stack trace:
L 09/15/2021 - 20:19:31: [SM]   [0] GetClientTeam
L 09/15/2021 - 20:19:31: [SM]   [1] Line 141, /home/forums/content/files/2/7/7/4/6/3/183646.attach::OnNormalSoundPlayed
L 09/15/2021 - 20:19:31: [SM] Exception reported: Client index 842 is invalid
L 09/15/2021 - 20:19:31: [SM] Blaming: sm_hide.smx
L 09/15/2021 - 20:19:31: [SM] Call stack trace:
L 09/15/2021 - 20:19:31: [SM]   [0] GetClientTeam
L 09/15/2021 - 20:19:31: [SM]   [1] Line 141, /home/forums/content/files/2/7/7/4/6/3/183646.attach::OnNormalSoundPlayed
L 09/15/2021 - 20:19:36: [SM] Exception reported: Client index 825 is invalid
L 09/15/2021 - 20:19:36: [SM] Blaming: sm_hide.smx
L 09/15/2021 - 20:19:36: [SM] Call stack trace:
L 09/15/2021 - 20:19:36: [SM]   [0] GetClientTeam
L 09/15/2021 - 20:19:36: [SM]   [1] Line 141, /home/forums/content/files/2/7/7/4/6/3/183646.attach::OnNormalSoundPlayed
L 09/15/2021 - 20:21:03: [SM] Exception reported: Client index 876 is invalid
L 09/15/2021 - 20:21:03: [SM] Blaming: sm_hide.smx
L 09/15/2021 - 20:21:03: [SM] Call stack trace:
L 09/15/2021 - 20:21:03: [SM]   [0] GetClientTeam
L 09/15/2021 - 20:21:03: [SM]   [1] Line 141, /home/forums/content/files/2/7/7/4/6/3/183646.attach::OnNormalSoundPlayed
L 09/15/2021 - 20:23:19: [SM] Exception reported: Client index 863 is invalid
L 09/15/2021 - 20:23:19: [SM] Blaming: sm_hide.smx
L 09/15/2021 - 20:23:19: [SM] Call stack trace:
L 09/15/2021 - 20:23:19: [SM]   [0] GetClientTeam
L 09/15/2021 - 20:23:19: [SM]   [1] Line 141, /home/forums/content/files/2/7/7/4/6/3/183646.attach::OnNormalSoundPlayed
L 09/15/2021 - 20:57:09: [SM] Exception reported: Client index 0 is invalid
L 09/15/2021 - 20:57:09: [SM] Blaming: HitReg_Gxd.smx
L 09/15/2021 - 20:57:09: [SM] Call stack trace:
L 09/15/2021 - 20:57:09: [SM]   [0] GetClientWeapon
L 09/15/2021 - 20:57:09: [SM]   [1] Line 218, c:\Users\Ваня\Desktop\Vse\Программы\SourcePawn\HitReg_Gxd\scripting\HitReg_Gxd.sp::OnPlayerHurt
L 09/15/2021 - 22:51:15: [SM] Exception reported: Client index 873 is invalid
L 09/15/2021 - 22:51:15: [SM] Blaming: sm_hide.smx
L 09/15/2021 - 22:51:15: [SM] Call stack trace:
L 09/15/2021 - 22:51:15: [SM]   [0] GetClientTeam
L 09/15/2021 - 22:51:15: [SM]   [1] Line 141, /home/forums/content/files/2/7/7/4/6/3/183646.attach::OnNormalSoundPlayed
L 09/15/2021 - 22:51:15: [SM] Exception reported: Client index 873 is invalid
L 09/15/2021 - 22:51:15: [SM] Blaming: sm_hide.smx
L 09/15/2021 - 22:51:15: [SM] Call stack trace:
L 09/15/2021 - 22:51:15: [SM]   [0] GetClientTeam
L 09/15/2021 - 22:51:15: [SM]   [1] Line 141, /home/forums/content/files/2/7/7/4/6/3/183646.attach::OnNormalSoundPlayed
L 09/15/2021 - 22:51:16: [SM] Exception reported: Client index 873 is invalid
L 09/15/2021 - 22:51:16: [SM] Blaming: sm_hide.smx
L 09/15/2021 - 22:51:16: [SM] Call stack trace:
L 09/15/2021 - 22:51:16: [SM]   [0] GetClientTeam
L 09/15/2021 - 22:51:16: [SM]   [1] Line 141, /home/forums/content/files/2/7/7/4/6/3/183646.attach::OnNormalSoundPlayed
L 09/15/2021 - 22:51:19: [SM] Exception reported: Client index 873 is invalid
L 09/15/2021 - 22:51:19: [SM] Blaming: sm_hide.smx
L 09/15/2021 - 22:51:19: [SM] Call stack trace:
L 09/15/2021 - 22:51:19: [SM]   [0] GetClientTeam
L 09/15/2021 - 22:51:19: [SM]   [1] Line 141, /home/forums/content/files/2/7/7/4/6/3/183646.attach::OnNormalSoundPlayed
L 09/15/2021 - 22:51:19: [SM] Exception reported: Client index 873 is invalid
L 09/15/2021 - 22:51:19: [SM] Blaming: sm_hide.smx
L 09/15/2021 - 22:51:19: [SM] Call stack trace:
L 09/15/2021 - 22:51:19: [SM]   [0] GetClientTeam
L 09/15/2021 - 22:51:19: [SM]   [1] Line 141, /home/forums/content/files/2/7/7/4/6/3/183646.attach::OnNormalSoundPlayed
L 09/15/2021 - 22:51:19: [SM] Exception reported: Client index 873 is invalid
L 09/15/2021 - 22:51:19: [SM] Blaming: sm_hide.smx
L 09/15/2021 - 22:51:19: [SM] Call stack trace:
L 09/15/2021 - 22:51:19: [SM]   [0] GetClientTeam
L 09/15/2021 - 22:51:19: [SM]   [1] Line 141, /home/forums/content/files/2/7/7/4/6/3/183646.attach::OnNormalSoundPlayed
L 09/15/2021 - 22:51:20: [SM] Exception reported: Client index 873 is invalid
L 09/15/2021 - 22:51:20: [SM] Blaming: sm_hide.smx
L 09/15/2021 - 22:51:20: [SM] Call stack trace:
L 09/15/2021 - 22:51:20: [SM]   [0] GetClientTeam
L 09/15/2021 - 22:51:20: [SM]   [1] Line 141, /home/forums/content/files/2/7/7/4/6/3/183646.attach::OnNormalSoundPlayed
L 09/15/2021 - 22:51:20: [SM] Exception reported: Client index 873 is invalid
L 09/15/2021 - 22:51:20: [SM] Blaming: sm_hide.smx
L 09/15/2021 - 22:51:20: [SM] Call stack trace:
L 09/15/2021 - 22:51:20: [SM]   [0] GetClientTeam
L 09/15/2021 - 22:51:20: [SM]   [1] Line 141, /home/forums/content/files/2/7/7/4/6/3/183646.attach::OnNormalSoundPlayed
L 09/15/2021 - 22:51:21: [SM] Exception reported: Client index 873 is invalid
L 09/15/2021 - 22:51:21: [SM] Blaming: sm_hide.smx
L 09/15/2021 - 22:51:21: [SM] Call stack trace:
L 09/15/2021 - 22:51:21: [SM]   [0] GetClientTeam
L 09/15/2021 - 22:51:21: [SM]   [1] Line 141, /home/forums/content/files/2/7/7/4/6/3/183646.attach::OnNormalSoundPlayed
L 09/15/2021 - 22:51:21: [SM] Exception reported: Client index 873 is invalid
L 09/15/2021 - 22:51:21: [SM] Blaming: sm_hide.smx
L 09/15/2021 - 22:51:21: [SM] Call stack trace:
L 09/15/2021 - 22:51:21: [SM]   [0] GetClientTeam
L 09/15/2021 - 22:51:21: [SM]   [1] Line 141, /home/forums/content/files/2/7/7/4/6/3/183646.attach::OnNormalSoundPlayed
L 09/15/2021 - 22:51:21: [SM] Exception reported: Client index 873 is invalid
L 09/15/2021 - 22:51:21: [SM] Blaming: sm_hide.smx
L 09/15/2021 - 22:51:21: [SM] Call stack trace:
L 09/15/2021 - 22:51:21: [SM]   [0] GetClientTeam
L 09/15/2021 - 22:51:21: [SM]   [1] Line 141, /home/forums/content/files/2/7/7/4/6/3/183646.attach::OnNormalSoundPlayed
L 09/15/2021 - 22:51:22: [SM] Exception reported: Client index 873 is invalid
L 09/15/2021 - 22:51:22: [SM] Blaming: sm_hide.smx
L 09/15/2021 - 22:51:22: [SM] Call stack trace:
L 09/15/2021 - 22:51:22: [SM]   [0] GetClientTeam
L 09/15/2021 - 22:51:22: [SM]   [1] Line 141, /home/forums/content/files/2/7/7/4/6/3/183646.attach::OnNormalSoundPlayed
L 09/15/2021 - 22:51:22: [SM] Exception reported: Client index 873 is invalid
L 09/15/2021 - 22:51:22: [SM] Blaming: sm_hide.smx
L 09/15/2021 - 22:51:22: [SM] Call stack trace:
L 09/15/2021 - 22:51:22: [SM]   [0] GetClientTeam
L 09/15/2021 - 22:51:22: [SM]   [1] Line 141, /home/forums/content/files/2/7/7/4/6/3/183646.attach::OnNormalSoundPlayed
L 09/15/2021 - 22:51:23: [SM] Exception reported: Client index 873 is invalid
L 09/15/2021 - 22:51:23: [SM] Blaming: sm_hide.smx
L 09/15/2021 - 22:51:23: [SM] Call stack trace:
L 09/15/2021 - 22:51:23: [SM]   [0] GetClientTeam
L 09/15/2021 - 22:51:23: [SM]   [1] Line 141, /home/forums/content/files/2/7/7/4/6/3/183646.attach::OnNormalSoundPlayed
L 09/15/2021 - 22:51:23: [SM] Exception reported: Client index 873 is invalid
L 09/15/2021 - 22:51:23: [SM] Blaming: sm_hide.smx
L 09/15/2021 - 22:51:23: [SM] Call stack trace:
L 09/15/2021 - 22:51:23: [SM]   [0] GetClientTeam
L 09/15/2021 - 22:51:23: [SM]   [1] Line 141, /home/forums/content/files/2/7/7/4/6/3/183646.attach::OnNormalSoundPlayed
L 09/15/2021 - 22:51:23: [SM] Exception reported: Client index 873 is invalid
L 09/15/2021 - 22:51:23: [SM] Blaming: sm_hide.smx
L 09/15/2021 - 22:51:23: [SM] Call stack trace:
L 09/15/2021 - 22:51:23: [SM]   [0] GetClientTeam
L 09/15/2021 - 22:51:23: [SM]   [1] Line 141, /home/forums/content/files/2/7/7/4/6/3/183646.attach::OnNormalSoundPlayed
L 09/15/2021 - 22:51:24: [SM] Exception reported: Client index 873 is invalid
L 09/15/2021 - 22:51:24: [SM] Blaming: sm_hide.smx
L 09/15/2021 - 22:51:24: [SM] Call stack trace:
L 09/15/2021 - 22:51:24: [SM]   [0] GetClientTeam
L 09/15/2021 - 22:51:24: [SM]   [1] Line 141, /home/forums/content/files/2/7/7/4/6/3/183646.attach::OnNormalSoundPlayed
L 09/15/2021 - 22:51:24: [SM] Exception reported: Client index 873 is invalid
L 09/15/2021 - 22:51:24: [SM] Blaming: sm_hide.smx
L 09/15/2021 - 22:51:24: [SM] Call stack trace:
L 09/15/2021 - 22:51:24: [SM]   [0] GetClientTeam
L 09/15/2021 - 22:51:24: [SM]   [1] Line 141, /home/forums/content/files/2/7/7/4/6/3/183646.attach::OnNormalSoundPlayed
L 09/15/2021 - 22:51:25: [SM] Exception reported: Client index 873 is invalid
L 09/15/2021 - 22:51:25: [SM] Blaming: sm_hide.smx
L 09/15/2021 - 22:51:25: [SM] Call stack trace:
L 09/15/2021 - 22:51:25: [SM]   [0] GetClientTeam
L 09/15/2021 - 22:51:25: [SM]   [1] Line 141, /home/forums/content/files/2/7/7/4/6/3/183646.attach::OnNormalSoundPlayed
L 09/15/2021 - 22:51:25: [SM] Exception reported: Client index 873 is invalid
L 09/15/2021 - 22:51:25: [SM] Blaming: sm_hide.smx
L 09/15/2021 - 22:51:25: [SM] Call stack trace:
L 09/15/2021 - 22:51:25: [SM]   [0] GetClientTeam
L 09/15/2021 - 22:51:25: [SM]   [1] Line 141, /home/forums/content/files/2/7/7/4/6/3/183646.attach::OnNormalSoundPlayed
L 09/15/2021 - 22:51:36: [SM] Exception reported: Client index 873 is invalid
L 09/15/2021 - 22:51:36: [SM] Blaming: sm_hide.smx
L 09/15/2021 - 22:51:36: [SM] Call stack trace:
L 09/15/2021 - 22:51:36: [SM]   [0] GetClientTeam
L 09/15/2021 - 22:51:36: [SM]   [1] Line 141, /home/forums/content/files/2/7/7/4/6/3/183646.attach::OnNormalSoundPlayed
L 09/15/2021 - 22:51:36: [SM] Exception reported: Client index 873 is invalid
L 09/15/2021 - 22:51:36: [SM] Blaming: sm_hide.smx
L 09/15/2021 - 22:51:36: [SM] Call stack trace:
L 09/15/2021 - 22:51:36: [SM]   [0] GetClientTeam
L 09/15/2021 - 22:51:36: [SM]   [1] Line 141, /home/forums/content/files/2/7/7/4/6/3/183646.attach::OnNormalSoundPlayed
L 09/15/2021 - 22:51:37: [SM] Exception reported: Client index 873 is invalid
L 09/15/2021 - 22:51:37: [SM] Blaming: sm_hide.smx
L 09/15/2021 - 22:51:37: [SM] Call stack trace:
L 09/15/2021 - 22:51:37: [SM]   [0] GetClientTeam
L 09/15/2021 - 22:51:37: [SM]   [1] Line 141, /home/forums/content/files/2/7/7/4/6/3/183646.attach::OnNormalSoundPlayed
L 09/15/2021 - 22:51:37: [SM] Exception reported: Client index 873 is invalid
L 09/15/2021 - 22:51:37: [SM] Blaming: sm_hide.smx
L 09/15/2021 - 22:51:37: [SM] Call stack trace:
L 09/15/2021 - 22:51:37: [SM]   [0] GetClientTeam
L 09/15/2021 - 22:51:37: [SM]   [1] Line 141, /home/forums/content/files/2/7/7/4/6/3/183646.attach::OnNormalSoundPlayed
L 09/15/2021 - 22:51:38: [SM] Exception reported: Client index 873 is invalid
L 09/15/2021 - 22:51:38: [SM] Blaming: sm_hide.smx
L 09/15/2021 - 22:51:38: [SM] Call stack trace:
L 09/15/2021 - 22:51:38: [SM]   [0] GetClientTeam
L 09/15/2021 - 22:51:38: [SM]   [1] Line 141, /home/forums/content/files/2/7/7/4/6/3/183646.attach::OnNormalSoundPlayed
L 09/15/2021 - 22:51:38: [SM] Exception reported: Client index 873 is invalid
L 09/15/2021 - 22:51:38: [SM] Blaming: sm_hide.smx
L 09/15/2021 - 22:51:38: [SM] Call stack trace:
L 09/15/2021 - 22:51:38: [SM]   [0] GetClientTeam
L 09/15/2021 - 22:51:38: [SM]   [1] Line 141, /home/forums/content/files/2/7/7/4/6/3/183646.attach::OnNormalSoundPlayed
L 09/15/2021 - 22:51:38: [SM] Exception reported: Client index 873 is invalid
L 09/15/2021 - 22:51:38: [SM] Blaming: sm_hide.smx
L 09/15/2021 - 22:51:38: [SM] Call stack trace:
L 09/15/2021 - 22:51:38: [SM]   [0] GetClientTeam
L 09/15/2021 - 22:51:38: [SM]   [1] Line 141, /home/forums/content/files/2/7/7/4/6/3/183646.attach::OnNormalSoundPlayed
L 09/15/2021 - 22:51:39: [SM] Exception reported: Client index 873 is invalid
L 09/15/2021 - 22:51:39: [SM] Blaming: sm_hide.smx
L 09/15/2021 - 22:51:39: [SM] Call stack trace:
L 09/15/2021 - 22:51:39: [SM]   [0] GetClientTeam
L 09/15/2021 - 22:51:39: [SM]   [1] Line 141, /home/forums/content/files/2/7/7/4/6/3/183646.attach::OnNormalSoundPlayed
L 09/15/2021 - 22:51:39: [SM] Exception reported: Client index 873 is invalid
L 09/15/2021 - 22:51:39: [SM] Blaming: sm_hide.smx
L 09/15/2021 - 22:51:39: [SM] Call stack trace:
L 09/15/2021 - 22:51:39: [SM]   [0] GetClientTeam
L 09/15/2021 - 22:51:39: [SM]   [1] Line 141, /home/forums/content/files/2/7/7/4/6/3/183646.attach::OnNormalSoundPlayed
L 09/15/2021 - 22:51:40: [SM] Exception reported: Client index 873 is invalid
L 09/15/2021 - 22:51:40: [SM] Blaming: sm_hide.smx
L 09/15/2021 - 22:51:40: [SM] Call stack trace:
L 09/15/2021 - 22:51:40: [SM]   [0] GetClientTeam
L 09/15/2021 - 22:51:40: [SM]   [1] Line 141, /home/forums/content/files/2/7/7/4/6/3/183646.attach::OnNormalSoundPlayed
L 09/15/2021 - 22:51:40: [SM] Exception reported: Client index 873 is invalid
L 09/15/2021 - 22:51:40: [SM] Blaming: sm_hide.smx
L 09/15/2021 - 22:51:40: [SM] Call stack trace:
L 09/15/2021 - 22:51:40: [SM]   [0] GetClientTeam
L 09/15/2021 - 22:51:40: [SM]   [1] Line 141, /home/forums/content/files/2/7/7/4/6/3/183646.attach::OnNormalSoundPlayed
L 09/15/2021 - 22:52:20: [SM] Exception reported: Client index 873 is invalid
L 09/15/2021 - 22:52:20: [SM] Blaming: sm_hide.smx
L 09/15/2021 - 22:52:20: [SM] Call stack trace:
L 09/15/2021 - 22:52:20: [SM]   [0] GetClientTeam
L 09/15/2021 - 22:52:20: [SM]   [1] Line 141, /home/forums/content/files/2/7/7/4/6/3/183646.attach::OnNormalSoundPlayed
L 09/15/2021 - 22:52:21: [SM] Exception reported: Client index 873 is invalid
L 09/15/2021 - 22:52:21: [SM] Blaming: sm_hide.smx
L 09/15/2021 - 22:52:21: [SM] Call stack trace:
L 09/15/2021 - 22:52:21: [SM]   [0] GetClientTeam
L 09/15/2021 - 22:52:21: [SM]   [1] Line 141, /home/forums/content/files/2/7/7/4/6/3/183646.attach::OnNormalSoundPlayed
L 09/15/2021 - 22:52:21: [SM] Exception reported: Client index 873 is invalid
L 09/15/2021 - 22:52:21: [SM] Blaming: sm_hide.smx
L 09/15/2021 - 22:52:21: [SM] Call stack trace:
L 09/15/2021 - 22:52:21: [SM]   [0] GetClientTeam
L 09/15/2021 - 22:52:21: [SM]   [1] Line 141, /home/forums/content/files/2/7/7/4/6/3/183646.attach::OnNormalSoundPlayed
L 09/15/2021 - 22:52:22: [SM] Exception reported: Client index 873 is invalid
L 09/15/2021 - 22:52:22: [SM] Blaming: sm_hide.smx
L 09/15/2021 - 22:52:22: [SM] Call stack trace:
L 09/15/2021 - 22:52:22: [SM]   [0] GetClientTeam
L 09/15/2021 - 22:52:22: [SM]   [1] Line 141, /home/forums/content/files/2/7/7/4/6/3/183646.attach::OnNormalSoundPlayed
L 09/15/2021 - 22:52:22: [SM] Exception reported: Client index 873 is invalid
L 09/15/2021 - 22:52:22: [SM] Blaming: sm_hide.smx
L 09/15/2021 - 22:52:22: [SM] Call stack trace:
L 09/15/2021 - 22:52:22: [SM]   [0] GetClientTeam
L 09/15/2021 - 22:52:22: [SM]   [1] Line 141, /home/forums/content/files/2/7/7/4/6/3/183646.attach::OnNormalSoundPlayed
L 09/15/2021 - 22:52:22: [SM] Exception reported: Client index 873 is invalid
L 09/15/2021 - 22:52:22: [SM] Blaming: sm_hide.smx
L 09/15/2021 - 22:52:22: [SM] Call stack trace:
L 09/15/2021 - 22:52:22: [SM]   [0] GetClientTeam
L 09/15/2021 - 22:52:22: [SM]   [1] Line 141, /home/forums/content/files/2/7/7/4/6/3/183646.attach::OnNormalSoundPlayed
L 09/15/2021 - 22:52:23: [SM] Exception reported: Client index 873 is invalid
L 09/15/2021 - 22:52:23: [SM] Blaming: sm_hide.smx
L 09/15/2021 - 22:52:23: [SM] Call stack trace:
L 09/15/2021 - 22:52:23: [SM]   [0] GetClientTeam
L 09/15/2021 - 22:52:23: [SM]   [1] Line 141, /home/forums/content/files/2/7/7/4/6/3/183646.attach::OnNormalSoundPlayed
L 09/15/2021 - 22:52:23: [SM] Exception reported: Client index 873 is invalid
L 09/15/2021 - 22:52:23: [SM] Blaming: sm_hide.smx
L 09/15/2021 - 22:52:23: [SM] Call stack trace:
L 09/15/2021 - 22:52:23: [SM]   [0] GetClientTeam
L 09/15/2021 - 22:52:23: [SM]   [1] Line 141, /home/forums/content/files/2/7/7/4/6/3/183646.attach::OnNormalSoundPlayed
L 09/15/2021 - 22:52:24: [SM] Exception reported: Client index 873 is invalid
L 09/15/2021 - 22:52:24: [SM] Blaming: sm_hide.smx
L 09/15/2021 - 22:52:24: [SM] Call stack trace:
L 09/15/2021 - 22:52:24: [SM]   [0] GetClientTeam
L 09/15/2021 - 22:52:24: [SM]   [1] Line 141, /home/forums/content/files/2/7/7/4/6/3/183646.attach::OnNormalSoundPlayed
L 09/15/2021 - 22:52:24: [SM] Exception reported: Client index 873 is invalid
L 09/15/2021 - 22:52:24: [SM] Blaming: sm_hide.smx
L 09/15/2021 - 22:52:24: [SM] Call stack trace:
L 09/15/2021 - 22:52:24: [SM]   [0] GetClientTeam
L 09/15/2021 - 22:52:24: [SM]   [1] Line 141, /home/forums/content/files/2/7/7/4/6/3/183646.attach::OnNormalSoundPlayed
L 09/15/2021 - 22:52:24: [SM] Exception reported: Client index 873 is invalid
L 09/15/2021 - 22:52:24: [SM] Blaming: sm_hide.smx
L 09/15/2021 - 22:52:24: [SM] Call stack trace:
L 09/15/2021 - 22:52:24: [SM]   [0] GetClientTeam
L 09/15/2021 - 22:52:24: [SM]   [1] Line 141, /home/forums/content/files/2/7/7/4/6/3/183646.attach::OnNormalSoundPlayed
L 09/15/2021 - 22:52:25: [SM] Exception reported: Client index 873 is invalid
L 09/15/2021 - 22:52:25: [SM] Blaming: sm_hide.smx
L 09/15/2021 - 22:52:25: [SM] Call stack trace:
L 09/15/2021 - 22:52:25: [SM]   [0] GetClientTeam
L 09/15/2021 - 22:52:25: [SM]   [1] Line 141, /home/forums/content/files/2/7/7/4/6/3/183646.attach::OnNormalSoundPlayed
L 09/15/2021 - 22:52:34: [SM] Exception reported: Client index 866 is invalid
L 09/15/2021 - 22:52:34: [SM] Blaming: sm_hide.smx
L 09/15/2021 - 22:52:34: [SM] Call stack trace:
L 09/15/2021 - 22:52:34: [SM]   [0] GetClientTeam
L 09/15/2021 - 22:52:34: [SM]   [1] Line 141, /home/forums/content/files/2/7/7/4/6/3/183646.attach::OnNormalSoundPlayed
L 09/15/2021 - 22:52:35: [SM] Exception reported: Client index 866 is invalid
L 09/15/2021 - 22:52:35: [SM] Blaming: sm_hide.smx
L 09/15/2021 - 22:52:35: [SM] Call stack trace:
L 09/15/2021 - 22:52:35: [SM]   [0] GetClientTeam
L 09/15/2021 - 22:52:35: [SM]   [1] Line 141, /home/forums/content/files/2/7/7/4/6/3/183646.attach::OnNormalSoundPlayed
L 09/15/2021 - 22:52:35: [SM] Exception reported: Client index 866 is invalid
L 09/15/2021 - 22:52:35: [SM] Blaming: sm_hide.smx
L 09/15/2021 - 22:52:35: [SM] Call stack trace:
L 09/15/2021 - 22:52:35: [SM]   [0] GetClientTeam
L 09/15/2021 - 22:52:35: [SM]   [1] Line 141, /home/forums/content/files/2/7/7/4/6/3/183646.attach::OnNormalSoundPlayed
L 09/15/2021 - 22:52:35: [SM] Exception reported: Client index 866 is invalid
L 09/15/2021 - 22:52:35: [SM] Blaming: sm_hide.smx
L 09/15/2021 - 22:52:35: [SM] Call stack trace:
L 09/15/2021 - 22:52:35: [SM]   [0] GetClientTeam
L 09/15/2021 - 22:52:35: [SM]   [1] Line 141, /home/forums/content/files/2/7/7/4/6/3/183646.attach::OnNormalSoundPlayed
L 09/15/2021 - 22:52:36: [SM] Exception reported: Client index 866 is invalid
L 09/15/2021 - 22:52:36: [SM] Blaming: sm_hide.smx
L 09/15/2021 - 22:52:36: [SM] Call stack trace:
L 09/15/2021 - 22:52:36: [SM]   [0] GetClientTeam
L 09/15/2021 - 22:52:36: [SM]   [1] Line 141, /home/forums/content/files/2/7/7/4/6/3/183646.attach::OnNormalSoundPlayed
L 09/15/2021 - 22:52:36: [SM] Exception reported: Client index 866 is invalid
L 09/15/2021 - 22:52:36: [SM] Blaming: sm_hide.smx
L 09/15/2021 - 22:52:36: [SM] Call stack trace:
L 09/15/2021 - 22:52:36: [SM]   [0] GetClientTeam
L 09/15/2021 - 22:52:36: [SM]   [1] Line 141, /home/forums/content/files/2/7/7/4/6/3/183646.attach::OnNormalSoundPlayed
L 09/15/2021 - 22:52:37: [SM] Exception reported: Client index 866 is invalid
L 09/15/2021 - 22:52:37: [SM] Blaming: sm_hide.smx
L 09/15/2021 - 22:52:37: [SM] Call stack trace:
L 09/15/2021 - 22:52:37: [SM]   [0] GetClientTeam
L 09/15/2021 - 22:52:37: [SM]   [1] Line 141, /home/forums/content/files/2/7/7/4/6/3/183646.attach::OnNormalSoundPlayed
L 09/15/2021 - 22:52:37: [SM] Exception reported: Client index 866 is invalid
L 09/15/2021 - 22:52:37: [SM] Blaming: sm_hide.smx
L 09/15/2021 - 22:52:37: [SM] Call stack trace:
L 09/15/2021 - 22:52:37: [SM]   [0] GetClientTeam
L 09/15/2021 - 22:52:37: [SM]   [1] Line 141, /home/forums/content/files/2/7/7/4/6/3/183646.attach::OnNormalSoundPlayed
L 09/15/2021 - 22:52:57: [SM] Exception reported: Client index 866 is invalid
L 09/15/2021 - 22:52:57: [SM] Blaming: sm_hide.smx
L 09/15/2021 - 22:52:57: [SM] Call stack trace:
L 09/15/2021 - 22:52:57: [SM]   [0] GetClientTeam
L 09/15/2021 - 22:52:57: [SM]   [1] Line 141, /home/forums/content/files/2/7/7/4/6/3/183646.attach::OnNormalSoundPlayed
L 09/15/2021 - 22:52:57: [SM] Exception reported: Client index 866 is invalid
L 09/15/2021 - 22:52:57: [SM] Blaming: sm_hide.smx
L 09/15/2021 - 22:52:57: [SM] Call stack trace:
L 09/15/2021 - 22:52:57: [SM]   [0] GetClientTeam
L 09/15/2021 - 22:52:57: [SM]   [1] Line 141, /home/forums/content/files/2/7/7/4/6/3/183646.attach::OnNormalSoundPlayed
L 09/15/2021 - 22:52:58: [SM] Exception reported: Client index 866 is invalid
L 09/15/2021 - 22:52:58: [SM] Blaming: sm_hide.smx
L 09/15/2021 - 22:52:58: [SM] Call stack trace:
L 09/15/2021 - 22:52:58: [SM]   [0] GetClientTeam
L 09/15/2021 - 22:52:58: [SM]   [1] Line 141, /home/forums/content/files/2/7/7/4/6/3/183646.attach::OnNormalSoundPlayed
L 09/15/2021 - 22:52:58: [SM] Exception reported: Client index 866 is invalid
L 09/15/2021 - 22:52:58: [SM] Blaming: sm_hide.smx
L 09/15/2021 - 22:52:58: [SM] Call stack trace:
L 09/15/2021 - 22:52:58: [SM]   [0] GetClientTeam
L 09/15/2021 - 22:52:58: [SM]   [1] Line 141, /home/forums/content/files/2/7/7/4/6/3/183646.attach::OnNormalSoundPlayed
L 09/15/2021 - 22:52:58: [SM] Exception reported: Client index 866 is invalid
L 09/15/2021 - 22:52:58: [SM] Blaming: sm_hide.smx
L 09/15/2021 - 22:52:58: [SM] Call stack trace:
L 09/15/2021 - 22:52:58: [SM]   [0] GetClientTeam
L 09/15/2021 - 22:52:58: [SM]   [1] Line 141, /home/forums/content/files/2/7/7/4/6/3/183646.attach::OnNormalSoundPlayed
L 09/15/2021 - 22:52:59: [SM] Exception reported: Client index 866 is invalid
L 09/15/2021 - 22:52:59: [SM] Blaming: sm_hide.smx
L 09/15/2021 - 22:52:59: [SM] Call stack trace:
L 09/15/2021 - 22:52:59: [SM]   [0] GetClientTeam
L 09/15/2021 - 22:52:59: [SM]   [1] Line 141, /home/forums/content/files/2/7/7/4/6/3/183646.attach::OnNormalSoundPlayed
L 09/15/2021 - 22:52:59: [SM] Exception reported: Client index 866 is invalid
L 09/15/2021 - 22:52:59: [SM] Blaming: sm_hide.smx
L 09/15/2021 - 22:52:59: [SM] Call stack trace:
L 09/15/2021 - 22:52:59: [SM]   [0] GetClientTeam
L 09/15/2021 - 22:52:59: [SM]   [1] Line 141, /home/forums/content/files/2/7/7/4/6/3/183646.attach::OnNormalSoundPlayed
L 09/15/2021 - 22:53:00: [SM] Exception reported: Client index 866 is invalid
L 09/15/2021 - 22:53:00: [SM] Blaming: sm_hide.smx
L 09/15/2021 - 22:53:00: [SM] Call stack trace:
L 09/15/2021 - 22:53:00: [SM]   [0] GetClientTeam
L 09/15/2021 - 22:53:00: [SM]   [1] Line 141, /home/forums/content/files/2/7/7/4/6/3/183646.attach::OnNormalSoundPlayed
L 09/15/2021 - 22:53:00: [SM] Exception reported: Client index 866 is invalid
L 09/15/2021 - 22:53:00: [SM] Blaming: sm_hide.smx
L 09/15/2021 - 22:53:00: [SM] Call stack trace:
L 09/15/2021 - 22:53:00: [SM]   [0] GetClientTeam
L 09/15/2021 - 22:53:00: [SM]   [1] Line 141, /home/forums/content/files/2/7/7/4/6/3/183646.attach::OnNormalSoundPlayed
L 09/15/2021 - 22:53:04: [SM] Exception reported: Client index 866 is invalid
L 09/15/2021 - 22:53:04: [SM] Blaming: sm_hide.smx
L 09/15/2021 - 22:53:04: [SM] Call stack trace:
L 09/15/2021 - 22:53:04: [SM]   [0] GetClientTeam
L 09/15/2021 - 22:53:04: [SM]   [1] Line 141, /home/forums/content/files/2/7/7/4/6/3/183646.attach::OnNormalSoundPlayed
L 09/15/2021 - 22:53:11: [SM] Exception reported: Client index 866 is invalid
L 09/15/2021 - 22:53:11: [SM] Blaming: sm_hide.smx
L 09/15/2021 - 22:53:11: [SM] Call stack trace:
L 09/15/2021 - 22:53:11: [SM]   [0] GetClientTeam
L 09/15/2021 - 22:53:11: [SM]   [1] Line 141, /home/forums/content/files/2/7/7/4/6/3/183646.attach::OnNormalSoundPlayed
L 09/15/2021 - 22:53:11: [SM] Exception reported: Client index 866 is invalid
L 09/15/2021 - 22:53:11: [SM] Blaming: sm_hide.smx
L 09/15/2021 - 22:53:11: [SM] Call stack trace:
L 09/15/2021 - 22:53:11: [SM]   [0] GetClientTeam
L 09/15/2021 - 22:53:11: [SM]   [1] Line 141, /home/forums/content/files/2/7/7/4/6/3/183646.attach::OnNormalSoundPlayed
L 09/15/2021 - 22:53:12: [SM] Exception reported: Client index 866 is invalid
L 09/15/2021 - 22:53:12: [SM] Blaming: sm_hide.smx
L 09/15/2021 - 22:53:12: [SM] Call stack trace:
L 09/15/2021 - 22:53:12: [SM]   [0] GetClientTeam
L 09/15/2021 - 22:53:12: [SM]   [1] Line 141, /home/forums/content/files/2/7/7/4/6/3/183646.attach::OnNormalSoundPlayed
L 09/15/2021 - 22:53:23: [SM] Exception reported: Client index 875 is invalid
L 09/15/2021 - 22:53:23: [SM] Blaming: sm_hide.smx
L 09/15/2021 - 22:53:23: [SM] Call stack trace:
L 09/15/2021 - 22:53:23: [SM]   [0] GetClientTeam
L 09/15/2021 - 22:53:23: [SM]   [1] Line 141, /home/forums/content/files/2/7/7/4/6/3/183646.attach::OnNormalSoundPlayed
L 09/15/2021 - 22:53:23: [SM] Exception reported: Client index 875 is invalid
L 09/15/2021 - 22:53:23: [SM] Blaming: sm_hide.smx
L 09/15/2021 - 22:53:23: [SM] Call stack trace:
L 09/15/2021 - 22:53:23: [SM]   [0] GetClientTeam
L 09/15/2021 - 22:53:23: [SM]   [1] Line 141, /home/forums/content/files/2/7/7/4/6/3/183646.attach::OnNormalSoundPlayed
L 09/15/2021 - 22:53:24: [SM] Exception reported: Client index 875 is invalid
L 09/15/2021 - 22:53:24: [SM] Blaming: sm_hide.smx
L 09/15/2021 - 22:53:24: [SM] Call stack trace:
L 09/15/2021 - 22:53:24: [SM]   [0] GetClientTeam
L 09/15/2021 - 22:53:24: [SM]   [1] Line 141, /home/forums/content/files/2/7/7/4/6/3/183646.attach::OnNormalSoundPlayed
L 09/15/2021 - 22:53:24: [SM] Exception reported: Client index 875 is invalid
L 09/15/2021 - 22:53:24: [SM] Blaming: sm_hide.smx
L 09/15/2021 - 22:53:24: [SM] Call stack trace:
L 09/15/2021 - 22:53:24: [SM]   [0] GetClientTeam
L 09/15/2021 - 22:53:24: [SM]   [1] Line 141, /home/forums/content/files/2/7/7/4/6/3/183646.attach::OnNormalSoundPlayed
L 09/15/2021 - 22:53:25: [SM] Exception reported: Client index 875 is invalid
L 09/15/2021 - 22:53:25: [SM] Blaming: sm_hide.smx
L 09/15/2021 - 22:53:25: [SM] Call stack trace:
L 09/15/2021 - 22:53:25: [SM]   [0] GetClientTeam
L 09/15/2021 - 22:53:25: [SM]   [1] Line 141, /home/forums/content/files/2/7/7/4/6/3/183646.attach::OnNormalSoundPlayed
L 09/15/2021 - 22:53:25: [SM] Exception reported: Client index 875 is invalid
L 09/15/2021 - 22:53:25: [SM] Blaming: sm_hide.smx
L 09/15/2021 - 22:53:25: [SM] Call stack trace:
L 09/15/2021 - 22:53:25: [SM]   [0] GetClientTeam
L 09/15/2021 - 22:53:25: [SM]   [1] Line 141, /home/forums/content/files/2/7/7/4/6/3/183646.attach::OnNormalSoundPlayed
L 09/15/2021 - 22:53:25: [SM] Exception reported: Client index 875 is invalid
L 09/15/2021 - 22:53:25: [SM] Blaming: sm_hide.smx
L 09/15/2021 - 22:53:25: [SM] Call stack trace:
L 09/15/2021 - 22:53:25: [SM]   [0] GetClientTeam
L 09/15/2021 - 22:53:25: [SM]   [1] Line 141, /home/forums/content/files/2/7/7/4/6/3/183646.attach::OnNormalSoundPlayed
L 09/15/2021 - 22:53:26: [SM] Exception reported: Client index 875 is invalid
L 09/15/2021 - 22:53:26: [SM] Blaming: sm_hide.smx
L 09/15/2021 - 22:53:26: [SM] Call stack trace:
L 09/15/2021 - 22:53:26: [SM]   [0] GetClientTeam
L 09/15/2021 - 22:53:26: [SM]   [1] Line 141, /home/forums/content/files/2/7/7/4/6/3/183646.attach::OnNormalSoundPlayed
L 09/15/2021 - 22:53:26: [SM] Exception reported: Client index 875 is invalid
L 09/15/2021 - 22:53:26: [SM] Blaming: sm_hide.smx
L 09/15/2021 - 22:53:26: [SM] Call stack trace:
L 09/15/2021 - 22:53:26: [SM]   [0] GetClientTeam
L 09/15/2021 - 22:53:26: [SM]   [1] Line 141, /home/forums/content/files/2/7/7/4/6/3/183646.attach::OnNormalSoundPlayed
L 09/15/2021 - 22:53:27: [SM] Exception reported: Client index 875 is invalid
L 09/15/2021 - 22:53:27: [SM] Blaming: sm_hide.smx
L 09/15/2021 - 22:53:27: [SM] Call stack trace:
L 09/15/2021 - 22:53:27: [SM]   [0] GetClientTeam
L 09/15/2021 - 22:53:27: [SM]   [1] Line 141, /home/forums/content/files/2/7/7/4/6/3/183646.attach::OnNormalSoundPlayed
L 09/15/2021 - 22:53:27: [SM] Exception reported: Client index 875 is invalid
L 09/15/2021 - 22:53:27: [SM] Blaming: sm_hide.smx
L 09/15/2021 - 22:53:27: [SM] Call stack trace:
L 09/15/2021 - 22:53:27: [SM]   [0] GetClientTeam
L 09/15/2021 - 22:53:27: [SM]   [1] Line 141, /home/forums/content/files/2/7/7/4/6/3/183646.attach::OnNormalSoundPlayed
L 09/15/2021 - 22:53:27: [SM] Exception reported: Client index 875 is invalid
L 09/15/2021 - 22:53:27: [SM] Blaming: sm_hide.smx
L 09/15/2021 - 22:53:27: [SM] Call stack trace:
L 09/15/2021 - 22:53:27: [SM]   [0] GetClientTeam
L 09/15/2021 - 22:53:27: [SM]   [1] Line 141, /home/forums/content/files/2/7/7/4/6/3/183646.attach::OnNormalSoundPlayed
L 09/15/2021 - 22:53:28: [SM] Exception reported: Client index 875 is invalid
L 09/15/2021 - 22:53:28: [SM] Blaming: sm_hide.smx
L 09/15/2021 - 22:53:28: [SM] Call stack trace:
L 09/15/2021 - 22:53:28: [SM]   [0] GetClientTeam
L 09/15/2021 - 22:53:28: [SM]   [1] Line 141, /home/forums/content/files/2/7/7/4/6/3/183646.attach::OnNormalSoundPlayed
L 09/15/2021 - 22:53:28: [SM] Exception reported: Client index 875 is invalid
L 09/15/2021 - 22:53:28: [SM] Blaming: sm_hide.smx
L 09/15/2021 - 22:53:28: [SM] Call stack trace:
L 09/15/2021 - 22:53:28: [SM]   [0] GetClientTeam
L 09/15/2021 - 22:53:28: [SM]   [1] Line 141, /home/forums/content/files/2/7/7/4/6/3/183646.attach::OnNormalSoundPlayed
L 09/15/2021 - 22:53:29: [SM] Exception reported: Client index 875 is invalid
L 09/15/2021 - 22:53:29: [SM] Blaming: sm_hide.smx
L 09/15/2021 - 22:53:29: [SM] Call stack trace:
L 09/15/2021 - 22:53:29: [SM]   [0] GetClientTeam
L 09/15/2021 - 22:53:29: [SM]   [1] Line 141, /home/forums/content/files/2/7/7/4/6/3/183646.attach::OnNormalSoundPlayed
L 09/15/2021 - 22:53:29: [SM] Exception reported: Client index 875 is invalid
L 09/15/2021 - 22:53:29: [SM] Blaming: sm_hide.smx
L 09/15/2021 - 22:53:29: [SM] Call stack trace:
L 09/15/2021 - 22:53:29: [SM]   [0] GetClientTeam
L 09/15/2021 - 22:53:29: [SM]   [1] Line 141, /home/forums/content/files/2/7/7/4/6/3/183646.attach::OnNormalSoundPlayed
L 09/15/2021 - 22:53:29: [SM] Exception reported: Client index 875 is invalid
L 09/15/2021 - 22:53:29: [SM] Blaming: sm_hide.smx
L 09/15/2021 - 22:53:29: [SM] Call stack trace:
L 09/15/2021 - 22:53:29: [SM]   [0] GetClientTeam
L 09/15/2021 - 22:53:29: [SM]   [1] Line 141, /home/forums/content/files/2/7/7/4/6/3/183646.attach::OnNormalSoundPlayed
L 09/15/2021 - 22:53:30: [SM] Exception reported: Client index 875 is invalid
L 09/15/2021 - 22:53:30: [SM] Blaming: sm_hide.smx
L 09/15/2021 - 22:53:30: [SM] Call stack trace:
L 09/15/2021 - 22:53:30: [SM]   [0] GetClientTeam
L 09/15/2021 - 22:53:30: [SM]   [1] Line 141, /home/forums/content/files/2/7/7/4/6/3/183646.attach::OnNormalSoundPlayed
L 09/15/2021 - 22:53:30: [SM] Exception reported: Client index 875 is invalid
L 09/15/2021 - 22:53:30: [SM] Blaming: sm_hide.smx
L 09/15/2021 - 22:53:30: [SM] Call stack trace:
L 09/15/2021 - 22:53:30: [SM]   [0] GetClientTeam
L 09/15/2021 - 22:53:30: [SM]   [1] Line 141, /home/forums/content/files/2/7/7/4/6/3/183646.attach::OnNormalSoundPlayed
L 09/15/2021 - 22:53:31: [SM] Exception reported: Client index 875 is invalid
L 09/15/2021 - 22:53:31: [SM] Blaming: sm_hide.smx
L 09/15/2021 - 22:53:31: [SM] Call stack trace:
L 09/15/2021 - 22:53:31: [SM]   [0] GetClientTeam
L 09/15/2021 - 22:53:31: [SM]   [1] Line 141, /home/forums/content/files/2/7/7/4/6/3/183646.attach::OnNormalSoundPlayed
L 09/15/2021 - 22:53:31: [SM] Exception reported: Client index 875 is invalid
L 09/15/2021 - 22:53:31: [SM] Blaming: sm_hide.smx
L 09/15/2021 - 22:53:31: [SM] Call stack trace:
L 09/15/2021 - 22:53:31: [SM]   [0] GetClientTeam
L 09/15/2021 - 22:53:31: [SM]   [1] Line 141, /home/forums/content/files/2/7/7/4/6/3/183646.attach::OnNormalSoundPlayed
L 09/15/2021 - 22:53:31: [SM] Exception reported: Client index 875 is invalid
L 09/15/2021 - 22:53:31: [SM] Blaming: sm_hide.smx
L 09/15/2021 - 22:53:31: [SM] Call stack trace:
L 09/15/2021 - 22:53:31: [SM]   [0] GetClientTeam
L 09/15/2021 - 22:53:31: [SM]   [1] Line 141, /home/forums/content/files/2/7/7/4/6/3/183646.attach::OnNormalSoundPlayed
L 09/15/2021 - 22:53:32: [SM] Exception reported: Client index 875 is invalid
L 09/15/2021 - 22:53:32: [SM] Blaming: sm_hide.smx
L 09/15/2021 - 22:53:32: [SM] Call stack trace:
L 09/15/2021 - 22:53:32: [SM]   [0] GetClientTeam
L 09/15/2021 - 22:53:32: [SM]   [1] Line 141, /home/forums/content/files/2/7/7/4/6/3/183646.attach::OnNormalSoundPlayed
L 09/15/2021 - 22:53:32: [SM] Exception reported: Client index 875 is invalid
L 09/15/2021 - 22:53:32: [SM] Blaming: sm_hide.smx
L 09/15/2021 - 22:53:32: [SM] Call stack trace:
L 09/15/2021 - 22:53:32: [SM]   [0] GetClientTeam
L 09/15/2021 - 22:53:32: [SM]   [1] Line 141, /home/forums/content/files/2/7/7/4/6/3/183646.attach::OnNormalSoundPlayed
L 09/15/2021 - 22:54:28: [SM] Exception reported: Client index 861 is invalid
L 09/15/2021 - 22:54:28: [SM] Blaming: sm_hide.smx
L 09/15/2021 - 22:54:28: [SM] Call stack trace:
L 09/15/2021 - 22:54:28: [SM]   [0] GetClientTeam
L 09/15/2021 - 22:54:28: [SM]   [1] Line 141, /home/forums/content/files/2/7/7/4/6/3/183646.attach::OnNormalSoundPlayed
L 09/15/2021 - 22:54:29: [SM] Exception reported: Client index 861 is invalid
L 09/15/2021 - 22:54:29: [SM] Blaming: sm_hide.smx
L 09/15/2021 - 22:54:29: [SM] Call stack trace:
L 09/15/2021 - 22:54:29: [SM]   [0] GetClientTeam
L 09/15/2021 - 22:54:29: [SM]   [1] Line 141, /home/forums/content/files/2/7/7/4/6/3/183646.attach::OnNormalSoundPlayed
L 09/15/2021 - 22:54:29: [SM] Exception reported: Client index 861 is invalid
L 09/15/2021 - 22:54:29: [SM] Blaming: sm_hide.smx
L 09/15/2021 - 22:54:29: [SM] Call stack trace:
L 09/15/2021 - 22:54:29: [SM]   [0] GetClientTeam
L 09/15/2021 - 22:54:29: [SM]   [1] Line 141, /home/forums/content/files/2/7/7/4/6/3/183646.attach::OnNormalSoundPlayed
L 09/15/2021 - 22:54:30: [SM] Exception reported: Client index 861 is invalid
L 09/15/2021 - 22:54:30: [SM] Blaming: sm_hide.smx
L 09/15/2021 - 22:54:30: [SM] Call stack trace:
L 09/15/2021 - 22:54:30: [SM]   [0] GetClientTeam
L 09/15/2021 - 22:54:30: [SM]   [1] Line 141, /home/forums/content/files/2/7/7/4/6/3/183646.attach::OnNormalSoundPlayed
L 09/16/2021 - 00:09:23: Error log file session closed.
