L 08/30/2021 - 00:14:25: SourceMod log file session started (file "/home/container/csgo/addons/sourcemod/logs/L20210830.log") (Version "1.10.0.6510")
L 08/30/2021 - 00:14:25: [funcommands.smx] "DEMONSTRATE<42><STEAM_1:0:159860788><>" toggled noclip on "DEMONSTRATE<42><STEAM_1:0:159860788><>"
L 08/30/2021 - 00:14:29: [funcommands.smx] "DEMONSTRATE<42><STEAM_1:0:159860788><>" toggled noclip on "DEMONSTRATE<42><STEAM_1:0:159860788><>"
L 08/30/2021 - 00:17:33: [funcommands.smx] "DEMONSTRATE<42><STEAM_1:0:159860788><>" toggled noclip on "DEMONSTRATE<42><STEAM_1:0:159860788><>"
L 08/30/2021 - 00:17:34: [funcommands.smx] "DEMONSTRATE<42><STEAM_1:0:159860788><>" toggled noclip on "DEMONSTRATE<42><STEAM_1:0:159860788><>"
L 08/30/2021 - 03:15:14: [funcommands.smx] "DEMONSTRATE<67><STEAM_1:0:159860788><>" toggled noclip on "DEMONSTRATE<67><STEAM_1:0:159860788><>"
L 08/30/2021 - 03:15:14: [funcommands.smx] "DEMONSTRATE<67><STEAM_1:0:159860788><>" toggled noclip on "DEMONSTRATE<67><STEAM_1:0:159860788><>"
L 08/30/2021 - 03:15:24: [funcommands.smx] "DEMONSTRATE<67><STEAM_1:0:159860788><>" toggled noclip on "DEMONSTRATE<67><STEAM_1:0:159860788><>"
L 08/30/2021 - 03:15:26: [funcommands.smx] "DEMONSTRATE<67><STEAM_1:0:159860788><>" toggled noclip on "DEMONSTRATE<67><STEAM_1:0:159860788><>"
L 08/30/2021 - 03:15:30: [funcommands.smx] "DEMONSTRATE<67><STEAM_1:0:159860788><>" toggled noclip on "DEMONSTRATE<67><STEAM_1:0:159860788><>"
L 08/30/2021 - 03:15:31: [funcommands.smx] "DEMONSTRATE<67><STEAM_1:0:159860788><>" toggled noclip on "DEMONSTRATE<67><STEAM_1:0:159860788><>"
L 08/30/2021 - 03:15:43: [funcommands.smx] "DEMONSTRATE<67><STEAM_1:0:159860788><>" toggled noclip on "DEMONSTRATE<67><STEAM_1:0:159860788><>"
L 08/30/2021 - 03:15:44: [funcommands.smx] "DEMONSTRATE<67><STEAM_1:0:159860788><>" toggled noclip on "DEMONSTRATE<67><STEAM_1:0:159860788><>"
L 08/30/2021 - 03:16:08: [funcommands.smx] "DEMONSTRATE<67><STEAM_1:0:159860788><>" toggled noclip on "DEMONSTRATE<67><STEAM_1:0:159860788><>"
L 08/30/2021 - 03:16:09: [funcommands.smx] "DEMONSTRATE<67><STEAM_1:0:159860788><>" toggled noclip on "DEMONSTRATE<67><STEAM_1:0:159860788><>"
L 08/30/2021 - 03:16:31: [funcommands.smx] "DEMONSTRATE<67><STEAM_1:0:159860788><>" toggled noclip on "DEMONSTRATE<67><STEAM_1:0:159860788><>"
L 08/30/2021 - 03:16:32: [funcommands.smx] "DEMONSTRATE<67><STEAM_1:0:159860788><>" toggled noclip on "DEMONSTRATE<67><STEAM_1:0:159860788><>"
L 08/30/2021 - 03:16:36: [funcommands.smx] "DEMONSTRATE<67><STEAM_1:0:159860788><>" toggled noclip on "DEMONSTRATE<67><STEAM_1:0:159860788><>"
L 08/30/2021 - 03:16:36: [funcommands.smx] "DEMONSTRATE<67><STEAM_1:0:159860788><>" toggled noclip on "DEMONSTRATE<67><STEAM_1:0:159860788><>"
L 08/30/2021 - 03:16:37: [funcommands.smx] "DEMONSTRATE<67><STEAM_1:0:159860788><>" toggled noclip on "DEMONSTRATE<67><STEAM_1:0:159860788><>"
L 08/30/2021 - 03:16:38: [funcommands.smx] "DEMONSTRATE<67><STEAM_1:0:159860788><>" toggled noclip on "DEMONSTRATE<67><STEAM_1:0:159860788><>"
L 08/30/2021 - 03:16:56: [funcommands.smx] "DEMONSTRATE<67><STEAM_1:0:159860788><>" toggled noclip on "DEMONSTRATE<67><STEAM_1:0:159860788><>"
L 08/30/2021 - 03:17:01: [funcommands.smx] "DEMONSTRATE<67><STEAM_1:0:159860788><>" toggled noclip on "DEMONSTRATE<67><STEAM_1:0:159860788><>"
L 08/30/2021 - 03:17:04: [funcommands.smx] "DEMONSTRATE<67><STEAM_1:0:159860788><>" toggled noclip on "DEMONSTRATE<67><STEAM_1:0:159860788><>"
L 08/30/2021 - 03:17:04: [funcommands.smx] "DEMONSTRATE<67><STEAM_1:0:159860788><>" toggled noclip on "DEMONSTRATE<67><STEAM_1:0:159860788><>"
L 08/30/2021 - 03:17:11: [funcommands.smx] "DEMONSTRATE<67><STEAM_1:0:159860788><>" toggled noclip on "DEMONSTRATE<67><STEAM_1:0:159860788><>"
L 08/30/2021 - 03:17:13: [funcommands.smx] "DEMONSTRATE<67><STEAM_1:0:159860788><>" toggled noclip on "DEMONSTRATE<67><STEAM_1:0:159860788><>"
L 08/30/2021 - 03:17:37: [funcommands.smx] "DEMONSTRATE<67><STEAM_1:0:159860788><>" toggled noclip on "DEMONSTRATE<67><STEAM_1:0:159860788><>"
L 08/30/2021 - 03:17:39: [funcommands.smx] "DEMONSTRATE<67><STEAM_1:0:159860788><>" toggled noclip on "DEMONSTRATE<67><STEAM_1:0:159860788><>"
L 08/30/2021 - 03:17:53: [funcommands.smx] "DEMONSTRATE<67><STEAM_1:0:159860788><>" toggled noclip on "DEMONSTRATE<67><STEAM_1:0:159860788><>"
L 08/30/2021 - 03:17:55: [funcommands.smx] "DEMONSTRATE<67><STEAM_1:0:159860788><>" toggled noclip on "DEMONSTRATE<67><STEAM_1:0:159860788><>"
L 08/30/2021 - 03:18:00: [funcommands.smx] "DEMONSTRATE<67><STEAM_1:0:159860788><>" toggled noclip on "DEMONSTRATE<67><STEAM_1:0:159860788><>"
L 08/30/2021 - 03:18:03: [funcommands.smx] "DEMONSTRATE<67><STEAM_1:0:159860788><>" toggled noclip on "DEMONSTRATE<67><STEAM_1:0:159860788><>"
L 08/30/2021 - 03:18:06: [funcommands.smx] "DEMONSTRATE<67><STEAM_1:0:159860788><>" toggled noclip on "DEMONSTRATE<67><STEAM_1:0:159860788><>"
L 08/30/2021 - 03:18:08: [funcommands.smx] "DEMONSTRATE<67><STEAM_1:0:159860788><>" toggled noclip on "DEMONSTRATE<67><STEAM_1:0:159860788><>"
L 08/30/2021 - 03:18:15: [funcommands.smx] "DEMONSTRATE<67><STEAM_1:0:159860788><>" toggled noclip on "DEMONSTRATE<67><STEAM_1:0:159860788><>"
L 08/30/2021 - 03:18:15: [funcommands.smx] "DEMONSTRATE<67><STEAM_1:0:159860788><>" toggled noclip on "DEMONSTRATE<67><STEAM_1:0:159860788><>"
L 08/30/2021 - 03:18:19: [funcommands.smx] "DEMONSTRATE<67><STEAM_1:0:159860788><>" toggled noclip on "DEMONSTRATE<67><STEAM_1:0:159860788><>"
L 08/30/2021 - 03:18:19: [funcommands.smx] "DEMONSTRATE<67><STEAM_1:0:159860788><>" toggled noclip on "DEMONSTRATE<67><STEAM_1:0:159860788><>"
L 08/30/2021 - 03:18:25: [funcommands.smx] "DEMONSTRATE<67><STEAM_1:0:159860788><>" toggled noclip on "DEMONSTRATE<67><STEAM_1:0:159860788><>"
L 08/30/2021 - 03:18:27: [funcommands.smx] "DEMONSTRATE<67><STEAM_1:0:159860788><>" toggled noclip on "DEMONSTRATE<67><STEAM_1:0:159860788><>"
L 08/30/2021 - 03:18:41: [funcommands.smx] "DEMONSTRATE<67><STEAM_1:0:159860788><>" toggled noclip on "DEMONSTRATE<67><STEAM_1:0:159860788><>"
L 08/30/2021 - 03:18:43: [funcommands.smx] "DEMONSTRATE<67><STEAM_1:0:159860788><>" toggled noclip on "DEMONSTRATE<67><STEAM_1:0:159860788><>"
L 08/30/2021 - 03:18:51: [funcommands.smx] "DEMONSTRATE<67><STEAM_1:0:159860788><>" toggled noclip on "DEMONSTRATE<67><STEAM_1:0:159860788><>"
L 08/30/2021 - 03:18:53: [funcommands.smx] "DEMONSTRATE<67><STEAM_1:0:159860788><>" toggled noclip on "DEMONSTRATE<67><STEAM_1:0:159860788><>"
L 08/30/2021 - 03:18:57: [funcommands.smx] "DEMONSTRATE<67><STEAM_1:0:159860788><>" toggled noclip on "DEMONSTRATE<67><STEAM_1:0:159860788><>"
L 08/30/2021 - 03:19:00: [funcommands.smx] "DEMONSTRATE<67><STEAM_1:0:159860788><>" toggled noclip on "DEMONSTRATE<67><STEAM_1:0:159860788><>"
L 08/30/2021 - 03:19:01: [funcommands.smx] "DEMONSTRATE<67><STEAM_1:0:159860788><>" toggled noclip on "DEMONSTRATE<67><STEAM_1:0:159860788><>"
L 08/30/2021 - 03:19:03: [funcommands.smx] "DEMONSTRATE<67><STEAM_1:0:159860788><>" toggled noclip on "DEMONSTRATE<67><STEAM_1:0:159860788><>"
L 08/30/2021 - 03:19:04: [funcommands.smx] "DEMONSTRATE<67><STEAM_1:0:159860788><>" toggled noclip on "DEMONSTRATE<67><STEAM_1:0:159860788><>"
L 08/30/2021 - 03:19:04: [funcommands.smx] "DEMONSTRATE<67><STEAM_1:0:159860788><>" toggled noclip on "DEMONSTRATE<67><STEAM_1:0:159860788><>"
L 08/30/2021 - 03:19:29: [funcommands.smx] "DEMONSTRATE<67><STEAM_1:0:159860788><>" toggled noclip on "DEMONSTRATE<67><STEAM_1:0:159860788><>"
L 08/30/2021 - 03:19:32: [funcommands.smx] "DEMONSTRATE<67><STEAM_1:0:159860788><>" toggled noclip on "DEMONSTRATE<67><STEAM_1:0:159860788><>"
L 08/30/2021 - 03:19:41: [funcommands.smx] "DEMONSTRATE<67><STEAM_1:0:159860788><>" toggled noclip on "DEMONSTRATE<67><STEAM_1:0:159860788><>"
L 08/30/2021 - 03:19:43: [funcommands.smx] "DEMONSTRATE<67><STEAM_1:0:159860788><>" toggled noclip on "DEMONSTRATE<67><STEAM_1:0:159860788><>"
L 08/30/2021 - 03:19:44: [funcommands.smx] "DEMONSTRATE<67><STEAM_1:0:159860788><>" toggled noclip on "DEMONSTRATE<67><STEAM_1:0:159860788><>"
L 08/30/2021 - 03:19:44: [funcommands.smx] "DEMONSTRATE<67><STEAM_1:0:159860788><>" toggled noclip on "DEMONSTRATE<67><STEAM_1:0:159860788><>"
L 08/30/2021 - 03:19:49: [funcommands.smx] "DEMONSTRATE<67><STEAM_1:0:159860788><>" toggled noclip on "DEMONSTRATE<67><STEAM_1:0:159860788><>"
L 08/30/2021 - 03:19:52: [funcommands.smx] "DEMONSTRATE<67><STEAM_1:0:159860788><>" toggled noclip on "DEMONSTRATE<67><STEAM_1:0:159860788><>"
L 08/30/2021 - 03:20:41: [funcommands.smx] "DEMONSTRATE<67><STEAM_1:0:159860788><>" toggled noclip on "DEMONSTRATE<67><STEAM_1:0:159860788><>"
L 08/30/2021 - 03:20:43: [funcommands.smx] "DEMONSTRATE<67><STEAM_1:0:159860788><>" toggled noclip on "DEMONSTRATE<67><STEAM_1:0:159860788><>"
L 08/30/2021 - 03:21:38: [funcommands.smx] "DEMONSTRATE<67><STEAM_1:0:159860788><>" toggled noclip on "DEMONSTRATE<67><STEAM_1:0:159860788><>"
L 08/30/2021 - 03:21:39: [funcommands.smx] "DEMONSTRATE<67><STEAM_1:0:159860788><>" toggled noclip on "DEMONSTRATE<67><STEAM_1:0:159860788><>"
L 08/30/2021 - 03:21:59: [funcommands.smx] "DEMONSTRATE<67><STEAM_1:0:159860788><>" toggled noclip on "DEMONSTRATE<67><STEAM_1:0:159860788><>"
L 08/30/2021 - 03:22:02: [funcommands.smx] "DEMONSTRATE<67><STEAM_1:0:159860788><>" toggled noclip on "DEMONSTRATE<67><STEAM_1:0:159860788><>"
L 08/30/2021 - 03:25:45: [funcommands.smx] "DEMONSTRATE<67><STEAM_1:0:159860788><>" toggled noclip on "DEMONSTRATE<67><STEAM_1:0:159860788><>"
L 08/30/2021 - 03:25:46: [funcommands.smx] "DEMONSTRATE<67><STEAM_1:0:159860788><>" toggled noclip on "DEMONSTRATE<67><STEAM_1:0:159860788><>"
L 08/30/2021 - 03:26:27: [funcommands.smx] "DEMONSTRATE<67><STEAM_1:0:159860788><>" toggled noclip on "DEMONSTRATE<67><STEAM_1:0:159860788><>"
L 08/30/2021 - 03:26:32: [funcommands.smx] "DEMONSTRATE<67><STEAM_1:0:159860788><>" toggled noclip on "DEMONSTRATE<67><STEAM_1:0:159860788><>"
L 08/30/2021 - 03:27:34: [funcommands.smx] "DEMONSTRATE<67><STEAM_1:0:159860788><>" toggled noclip on "DEMONSTRATE<67><STEAM_1:0:159860788><>"
L 08/30/2021 - 03:27:38: [funcommands.smx] "DEMONSTRATE<67><STEAM_1:0:159860788><>" toggled noclip on "DEMONSTRATE<67><STEAM_1:0:159860788><>"
L 08/30/2021 - 04:54:27: [funcommands.smx] "DEMONSTRATE<77><STEAM_1:0:159860788><>" toggled noclip on "DEMONSTRATE<77><STEAM_1:0:159860788><>"
L 08/30/2021 - 04:54:28: [funcommands.smx] "DEMONSTRATE<77><STEAM_1:0:159860788><>" toggled noclip on "DEMONSTRATE<77><STEAM_1:0:159860788><>"
L 08/30/2021 - 04:54:40: [funcommands.smx] "DEMONSTRATE<77><STEAM_1:0:159860788><>" toggled noclip on "DEMONSTRATE<77><STEAM_1:0:159860788><>"
L 08/30/2021 - 04:54:41: [funcommands.smx] "DEMONSTRATE<77><STEAM_1:0:159860788><>" toggled noclip on "DEMONSTRATE<77><STEAM_1:0:159860788><>"
L 08/30/2021 - 05:07:53: [funcommands.smx] "DEMONSTRATE<77><STEAM_1:0:159860788><>" toggled noclip on "DEMONSTRATE<77><STEAM_1:0:159860788><>"
L 08/30/2021 - 05:07:54: [funcommands.smx] "DEMONSTRATE<77><STEAM_1:0:159860788><>" toggled noclip on "DEMONSTRATE<77><STEAM_1:0:159860788><>"
L 08/30/2021 - 07:23:36: [basebans.smx] "ᴇᴠʌı<83><STEAM_1:0:108778791><>" banned "Elf Squirt<78><STEAM_1:0:581438462><>" (minutes "0") (reason "Racism")
L 08/30/2021 - 07:23:51: [basebans.smx] "ᴇᴠʌı<83><STEAM_1:0:108778791><>" removed ban (filter "STEAM_1:0:581438462")
L 08/30/2021 - 07:27:48: -------- Mapchange to surf_trick_gxd --------
L 08/30/2021 - 08:57:09: -------- Mapchange to surf_trick_gxd --------
L 08/30/2021 - 10:23:32: -------- Mapchange to surf_trick_gxd --------
L 08/30/2021 - 12:41:03: -------- Mapchange to surf_trick_gxd --------
L 08/30/2021 - 12:41:58: -------- Mapchange to surf_trick_gxd --------
L 08/30/2021 - 13:02:06: -------- Mapchange to surf_trick_gxd --------
L 08/30/2021 - 13:19:53: -------- Mapchange to surf_trick_gxd --------
L 08/30/2021 - 13:24:31: -------- Mapchange to surf_trick_gxd --------
L 08/30/2021 - 13:26:22: -------- Mapchange to surf_trick_gxd --------
L 08/30/2021 - 13:31:06: -------- Mapchange to surf_trick_gxd --------
L 08/30/2021 - 13:56:42: -------- Mapchange to surf_trick_gxd --------
L 08/30/2021 - 14:02:11: -------- Mapchange to surf_trick_gxd --------
L 08/30/2021 - 14:25:32: -------- Mapchange to surf_trick_gxd --------
L 08/30/2021 - 14:35:42: -------- Mapchange to surf_trick_gxd --------
L 08/30/2021 - 15:02:48: -------- Mapchange to surf_trick_gxd --------
L 08/30/2021 - 15:36:47: -------- Mapchange to surf_trick_gxd --------
L 08/30/2021 - 15:37:47: -------- Mapchange to surf_trick_gxd --------
L 08/30/2021 - 19:59:03: [funcommands.smx] "DEMONSTRATE<148><STEAM_1:0:159860788><>" toggled noclip on "DEMONSTRATE<148><STEAM_1:0:159860788><>"
L 08/30/2021 - 19:59:04: [funcommands.smx] "DEMONSTRATE<148><STEAM_1:0:159860788><>" toggled noclip on "DEMONSTRATE<148><STEAM_1:0:159860788><>"
L 08/30/2021 - 19:59:05: [funcommands.smx] "DEMONSTRATE<148><STEAM_1:0:159860788><>" toggled noclip on "DEMONSTRATE<148><STEAM_1:0:159860788><>"
L 08/30/2021 - 19:59:05: [funcommands.smx] "DEMONSTRATE<148><STEAM_1:0:159860788><>" toggled noclip on "DEMONSTRATE<148><STEAM_1:0:159860788><>"
L 08/30/2021 - 19:59:36: [funcommands.smx] "DEMONSTRATE<148><STEAM_1:0:159860788><>" toggled noclip on "DEMONSTRATE<148><STEAM_1:0:159860788><>"
L 08/30/2021 - 19:59:36: [funcommands.smx] "DEMONSTRATE<148><STEAM_1:0:159860788><>" toggled noclip on "DEMONSTRATE<148><STEAM_1:0:159860788><>"
L 08/30/2021 - 19:59:36: [funcommands.smx] "DEMONSTRATE<148><STEAM_1:0:159860788><>" toggled noclip on "DEMONSTRATE<148><STEAM_1:0:159860788><>"
L 08/30/2021 - 19:59:36: [funcommands.smx] "DEMONSTRATE<148><STEAM_1:0:159860788><>" toggled noclip on "DEMONSTRATE<148><STEAM_1:0:159860788><>"
L 08/30/2021 - 19:59:36: [funcommands.smx] "DEMONSTRATE<148><STEAM_1:0:159860788><>" toggled noclip on "DEMONSTRATE<148><STEAM_1:0:159860788><>"
L 08/30/2021 - 19:59:36: [funcommands.smx] "DEMONSTRATE<148><STEAM_1:0:159860788><>" toggled noclip on "DEMONSTRATE<148><STEAM_1:0:159860788><>"
L 08/30/2021 - 19:59:36: [funcommands.smx] "DEMONSTRATE<148><STEAM_1:0:159860788><>" toggled noclip on "DEMONSTRATE<148><STEAM_1:0:159860788><>"
L 08/30/2021 - 19:59:36: [funcommands.smx] "DEMONSTRATE<148><STEAM_1:0:159860788><>" toggled noclip on "DEMONSTRATE<148><STEAM_1:0:159860788><>"
L 08/30/2021 - 19:59:37: [funcommands.smx] "DEMONSTRATE<148><STEAM_1:0:159860788><>" toggled noclip on "DEMONSTRATE<148><STEAM_1:0:159860788><>"
L 08/30/2021 - 19:59:37: [funcommands.smx] "DEMONSTRATE<148><STEAM_1:0:159860788><>" toggled noclip on "DEMONSTRATE<148><STEAM_1:0:159860788><>"
L 08/30/2021 - 19:59:37: [funcommands.smx] "DEMONSTRATE<148><STEAM_1:0:159860788><>" toggled noclip on "DEMONSTRATE<148><STEAM_1:0:159860788><>"
L 08/30/2021 - 19:59:37: [funcommands.smx] "DEMONSTRATE<148><STEAM_1:0:159860788><>" toggled noclip on "DEMONSTRATE<148><STEAM_1:0:159860788><>"
L 08/30/2021 - 20:03:30: [funcommands.smx] "surf_[НЕРАЗБОРЧИВО]<150><STEAM_1:1:80244186><>" set gravity on "distant memories<151><STEAM_1:0:67907739><>" (amount "0.100000")
L 08/30/2021 - 20:03:35: [funcommands.smx] "surf_[НЕРАЗБОРЧИВО]<150><STEAM_1:1:80244186><>" set gravity on "yakiness<146><STEAM_1:1:568198462><>" (amount "1.000000")
L 08/30/2021 - 20:03:39: [funcommands.smx] "surf_[НЕРАЗБОРЧИВО]<150><STEAM_1:1:80244186><>" set gravity on "distant memories<151><STEAM_1:0:67907739><>" (amount "1.000000")
L 08/30/2021 - 20:04:48: [playercommands.smx] "surf_[НЕРАЗБОРЧИВО]<150><STEAM_1:1:80244186><>" slapped "DEMONSTRATE<148><STEAM_1:0:159860788><>" (damage "0")
L 08/30/2021 - 20:04:48: [playercommands.smx] "surf_[НЕРАЗБОРЧИВО]<150><STEAM_1:1:80244186><>" slapped "DEMONSTRATE<148><STEAM_1:0:159860788><>" (damage "0")
L 08/30/2021 - 20:04:48: [playercommands.smx] "surf_[НЕРАЗБОРЧИВО]<150><STEAM_1:1:80244186><>" slapped "DEMONSTRATE<148><STEAM_1:0:159860788><>" (damage "0")
L 08/30/2021 - 20:04:48: [playercommands.smx] "surf_[НЕРАЗБОРЧИВО]<150><STEAM_1:1:80244186><>" slapped "DEMONSTRATE<148><STEAM_1:0:159860788><>" (damage "0")
L 08/30/2021 - 20:04:48: [playercommands.smx] "surf_[НЕРАЗБОРЧИВО]<150><STEAM_1:1:80244186><>" slapped "DEMONSTRATE<148><STEAM_1:0:159860788><>" (damage "0")
L 08/30/2021 - 20:04:49: [playercommands.smx] "surf_[НЕРАЗБОРЧИВО]<150><STEAM_1:1:80244186><>" slapped "DEMONSTRATE<148><STEAM_1:0:159860788><>" (damage "0")
L 08/30/2021 - 20:04:49: [playercommands.smx] "surf_[НЕРАЗБОРЧИВО]<150><STEAM_1:1:80244186><>" slapped "DEMONSTRATE<148><STEAM_1:0:159860788><>" (damage "0")
L 08/30/2021 - 20:04:49: [playercommands.smx] "surf_[НЕРАЗБОРЧИВО]<150><STEAM_1:1:80244186><>" slapped "DEMONSTRATE<148><STEAM_1:0:159860788><>" (damage "0")
L 08/30/2021 - 20:04:49: [playercommands.smx] "surf_[НЕРАЗБОРЧИВО]<150><STEAM_1:1:80244186><>" slapped "DEMONSTRATE<148><STEAM_1:0:159860788><>" (damage "0")
L 08/30/2021 - 20:04:49: [playercommands.smx] "surf_[НЕРАЗБОРЧИВО]<150><STEAM_1:1:80244186><>" slapped "DEMONSTRATE<148><STEAM_1:0:159860788><>" (damage "0")
L 08/30/2021 - 20:04:49: [playercommands.smx] "surf_[НЕРАЗБОРЧИВО]<150><STEAM_1:1:80244186><>" slapped "DEMONSTRATE<148><STEAM_1:0:159860788><>" (damage "0")
L 08/30/2021 - 20:04:50: [playercommands.smx] "surf_[НЕРАЗБОРЧИВО]<150><STEAM_1:1:80244186><>" slapped "DEMONSTRATE<148><STEAM_1:0:159860788><>" (damage "0")
L 08/30/2021 - 20:04:50: [playercommands.smx] "surf_[НЕРАЗБОРЧИВО]<150><STEAM_1:1:80244186><>" slapped "DEMONSTRATE<148><STEAM_1:0:159860788><>" (damage "0")
L 08/30/2021 - 20:04:50: [playercommands.smx] "surf_[НЕРАЗБОРЧИВО]<150><STEAM_1:1:80244186><>" slapped "DEMONSTRATE<148><STEAM_1:0:159860788><>" (damage "0")
L 08/30/2021 - 20:04:50: [playercommands.smx] "surf_[НЕРАЗБОРЧИВО]<150><STEAM_1:1:80244186><>" slapped "DEMONSTRATE<148><STEAM_1:0:159860788><>" (damage "0")
L 08/30/2021 - 20:04:50: [playercommands.smx] "surf_[НЕРАЗБОРЧИВО]<150><STEAM_1:1:80244186><>" slapped "DEMONSTRATE<148><STEAM_1:0:159860788><>" (damage "0")
L 08/30/2021 - 20:04:51: [playercommands.smx] "surf_[НЕРАЗБОРЧИВО]<150><STEAM_1:1:80244186><>" slapped "DEMONSTRATE<148><STEAM_1:0:159860788><>" (damage "0")
L 08/30/2021 - 20:04:51: [playercommands.smx] "surf_[НЕРАЗБОРЧИВО]<150><STEAM_1:1:80244186><>" slapped "DEMONSTRATE<148><STEAM_1:0:159860788><>" (damage "0")
L 08/30/2021 - 20:04:51: [playercommands.smx] "surf_[НЕРАЗБОРЧИВО]<150><STEAM_1:1:80244186><>" slapped "DEMONSTRATE<148><STEAM_1:0:159860788><>" (damage "0")
L 08/30/2021 - 20:04:52: [playercommands.smx] "surf_[НЕРАЗБОРЧИВО]<150><STEAM_1:1:80244186><>" slapped "DEMONSTRATE<148><STEAM_1:0:159860788><>" (damage "0")
L 08/30/2021 - 20:04:53: [playercommands.smx] "surf_[НЕРАЗБОРЧИВО]<150><STEAM_1:1:80244186><>" slapped "DEMONSTRATE<148><STEAM_1:0:159860788><>" (damage "0")
L 08/30/2021 - 20:04:53: [playercommands.smx] "surf_[НЕРАЗБОРЧИВО]<150><STEAM_1:1:80244186><>" slapped "DEMONSTRATE<148><STEAM_1:0:159860788><>" (damage "0")
L 08/30/2021 - 20:04:54: [playercommands.smx] "surf_[НЕРАЗБОРЧИВО]<150><STEAM_1:1:80244186><>" slapped "DEMONSTRATE<148><STEAM_1:0:159860788><>" (damage "0")
L 08/30/2021 - 20:04:54: [playercommands.smx] "surf_[НЕРАЗБОРЧИВО]<150><STEAM_1:1:80244186><>" slapped "DEMONSTRATE<148><STEAM_1:0:159860788><>" (damage "0")
L 08/30/2021 - 20:04:54: [playercommands.smx] "surf_[НЕРАЗБОРЧИВО]<150><STEAM_1:1:80244186><>" slapped "DEMONSTRATE<148><STEAM_1:0:159860788><>" (damage "0")
L 08/30/2021 - 20:04:54: [playercommands.smx] "surf_[НЕРАЗБОРЧИВО]<150><STEAM_1:1:80244186><>" slapped "DEMONSTRATE<148><STEAM_1:0:159860788><>" (damage "0")
L 08/30/2021 - 20:04:54: [playercommands.smx] "surf_[НЕРАЗБОРЧИВО]<150><STEAM_1:1:80244186><>" slapped "DEMONSTRATE<148><STEAM_1:0:159860788><>" (damage "0")
L 08/30/2021 - 20:04:55: [playercommands.smx] "surf_[НЕРАЗБОРЧИВО]<150><STEAM_1:1:80244186><>" slapped "DEMONSTRATE<148><STEAM_1:0:159860788><>" (damage "0")
L 08/30/2021 - 20:04:55: [playercommands.smx] "surf_[НЕРАЗБОРЧИВО]<150><STEAM_1:1:80244186><>" slapped "DEMONSTRATE<148><STEAM_1:0:159860788><>" (damage "0")
L 08/30/2021 - 20:04:55: [playercommands.smx] "surf_[НЕРАЗБОРЧИВО]<150><STEAM_1:1:80244186><>" slapped "DEMONSTRATE<148><STEAM_1:0:159860788><>" (damage "0")
L 08/30/2021 - 20:04:55: [playercommands.smx] "surf_[НЕРАЗБОРЧИВО]<150><STEAM_1:1:80244186><>" slapped "DEMONSTRATE<148><STEAM_1:0:159860788><>" (damage "0")
L 08/30/2021 - 20:04:55: [playercommands.smx] "surf_[НЕРАЗБОРЧИВО]<150><STEAM_1:1:80244186><>" slapped "DEMONSTRATE<148><STEAM_1:0:159860788><>" (damage "0")
L 08/30/2021 - 20:04:56: [playercommands.smx] "surf_[НЕРАЗБОРЧИВО]<150><STEAM_1:1:80244186><>" slapped "DEMONSTRATE<148><STEAM_1:0:159860788><>" (damage "0")
L 08/30/2021 - 20:04:57: [playercommands.smx] "surf_[НЕРАЗБОРЧИВО]<150><STEAM_1:1:80244186><>" slapped "DEMONSTRATE<148><STEAM_1:0:159860788><>" (damage "0")
L 08/30/2021 - 20:04:57: [playercommands.smx] "surf_[НЕРАЗБОРЧИВО]<150><STEAM_1:1:80244186><>" slapped "DEMONSTRATE<148><STEAM_1:0:159860788><>" (damage "0")
L 08/30/2021 - 20:04:58: [playercommands.smx] "surf_[НЕРАЗБОРЧИВО]<150><STEAM_1:1:80244186><>" slapped "DEMONSTRATE<148><STEAM_1:0:159860788><>" (damage "0")
L 08/30/2021 - 20:04:58: [playercommands.smx] "surf_[НЕРАЗБОРЧИВО]<150><STEAM_1:1:80244186><>" slapped "DEMONSTRATE<148><STEAM_1:0:159860788><>" (damage "0")
L 08/30/2021 - 20:04:58: [playercommands.smx] "surf_[НЕРАЗБОРЧИВО]<150><STEAM_1:1:80244186><>" slapped "DEMONSTRATE<148><STEAM_1:0:159860788><>" (damage "0")
L 08/30/2021 - 20:04:58: [playercommands.smx] "surf_[НЕРАЗБОРЧИВО]<150><STEAM_1:1:80244186><>" slapped "DEMONSTRATE<148><STEAM_1:0:159860788><>" (damage "0")
L 08/30/2021 - 20:04:58: [playercommands.smx] "surf_[НЕРАЗБОРЧИВО]<150><STEAM_1:1:80244186><>" slapped "DEMONSTRATE<148><STEAM_1:0:159860788><>" (damage "0")
L 08/30/2021 - 20:04:58: [playercommands.smx] "surf_[НЕРАЗБОРЧИВО]<150><STEAM_1:1:80244186><>" slapped "DEMONSTRATE<148><STEAM_1:0:159860788><>" (damage "0")
L 08/30/2021 - 20:04:59: [playercommands.smx] "surf_[НЕРАЗБОРЧИВО]<150><STEAM_1:1:80244186><>" slapped "DEMONSTRATE<148><STEAM_1:0:159860788><>" (damage "0")
L 08/30/2021 - 20:04:59: [playercommands.smx] "surf_[НЕРАЗБОРЧИВО]<150><STEAM_1:1:80244186><>" slapped "DEMONSTRATE<148><STEAM_1:0:159860788><>" (damage "0")
L 08/30/2021 - 20:04:59: [playercommands.smx] "surf_[НЕРАЗБОРЧИВО]<150><STEAM_1:1:80244186><>" slapped "DEMONSTRATE<148><STEAM_1:0:159860788><>" (damage "0")
L 08/30/2021 - 20:04:59: [playercommands.smx] "surf_[НЕРАЗБОРЧИВО]<150><STEAM_1:1:80244186><>" slapped "DEMONSTRATE<148><STEAM_1:0:159860788><>" (damage "0")
L 08/30/2021 - 20:05:00: [playercommands.smx] "surf_[НЕРАЗБОРЧИВО]<150><STEAM_1:1:80244186><>" slapped "DEMONSTRATE<148><STEAM_1:0:159860788><>" (damage "0")
L 08/30/2021 - 20:05:00: [playercommands.smx] "surf_[НЕРАЗБОРЧИВО]<150><STEAM_1:1:80244186><>" slapped "DEMONSTRATE<148><STEAM_1:0:159860788><>" (damage "0")
L 08/30/2021 - 20:05:01: [playercommands.smx] "surf_[НЕРАЗБОРЧИВО]<150><STEAM_1:1:80244186><>" slapped "DEMONSTRATE<148><STEAM_1:0:159860788><>" (damage "0")
L 08/30/2021 - 20:05:01: [playercommands.smx] "surf_[НЕРАЗБОРЧИВО]<150><STEAM_1:1:80244186><>" slapped "DEMONSTRATE<148><STEAM_1:0:159860788><>" (damage "0")
L 08/30/2021 - 20:05:01: [playercommands.smx] "surf_[НЕРАЗБОРЧИВО]<150><STEAM_1:1:80244186><>" slapped "DEMONSTRATE<148><STEAM_1:0:159860788><>" (damage "0")
L 08/30/2021 - 20:05:01: [playercommands.smx] "surf_[НЕРАЗБОРЧИВО]<150><STEAM_1:1:80244186><>" slapped "DEMONSTRATE<148><STEAM_1:0:159860788><>" (damage "0")
L 08/30/2021 - 20:05:02: [playercommands.smx] "surf_[НЕРАЗБОРЧИВО]<150><STEAM_1:1:80244186><>" slapped "DEMONSTRATE<148><STEAM_1:0:159860788><>" (damage "0")
L 08/30/2021 - 20:05:02: [playercommands.smx] "surf_[НЕРАЗБОРЧИВО]<150><STEAM_1:1:80244186><>" slapped "DEMONSTRATE<148><STEAM_1:0:159860788><>" (damage "0")
L 08/30/2021 - 20:05:02: [playercommands.smx] "surf_[НЕРАЗБОРЧИВО]<150><STEAM_1:1:80244186><>" slapped "DEMONSTRATE<148><STEAM_1:0:159860788><>" (damage "0")
L 08/30/2021 - 20:05:02: [playercommands.smx] "surf_[НЕРАЗБОРЧИВО]<150><STEAM_1:1:80244186><>" slapped "DEMONSTRATE<148><STEAM_1:0:159860788><>" (damage "0")
L 08/30/2021 - 20:05:03: [playercommands.smx] "surf_[НЕРАЗБОРЧИВО]<150><STEAM_1:1:80244186><>" slapped "DEMONSTRATE<148><STEAM_1:0:159860788><>" (damage "0")
L 08/30/2021 - 20:05:03: [playercommands.smx] "surf_[НЕРАЗБОРЧИВО]<150><STEAM_1:1:80244186><>" slapped "DEMONSTRATE<148><STEAM_1:0:159860788><>" (damage "0")
L 08/30/2021 - 20:05:03: [playercommands.smx] "surf_[НЕРАЗБОРЧИВО]<150><STEAM_1:1:80244186><>" slapped "DEMONSTRATE<148><STEAM_1:0:159860788><>" (damage "0")
L 08/30/2021 - 20:05:03: [playercommands.smx] "surf_[НЕРАЗБОРЧИВО]<150><STEAM_1:1:80244186><>" slapped "DEMONSTRATE<148><STEAM_1:0:159860788><>" (damage "0")
L 08/30/2021 - 20:05:04: [playercommands.smx] "surf_[НЕРАЗБОРЧИВО]<150><STEAM_1:1:80244186><>" slapped "DEMONSTRATE<148><STEAM_1:0:159860788><>" (damage "0")
L 08/30/2021 - 20:05:04: [playercommands.smx] "surf_[НЕРАЗБОРЧИВО]<150><STEAM_1:1:80244186><>" slapped "DEMONSTRATE<148><STEAM_1:0:159860788><>" (damage "0")
L 08/30/2021 - 20:05:04: [playercommands.smx] "surf_[НЕРАЗБОРЧИВО]<150><STEAM_1:1:80244186><>" slapped "DEMONSTRATE<148><STEAM_1:0:159860788><>" (damage "0")
L 08/30/2021 - 20:05:05: [playercommands.smx] "surf_[НЕРАЗБОРЧИВО]<150><STEAM_1:1:80244186><>" slapped "DEMONSTRATE<148><STEAM_1:0:159860788><>" (damage "0")
L 08/30/2021 - 20:05:05: [playercommands.smx] "surf_[НЕРАЗБОРЧИВО]<150><STEAM_1:1:80244186><>" slapped "DEMONSTRATE<148><STEAM_1:0:159860788><>" (damage "0")
L 08/30/2021 - 20:05:05: [playercommands.smx] "surf_[НЕРАЗБОРЧИВО]<150><STEAM_1:1:80244186><>" slapped "DEMONSTRATE<148><STEAM_1:0:159860788><>" (damage "0")
L 08/30/2021 - 20:05:05: [playercommands.smx] "surf_[НЕРАЗБОРЧИВО]<150><STEAM_1:1:80244186><>" slapped "DEMONSTRATE<148><STEAM_1:0:159860788><>" (damage "0")
L 08/30/2021 - 20:05:05: [playercommands.smx] "surf_[НЕРАЗБОРЧИВО]<150><STEAM_1:1:80244186><>" slapped "DEMONSTRATE<148><STEAM_1:0:159860788><>" (damage "0")
L 08/30/2021 - 20:05:05: [playercommands.smx] "surf_[НЕРАЗБОРЧИВО]<150><STEAM_1:1:80244186><>" slapped "DEMONSTRATE<148><STEAM_1:0:159860788><>" (damage "0")
L 08/30/2021 - 20:05:06: [playercommands.smx] "surf_[НЕРАЗБОРЧИВО]<150><STEAM_1:1:80244186><>" slapped "DEMONSTRATE<148><STEAM_1:0:159860788><>" (damage "0")
L 08/30/2021 - 20:05:07: [playercommands.smx] "surf_[НЕРАЗБОРЧИВО]<150><STEAM_1:1:80244186><>" slapped "DEMONSTRATE<148><STEAM_1:0:159860788><>" (damage "0")
L 08/30/2021 - 20:05:07: [playercommands.smx] "surf_[НЕРАЗБОРЧИВО]<150><STEAM_1:1:80244186><>" slapped "DEMONSTRATE<148><STEAM_1:0:159860788><>" (damage "0")
L 08/30/2021 - 20:05:07: [playercommands.smx] "surf_[НЕРАЗБОРЧИВО]<150><STEAM_1:1:80244186><>" slapped "DEMONSTRATE<148><STEAM_1:0:159860788><>" (damage "0")
L 08/30/2021 - 20:05:08: [playercommands.smx] "surf_[НЕРАЗБОРЧИВО]<150><STEAM_1:1:80244186><>" slapped "DEMONSTRATE<148><STEAM_1:0:159860788><>" (damage "0")
L 08/30/2021 - 20:05:08: [playercommands.smx] "surf_[НЕРАЗБОРЧИВО]<150><STEAM_1:1:80244186><>" slapped "DEMONSTRATE<148><STEAM_1:0:159860788><>" (damage "0")
L 08/30/2021 - 20:05:08: [playercommands.smx] "surf_[НЕРАЗБОРЧИВО]<150><STEAM_1:1:80244186><>" slapped "DEMONSTRATE<148><STEAM_1:0:159860788><>" (damage "0")
L 08/30/2021 - 20:05:08: [playercommands.smx] "surf_[НЕРАЗБОРЧИВО]<150><STEAM_1:1:80244186><>" slapped "DEMONSTRATE<148><STEAM_1:0:159860788><>" (damage "0")
L 08/30/2021 - 20:05:08: [playercommands.smx] "surf_[НЕРАЗБОРЧИВО]<150><STEAM_1:1:80244186><>" slapped "DEMONSTRATE<148><STEAM_1:0:159860788><>" (damage "0")
L 08/30/2021 - 20:05:08: [playercommands.smx] "surf_[НЕРАЗБОРЧИВО]<150><STEAM_1:1:80244186><>" slapped "DEMONSTRATE<148><STEAM_1:0:159860788><>" (damage "0")
L 08/30/2021 - 20:05:09: [playercommands.smx] "surf_[НЕРАЗБОРЧИВО]<150><STEAM_1:1:80244186><>" slapped "DEMONSTRATE<148><STEAM_1:0:159860788><>" (damage "0")
L 08/30/2021 - 20:05:09: [playercommands.smx] "surf_[НЕРАЗБОРЧИВО]<150><STEAM_1:1:80244186><>" slapped "DEMONSTRATE<148><STEAM_1:0:159860788><>" (damage "0")
L 08/30/2021 - 20:05:09: [playercommands.smx] "surf_[НЕРАЗБОРЧИВО]<150><STEAM_1:1:80244186><>" slapped "DEMONSTRATE<148><STEAM_1:0:159860788><>" (damage "0")
L 08/30/2021 - 20:05:10: [playercommands.smx] "surf_[НЕРАЗБОРЧИВО]<150><STEAM_1:1:80244186><>" slapped "DEMONSTRATE<148><STEAM_1:0:159860788><>" (damage "0")
L 08/30/2021 - 20:05:10: [playercommands.smx] "surf_[НЕРАЗБОРЧИВО]<150><STEAM_1:1:80244186><>" slapped "DEMONSTRATE<148><STEAM_1:0:159860788><>" (damage "0")
L 08/30/2021 - 20:05:10: [playercommands.smx] "surf_[НЕРАЗБОРЧИВО]<150><STEAM_1:1:80244186><>" slapped "DEMONSTRATE<148><STEAM_1:0:159860788><>" (damage "0")
L 08/30/2021 - 20:05:10: [playercommands.smx] "surf_[НЕРАЗБОРЧИВО]<150><STEAM_1:1:80244186><>" slapped "DEMONSTRATE<148><STEAM_1:0:159860788><>" (damage "0")
L 08/30/2021 - 20:05:10: [playercommands.smx] "surf_[НЕРАЗБОРЧИВО]<150><STEAM_1:1:80244186><>" slapped "DEMONSTRATE<148><STEAM_1:0:159860788><>" (damage "0")
L 08/30/2021 - 20:05:11: [playercommands.smx] "surf_[НЕРАЗБОРЧИВО]<150><STEAM_1:1:80244186><>" slapped "DEMONSTRATE<148><STEAM_1:0:159860788><>" (damage "0")
L 08/30/2021 - 20:05:11: [playercommands.smx] "surf_[НЕРАЗБОРЧИВО]<150><STEAM_1:1:80244186><>" slapped "DEMONSTRATE<148><STEAM_1:0:159860788><>" (damage "0")
L 08/30/2021 - 20:05:12: [playercommands.smx] "surf_[НЕРАЗБОРЧИВО]<150><STEAM_1:1:80244186><>" slapped "DEMONSTRATE<148><STEAM_1:0:159860788><>" (damage "0")
L 08/30/2021 - 20:05:12: [playercommands.smx] "surf_[НЕРАЗБОРЧИВО]<150><STEAM_1:1:80244186><>" slapped "DEMONSTRATE<148><STEAM_1:0:159860788><>" (damage "0")
L 08/30/2021 - 20:05:12: [playercommands.smx] "surf_[НЕРАЗБОРЧИВО]<150><STEAM_1:1:80244186><>" slapped "DEMONSTRATE<148><STEAM_1:0:159860788><>" (damage "0")
L 08/30/2021 - 20:05:13: [playercommands.smx] "surf_[НЕРАЗБОРЧИВО]<150><STEAM_1:1:80244186><>" slapped "DEMONSTRATE<148><STEAM_1:0:159860788><>" (damage "0")
L 08/30/2021 - 20:05:13: [playercommands.smx] "surf_[НЕРАЗБОРЧИВО]<150><STEAM_1:1:80244186><>" slapped "DEMONSTRATE<148><STEAM_1:0:159860788><>" (damage "0")
L 08/30/2021 - 20:05:13: [playercommands.smx] "surf_[НЕРАЗБОРЧИВО]<150><STEAM_1:1:80244186><>" slapped "DEMONSTRATE<148><STEAM_1:0:159860788><>" (damage "0")
L 08/30/2021 - 20:05:13: [playercommands.smx] "surf_[НЕРАЗБОРЧИВО]<150><STEAM_1:1:80244186><>" slapped "DEMONSTRATE<148><STEAM_1:0:159860788><>" (damage "0")
L 08/30/2021 - 20:05:13: [playercommands.smx] "surf_[НЕРАЗБОРЧИВО]<150><STEAM_1:1:80244186><>" slapped "DEMONSTRATE<148><STEAM_1:0:159860788><>" (damage "0")
L 08/30/2021 - 20:05:13: [playercommands.smx] "surf_[НЕРАЗБОРЧИВО]<150><STEAM_1:1:80244186><>" slapped "DEMONSTRATE<148><STEAM_1:0:159860788><>" (damage "0")
L 08/30/2021 - 20:05:14: [playercommands.smx] "surf_[НЕРАЗБОРЧИВО]<150><STEAM_1:1:80244186><>" slapped "DEMONSTRATE<148><STEAM_1:0:159860788><>" (damage "0")
L 08/30/2021 - 20:05:15: [playercommands.smx] "surf_[НЕРАЗБОРЧИВО]<150><STEAM_1:1:80244186><>" slapped "DEMONSTRATE<148><STEAM_1:0:159860788><>" (damage "0")
L 08/30/2021 - 20:05:15: [playercommands.smx] "surf_[НЕРАЗБОРЧИВО]<150><STEAM_1:1:80244186><>" slapped "DEMONSTRATE<148><STEAM_1:0:159860788><>" (damage "0")
L 08/30/2021 - 20:05:15: [playercommands.smx] "surf_[НЕРАЗБОРЧИВО]<150><STEAM_1:1:80244186><>" slapped "DEMONSTRATE<148><STEAM_1:0:159860788><>" (damage "0")
L 08/30/2021 - 20:05:15: [playercommands.smx] "surf_[НЕРАЗБОРЧИВО]<150><STEAM_1:1:80244186><>" slapped "DEMONSTRATE<148><STEAM_1:0:159860788><>" (damage "0")
L 08/30/2021 - 20:05:15: [playercommands.smx] "surf_[НЕРАЗБОРЧИВО]<150><STEAM_1:1:80244186><>" slapped "DEMONSTRATE<148><STEAM_1:0:159860788><>" (damage "0")
L 08/30/2021 - 20:05:16: [playercommands.smx] "surf_[НЕРАЗБОРЧИВО]<150><STEAM_1:1:80244186><>" slapped "DEMONSTRATE<148><STEAM_1:0:159860788><>" (damage "0")
L 08/30/2021 - 20:05:16: [playercommands.smx] "surf_[НЕРАЗБОРЧИВО]<150><STEAM_1:1:80244186><>" slapped "DEMONSTRATE<148><STEAM_1:0:159860788><>" (damage "0")
L 08/30/2021 - 20:05:16: [playercommands.smx] "surf_[НЕРАЗБОРЧИВО]<150><STEAM_1:1:80244186><>" slapped "DEMONSTRATE<148><STEAM_1:0:159860788><>" (damage "0")
L 08/30/2021 - 20:05:16: [playercommands.smx] "surf_[НЕРАЗБОРЧИВО]<150><STEAM_1:1:80244186><>" slapped "DEMONSTRATE<148><STEAM_1:0:159860788><>" (damage "0")
L 08/30/2021 - 20:05:16: [playercommands.smx] "surf_[НЕРАЗБОРЧИВО]<150><STEAM_1:1:80244186><>" slapped "DEMONSTRATE<148><STEAM_1:0:159860788><>" (damage "0")
L 08/30/2021 - 20:05:17: [playercommands.smx] "surf_[НЕРАЗБОРЧИВО]<150><STEAM_1:1:80244186><>" slapped "DEMONSTRATE<148><STEAM_1:0:159860788><>" (damage "0")
L 08/30/2021 - 20:05:17: [playercommands.smx] "surf_[НЕРАЗБОРЧИВО]<150><STEAM_1:1:80244186><>" slapped "DEMONSTRATE<148><STEAM_1:0:159860788><>" (damage "0")
L 08/30/2021 - 20:05:17: [playercommands.smx] "surf_[НЕРАЗБОРЧИВО]<150><STEAM_1:1:80244186><>" slapped "DEMONSTRATE<148><STEAM_1:0:159860788><>" (damage "0")
L 08/30/2021 - 20:05:18: [playercommands.smx] "surf_[НЕРАЗБОРЧИВО]<150><STEAM_1:1:80244186><>" slapped "DEMONSTRATE<148><STEAM_1:0:159860788><>" (damage "0")
L 08/30/2021 - 20:05:19: [playercommands.smx] "surf_[НЕРАЗБОРЧИВО]<150><STEAM_1:1:80244186><>" slapped "DEMONSTRATE<148><STEAM_1:0:159860788><>" (damage "0")
L 08/30/2021 - 20:05:19: [playercommands.smx] "surf_[НЕРАЗБОРЧИВО]<150><STEAM_1:1:80244186><>" slapped "DEMONSTRATE<148><STEAM_1:0:159860788><>" (damage "0")
L 08/30/2021 - 20:05:20: [playercommands.smx] "surf_[НЕРАЗБОРЧИВО]<150><STEAM_1:1:80244186><>" slapped "DEMONSTRATE<148><STEAM_1:0:159860788><>" (damage "0")
L 08/30/2021 - 20:05:20: [playercommands.smx] "surf_[НЕРАЗБОРЧИВО]<150><STEAM_1:1:80244186><>" slapped "DEMONSTRATE<148><STEAM_1:0:159860788><>" (damage "0")
L 08/30/2021 - 20:05:20: [playercommands.smx] "surf_[НЕРАЗБОРЧИВО]<150><STEAM_1:1:80244186><>" slapped "DEMONSTRATE<148><STEAM_1:0:159860788><>" (damage "0")
L 08/30/2021 - 20:05:20: [playercommands.smx] "surf_[НЕРАЗБОРЧИВО]<150><STEAM_1:1:80244186><>" slapped "DEMONSTRATE<148><STEAM_1:0:159860788><>" (damage "0")
L 08/30/2021 - 20:05:20: [playercommands.smx] "surf_[НЕРАЗБОРЧИВО]<150><STEAM_1:1:80244186><>" slapped "DEMONSTRATE<148><STEAM_1:0:159860788><>" (damage "0")
L 08/30/2021 - 20:05:21: [playercommands.smx] "surf_[НЕРАЗБОРЧИВО]<150><STEAM_1:1:80244186><>" slapped "DEMONSTRATE<148><STEAM_1:0:159860788><>" (damage "0")
L 08/30/2021 - 20:05:21: [playercommands.smx] "surf_[НЕРАЗБОРЧИВО]<150><STEAM_1:1:80244186><>" slapped "DEMONSTRATE<148><STEAM_1:0:159860788><>" (damage "0")
L 08/30/2021 - 20:05:21: [playercommands.smx] "surf_[НЕРАЗБОРЧИВО]<150><STEAM_1:1:80244186><>" slapped "DEMONSTRATE<148><STEAM_1:0:159860788><>" (damage "0")
L 08/30/2021 - 20:05:21: [playercommands.smx] "surf_[НЕРАЗБОРЧИВО]<150><STEAM_1:1:80244186><>" slapped "DEMONSTRATE<148><STEAM_1:0:159860788><>" (damage "0")
L 08/30/2021 - 20:05:21: [playercommands.smx] "surf_[НЕРАЗБОРЧИВО]<150><STEAM_1:1:80244186><>" slapped "DEMONSTRATE<148><STEAM_1:0:159860788><>" (damage "0")
L 08/30/2021 - 20:05:21: [playercommands.smx] "surf_[НЕРАЗБОРЧИВО]<150><STEAM_1:1:80244186><>" slapped "DEMONSTRATE<148><STEAM_1:0:159860788><>" (damage "0")
L 08/30/2021 - 20:05:22: [playercommands.smx] "surf_[НЕРАЗБОРЧИВО]<150><STEAM_1:1:80244186><>" slapped "DEMONSTRATE<148><STEAM_1:0:159860788><>" (damage "0")
L 08/30/2021 - 20:05:22: [playercommands.smx] "surf_[НЕРАЗБОРЧИВО]<150><STEAM_1:1:80244186><>" slapped "DEMONSTRATE<148><STEAM_1:0:159860788><>" (damage "0")
L 08/30/2021 - 20:05:22: [playercommands.smx] "surf_[НЕРАЗБОРЧИВО]<150><STEAM_1:1:80244186><>" slapped "DEMONSTRATE<148><STEAM_1:0:159860788><>" (damage "0")
L 08/30/2021 - 20:05:22: [playercommands.smx] "surf_[НЕРАЗБОРЧИВО]<150><STEAM_1:1:80244186><>" slapped "DEMONSTRATE<148><STEAM_1:0:159860788><>" (damage "0")
L 08/30/2021 - 20:05:23: [playercommands.smx] "surf_[НЕРАЗБОРЧИВО]<150><STEAM_1:1:80244186><>" slapped "DEMONSTRATE<148><STEAM_1:0:159860788><>" (damage "0")
L 08/30/2021 - 20:05:23: [playercommands.smx] "surf_[НЕРАЗБОРЧИВО]<150><STEAM_1:1:80244186><>" slapped "DEMONSTRATE<148><STEAM_1:0:159860788><>" (damage "0")
L 08/30/2021 - 20:05:23: [playercommands.smx] "surf_[НЕРАЗБОРЧИВО]<150><STEAM_1:1:80244186><>" slapped "DEMONSTRATE<148><STEAM_1:0:159860788><>" (damage "0")
L 08/30/2021 - 20:05:23: [playercommands.smx] "surf_[НЕРАЗБОРЧИВО]<150><STEAM_1:1:80244186><>" slapped "DEMONSTRATE<148><STEAM_1:0:159860788><>" (damage "0")
L 08/30/2021 - 20:05:23: [playercommands.smx] "surf_[НЕРАЗБОРЧИВО]<150><STEAM_1:1:80244186><>" slapped "DEMONSTRATE<148><STEAM_1:0:159860788><>" (damage "0")
L 08/30/2021 - 20:05:23: [playercommands.smx] "surf_[НЕРАЗБОРЧИВО]<150><STEAM_1:1:80244186><>" slapped "DEMONSTRATE<148><STEAM_1:0:159860788><>" (damage "0")
L 08/30/2021 - 20:05:24: [playercommands.smx] "surf_[НЕРАЗБОРЧИВО]<150><STEAM_1:1:80244186><>" slapped "DEMONSTRATE<148><STEAM_1:0:159860788><>" (damage "0")
L 08/30/2021 - 20:05:24: [playercommands.smx] "surf_[НЕРАЗБОРЧИВО]<150><STEAM_1:1:80244186><>" slapped "DEMONSTRATE<148><STEAM_1:0:159860788><>" (damage "0")
L 08/30/2021 - 20:05:24: [playercommands.smx] "surf_[НЕРАЗБОРЧИВО]<150><STEAM_1:1:80244186><>" slapped "DEMONSTRATE<148><STEAM_1:0:159860788><>" (damage "0")
L 08/30/2021 - 20:05:24: [playercommands.smx] "surf_[НЕРАЗБОРЧИВО]<150><STEAM_1:1:80244186><>" slapped "DEMONSTRATE<148><STEAM_1:0:159860788><>" (damage "0")
L 08/30/2021 - 20:05:24: [playercommands.smx] "surf_[НЕРАЗБОРЧИВО]<150><STEAM_1:1:80244186><>" slapped "DEMONSTRATE<148><STEAM_1:0:159860788><>" (damage "0")
L 08/30/2021 - 20:16:04: [basebans.smx] "ᴇᴠʌı<152><STEAM_1:0:108778791><>" banned "yakiness<146><STEAM_1:1:568198462><>" (minutes "0") (reason "Racism")
L 08/30/2021 - 20:16:12: [basebans.smx] "ᴇᴠʌı<152><STEAM_1:0:108778791><>" removed ban (filter "STEAM_1:1:568198462")
L 08/30/2021 - 20:17:23: [basebans.smx] "ᴇᴠʌı<152><STEAM_1:0:108778791><>" banned "Cayde<154><STEAM_1:1:6988878><>" (minutes "0") (reason "Racism")
L 08/30/2021 - 20:17:29: [basebans.smx] "ᴇᴠʌı<152><STEAM_1:0:108778791><>" removed ban (filter "STEAM_1:1:6988878")
L 08/30/2021 - 20:20:37: [basebans.smx] "ᴇᴠʌı<152><STEAM_1:0:108778791><>" banned "s1cma is seeing fish everywhere<149><STEAM_1:1:1146082><>" (minutes "0") (reason "Racism")
L 08/30/2021 - 20:20:49: [basebans.smx] "ᴇᴠʌı<152><STEAM_1:0:108778791><>" removed ban (filter "STEAM_1:1:1146082")
L 08/30/2021 - 20:48:26: [basebans.smx] "ᴇᴠʌı<152><STEAM_1:0:108778791><>" banned "Cayde<159><STEAM_1:1:6988878><>" (minutes "0") (reason "Racism")
L 08/30/2021 - 20:48:36: [basebans.smx] "ᴇᴠʌı<152><STEAM_1:0:108778791><>" removed ban (filter "STEAM_1:1:6988878")
L 08/30/2021 - 23:37:06: -------- Mapchange to surf_trick_gxd --------
L 08/30/2021 - 23:37:21: -------- Mapchange to surf_trick_gxd --------
L 08/30/2021 - 23:40:44: -------- Mapchange to surf_trick_gxd --------
L 08/30/2021 - 23:42:51: -------- Mapchange to surf_trick_gxd --------
L 08/31/2021 - 00:02:42: Log file closed.
