L 09/16/2021 - 00:09:23: SourceMod log file session started (file "/home/container/csgo/addons/sourcemod/logs/L20210916.log") (Version "1.10.0.6510")
L 09/16/2021 - 00:09:23: [basecommands.smx] "Console<0><Console><Console>" changed map to "surf_trick_gxd"
L 09/16/2021 - 00:09:26: [SM] Changed map to "surf_trick_gxd"
L 09/16/2021 - 00:09:27: -------- Mapchange to surf_trick_gxd --------
L 09/16/2021 - 00:09:27: [dm_trick.smx]  SUCCESS db_connect()
L 09/16/2021 - 00:18:24: [basebans.smx] "Молись за нас<145><STEAM_1:0:159860788><>" banned "ᴇᴠʌı<147><STEAM_1:0:108778791><>" (minutes "0") (reason "Racism")
L 09/16/2021 - 01:25:20: -------- Mapchange to surf_trick_gxd --------
L 09/16/2021 - 06:49:12: -------- Mapchange to surf_trick_gxd --------
L 09/16/2021 - 10:12:53: -------- Mapchange to surf_trick_gxd --------
L 09/16/2021 - 13:13:57: Log file closed.
L 09/16/2021 - 13:14:17: SourceMod log file session started (file "/home/container/csgo/addons/sourcemod/logs/L20210916.log") (Version "1.10.0.6510")
L 09/16/2021 - 13:14:17: [dm_trick.smx]  SUCCESS db_connect()
L 09/16/2021 - 13:14:23: -------- Mapchange to surf_trick_gxd --------
L 09/16/2021 - 13:27:48: SourceMod log file session started (file "/home/container/csgo/addons/sourcemod/logs/L20210916.log") (Version "1.10.0.6510")
L 09/16/2021 - 13:27:48: [dm_trick.smx]  SUCCESS db_connect()
L 09/16/2021 - 13:27:52: -------- Mapchange to surf_trick_gxd --------
L 09/16/2021 - 14:03:33: -------- Mapchange to surf_trick_gxd --------
L 09/16/2021 - 16:21:48: -------- Mapchange to surf_trick_gxd --------
L 09/16/2021 - 16:30:55: -------- Mapchange to surf_trick_gxd --------
L 09/16/2021 - 16:39:01: -------- Mapchange to surf_trick_gxd --------
L 09/16/2021 - 18:57:03: -------- Mapchange to surf_trick_gxd --------
L 09/16/2021 - 19:03:29: -------- Mapchange to surf_trick_gxd --------
L 09/16/2021 - 19:32:42: Log file closed.
L 09/16/2021 - 19:32:59: SourceMod log file session started (file "/home/container/csgo/addons/sourcemod/logs/L20210916.log") (Version "1.10.0.6510")
L 09/16/2021 - 19:32:59: [dm_trick.smx]  SUCCESS db_connect()
L 09/16/2021 - 19:34:07: -------- Mapchange to surf_trick_gxd --------
L 09/16/2021 - 19:35:30: Log file closed.
L 09/16/2021 - 19:35:47: SourceMod log file session started (file "/home/container/csgo/addons/sourcemod/logs/L20210916.log") (Version "1.10.0.6510")
L 09/16/2021 - 19:35:47: [dm_trick.smx]  SUCCESS db_connect()
L 09/16/2021 - 19:36:23: -------- Mapchange to surf_trick_gxd --------
L 09/16/2021 - 19:37:04: SourceMod log file session started (file "/home/container/csgo/addons/sourcemod/logs/L20210916.log") (Version "1.10.0.6510")
L 09/16/2021 - 19:37:04: [dm_trick.smx]  SUCCESS db_connect()
L 09/16/2021 - 19:38:03: -------- Mapchange to surf_trick_gxd --------
L 09/16/2021 - 19:38:18: Log file closed.
L 09/16/2021 - 19:38:38: SourceMod log file session started (file "/home/container/csgo/addons/sourcemod/logs/L20210916.log") (Version "1.10.0.6510")
L 09/16/2021 - 19:38:38: [dm_trick.smx]  SUCCESS db_connect()
L 09/16/2021 - 19:38:43: -------- Mapchange to surf_trick_gxd --------
L 09/16/2021 - 19:40:33: -------- Mapchange to surf_trick_gxd --------
L 09/16/2021 - 23:30:05: -------- Mapchange to surf_trick_gxd --------
L 09/16/2021 - 23:35:25: -------- Mapchange to surf_trick_gxd --------
L 09/16/2021 - 23:52:59: -------- Mapchange to surf_trick_gxd --------
L 09/17/2021 - 05:06:24: Log file closed.
