L 08/24/2021 - 02:48:27: SourceMod log file session started (file "/home/container/csgo/addons/sourcemod/logs/L20210824.log") (Version "1.10.0.6510")
L 08/24/2021 - 02:48:27: [basecommands.smx] "Console<0><Console><Console>" refreshed the admin cache.
L 08/24/2021 - 02:49:50: [basecommands.smx] "Соня 14 лет<85><STEAM_1:0:517395575><>" changed cvar (cvar "sv_noclipspeed") (value "12")
L 08/24/2021 - 02:49:55: [basecommands.smx] "Соня 14 лет<85><STEAM_1:0:517395575><>" changed cvar (cvar "sv_noclipspeed") (value "11")
L 08/24/2021 - 03:13:13: [funcommands.smx] "ᴇᴠʌı<94><STEAM_1:0:108778791><>" toggled noclip on "Gwin<92><STEAM_1:1:453450386><>"
L 08/24/2021 - 03:13:24: [funcommands.smx] "ᴇᴠʌı<94><STEAM_1:0:108778791><>" toggled noclip on "Gwin<92><STEAM_1:1:453450386><>"
L 08/24/2021 - 03:14:12: [basecommands.smx] "ᴇᴠʌı<94><STEAM_1:0:108778791><>" changed cvar (cvar "sv_specspeed") (value "12")
L 08/24/2021 - 03:14:13: [basecommands.smx] "ᴇᴠʌı<94><STEAM_1:0:108778791><>" changed cvar (cvar "sv_specspeed") (value "13")
L 08/24/2021 - 03:14:41: [basecommands.smx] "ᴇᴠʌı<94><STEAM_1:0:108778791><>" changed cvar (cvar "sv_specspeed") (value "12")
L 08/24/2021 - 03:14:42: [funcommands.smx] "ᴇᴠʌı<94><STEAM_1:0:108778791><>" toggled noclip on "Nubbzy<88><STEAM_1:1:452306052><>"
L 08/24/2021 - 03:14:44: [funcommands.smx] "ᴇᴠʌı<94><STEAM_1:0:108778791><>" toggled noclip on "Nubbzy<88><STEAM_1:1:452306052><>"
L 08/24/2021 - 03:15:22: [basecommands.smx] "ᴇᴠʌı<94><STEAM_1:0:108778791><>" changed cvar (cvar "dm_strip") (value "0")
L 08/24/2021 - 03:17:13: [basecommands.smx] "ᴇᴠʌı<94><STEAM_1:0:108778791><>" changed cvar (cvar "htf_coefp") (value "2")
L 08/24/2021 - 03:17:16: [basecommands.smx] "ᴇᴠʌı<94><STEAM_1:0:108778791><>" changed cvar (cvar "htf_coefp") (value "2.0")
L 08/24/2021 - 03:17:28: [basecommands.smx] "ᴇᴠʌı<94><STEAM_1:0:108778791><>" changed cvar (cvar "htf_coefp") (value "4.0")
L 08/24/2021 - 03:20:19: [basecommands.smx] "ᴇᴠʌı<94><STEAM_1:0:108778791><>" changed cvar (cvar "htf_type") (value "2")
L 08/24/2021 - 03:21:24: [basecommands.smx] "ᴇᴠʌı<94><STEAM_1:0:108778791><>" changed cvar (cvar "htf_coefp") (value "0.8")
L 08/24/2021 - 03:21:41: [basecommands.smx] "ᴇᴠʌı<94><STEAM_1:0:108778791><>" changed cvar (cvar "htf_coefp") (value "0.4")
L 08/24/2021 - 03:22:06: [basecommands.smx] "ᴇᴠʌı<94><STEAM_1:0:108778791><>" changed cvar (cvar "htf_coefp") (value "0.0")
L 08/24/2021 - 03:22:12: [basecommands.smx] "ᴇᴠʌı<94><STEAM_1:0:108778791><>" changed cvar (cvar "htf_coefv") (value "0.0")
L 08/24/2021 - 03:22:41: [basecommands.smx] "ᴇᴠʌı<94><STEAM_1:0:108778791><>" changed cvar (cvar "htf_coefv") (value "0.1")
L 08/24/2021 - 03:22:44: [basecommands.smx] "ᴇᴠʌı<94><STEAM_1:0:108778791><>" changed cvar (cvar "htf_coefp") (value "0.1")
L 08/24/2021 - 03:25:00: [basecommands.smx] "ᴇᴠʌı<94><STEAM_1:0:108778791><>" changed cvar (cvar "htf_coefp") (value "0.1")
L 08/24/2021 - 03:25:15: [basecommands.smx] "ᴇᴠʌı<94><STEAM_1:0:108778791><>" changed cvar (cvar "htf_type") (value "2")
L 08/24/2021 - 03:25:53: [basecommands.smx] "ᴇᴠʌı<94><STEAM_1:0:108778791><>" changed cvar (cvar "host_timescale") (value "0.5")
L 08/24/2021 - 03:25:56: [basecommands.smx] "ᴇᴠʌı<94><STEAM_1:0:108778791><>" changed cvar (cvar "host_timescale") (value "1")
L 08/24/2021 - 03:26:05: [basecommands.smx] "ᴇᴠʌı<94><STEAM_1:0:108778791><>" changed cvar (cvar "host_timescale") (value "0.5")
L 08/24/2021 - 03:26:11: [basecommands.smx] "ᴇᴠʌı<94><STEAM_1:0:108778791><>" changed cvar (cvar "host_timescale") (value "1")
L 08/24/2021 - 03:26:18: [basecommands.smx] "ᴇᴠʌı<94><STEAM_1:0:108778791><>" changed cvar (cvar "host_timescale") (value "0.8")
L 08/24/2021 - 03:26:23: [basecommands.smx] "ᴇᴠʌı<94><STEAM_1:0:108778791><>" changed cvar (cvar "host_timescale") (value "1")
L 08/24/2021 - 03:26:33: [basecommands.smx] "ᴇᴠʌı<94><STEAM_1:0:108778791><>" changed cvar (cvar "host_timescale") (value "0.9")
L 08/24/2021 - 03:26:36: [basecommands.smx] "ᴇᴠʌı<94><STEAM_1:0:108778791><>" changed cvar (cvar "host_timescale") (value "0.2")
L 08/24/2021 - 03:26:40: [basecommands.smx] "ᴇᴠʌı<94><STEAM_1:0:108778791><>" changed cvar (cvar "host_timescale") (value "0")
L 08/24/2021 - 03:26:55: Log file closed.
L 08/24/2021 - 03:27:10: SourceMod log file session started (file "/home/container/csgo/addons/sourcemod/logs/L20210824.log") (Version "1.10.0.6510")
L 08/24/2021 - 03:27:10: [dm_trick.smx]  SUCCESS db_connect()
L 08/24/2021 - 03:27:15: -------- Mapchange to surf_trick_gxd --------
L 08/24/2021 - 03:27:55: [basecommands.smx] "Console<0><Console><Console>" changed cvar (cvar "host_timescale") (value "1")
L 08/24/2021 - 03:28:20: SourceMod log file session started (file "/home/container/csgo/addons/sourcemod/logs/L20210824.log") (Version "1.10.0.6510")
L 08/24/2021 - 03:28:20: [dm_trick.smx]  SUCCESS db_connect()
L 08/24/2021 - 03:28:24: -------- Mapchange to surf_trick_gxd --------
L 08/24/2021 - 03:29:57: [basecommands.smx] "ᴇᴠʌı<4><STEAM_1:0:108778791><>" changed cvar (cvar "dm_strip") (value "0")
L 08/24/2021 - 03:30:22: [basecommands.smx] "ᴇᴠʌı<4><STEAM_1:0:108778791><>" changed cvar (cvar "host_timescale") (value "0.56")
L 08/24/2021 - 03:30:25: [basecommands.smx] "ᴇᴠʌı<4><STEAM_1:0:108778791><>" changed cvar (cvar "host_timescale") (value "0.2")
L 08/24/2021 - 03:30:28: [basecommands.smx] "ᴇᴠʌı<4><STEAM_1:0:108778791><>" changed cvar (cvar "host_timescale") (value "0.4")
L 08/24/2021 - 03:30:30: [basecommands.smx] "ᴇᴠʌı<4><STEAM_1:0:108778791><>" changed cvar (cvar "host_timescale") (value "1")
L 08/24/2021 - 03:30:36: [basecommands.smx] "ᴇᴠʌı<4><STEAM_1:0:108778791><>" changed cvar (cvar "host_timescale") (value "0.4")
L 08/24/2021 - 03:30:40: [basecommands.smx] "ᴇᴠʌı<4><STEAM_1:0:108778791><>" changed cvar (cvar "host_timescale") (value "0.9")
L 08/24/2021 - 03:30:57: [basecommands.smx] "ᴇᴠʌı<4><STEAM_1:0:108778791><>" changed cvar (cvar "host_timescale") (value "0.8")
L 08/24/2021 - 03:31:01: [basecommands.smx] "ᴇᴠʌı<4><STEAM_1:0:108778791><>" changed cvar (cvar "host_timescale") (value "0.85")
L 08/24/2021 - 03:31:04: [basecommands.smx] "ᴇᴠʌı<4><STEAM_1:0:108778791><>" changed cvar (cvar "host_timescale") (value "0.9")
L 08/24/2021 - 03:31:13: [basecommands.smx] "ᴇᴠʌı<4><STEAM_1:0:108778791><>" changed cvar (cvar "host_timescale") (value "1")
L 08/24/2021 - 03:31:35: [basecommands.smx] "ᴇᴠʌı<4><STEAM_1:0:108778791><>" changed map to "surf_skyworld_nf"
L 08/24/2021 - 03:31:38: [SM] Changed map to "surf_skyworld_nf"
L 08/24/2021 - 03:31:39: -------- Mapchange to surf_skyworld_nf --------
L 08/24/2021 - 03:31:59: [basecommands.smx] "ᴇᴠʌı<4><STEAM_1:0:108778791><>" changed cvar (cvar "sv_cheats") (value "1")
L 08/24/2021 - 03:32:22: [basecommands.smx] "ᴇᴠʌı<4><STEAM_1:0:108778791><>" changed cvar (cvar "sv_noclipspeed") (value "12")
L 08/24/2021 - 03:32:27: [basecommands.smx] "ᴇᴠʌı<4><STEAM_1:0:108778791><>" changed cvar (cvar "sv_noclipspeed") (value "14")
L 08/24/2021 - 03:33:02: [basecommands.smx] "ᴇᴠʌı<4><STEAM_1:0:108778791><>" changed cvar (cvar "host_timescale") (value "0.4")
L 08/24/2021 - 03:33:04: [basecommands.smx] "ᴇᴠʌı<4><STEAM_1:0:108778791><>" changed cvar (cvar "host_timescale") (value "1")
L 08/24/2021 - 03:33:07: [basecommands.smx] "ᴇᴠʌı<4><STEAM_1:0:108778791><>" changed cvar (cvar "host_timescale") (value "0.4")
L 08/24/2021 - 03:33:10: [basecommands.smx] "ᴇᴠʌı<4><STEAM_1:0:108778791><>" changed cvar (cvar "host_timescale") (value "1")
L 08/24/2021 - 03:33:17: [basecommands.smx] "ᴇᴠʌı<4><STEAM_1:0:108778791><>" changed cvar (cvar "host_timescale") (value "0.4")
L 08/24/2021 - 03:33:20: [basecommands.smx] "ᴇᴠʌı<4><STEAM_1:0:108778791><>" changed cvar (cvar "host_timescale") (value "1")
L 08/24/2021 - 03:33:24: [basecommands.smx] "ᴇᴠʌı<4><STEAM_1:0:108778791><>" changed cvar (cvar "host_timescale") (value "0.4")
L 08/24/2021 - 03:33:31: [basecommands.smx] "ᴇᴠʌı<4><STEAM_1:0:108778791><>" changed cvar (cvar "host_timescale") (value "1")
L 08/24/2021 - 03:33:39: [basecommands.smx] "ᴇᴠʌı<4><STEAM_1:0:108778791><>" changed cvar (cvar "host_timescale") (value "0.2")
L 08/24/2021 - 03:33:45: [basecommands.smx] "ᴇᴠʌı<4><STEAM_1:0:108778791><>" changed cvar (cvar "host_timescale") (value "1")
L 08/24/2021 - 03:33:46: [basecommands.smx] "ᴇᴠʌı<4><STEAM_1:0:108778791><>" changed cvar (cvar "host_timescale") (value "0.2")
L 08/24/2021 - 03:33:53: [basecommands.smx] "ᴇᴠʌı<4><STEAM_1:0:108778791><>" changed cvar (cvar "host_timescale") (value "1")
L 08/24/2021 - 03:33:54: [basecommands.smx] "ᴇᴠʌı<4><STEAM_1:0:108778791><>" changed cvar (cvar "host_timescale") (value "0.2")
L 08/24/2021 - 03:33:59: [basecommands.smx] "ᴇᴠʌı<4><STEAM_1:0:108778791><>" changed cvar (cvar "host_timescale") (value "1")
L 08/24/2021 - 03:34:01: [basecommands.smx] "ᴇᴠʌı<4><STEAM_1:0:108778791><>" changed cvar (cvar "host_timescale") (value "0.2")
L 08/24/2021 - 03:34:06: [basecommands.smx] "ᴇᴠʌı<4><STEAM_1:0:108778791><>" changed cvar (cvar "host_timescale") (value "1")
L 08/24/2021 - 03:34:29: [basecommands.smx] "ᴇᴠʌı<4><STEAM_1:0:108778791><>" changed cvar (cvar "htf_coefp") (value "1.5")
L 08/24/2021 - 03:34:34: [basecommands.smx] "ᴇᴠʌı<4><STEAM_1:0:108778791><>" changed cvar (cvar "host_timescale") (value "0.2")
L 08/24/2021 - 03:34:41: [basecommands.smx] "ᴇᴠʌı<4><STEAM_1:0:108778791><>" changed cvar (cvar "htf_coefp") (value "1.5")
L 08/24/2021 - 03:34:42: [basecommands.smx] "ᴇᴠʌı<4><STEAM_1:0:108778791><>" changed cvar (cvar "host_timescale") (value "1")
L 08/24/2021 - 03:34:43: [basecommands.smx] "ᴇᴠʌı<4><STEAM_1:0:108778791><>" changed cvar (cvar "host_timescale") (value "0.2")
L 08/24/2021 - 03:34:49: [basecommands.smx] "ᴇᴠʌı<4><STEAM_1:0:108778791><>" changed cvar (cvar "host_timescale") (value "1")
L 08/24/2021 - 03:34:50: [basecommands.smx] "ᴇᴠʌı<4><STEAM_1:0:108778791><>" changed cvar (cvar "host_timescale") (value "0.2")
L 08/24/2021 - 03:34:56: [basecommands.smx] "ᴇᴠʌı<4><STEAM_1:0:108778791><>" changed cvar (cvar "host_timescale") (value "1")
L 08/24/2021 - 03:35:04: [basecommands.smx] "ᴇᴠʌı<4><STEAM_1:0:108778791><>" changed cvar (cvar "htf_coefp") (value "100.0")
L 08/24/2021 - 03:35:06: [basecommands.smx] "ᴇᴠʌı<4><STEAM_1:0:108778791><>" changed cvar (cvar "host_timescale") (value "0.2")
L 08/24/2021 - 03:35:15: [basecommands.smx] "ᴇᴠʌı<4><STEAM_1:0:108778791><>" changed cvar (cvar "host_timescale") (value "1")
L 08/24/2021 - 03:35:19: [basecommands.smx] "ᴇᴠʌı<4><STEAM_1:0:108778791><>" changed cvar (cvar "host_timescale") (value "0.2")
L 08/24/2021 - 03:35:26: [basecommands.smx] "ᴇᴠʌı<4><STEAM_1:0:108778791><>" changed cvar (cvar "host_timescale") (value "1")
L 08/24/2021 - 03:35:28: [basecommands.smx] "ᴇᴠʌı<4><STEAM_1:0:108778791><>" changed cvar (cvar "host_timescale") (value "0.2")
L 08/24/2021 - 03:35:36: [basecommands.smx] "ᴇᴠʌı<4><STEAM_1:0:108778791><>" changed cvar (cvar "host_timescale") (value "1")
L 08/24/2021 - 03:35:41: [basecommands.smx] "ᴇᴠʌı<4><STEAM_1:0:108778791><>" changed cvar (cvar "host_timescale") (value "0.1")
L 08/24/2021 - 03:35:42: [basecommands.smx] "ᴇᴠʌı<4><STEAM_1:0:108778791><>" changed cvar (cvar "host_timescale") (value "1")
L 08/24/2021 - 03:35:46: [basecommands.smx] "ᴇᴠʌı<4><STEAM_1:0:108778791><>" changed cvar (cvar "htf_coefp") (value "0.1")
L 08/24/2021 - 03:35:47: [basecommands.smx] "ᴇᴠʌı<4><STEAM_1:0:108778791><>" changed cvar (cvar "host_timescale") (value "0.1")
L 08/24/2021 - 03:35:52: [basecommands.smx] "ᴇᴠʌı<4><STEAM_1:0:108778791><>" changed cvar (cvar "htf_coefp") (value "0.1")
L 08/24/2021 - 03:35:54: [basecommands.smx] "ᴇᴠʌı<4><STEAM_1:0:108778791><>" changed cvar (cvar "host_timescale") (value "0.2")
L 08/24/2021 - 03:35:56: [basecommands.smx] "ᴇᴠʌı<4><STEAM_1:0:108778791><>" changed cvar (cvar "host_timescale") (value "1")
L 08/24/2021 - 03:35:57: [basecommands.smx] "ᴇᴠʌı<4><STEAM_1:0:108778791><>" changed cvar (cvar "host_timescale") (value "0.2")
L 08/24/2021 - 03:36:04: [basecommands.smx] "ᴇᴠʌı<4><STEAM_1:0:108778791><>" changed cvar (cvar "host_timescale") (value "1")
L 08/24/2021 - 03:36:05: [basecommands.smx] "ᴇᴠʌı<4><STEAM_1:0:108778791><>" changed cvar (cvar "host_timescale") (value "0.2")
L 08/24/2021 - 03:36:10: [basecommands.smx] "ᴇᴠʌı<4><STEAM_1:0:108778791><>" changed cvar (cvar "host_timescale") (value "1")
L 08/24/2021 - 03:36:16: [basecommands.smx] "ᴇᴠʌı<4><STEAM_1:0:108778791><>" changed cvar (cvar "htf_coefp") (value "3.0")
L 08/24/2021 - 03:36:18: [basecommands.smx] "ᴇᴠʌı<4><STEAM_1:0:108778791><>" changed cvar (cvar "host_timescale") (value "0.2")
L 08/24/2021 - 03:36:25: [basecommands.smx] "ᴇᴠʌı<4><STEAM_1:0:108778791><>" changed cvar (cvar "host_timescale") (value "1.2")
L 08/24/2021 - 03:36:28: [basecommands.smx] "ᴇᴠʌı<4><STEAM_1:0:108778791><>" changed cvar (cvar "host_timescale") (value "0.2")
L 08/24/2021 - 03:36:35: [basecommands.smx] "ᴇᴠʌı<4><STEAM_1:0:108778791><>" changed cvar (cvar "host_timescale") (value "1")
L 08/24/2021 - 03:36:36: [basecommands.smx] "ᴇᴠʌı<4><STEAM_1:0:108778791><>" changed cvar (cvar "host_timescale") (value "0.2")
L 08/24/2021 - 03:36:41: [basecommands.smx] "ᴇᴠʌı<4><STEAM_1:0:108778791><>" changed cvar (cvar "host_timescale") (value "1")
L 08/24/2021 - 03:36:44: [basecommands.smx] "ᴇᴠʌı<4><STEAM_1:0:108778791><>" changed cvar (cvar "host_timescale") (value "0.2")
L 08/24/2021 - 03:36:49: [basecommands.smx] "ᴇᴠʌı<4><STEAM_1:0:108778791><>" changed cvar (cvar "host_timescale") (value "1")
L 08/24/2021 - 03:37:03: [basecommands.smx] "ᴇᴠʌı<4><STEAM_1:0:108778791><>" changed cvar (cvar "htf_coefp") (value "0.4")
L 08/24/2021 - 03:37:05: [basecommands.smx] "ᴇᴠʌı<4><STEAM_1:0:108778791><>" changed cvar (cvar "host_timescale") (value "0.2")
L 08/24/2021 - 03:37:08: [basecommands.smx] "ᴇᴠʌı<4><STEAM_1:0:108778791><>" changed cvar (cvar "host_timescale") (value "1.2")
L 08/24/2021 - 03:37:09: [basecommands.smx] "ᴇᴠʌı<4><STEAM_1:0:108778791><>" changed cvar (cvar "host_timescale") (value "0.2")
L 08/24/2021 - 03:37:15: [basecommands.smx] "ᴇᴠʌı<4><STEAM_1:0:108778791><>" changed cvar (cvar "host_timescale") (value "1.2")
L 08/24/2021 - 03:37:18: [basecommands.smx] "ᴇᴠʌı<4><STEAM_1:0:108778791><>" changed cvar (cvar "htf_coefp") (value "0.1")
L 08/24/2021 - 03:37:20: [basecommands.smx] "ᴇᴠʌı<4><STEAM_1:0:108778791><>" changed cvar (cvar "host_timescale") (value "0.2")
L 08/24/2021 - 03:37:27: [basecommands.smx] "ᴇᴠʌı<4><STEAM_1:0:108778791><>" changed cvar (cvar "host_timescale") (value "1.2")
L 08/24/2021 - 03:37:28: [basecommands.smx] "ᴇᴠʌı<4><STEAM_1:0:108778791><>" changed cvar (cvar "host_timescale") (value "0.2")
L 08/24/2021 - 03:37:33: [basecommands.smx] "ᴇᴠʌı<4><STEAM_1:0:108778791><>" changed cvar (cvar "host_timescale") (value "1.2")
L 08/24/2021 - 03:37:36: [basecommands.smx] "ᴇᴠʌı<4><STEAM_1:0:108778791><>" changed cvar (cvar "htf_coefp") (value "4.1")
L 08/24/2021 - 03:37:37: [basecommands.smx] "ᴇᴠʌı<4><STEAM_1:0:108778791><>" changed cvar (cvar "host_timescale") (value "0.2")
L 08/24/2021 - 03:37:45: [basecommands.smx] "ᴇᴠʌı<4><STEAM_1:0:108778791><>" changed cvar (cvar "htf_coefp") (value "2.1")
L 08/24/2021 - 03:37:47: [basecommands.smx] "ᴇᴠʌı<4><STEAM_1:0:108778791><>" changed cvar (cvar "host_timescale") (value "1.2")
L 08/24/2021 - 03:37:49: [basecommands.smx] "ᴇᴠʌı<4><STEAM_1:0:108778791><>" changed cvar (cvar "host_timescale") (value "0.2")
L 08/24/2021 - 03:37:55: [basecommands.smx] "ᴇᴠʌı<4><STEAM_1:0:108778791><>" changed cvar (cvar "host_timescale") (value "1.2")
L 08/24/2021 - 03:37:58: [basecommands.smx] "ᴇᴠʌı<4><STEAM_1:0:108778791><>" changed cvar (cvar "htf_coefp") (value "22.1")
L 08/24/2021 - 03:37:59: [basecommands.smx] "ᴇᴠʌı<4><STEAM_1:0:108778791><>" changed cvar (cvar "host_timescale") (value "1.2")
L 08/24/2021 - 03:38:01: [basecommands.smx] "ᴇᴠʌı<4><STEAM_1:0:108778791><>" changed cvar (cvar "host_timescale") (value "0.2")
L 08/24/2021 - 03:38:13: [basecommands.smx] "ᴇᴠʌı<4><STEAM_1:0:108778791><>" changed cvar (cvar "host_timescale") (value "1.2")
L 08/24/2021 - 03:38:13: [basecommands.smx] "ᴇᴠʌı<4><STEAM_1:0:108778791><>" changed cvar (cvar "host_timescale") (value "0.2")
L 08/24/2021 - 03:38:20: [basecommands.smx] "ᴇᴠʌı<4><STEAM_1:0:108778791><>" changed cvar (cvar "host_timescale") (value "1.2")
L 08/24/2021 - 03:38:25: [basecommands.smx] "ᴇᴠʌı<4><STEAM_1:0:108778791><>" changed cvar (cvar "host_timescale") (value "1")
L 08/24/2021 - 03:44:55: [basecommands.smx] "ᴇᴠʌı<4><STEAM_1:0:108778791><>" changed cvar (cvar "host_timescale") (value "0.2")
L 08/24/2021 - 03:45:01: [basecommands.smx] "ᴇᴠʌı<4><STEAM_1:0:108778791><>" changed cvar (cvar "host_timescale") (value "1")
L 08/24/2021 - 03:45:05: [basecommands.smx] "ᴇᴠʌı<4><STEAM_1:0:108778791><>" changed cvar (cvar "host_timescale") (value "0.2")
L 08/24/2021 - 03:45:11: [basecommands.smx] "ᴇᴠʌı<4><STEAM_1:0:108778791><>" changed cvar (cvar "host_timescale") (value "1")
L 08/24/2021 - 03:45:12: [basecommands.smx] "ᴇᴠʌı<4><STEAM_1:0:108778791><>" changed cvar (cvar "host_timescale") (value "0.2")
L 08/24/2021 - 03:45:18: [basecommands.smx] "ᴇᴠʌı<4><STEAM_1:0:108778791><>" changed cvar (cvar "host_timescale") (value "1")
L 08/24/2021 - 03:45:24: [basecommands.smx] "ᴇᴠʌı<4><STEAM_1:0:108778791><>" changed cvar (cvar "host_timescale") (value "0.2v")
L 08/24/2021 - 03:45:31: [basecommands.smx] "ᴇᴠʌı<4><STEAM_1:0:108778791><>" changed cvar (cvar "host_timescale") (value "1")
L 08/24/2021 - 03:45:32: [basecommands.smx] "ᴇᴠʌı<4><STEAM_1:0:108778791><>" changed cvar (cvar "host_timescale") (value "0.2")
L 08/24/2021 - 03:45:37: [basecommands.smx] "ᴇᴠʌı<4><STEAM_1:0:108778791><>" changed cvar (cvar "host_timescale") (value "1")
L 08/24/2021 - 03:45:49: [basecommands.smx] "ᴇᴠʌı<4><STEAM_1:0:108778791><>" changed cvar (cvar "htf_coefp") (value "2")
L 08/24/2021 - 03:45:51: [basecommands.smx] "ᴇᴠʌı<4><STEAM_1:0:108778791><>" changed cvar (cvar "htf_coefp") (value "2.0")
L 08/24/2021 - 03:45:53: [basecommands.smx] "ᴇᴠʌı<4><STEAM_1:0:108778791><>" changed cvar (cvar "host_timescale") (value "0.2")
L 08/24/2021 - 03:46:01: [basecommands.smx] "ᴇᴠʌı<4><STEAM_1:0:108778791><>" changed cvar (cvar "host_timescale") (value "1")
L 08/24/2021 - 03:46:04: [basecommands.smx] "ᴇᴠʌı<4><STEAM_1:0:108778791><>" changed cvar (cvar "host_timescale") (value "0.2")
L 08/24/2021 - 03:46:11: [basecommands.smx] "ᴇᴠʌı<4><STEAM_1:0:108778791><>" changed cvar (cvar "host_timescale") (value "1")
L 08/24/2021 - 03:46:12: [basecommands.smx] "ᴇᴠʌı<4><STEAM_1:0:108778791><>" changed cvar (cvar "host_timescale") (value "0.2")
L 08/24/2021 - 03:46:18: [basecommands.smx] "ᴇᴠʌı<4><STEAM_1:0:108778791><>" changed cvar (cvar "host_timescale") (value "1")
L 08/24/2021 - 03:46:18: [basecommands.smx] "ᴇᴠʌı<4><STEAM_1:0:108778791><>" changed cvar (cvar "host_timescale") (value "0.2")
L 08/24/2021 - 03:46:24: [basecommands.smx] "ᴇᴠʌı<4><STEAM_1:0:108778791><>" changed cvar (cvar "host_timescale") (value "1")
L 08/24/2021 - 03:46:28: [basecommands.smx] "ᴇᴠʌı<4><STEAM_1:0:108778791><>" changed cvar (cvar "host_timescale") (value "0.2")
L 08/24/2021 - 03:46:30: [basecommands.smx] "ᴇᴠʌı<4><STEAM_1:0:108778791><>" changed cvar (cvar "host_timescale") (value "0.1")
L 08/24/2021 - 03:46:37: [basecommands.smx] "ᴇᴠʌı<4><STEAM_1:0:108778791><>" changed cvar (cvar "host_timescale") (value "1")
L 08/24/2021 - 03:46:39: [basecommands.smx] "ᴇᴠʌı<4><STEAM_1:0:108778791><>" changed cvar (cvar "host_timescale") (value "0.2")
L 08/24/2021 - 03:46:41: [basecommands.smx] "ᴇᴠʌı<4><STEAM_1:0:108778791><>" changed cvar (cvar "host_timescale") (value "0.1")
L 08/24/2021 - 03:46:47: [basecommands.smx] "ᴇᴠʌı<4><STEAM_1:0:108778791><>" changed cvar (cvar "host_timescale") (value "1")
L 08/24/2021 - 03:46:55: [basecommands.smx] "ᴇᴠʌı<4><STEAM_1:0:108778791><>" changed cvar (cvar "host_timescale") (value "0.3")
L 08/24/2021 - 03:46:56: [basecommands.smx] "ᴇᴠʌı<4><STEAM_1:0:108778791><>" changed cvar (cvar "host_timescale") (value "0.1")
L 08/24/2021 - 03:47:00: [basecommands.smx] "ᴇᴠʌı<4><STEAM_1:0:108778791><>" changed cvar (cvar "host_timescale") (value "0.4")
L 08/24/2021 - 03:47:04: [basecommands.smx] "ᴇᴠʌı<4><STEAM_1:0:108778791><>" changed cvar (cvar "host_timescale") (value "0.3")
L 08/24/2021 - 03:47:07: [basecommands.smx] "ᴇᴠʌı<4><STEAM_1:0:108778791><>" changed cvar (cvar "host_timescale") (value "0.05")
L 08/24/2021 - 03:47:10: [basecommands.smx] "ᴇᴠʌı<4><STEAM_1:0:108778791><>" changed cvar (cvar "host_timescale") (value "1")
L 08/24/2021 - 03:47:12: [basecommands.smx] "ᴇᴠʌı<4><STEAM_1:0:108778791><>" changed cvar (cvar "host_timescale") (value "0.3")
L 08/24/2021 - 03:47:15: [basecommands.smx] "ᴇᴠʌı<4><STEAM_1:0:108778791><>" changed cvar (cvar "host_timescale") (value "0.05")
L 08/24/2021 - 03:47:19: [basecommands.smx] "ᴇᴠʌı<4><STEAM_1:0:108778791><>" changed cvar (cvar "host_timescale") (value "1")
L 08/24/2021 - 03:47:20: [basecommands.smx] "ᴇᴠʌı<4><STEAM_1:0:108778791><>" changed cvar (cvar "host_timescale") (value "0.3")
L 08/24/2021 - 03:47:23: [basecommands.smx] "ᴇᴠʌı<4><STEAM_1:0:108778791><>" changed cvar (cvar "host_timescale") (value "0.05")
L 08/24/2021 - 03:47:28: [basecommands.smx] "ᴇᴠʌı<4><STEAM_1:0:108778791><>" changed cvar (cvar "host_timescale") (value "1")
L 08/24/2021 - 03:47:29: [basecommands.smx] "ᴇᴠʌı<4><STEAM_1:0:108778791><>" changed cvar (cvar "host_timescale") (value "0.3")
L 08/24/2021 - 03:47:32: [basecommands.smx] "ᴇᴠʌı<4><STEAM_1:0:108778791><>" changed cvar (cvar "host_timescale") (value "0.05")
L 08/24/2021 - 03:47:36: [basecommands.smx] "ᴇᴠʌı<4><STEAM_1:0:108778791><>" changed cvar (cvar "host_timescale") (value "0.3")
L 08/24/2021 - 03:47:39: [basecommands.smx] "ᴇᴠʌı<4><STEAM_1:0:108778791><>" changed cvar (cvar "host_timescale") (value "1")
L 08/24/2021 - 03:48:15: [basecommands.smx] "ᴇᴠʌı<4><STEAM_1:0:108778791><>" changed cvar (cvar "htf_type") (value "1")
L 08/24/2021 - 03:48:17: [basecommands.smx] "ᴇᴠʌı<4><STEAM_1:0:108778791><>" changed cvar (cvar "host_timescale") (value "0.3")
L 08/24/2021 - 03:48:19: [basecommands.smx] "ᴇᴠʌı<4><STEAM_1:0:108778791><>" changed cvar (cvar "host_timescale") (value "1.3")
L 08/24/2021 - 03:48:20: [basecommands.smx] "ᴇᴠʌı<4><STEAM_1:0:108778791><>" changed cvar (cvar "host_timescale") (value "0.3")
L 08/24/2021 - 03:48:26: [basecommands.smx] "ᴇᴠʌı<4><STEAM_1:0:108778791><>" changed cvar (cvar "host_timescale") (value "1")
L 08/24/2021 - 03:48:27: [basecommands.smx] "ᴇᴠʌı<4><STEAM_1:0:108778791><>" changed cvar (cvar "host_timescale") (value "0.3")
L 08/24/2021 - 03:48:29: [basecommands.smx] "ᴇᴠʌı<4><STEAM_1:0:108778791><>" changed cvar (cvar "host_timescale") (value "0.05")
L 08/24/2021 - 03:48:33: [basecommands.smx] "ᴇᴠʌı<4><STEAM_1:0:108778791><>" changed cvar (cvar "host_timescale") (value "1")
L 08/24/2021 - 03:48:34: [basecommands.smx] "ᴇᴠʌı<4><STEAM_1:0:108778791><>" changed cvar (cvar "host_timescale") (value "0.3")
L 08/24/2021 - 03:48:42: [basecommands.smx] "ᴇᴠʌı<4><STEAM_1:0:108778791><>" changed cvar (cvar "host_timescale") (value "0.05")
L 08/24/2021 - 03:48:45: [basecommands.smx] "ᴇᴠʌı<4><STEAM_1:0:108778791><>" changed cvar (cvar "host_timescale") (value "1")
L 08/24/2021 - 03:49:12: [basecommands.smx] "ᴇᴠʌı<4><STEAM_1:0:108778791><>" changed cvar (cvar "htf_coefv") (value "1.0")
L 08/24/2021 - 03:49:15: [basecommands.smx] "ᴇᴠʌı<4><STEAM_1:0:108778791><>" changed cvar (cvar "host_timescale") (value "0.3")
L 08/24/2021 - 03:49:19: [basecommands.smx] "ᴇᴠʌı<4><STEAM_1:0:108778791><>" changed cvar (cvar "host_timescale") (value "1")
L 08/24/2021 - 03:49:20: [basecommands.smx] "ᴇᴠʌı<4><STEAM_1:0:108778791><>" changed cvar (cvar "host_timescale") (value "0.3")
L 08/24/2021 - 03:49:52: [basecommands.smx] "ᴇᴠʌı<4><STEAM_1:0:108778791><>" changed cvar (cvar "host_timescale") (value "1")
L 08/24/2021 - 03:49:57: [basecommands.smx] "ᴇᴠʌı<4><STEAM_1:0:108778791><>" changed cvar (cvar "host_timescale") (value "0.3")
L 08/24/2021 - 03:50:01: [basecommands.smx] "ᴇᴠʌı<4><STEAM_1:0:108778791><>" changed cvar (cvar "host_timescale") (value "1")
L 08/24/2021 - 03:50:13: [basecommands.smx] "ᴇᴠʌı<4><STEAM_1:0:108778791><>" changed cvar (cvar "host_timescale") (value "0.3")
L 08/24/2021 - 03:50:17: [basecommands.smx] "ᴇᴠʌı<4><STEAM_1:0:108778791><>" changed cvar (cvar "host_timescale") (value "0.3")
L 08/24/2021 - 03:50:21: [basecommands.smx] "ᴇᴠʌı<4><STEAM_1:0:108778791><>" changed cvar (cvar "host_timescale") (value "0.0-5")
L 08/24/2021 - 03:50:42: Log file closed.
L 08/24/2021 - 03:51:01: SourceMod log file session started (file "/home/container/csgo/addons/sourcemod/logs/L20210824.log") (Version "1.10.0.6510")
L 08/24/2021 - 03:51:01: [dm_trick.smx]  SUCCESS db_connect()
L 08/24/2021 - 03:51:25: -------- Mapchange to surf_trick_gxd --------
L 08/24/2021 - 03:51:38: -------- Mapchange to surf_trick_gxd --------
L 08/24/2021 - 03:51:46: -------- Mapchange to surf_trick_gxd --------
L 08/24/2021 - 03:52:06: [basecommands.smx] "ᴇᴠʌı<2><STEAM_1:0:108778791><>" changed map to "surf_skyworld"
L 08/24/2021 - 03:52:09: [SM] Changed map to "surf_skyworld"
L 08/24/2021 - 03:52:10: -------- Mapchange to surf_skyworld_nf --------
L 08/24/2021 - 03:52:48: [basecommands.smx] "ᴇᴠʌı<2><STEAM_1:0:108778791><>" changed cvar (cvar "sv_cheats") (value "1")
L 08/24/2021 - 03:53:06: [basecommands.smx] "ᴇᴠʌı<2><STEAM_1:0:108778791><>" changed cvar (cvar "host_timescale") (value "0.2")
L 08/24/2021 - 03:53:07: [basecommands.smx] "ᴇᴠʌı<2><STEAM_1:0:108778791><>" changed cvar (cvar "host_timescale") (value "1")
L 08/24/2021 - 03:53:13: [basecommands.smx] "ᴇᴠʌı<2><STEAM_1:0:108778791><>" changed cvar (cvar "htf_size") (value "30")
L 08/24/2021 - 03:53:21: [basecommands.smx] "ᴇᴠʌı<2><STEAM_1:0:108778791><>" changed cvar (cvar "htf_coefv") (value "0.6")
L 08/24/2021 - 03:53:29: [basecommands.smx] "ᴇᴠʌı<2><STEAM_1:0:108778791><>" changed cvar (cvar "host_timescale") (value "0.3")
L 08/24/2021 - 03:53:31: [basecommands.smx] "ᴇᴠʌı<2><STEAM_1:0:108778791><>" changed cvar (cvar "host_timescale") (value "0.05")
L 08/24/2021 - 03:53:35: [basecommands.smx] "ᴇᴠʌı<2><STEAM_1:0:108778791><>" changed cvar (cvar "host_timescale") (value "1")
L 08/24/2021 - 03:53:40: [basecommands.smx] "ᴇᴠʌı<2><STEAM_1:0:108778791><>" changed cvar (cvar "host_timescale") (value "0.3")
L 08/24/2021 - 03:53:44: [basecommands.smx] "ᴇᴠʌı<2><STEAM_1:0:108778791><>" changed cvar (cvar "host_timescale") (value "0.05")
L 08/24/2021 - 03:53:48: [basecommands.smx] "ᴇᴠʌı<2><STEAM_1:0:108778791><>" changed cvar (cvar "host_timescale") (value "1")
L 08/24/2021 - 03:53:55: [basecommands.smx] "ᴇᴠʌı<2><STEAM_1:0:108778791><>" changed cvar (cvar "htf_type") (value "1")
L 08/24/2021 - 03:53:57: [basecommands.smx] "ᴇᴠʌı<2><STEAM_1:0:108778791><>" changed cvar (cvar "host_timescale") (value "0.3")
L 08/24/2021 - 03:54:01: [basecommands.smx] "ᴇᴠʌı<2><STEAM_1:0:108778791><>" changed cvar (cvar "host_timescale") (value "0.05")
L 08/24/2021 - 03:54:05: [basecommands.smx] "ᴇᴠʌı<2><STEAM_1:0:108778791><>" changed cvar (cvar "host_timescale") (value "1")
L 08/24/2021 - 03:54:07: [basecommands.smx] "ᴇᴠʌı<2><STEAM_1:0:108778791><>" changed cvar (cvar "host_timescale") (value "0.3")
L 08/24/2021 - 03:54:11: [basecommands.smx] "ᴇᴠʌı<2><STEAM_1:0:108778791><>" changed cvar (cvar "host_timescale") (value "0.05")
L 08/24/2021 - 03:54:15: [basecommands.smx] "ᴇᴠʌı<2><STEAM_1:0:108778791><>" changed cvar (cvar "host_timescale") (value "0.3")
L 08/24/2021 - 03:54:16: [basecommands.smx] "ᴇᴠʌı<2><STEAM_1:0:108778791><>" changed cvar (cvar "host_timescale") (value "1")
L 08/24/2021 - 03:54:17: [basecommands.smx] "ᴇᴠʌı<2><STEAM_1:0:108778791><>" changed cvar (cvar "host_timescale") (value "0.3")
L 08/24/2021 - 03:54:23: [basecommands.smx] "ᴇᴠʌı<2><STEAM_1:0:108778791><>" changed cvar (cvar "host_timescale") (value "0.05")
L 08/24/2021 - 03:54:28: [basecommands.smx] "ᴇᴠʌı<2><STEAM_1:0:108778791><>" changed cvar (cvar "host_timescale") (value "1")
L 08/24/2021 - 03:54:31: [basecommands.smx] "ᴇᴠʌı<2><STEAM_1:0:108778791><>" changed cvar (cvar "htf_coefv") (value "0.7")
L 08/24/2021 - 03:54:33: [basecommands.smx] "ᴇᴠʌı<2><STEAM_1:0:108778791><>" changed cvar (cvar "host_timescale") (value "0.3")
L 08/24/2021 - 03:54:37: [basecommands.smx] "ᴇᴠʌı<2><STEAM_1:0:108778791><>" changed cvar (cvar "host_timescale") (value "0.05")
L 08/24/2021 - 03:54:43: [basecommands.smx] "ᴇᴠʌı<2><STEAM_1:0:108778791><>" changed cvar (cvar "host_timescale") (value "1")
L 08/24/2021 - 03:54:52: [basecommands.smx] "ᴇᴠʌı<2><STEAM_1:0:108778791><>" changed cvar (cvar "host_timescale") (value "0.3")
L 08/24/2021 - 03:54:55: [basecommands.smx] "ᴇᴠʌı<2><STEAM_1:0:108778791><>" changed cvar (cvar "host_timescale") (value "0.05")
L 08/24/2021 - 03:55:01: [basecommands.smx] "ᴇᴠʌı<2><STEAM_1:0:108778791><>" changed cvar (cvar "host_timescale") (value "1")
L 08/24/2021 - 03:55:02: [basecommands.smx] "ᴇᴠʌı<2><STEAM_1:0:108778791><>" changed cvar (cvar "host_timescale") (value "0.3")
L 08/24/2021 - 03:55:10: [basecommands.smx] "ᴇᴠʌı<2><STEAM_1:0:108778791><>" changed cvar (cvar "host_timescale") (value "0.3")
L 08/24/2021 - 03:55:12: [basecommands.smx] "ᴇᴠʌı<2><STEAM_1:0:108778791><>" changed cvar (cvar "host_timescale") (value "0.4")
L 08/24/2021 - 03:55:13: [basecommands.smx] "ᴇᴠʌı<2><STEAM_1:0:108778791><>" changed cvar (cvar "host_timescale") (value "0.05")
L 08/24/2021 - 03:55:15: [basecommands.smx] "ᴇᴠʌı<2><STEAM_1:0:108778791><>" changed cvar (cvar "host_timescale") (value "0.4")
L 08/24/2021 - 03:55:15: [basecommands.smx] "ᴇᴠʌı<2><STEAM_1:0:108778791><>" changed cvar (cvar "host_timescale") (value "0.05")
L 08/24/2021 - 03:55:19: [basecommands.smx] "ᴇᴠʌı<2><STEAM_1:0:108778791><>" changed cvar (cvar "host_timescale") (value "0.4")
L 08/24/2021 - 03:55:26: [basecommands.smx] "ᴇᴠʌı<2><STEAM_1:0:108778791><>" changed cvar (cvar "host_timescale") (value "0.3")
L 08/24/2021 - 03:55:31: [basecommands.smx] "ᴇᴠʌı<2><STEAM_1:0:108778791><>" changed cvar (cvar "host_timescale") (value "1")
L 08/24/2021 - 03:55:35: [basecommands.smx] "ᴇᴠʌı<2><STEAM_1:0:108778791><>" changed cvar (cvar "host_timescale") (value "0.3")
L 08/24/2021 - 03:55:55: [basecommands.smx] "ᴇᴠʌı<2><STEAM_1:0:108778791><>" changed cvar (cvar "host_timescale") (value "1")
L 08/24/2021 - 03:56:00: [basecommands.smx] "ᴇᴠʌı<2><STEAM_1:0:108778791><>" changed cvar (cvar "host_timescale") (value "0.3")
L 08/24/2021 - 03:56:49: [basecommands.smx] "ᴇᴠʌı<2><STEAM_1:0:108778791><>" changed cvar (cvar "htf_coefv") (value "1.0")
L 08/24/2021 - 03:57:11: [basecommands.smx] "ᴇᴠʌı<2><STEAM_1:0:108778791><>" changed cvar (cvar "htf_coefv") (value "1.5")
L 08/24/2021 - 03:58:04: [basecommands.smx] "ᴇᴠʌı<2><STEAM_1:0:108778791><>" changed cvar (cvar "sv_noclipspeed") (value "14")
L 08/24/2021 - 03:58:10: [basecommands.smx] "ᴇᴠʌı<2><STEAM_1:0:108778791><>" changed cvar (cvar "sv_noclipspeed") (value "15")
L 08/24/2021 - 03:58:14: [basecommands.smx] "ᴇᴠʌı<2><STEAM_1:0:108778791><>" changed cvar (cvar "sv_noclipspeed") (value "20")
L 08/24/2021 - 03:59:11: [basecommands.smx] "ᴇᴠʌı<2><STEAM_1:0:108778791><>" changed cvar (cvar "htf_coefv") (value "0.5")
L 08/24/2021 - 03:59:17: [basecommands.smx] "ᴇᴠʌı<2><STEAM_1:0:108778791><>" changed cvar (cvar "host_timescale") (value "1")
L 08/24/2021 - 03:59:54: [basecommands.smx] "ᴇᴠʌı<2><STEAM_1:0:108778791><>" changed map to "surf_trick_gxd"
L 08/24/2021 - 03:59:57: [SM] Changed map to "surf_trick_gxd"
L 08/24/2021 - 03:59:58: -------- Mapchange to surf_trick_gxd --------
L 08/24/2021 - 04:06:48: [basecommands.smx] "ᴇᴠʌı<2><STEAM_1:0:108778791><>" changed map to "surf_trick_gxd"
L 08/24/2021 - 04:06:51: [SM] Changed map to "surf_trick_gxd"
L 08/24/2021 - 04:06:52: -------- Mapchange to surf_trick_gxd --------
L 08/24/2021 - 04:24:38: [basecommands.smx] "ᴇᴠʌı<2><STEAM_1:0:108778791><>" changed cvar (cvar "host_timescale") (value "0.05")
L 08/24/2021 - 04:24:40: [basecommands.smx] "ᴇᴠʌı<2><STEAM_1:0:108778791><>" changed cvar (cvar "host_timescale") (value "1")
L 08/24/2021 - 04:25:08: [basecommands.smx] "ᴇᴠʌı<2><STEAM_1:0:108778791><>" changed cvar (cvar "host_timescale") (value "0.05")
L 08/24/2021 - 04:25:13: [basecommands.smx] "ᴇᴠʌı<2><STEAM_1:0:108778791><>" changed cvar (cvar "host_timescale") (value "1")
L 08/24/2021 - 04:26:20: [basecommands.smx] "ᴇᴠʌı<2><STEAM_1:0:108778791><>" changed cvar (cvar "host_timescale") (value "0.3")
L 08/24/2021 - 04:26:26: [basecommands.smx] "ᴇᴠʌı<2><STEAM_1:0:108778791><>" changed cvar (cvar "host_timescale") (value "1")
L 08/24/2021 - 04:26:43: [basecommands.smx] "ᴇᴠʌı<2><STEAM_1:0:108778791><>" changed cvar (cvar "host_timescale") (value "0.01")
L 08/24/2021 - 04:26:48: [basecommands.smx] "ᴇᴠʌı<2><STEAM_1:0:108778791><>" changed cvar (cvar "host_timescale") (value "1")
L 08/24/2021 - 04:30:58: [basecommands.smx] "ᴇᴠʌı<2><STEAM_1:0:108778791><>" changed cvar (cvar "host_timescale") (value "0.3")
L 08/24/2021 - 04:31:00: [basecommands.smx] "ᴇᴠʌı<2><STEAM_1:0:108778791><>" changed cvar (cvar "host_timescale") (value "1")
L 08/24/2021 - 04:31:21: [basecommands.smx] "ᴇᴠʌı<2><STEAM_1:0:108778791><>" changed cvar (cvar "host_timescale") (value "0.05")
L 08/24/2021 - 04:31:31: [basecommands.smx] "ᴇᴠʌı<2><STEAM_1:0:108778791><>" changed cvar (cvar "host_timescale") (value "1")
L 08/24/2021 - 04:31:36: [basecommands.smx] "ᴇᴠʌı<2><STEAM_1:0:108778791><>" changed cvar (cvar "host_timescale") (value "0.05")
L 08/24/2021 - 04:31:41: [basecommands.smx] "ᴇᴠʌı<2><STEAM_1:0:108778791><>" changed cvar (cvar "host_timescale") (value "1")
L 08/24/2021 - 04:32:19: [basecommands.smx] "ᴇᴠʌı<2><STEAM_1:0:108778791><>" changed cvar (cvar "host_timescale") (value "0.05")
L 08/24/2021 - 04:32:24: [basecommands.smx] "ᴇᴠʌı<2><STEAM_1:0:108778791><>" changed cvar (cvar "host_timescale") (value "1")
L 08/24/2021 - 04:32:33: [basecommands.smx] "ᴇᴠʌı<2><STEAM_1:0:108778791><>" changed cvar (cvar "host_timescale") (value "0.05")
L 08/24/2021 - 04:32:36: [basecommands.smx] "ᴇᴠʌı<2><STEAM_1:0:108778791><>" changed cvar (cvar "host_timescale") (value "1")
L 08/24/2021 - 04:32:38: [basecommands.smx] "ᴇᴠʌı<2><STEAM_1:0:108778791><>" changed cvar (cvar "host_timescale") (value "0.05")
L 08/24/2021 - 04:32:40: [basecommands.smx] "ᴇᴠʌı<2><STEAM_1:0:108778791><>" changed cvar (cvar "host_timescale") (value "1")
L 08/24/2021 - 04:32:56: [basecommands.smx] "ᴇᴠʌı<2><STEAM_1:0:108778791><>" changed cvar (cvar "host_timescale") (value "0.001")
L 08/24/2021 - 04:33:06: [basecommands.smx] "ᴇᴠʌı<2><STEAM_1:0:108778791><>" changed cvar (cvar "host_timescale") (value "1")
L 08/24/2021 - 04:33:13: [basecommands.smx] "ᴇᴠʌı<2><STEAM_1:0:108778791><>" changed cvar (cvar "host_timescale") (value "0.01")
L 08/24/2021 - 04:33:15: [basecommands.smx] "ᴇᴠʌı<2><STEAM_1:0:108778791><>" changed cvar (cvar "host_timescale") (value "1")
L 08/24/2021 - 04:33:20: [basecommands.smx] "ᴇᴠʌı<2><STEAM_1:0:108778791><>" changed cvar (cvar "host_timescale") (value "0.01")
L 08/24/2021 - 04:33:24: [basecommands.smx] "ᴇᴠʌı<2><STEAM_1:0:108778791><>" changed cvar (cvar "host_timescale") (value "1")
L 08/24/2021 - 04:33:41: [basecommands.smx] "ᴇᴠʌı<2><STEAM_1:0:108778791><>" changed cvar (cvar "host_timescale") (value "0.01")
L 08/24/2021 - 04:33:44: [basecommands.smx] "ᴇᴠʌı<2><STEAM_1:0:108778791><>" changed cvar (cvar "host_timescale") (value "1")
L 08/24/2021 - 04:35:35: [basecommands.smx] "ᴇᴠʌı<2><STEAM_1:0:108778791><>" changed map to "surf_skyworld"
L 08/24/2021 - 04:35:38: [SM] Changed map to "surf_skyworld"
L 08/24/2021 - 04:35:38: -------- Mapchange to surf_skyworld_nf --------
L 08/24/2021 - 04:36:23: [basecommands.smx] "ᴇᴠʌı<2><STEAM_1:0:108778791><>" changed cvar (cvar "sv_cheats") (value "1")
L 08/24/2021 - 04:36:29: [basecommands.smx] "ᴇᴠʌı<2><STEAM_1:0:108778791><>" changed cvar (cvar "host_timescale") (value "0.3")
L 08/24/2021 - 04:36:30: [basecommands.smx] "ᴇᴠʌı<2><STEAM_1:0:108778791><>" changed cvar (cvar "host_timescale") (value "0.05")
L 08/24/2021 - 04:36:33: [basecommands.smx] "ᴇᴠʌı<2><STEAM_1:0:108778791><>" changed cvar (cvar "host_timescale") (value "1")
L 08/24/2021 - 04:36:57: [basecommands.smx] "ᴇᴠʌı<2><STEAM_1:0:108778791><>" changed cvar (cvar "host_timescale") (value "0.3")
L 08/24/2021 - 04:36:58: [basecommands.smx] "ᴇᴠʌı<2><STEAM_1:0:108778791><>" changed cvar (cvar "host_timescale") (value "1")
L 08/24/2021 - 04:37:00: [basecommands.smx] "ᴇᴠʌı<2><STEAM_1:0:108778791><>" changed cvar (cvar "host_timescale") (value "0.3")
L 08/24/2021 - 04:37:09: [basecommands.smx] "ᴇᴠʌı<2><STEAM_1:0:108778791><>" changed cvar (cvar "host_timescale") (value "0.3")
L 08/24/2021 - 04:37:11: [basecommands.smx] "ᴇᴠʌı<2><STEAM_1:0:108778791><>" changed cvar (cvar "host_timescale") (value "1")
L 08/24/2021 - 04:37:18: [basecommands.smx] "ᴇᴠʌı<2><STEAM_1:0:108778791><>" changed cvar (cvar "host_timescale") (value "0.05")
L 08/24/2021 - 04:37:30: [basecommands.smx] "ᴇᴠʌı<2><STEAM_1:0:108778791><>" changed cvar (cvar "host_timescale") (value "1")
L 08/24/2021 - 04:37:50: [basecommands.smx] "ᴇᴠʌı<2><STEAM_1:0:108778791><>" changed cvar (cvar "host_timescale") (value "0.3")
L 08/24/2021 - 04:37:54: [basecommands.smx] "ᴇᴠʌı<2><STEAM_1:0:108778791><>" changed cvar (cvar "host_timescale") (value "1")
L 08/24/2021 - 04:39:11: [basecommands.smx] "ᴇᴠʌı<2><STEAM_1:0:108778791><>" changed cvar (cvar "host_timescale") (value "0.05")
L 08/24/2021 - 04:39:20: [basecommands.smx] "ᴇᴠʌı<2><STEAM_1:0:108778791><>" changed cvar (cvar "host_timescale") (value "1")
L 08/24/2021 - 04:40:41: [basecommands.smx] "ᴇᴠʌı<2><STEAM_1:0:108778791><>" changed cvar (cvar "host_timescale") (value "0.05")
L 08/24/2021 - 04:40:53: [basecommands.smx] "ᴇᴠʌı<2><STEAM_1:0:108778791><>" changed cvar (cvar "host_timescale") (value "1")
L 08/24/2021 - 04:40:59: [basecommands.smx] "ᴇᴠʌı<2><STEAM_1:0:108778791><>" changed cvar (cvar "host_timescale") (value "0.05")
L 08/24/2021 - 04:41:04: [basecommands.smx] "ᴇᴠʌı<2><STEAM_1:0:108778791><>" changed cvar (cvar "host_timescale") (value "1")
L 08/24/2021 - 04:41:09: [basecommands.smx] "ᴇᴠʌı<2><STEAM_1:0:108778791><>" changed cvar (cvar "host_timescale") (value "0.05")
L 08/24/2021 - 04:41:13: [basecommands.smx] "ᴇᴠʌı<2><STEAM_1:0:108778791><>" changed cvar (cvar "host_timescale") (value "1")
L 08/24/2021 - 04:41:22: [basecommands.smx] "ᴇᴠʌı<2><STEAM_1:0:108778791><>" changed cvar (cvar "host_timescale") (value "0.05")
L 08/24/2021 - 04:41:32: [basecommands.smx] "ᴇᴠʌı<2><STEAM_1:0:108778791><>" changed cvar (cvar "host_timescale") (value "1")
L 08/24/2021 - 04:45:07: [basecommands.smx] "ᴇᴠʌı<2><STEAM_1:0:108778791><>" changed cvar (cvar "host_timescale") (value "0.05")
L 08/24/2021 - 04:45:17: [basecommands.smx] "ᴇᴠʌı<2><STEAM_1:0:108778791><>" changed cvar (cvar "host_timescale") (value "1")
L 08/24/2021 - 04:46:21: [basecommands.smx] "ᴇᴠʌı<2><STEAM_1:0:108778791><>" changed cvar (cvar "host_timescale") (value "0.05")
L 08/24/2021 - 04:46:23: [basecommands.smx] "ᴇᴠʌı<2><STEAM_1:0:108778791><>" changed cvar (cvar "host_timescale") (value "1")
L 08/24/2021 - 04:46:53: [basecommands.smx] "ᴇᴠʌı<2><STEAM_1:0:108778791><>" changed cvar (cvar "host_timescale") (value "0.05")
L 08/24/2021 - 04:46:58: [basecommands.smx] "ᴇᴠʌı<2><STEAM_1:0:108778791><>" changed cvar (cvar "host_timescale") (value "1")
L 08/24/2021 - 04:47:19: [basecommands.smx] "ᴇᴠʌı<2><STEAM_1:0:108778791><>" changed cvar (cvar "host_timescale") (value "0.05")
L 08/24/2021 - 04:47:25: [basecommands.smx] "ᴇᴠʌı<2><STEAM_1:0:108778791><>" changed cvar (cvar "host_timescale") (value "1")
L 08/24/2021 - 04:49:46: [basecommands.smx] "ᴇᴠʌı<2><STEAM_1:0:108778791><>" changed cvar (cvar "host_timescale") (value "0.05")
L 08/24/2021 - 04:49:55: [basecommands.smx] "ᴇᴠʌı<2><STEAM_1:0:108778791><>" changed cvar (cvar "host_timescale") (value "1")
L 08/24/2021 - 04:51:08: [basecommands.smx] "ᴇᴠʌı<2><STEAM_1:0:108778791><>" changed cvar (cvar "htf_coefp") (value "3.0")
L 08/24/2021 - 04:51:13: [basecommands.smx] "ᴇᴠʌı<2><STEAM_1:0:108778791><>" changed cvar (cvar "host_timescale") (value "0.05")
L 08/24/2021 - 04:51:18: [basecommands.smx] "ᴇᴠʌı<2><STEAM_1:0:108778791><>" changed cvar (cvar "host_timescale") (value "1")
L 08/24/2021 - 04:51:40: [basecommands.smx] "ᴇᴠʌı<2><STEAM_1:0:108778791><>" changed cvar (cvar "htf_coefp") (value "3.4")
L 08/24/2021 - 04:51:44: [basecommands.smx] "ᴇᴠʌı<2><STEAM_1:0:108778791><>" changed cvar (cvar "host_timescale") (value "0.05")
L 08/24/2021 - 04:51:48: [basecommands.smx] "ᴇᴠʌı<2><STEAM_1:0:108778791><>" changed cvar (cvar "host_timescale") (value "1")
L 08/24/2021 - 04:51:53: [basecommands.smx] "ᴇᴠʌı<2><STEAM_1:0:108778791><>" changed cvar (cvar "host_timescale") (value "0.05")
L 08/24/2021 - 04:51:55: [basecommands.smx] "ᴇᴠʌı<2><STEAM_1:0:108778791><>" changed cvar (cvar "host_timescale") (value "1")
L 08/24/2021 - 04:51:59: [basecommands.smx] "ᴇᴠʌı<2><STEAM_1:0:108778791><>" changed cvar (cvar "host_timescale") (value "0.05")
L 08/24/2021 - 04:52:01: [basecommands.smx] "ᴇᴠʌı<2><STEAM_1:0:108778791><>" changed cvar (cvar "host_timescale") (value "1")
L 08/24/2021 - 04:52:04: [basecommands.smx] "ᴇᴠʌı<2><STEAM_1:0:108778791><>" changed cvar (cvar "host_timescale") (value "0.05")
L 08/24/2021 - 04:52:11: [basecommands.smx] "ᴇᴠʌı<2><STEAM_1:0:108778791><>" changed cvar (cvar "host_timescale") (value "1")
L 08/24/2021 - 04:52:27: [basecommands.smx] "ᴇᴠʌı<2><STEAM_1:0:108778791><>" changed cvar (cvar "host_timescale") (value "0.05")
L 08/24/2021 - 04:52:33: [basecommands.smx] "ᴇᴠʌı<2><STEAM_1:0:108778791><>" changed cvar (cvar "host_timescale") (value "1")
L 08/24/2021 - 04:52:38: [basecommands.smx] "ᴇᴠʌı<2><STEAM_1:0:108778791><>" changed cvar (cvar "host_timescale") (value "0.05")
L 08/24/2021 - 04:52:43: [basecommands.smx] "ᴇᴠʌı<2><STEAM_1:0:108778791><>" changed cvar (cvar "host_timescale") (value "1")
L 08/24/2021 - 04:52:50: [basecommands.smx] "ᴇᴠʌı<2><STEAM_1:0:108778791><>" changed cvar (cvar "htf_coefp") (value "4.0")
L 08/24/2021 - 04:52:52: [basecommands.smx] "ᴇᴠʌı<2><STEAM_1:0:108778791><>" changed cvar (cvar "host_timescale") (value "0.05")
L 08/24/2021 - 04:53:01: [basecommands.smx] "ᴇᴠʌı<2><STEAM_1:0:108778791><>" changed cvar (cvar "host_timescale") (value "1")
L 08/24/2021 - 04:53:08: [basecommands.smx] "ᴇᴠʌı<2><STEAM_1:0:108778791><>" changed cvar (cvar "host_timescale") (value "0.05")
L 08/24/2021 - 04:53:15: [basecommands.smx] "ᴇᴠʌı<2><STEAM_1:0:108778791><>" changed cvar (cvar "host_timescale") (value "1")
L 08/24/2021 - 04:53:27: [basecommands.smx] "ᴇᴠʌı<2><STEAM_1:0:108778791><>" changed cvar (cvar "host_timescale") (value "0.05")
L 08/24/2021 - 04:53:28: [basecommands.smx] "ᴇᴠʌı<2><STEAM_1:0:108778791><>" changed cvar (cvar "host_timescale") (value "1")
L 08/24/2021 - 04:53:29: [basecommands.smx] "ᴇᴠʌı<2><STEAM_1:0:108778791><>" changed cvar (cvar "host_timescale") (value "0.05")
L 08/24/2021 - 04:53:34: [basecommands.smx] "ᴇᴠʌı<2><STEAM_1:0:108778791><>" changed cvar (cvar "host_timescale") (value "1")
L 08/24/2021 - 04:53:47: [basecommands.smx] "ᴇᴠʌı<2><STEAM_1:0:108778791><>" changed cvar (cvar "htf_coefp") (value "5.0")
L 08/24/2021 - 04:53:56: [basecommands.smx] "ᴇᴠʌı<2><STEAM_1:0:108778791><>" changed cvar (cvar "host_timescale") (value "0.05")
L 08/24/2021 - 04:54:06: [basecommands.smx] "ᴇᴠʌı<2><STEAM_1:0:108778791><>" changed cvar (cvar "host_timescale") (value "1")
L 08/24/2021 - 04:54:10: [basecommands.smx] "ᴇᴠʌı<2><STEAM_1:0:108778791><>" changed cvar (cvar "host_timescale") (value "0.05")
L 08/24/2021 - 04:54:15: [basecommands.smx] "ᴇᴠʌı<2><STEAM_1:0:108778791><>" changed cvar (cvar "host_timescale") (value "1")
L 08/24/2021 - 04:54:18: [basecommands.smx] "ᴇᴠʌı<2><STEAM_1:0:108778791><>" changed cvar (cvar "host_timescale") (value "0.05")
L 08/24/2021 - 04:54:24: [basecommands.smx] "ᴇᴠʌı<2><STEAM_1:0:108778791><>" changed cvar (cvar "host_timescale") (value "1")
L 08/24/2021 - 04:54:42: [basecommands.smx] "ᴇᴠʌı<2><STEAM_1:0:108778791><>" changed cvar (cvar "host_timescale") (value "0.05")
L 08/24/2021 - 04:54:48: [basecommands.smx] "ᴇᴠʌı<2><STEAM_1:0:108778791><>" changed cvar (cvar "host_timescale") (value "1")
L 08/24/2021 - 04:54:50: [basecommands.smx] "ᴇᴠʌı<2><STEAM_1:0:108778791><>" changed cvar (cvar "htf_coefp") (value "6.0")
L 08/24/2021 - 04:54:54: [basecommands.smx] "ᴇᴠʌı<2><STEAM_1:0:108778791><>" changed cvar (cvar "host_timescale") (value "0.05")
L 08/24/2021 - 04:54:56: [basecommands.smx] "ᴇᴠʌı<2><STEAM_1:0:108778791><>" changed cvar (cvar "host_timescale") (value "1")
L 08/24/2021 - 04:54:58: [basecommands.smx] "ᴇᴠʌı<2><STEAM_1:0:108778791><>" changed cvar (cvar "host_timescale") (value "0.05")
L 08/24/2021 - 04:55:02: [basecommands.smx] "ᴇᴠʌı<2><STEAM_1:0:108778791><>" changed cvar (cvar "host_timescale") (value "1")
L 08/24/2021 - 04:55:20: [basecommands.smx] "ᴇᴠʌı<2><STEAM_1:0:108778791><>" changed cvar (cvar "host_timescale") (value "0.05")
L 08/24/2021 - 04:55:26: [basecommands.smx] "ᴇᴠʌı<2><STEAM_1:0:108778791><>" changed cvar (cvar "host_timescale") (value "1")
L 08/24/2021 - 04:56:25: [basecommands.smx] "ᴇᴠʌı<2><STEAM_1:0:108778791><>" changed cvar (cvar "sv_noclipspeed") (value "12")
L 08/24/2021 - 04:56:28: [basecommands.smx] "ᴇᴠʌı<2><STEAM_1:0:108778791><>" changed cvar (cvar "sv_noclipspeed") (value "5")
L 08/24/2021 - 04:56:30: [basecommands.smx] "ᴇᴠʌı<2><STEAM_1:0:108778791><>" changed cvar (cvar "sv_noclipspeed") (value "10")
L 08/24/2021 - 04:56:33: [basecommands.smx] "ᴇᴠʌı<2><STEAM_1:0:108778791><>" changed cvar (cvar "sv_noclipspeed") (value "8")
L 08/24/2021 - 04:56:40: [basecommands.smx] "ᴇᴠʌı<2><STEAM_1:0:108778791><>" changed cvar (cvar "host_timescale") (value "0.05")
L 08/24/2021 - 04:56:50: [basecommands.smx] "ᴇᴠʌı<2><STEAM_1:0:108778791><>" changed cvar (cvar "host_timescale") (value "1")
L 08/24/2021 - 04:57:07: [basecommands.smx] "ᴇᴠʌı<2><STEAM_1:0:108778791><>" changed cvar (cvar "host_timescale") (value "0.05")
L 08/24/2021 - 04:57:15: [basecommands.smx] "ᴇᴠʌı<2><STEAM_1:0:108778791><>" changed cvar (cvar "host_timescale") (value "1")
L 08/24/2021 - 04:57:37: [basecommands.smx] "ᴇᴠʌı<2><STEAM_1:0:108778791><>" changed cvar (cvar "htf_coefp") (value "5.5")
L 08/24/2021 - 04:57:40: [basecommands.smx] "ᴇᴠʌı<2><STEAM_1:0:108778791><>" changed cvar (cvar "host_timescale") (value "0.05")
L 08/24/2021 - 04:57:50: [basecommands.smx] "ᴇᴠʌı<2><STEAM_1:0:108778791><>" changed cvar (cvar "host_timescale") (value "1")
L 08/24/2021 - 04:58:56: [basecommands.smx] "ᴇᴠʌı<2><STEAM_1:0:108778791><>" changed cvar (cvar "htf_coefp") (value "5.5")
L 08/24/2021 - 04:59:03: [basecommands.smx] "ᴇᴠʌı<2><STEAM_1:0:108778791><>" changed cvar (cvar "host_timescale") (value "0.05")
L 08/24/2021 - 04:59:06: [basecommands.smx] "ᴇᴠʌı<2><STEAM_1:0:108778791><>" changed cvar (cvar "host_timescale") (value "1")
L 08/24/2021 - 04:59:12: [basecommands.smx] "ᴇᴠʌı<2><STEAM_1:0:108778791><>" changed cvar (cvar "host_timescale") (value "0.05")
L 08/24/2021 - 04:59:17: [basecommands.smx] "ᴇᴠʌı<2><STEAM_1:0:108778791><>" changed cvar (cvar "host_timescale") (value "1")
L 08/24/2021 - 05:09:34: [basecommands.smx] "ᴇᴠʌı<2><STEAM_1:0:108778791><>" changed map to "surf_trick_gxd"
L 08/24/2021 - 05:09:37: [SM] Changed map to "surf_trick_gxd"
L 08/24/2021 - 05:09:38: -------- Mapchange to surf_trick_gxd --------
L 08/24/2021 - 05:48:46: -------- Mapchange to surf_trick_gxd --------
L 08/24/2021 - 06:37:33: -------- Mapchange to surf_trick_gxd --------
L 08/24/2021 - 07:20:26: [basecommands.smx] "ᴇᴠʌı<10><STEAM_1:0:108778791><>" changed cvar (cvar "host_timescale") (value "0.1")
L 08/24/2021 - 07:20:59: [basecommands.smx] "ᴇᴠʌı<10><STEAM_1:0:108778791><>" changed cvar (cvar "host_timescale") (value "0.01")
L 08/24/2021 - 07:21:11: [basecommands.smx] "ᴇᴠʌı<10><STEAM_1:0:108778791><>" changed cvar (cvar "host_timescale") (value "0.1")
L 08/24/2021 - 07:21:13: [basecommands.smx] "ᴇᴠʌı<10><STEAM_1:0:108778791><>" changed cvar (cvar "host_timescale") (value "1")
L 08/24/2021 - 07:25:38: -------- Mapchange to surf_trick_gxd --------
L 08/24/2021 - 07:26:08: [basecommands.smx] "ᴇᴠʌı<10><STEAM_1:0:108778791><>" changed cvar (cvar "dm_strip") (value "0")
L 08/24/2021 - 07:28:28: [basecommands.smx] "ᴇᴠʌı<10><STEAM_1:0:108778791><>" changed cvar (cvar "sv_cheats") (value "1")
L 08/24/2021 - 07:28:42: [basecommands.smx] "ᴇᴠʌı<10><STEAM_1:0:108778791><>" changed cvar (cvar "sv_noclipspeed") (value "12")
L 08/24/2021 - 07:30:39: [basecommands.smx] "ᴇᴠʌı<10><STEAM_1:0:108778791><>" changed cvar (cvar "htf_coefp") (value "5.5")
L 08/24/2021 - 07:31:04: [basecommands.smx] "ᴇᴠʌı<10><STEAM_1:0:108778791><>" changed cvar (cvar "htf_coefp") (value "6.5")
L 08/24/2021 - 07:32:28: [basecommands.smx] "ᴇᴠʌı<10><STEAM_1:0:108778791><>" changed map to "surf_sky"
L 08/24/2021 - 07:32:31: [SM] Changed map to "surf_sky"
L 08/24/2021 - 07:32:31: -------- Mapchange to surf_skyworld_nf --------
L 08/24/2021 - 07:32:52: [basecommands.smx] "ᴇᴠʌı<10><STEAM_1:0:108778791><>" changed cvar (cvar "htf_coefp") (value "5.5")
L 08/24/2021 - 07:32:54: [basecommands.smx] "ᴇᴠʌı<10><STEAM_1:0:108778791><>" changed cvar (cvar "sv_cheats") (value "1")
L 08/24/2021 - 07:32:57: [basecommands.smx] "ᴇᴠʌı<10><STEAM_1:0:108778791><>" changed cvar (cvar "sv_noclipspeed") (value "12")
L 08/24/2021 - 07:33:49: [basecommands.smx] "ᴇᴠʌı<10><STEAM_1:0:108778791><>" changed cvar (cvar "host_timescale") (value "0.3")
L 08/24/2021 - 07:33:54: [basecommands.smx] "ᴇᴠʌı<10><STEAM_1:0:108778791><>" changed cvar (cvar "host_timescale") (value "1")
L 08/24/2021 - 07:34:05: [basecommands.smx] "ᴇᴠʌı<10><STEAM_1:0:108778791><>" changed cvar (cvar "host_timescale") (value "0.3")
L 08/24/2021 - 07:34:06: [basecommands.smx] "ᴇᴠʌı<10><STEAM_1:0:108778791><>" changed cvar (cvar "host_timescale") (value "1")
L 08/24/2021 - 07:34:08: [basecommands.smx] "ᴇᴠʌı<10><STEAM_1:0:108778791><>" changed cvar (cvar "host_timescale") (value "0.05")
L 08/24/2021 - 07:34:10: [basecommands.smx] "ᴇᴠʌı<10><STEAM_1:0:108778791><>" changed cvar (cvar "host_timescale") (value "1")
L 08/24/2021 - 07:34:12: [basecommands.smx] "ᴇᴠʌı<10><STEAM_1:0:108778791><>" changed cvar (cvar "host_timescale") (value "0.05")
L 08/24/2021 - 07:34:17: [basecommands.smx] "ᴇᴠʌı<10><STEAM_1:0:108778791><>" changed cvar (cvar "host_timescale") (value "1")
L 08/24/2021 - 07:34:19: [basecommands.smx] "ᴇᴠʌı<10><STEAM_1:0:108778791><>" changed cvar (cvar "host_timescale") (value "0.05")
L 08/24/2021 - 07:34:24: [basecommands.smx] "ᴇᴠʌı<10><STEAM_1:0:108778791><>" changed cvar (cvar "host_timescale") (value "1")
L 08/24/2021 - 07:34:25: [basecommands.smx] "ᴇᴠʌı<10><STEAM_1:0:108778791><>" changed cvar (cvar "host_timescale") (value "0.05")
L 08/24/2021 - 07:34:30: [basecommands.smx] "ᴇᴠʌı<10><STEAM_1:0:108778791><>" changed cvar (cvar "host_timescale") (value "1")
L 08/24/2021 - 07:34:32: [basecommands.smx] "ᴇᴠʌı<10><STEAM_1:0:108778791><>" changed cvar (cvar "host_timescale") (value "0.05")
L 08/24/2021 - 07:34:35: [basecommands.smx] "ᴇᴠʌı<10><STEAM_1:0:108778791><>" changed cvar (cvar "host_timescale") (value "1")
L 08/24/2021 - 07:34:37: [basecommands.smx] "ᴇᴠʌı<10><STEAM_1:0:108778791><>" changed cvar (cvar "host_timescale") (value "0.05")
L 08/24/2021 - 07:34:41: [basecommands.smx] "ᴇᴠʌı<10><STEAM_1:0:108778791><>" changed cvar (cvar "host_timescale") (value "1")
L 08/24/2021 - 07:34:43: [basecommands.smx] "ᴇᴠʌı<10><STEAM_1:0:108778791><>" changed cvar (cvar "host_timescale") (value "0.05")
L 08/24/2021 - 07:34:47: [basecommands.smx] "ᴇᴠʌı<10><STEAM_1:0:108778791><>" changed cvar (cvar "host_timescale") (value "1")
L 08/24/2021 - 07:34:48: [basecommands.smx] "ᴇᴠʌı<10><STEAM_1:0:108778791><>" changed cvar (cvar "host_timescale") (value "0.05")
L 08/24/2021 - 07:34:52: [basecommands.smx] "ᴇᴠʌı<10><STEAM_1:0:108778791><>" changed cvar (cvar "host_timescale") (value "1")
L 08/24/2021 - 07:34:53: [basecommands.smx] "ᴇᴠʌı<10><STEAM_1:0:108778791><>" changed cvar (cvar "host_timescale") (value "0.05")
L 08/24/2021 - 07:34:58: [basecommands.smx] "ᴇᴠʌı<10><STEAM_1:0:108778791><>" changed cvar (cvar "host_timescale") (value "1")
L 08/24/2021 - 07:35:01: [basecommands.smx] "ᴇᴠʌı<10><STEAM_1:0:108778791><>" changed cvar (cvar "host_timescale") (value "0.05")
L 08/24/2021 - 07:35:06: [basecommands.smx] "ᴇᴠʌı<10><STEAM_1:0:108778791><>" changed cvar (cvar "host_timescale") (value "1")
L 08/24/2021 - 07:35:07: [basecommands.smx] "ᴇᴠʌı<10><STEAM_1:0:108778791><>" changed cvar (cvar "host_timescale") (value "0.05")
L 08/24/2021 - 07:35:12: [basecommands.smx] "ᴇᴠʌı<10><STEAM_1:0:108778791><>" changed cvar (cvar "host_timescale") (value "1")
L 08/24/2021 - 07:35:17: [basecommands.smx] "ᴇᴠʌı<10><STEAM_1:0:108778791><>" changed cvar (cvar "htf_coefp") (value "7.5")
L 08/24/2021 - 07:35:18: [basecommands.smx] "ᴇᴠʌı<10><STEAM_1:0:108778791><>" changed cvar (cvar "host_timescale") (value "0.05")
L 08/24/2021 - 07:35:22: [basecommands.smx] "ᴇᴠʌı<10><STEAM_1:0:108778791><>" changed cvar (cvar "htf_coefp") (value "7.5")
L 08/24/2021 - 07:35:24: [basecommands.smx] "ᴇᴠʌı<10><STEAM_1:0:108778791><>" changed cvar (cvar "host_timescale") (value "1")
L 08/24/2021 - 07:35:25: [basecommands.smx] "ᴇᴠʌı<10><STEAM_1:0:108778791><>" changed cvar (cvar "host_timescale") (value "0.05")
L 08/24/2021 - 07:35:27: [basecommands.smx] "ᴇᴠʌı<10><STEAM_1:0:108778791><>" changed cvar (cvar "host_timescale") (value "1")
L 08/24/2021 - 07:35:28: [basecommands.smx] "ᴇᴠʌı<10><STEAM_1:0:108778791><>" changed cvar (cvar "host_timescale") (value "0.05")
L 08/24/2021 - 07:35:32: [basecommands.smx] "ᴇᴠʌı<10><STEAM_1:0:108778791><>" changed cvar (cvar "host_timescale") (value "1")
L 08/24/2021 - 07:35:35: [basecommands.smx] "ᴇᴠʌı<10><STEAM_1:0:108778791><>" changed cvar (cvar "host_timescale") (value "0.05")
L 08/24/2021 - 07:35:38: [basecommands.smx] "ᴇᴠʌı<10><STEAM_1:0:108778791><>" changed cvar (cvar "host_timescale") (value "1")
L 08/24/2021 - 07:35:40: [basecommands.smx] "ᴇᴠʌı<10><STEAM_1:0:108778791><>" changed cvar (cvar "host_timescale") (value "0.05")
L 08/24/2021 - 07:35:44: [basecommands.smx] "ᴇᴠʌı<10><STEAM_1:0:108778791><>" changed cvar (cvar "host_timescale") (value "1")
L 08/24/2021 - 07:35:46: [basecommands.smx] "ᴇᴠʌı<10><STEAM_1:0:108778791><>" changed cvar (cvar "host_timescale") (value "0.05")
L 08/24/2021 - 07:35:49: [basecommands.smx] "ᴇᴠʌı<10><STEAM_1:0:108778791><>" changed cvar (cvar "host_timescale") (value "1")
L 08/24/2021 - 07:35:56: [basecommands.smx] "ᴇᴠʌı<10><STEAM_1:0:108778791><>" changed cvar (cvar "htf_coefp") (value "1.0")
L 08/24/2021 - 07:36:06: [basecommands.smx] "ᴇᴠʌı<10><STEAM_1:0:108778791><>" changed cvar (cvar "host_timescale") (value "0.05")
L 08/24/2021 - 07:36:09: [basecommands.smx] "ᴇᴠʌı<10><STEAM_1:0:108778791><>" changed cvar (cvar "host_timescale") (value "1")
L 08/24/2021 - 07:36:10: [basecommands.smx] "ᴇᴠʌı<10><STEAM_1:0:108778791><>" changed cvar (cvar "host_timescale") (value "0.05")
L 08/24/2021 - 07:36:17: [basecommands.smx] "ᴇᴠʌı<10><STEAM_1:0:108778791><>" changed cvar (cvar "host_timescale") (value "1")
L 08/24/2021 - 07:36:19: [basecommands.smx] "ᴇᴠʌı<10><STEAM_1:0:108778791><>" changed cvar (cvar "host_timescale") (value "0.05")
L 08/24/2021 - 07:36:22: [basecommands.smx] "ᴇᴠʌı<10><STEAM_1:0:108778791><>" changed cvar (cvar "host_timescale") (value "1")
L 08/24/2021 - 07:36:26: [basecommands.smx] "ᴇᴠʌı<10><STEAM_1:0:108778791><>" changed cvar (cvar "host_timescale") (value "0.05")
L 08/24/2021 - 07:36:32: [basecommands.smx] "ᴇᴠʌı<10><STEAM_1:0:108778791><>" changed cvar (cvar "host_timescale") (value "1")
L 08/24/2021 - 07:37:10: [basecommands.smx] "ᴇᴠʌı<10><STEAM_1:0:108778791><>" changed cvar (cvar "host_timescale") (value "0.05")
L 08/24/2021 - 07:37:17: [basecommands.smx] "ᴇᴠʌı<10><STEAM_1:0:108778791><>" changed cvar (cvar "host_timescale") (value "1")
L 08/24/2021 - 07:37:46: [basecommands.smx] "ᴇᴠʌı<10><STEAM_1:0:108778791><>" changed cvar (cvar "host_timescale") (value "0.05")
L 08/24/2021 - 07:37:52: [basecommands.smx] "ᴇᴠʌı<10><STEAM_1:0:108778791><>" changed cvar (cvar "host_timescale") (value "1")
L 08/24/2021 - 07:37:56: [basecommands.smx] "ᴇᴠʌı<10><STEAM_1:0:108778791><>" changed cvar (cvar "host_timescale") (value "0.05")
L 08/24/2021 - 07:38:06: [basecommands.smx] "ᴇᴠʌı<10><STEAM_1:0:108778791><>" changed cvar (cvar "host_timescale") (value "1")
L 08/24/2021 - 07:38:18: [basecommands.smx] "ᴇᴠʌı<10><STEAM_1:0:108778791><>" kicked "Magnuf<13><STEAM_1:1:446098160><>" (reason "")
L 08/24/2021 - 07:38:19: [basecommands.smx] "ᴇᴠʌı<10><STEAM_1:0:108778791><>" kicked "haise<15><STEAM_1:1:615045981><>" (reason "")
L 08/24/2021 - 07:38:19: [basecommands.smx] "ᴇᴠʌı<10><STEAM_1:0:108778791><>" kicked "Desmond Doss<12><STEAM_1:0:86289364><>" (reason "")
L 08/24/2021 - 07:38:28: [basecommands.smx] "ᴇᴠʌı<10><STEAM_1:0:108778791><>" changed cvar (cvar "host_timescale") (value "0.05")
L 08/24/2021 - 07:38:31: [basecommands.smx] "ᴇᴠʌı<10><STEAM_1:0:108778791><>" changed cvar (cvar "host_timescale") (value "1")
L 08/24/2021 - 07:38:35: [basecommands.smx] "ᴇᴠʌı<10><STEAM_1:0:108778791><>" changed cvar (cvar "host_timescale") (value "0.05")
L 08/24/2021 - 07:38:41: [basecommands.smx] "ᴇᴠʌı<10><STEAM_1:0:108778791><>" changed cvar (cvar "host_timescale") (value "1")
L 08/24/2021 - 07:39:09: [basecommands.smx] "ᴇᴠʌı<10><STEAM_1:0:108778791><>" changed cvar (cvar "htf_coefp") (value "7.0")
L 08/24/2021 - 07:39:16: [basecommands.smx] "ᴇᴠʌı<10><STEAM_1:0:108778791><>" changed cvar (cvar "host_timescale") (value "0.05")
L 08/24/2021 - 07:39:30: [basecommands.smx] "ᴇᴠʌı<10><STEAM_1:0:108778791><>" changed cvar (cvar "host_timescale") (value "1")
L 08/24/2021 - 07:39:38: [basecommands.smx] "ᴇᴠʌı<10><STEAM_1:0:108778791><>" changed cvar (cvar "host_timescale") (value "0.05")
L 08/24/2021 - 07:39:51: [basecommands.smx] "ᴇᴠʌı<10><STEAM_1:0:108778791><>" changed cvar (cvar "host_timescale") (value "1")
L 08/24/2021 - 07:40:11: [basecommands.smx] "ᴇᴠʌı<10><STEAM_1:0:108778791><>" changed cvar (cvar "htf_coefp") (value "8.0")
L 08/24/2021 - 07:40:23: [basecommands.smx] "ᴇᴠʌı<10><STEAM_1:0:108778791><>" changed cvar (cvar "host_timescale") (value "0.05")
L 08/24/2021 - 07:40:34: [basecommands.smx] "ᴇᴠʌı<10><STEAM_1:0:108778791><>" changed cvar (cvar "host_timescale") (value "1")
L 08/24/2021 - 07:40:59: [basecommands.smx] "ᴇᴠʌı<10><STEAM_1:0:108778791><>" changed cvar (cvar "host_timescale") (value "0.05")
L 08/24/2021 - 07:41:07: [basecommands.smx] "ᴇᴠʌı<10><STEAM_1:0:108778791><>" changed cvar (cvar "host_timescale") (value "1")
L 08/24/2021 - 07:41:29: [basecommands.smx] "ᴇᴠʌı<10><STEAM_1:0:108778791><>" changed cvar (cvar "host_timescale") (value "0.05")
L 08/24/2021 - 07:41:34: [basecommands.smx] "ᴇᴠʌı<10><STEAM_1:0:108778791><>" changed cvar (cvar "host_timescale") (value "1")
L 08/24/2021 - 07:41:42: [basecommands.smx] "ᴇᴠʌı<10><STEAM_1:0:108778791><>" changed cvar (cvar "host_timescale") (value "0.05")
L 08/24/2021 - 07:41:52: [basecommands.smx] "ᴇᴠʌı<10><STEAM_1:0:108778791><>" changed cvar (cvar "host_timescale") (value "1")
L 08/24/2021 - 07:42:18: [basecommands.smx] "ᴇᴠʌı<10><STEAM_1:0:108778791><>" changed cvar (cvar "host_timescale") (value "0.7")
L 08/24/2021 - 07:42:59: [basecommands.smx] "ᴇᴠʌı<10><STEAM_1:0:108778791><>" changed cvar (cvar "host_timescale") (value "1")
L 08/24/2021 - 07:44:00: [basecommands.smx] "ᴇᴠʌı<10><STEAM_1:0:108778791><>" changed cvar (cvar "htf_type") (value "1.0")
L 08/24/2021 - 07:44:01: [basecommands.smx] "ᴇᴠʌı<10><STEAM_1:0:108778791><>" changed cvar (cvar "htf_type") (value "1")
L 08/24/2021 - 07:44:16: [basecommands.smx] "ᴇᴠʌı<10><STEAM_1:0:108778791><>" changed cvar (cvar "host_timescale") (value "0.7")
L 08/24/2021 - 07:45:36: [basecommands.smx] "ᴇᴠʌı<10><STEAM_1:0:108778791><>" changed cvar (cvar "htf_type") (value "0")
L 08/24/2021 - 07:46:00: [basecommands.smx] "ᴇᴠʌı<10><STEAM_1:0:108778791><>" changed cvar (cvar "host_timescale") (value "1")
L 08/24/2021 - 07:47:52: [basecommands.smx] "ᴇᴠʌı<10><STEAM_1:0:108778791><>" changed cvar (cvar "host_timescale") (value "0.3")
L 08/24/2021 - 07:47:55: [basecommands.smx] "ᴇᴠʌı<10><STEAM_1:0:108778791><>" changed cvar (cvar "host_timescale") (value "1")
L 08/24/2021 - 07:52:17: [basecommands.smx] "ᴇᴠʌı<10><STEAM_1:0:108778791><>" changed cvar (cvar "htf_type") (value "1")
L 08/24/2021 - 07:52:20: [basecommands.smx] "ᴇᴠʌı<10><STEAM_1:0:108778791><>" changed cvar (cvar "htf_type") (value "2")
L 08/24/2021 - 07:53:08: [basecommands.smx] "ᴇᴠʌı<10><STEAM_1:0:108778791><>" changed cvar (cvar "host_timescale") (value "0.7")
L 08/24/2021 - 07:56:05: [basecommands.smx] "ᴇᴠʌı<10><STEAM_1:0:108778791><>" changed cvar (cvar "host_timescale") (value "1")
L 08/24/2021 - 07:56:07: [basecommands.smx] "ᴇᴠʌı<10><STEAM_1:0:108778791><>" changed cvar (cvar "htf_type") (value "2")
L 08/24/2021 - 07:56:44: [basecommands.smx] "ᴇᴠʌı<10><STEAM_1:0:108778791><>" changed cvar (cvar "htf_type") (value "0")
L 08/24/2021 - 07:57:59: [basecommands.smx] "ᴇᴠʌı<10><STEAM_1:0:108778791><>" changed cvar (cvar "htf_coefv") (value "1.1")
L 08/24/2021 - 07:58:28: [basecommands.smx] "ᴇᴠʌı<10><STEAM_1:0:108778791><>" changed cvar (cvar "host_timescale") (value "0.7")
L 08/24/2021 - 07:58:45: [basecommands.smx] "ᴇᴠʌı<10><STEAM_1:0:108778791><>" changed cvar (cvar "host_timescale") (value "1")
L 08/24/2021 - 07:58:57: [basecommands.smx] "ᴇᴠʌı<10><STEAM_1:0:108778791><>" changed cvar (cvar "host_timescale") (value "0.7")
L 08/24/2021 - 07:59:00: [basecommands.smx] "ᴇᴠʌı<10><STEAM_1:0:108778791><>" changed cvar (cvar "host_timescale") (value "0.-5")
L 08/24/2021 - 07:59:15: Log file closed.
L 08/24/2021 - 07:59:32: SourceMod log file session started (file "/home/container/csgo/addons/sourcemod/logs/L20210824.log") (Version "1.10.0.6510")
L 08/24/2021 - 07:59:32: [dm_trick.smx]  SUCCESS db_connect()
L 08/24/2021 - 08:00:56: -------- Mapchange to surf_trick_gxd --------
L 08/24/2021 - 08:10:24: [basecommands.smx] "ᴇᴠʌı<2><STEAM_1:0:108778791><>" changed cvar (cvar "htf_type") (value "0")
L 08/24/2021 - 08:10:32: [basecommands.smx] "ᴇᴠʌı<2><STEAM_1:0:108778791><>" changed cvar (cvar "htf_size") (value "30")
L 08/24/2021 - 08:10:56: [basecommands.smx] "ᴇᴠʌı<2><STEAM_1:0:108778791><>" changed cvar (cvar "htf_type") (value "1")
L 08/24/2021 - 08:11:05: [basecommands.smx] "ᴇᴠʌı<2><STEAM_1:0:108778791><>" changed cvar (cvar "sv_cheats") (value "1")
L 08/24/2021 - 08:11:11: [basecommands.smx] "ᴇᴠʌı<2><STEAM_1:0:108778791><>" changed cvar (cvar "sv_noclipspeed") (value "12")
L 08/24/2021 - 08:11:38: [basecommands.smx] "ᴇᴠʌı<2><STEAM_1:0:108778791><>" changed cvar (cvar "dm_strip") (value "0")
L 08/24/2021 - 08:19:39: [basecommands.smx] "ᴇᴠʌı<2><STEAM_1:0:108778791><>" changed map to "surf_trick_gxd"
L 08/24/2021 - 08:19:42: [SM] Changed map to "surf_trick_gxd"
L 08/24/2021 - 08:19:43: -------- Mapchange to surf_trick_gxd --------
L 08/24/2021 - 08:19:53: [basecommands.smx] "ᴇᴠʌı<2><STEAM_1:0:108778791><>" changed cvar (cvar "htf_type") (value "1")
L 08/24/2021 - 08:19:56: [basecommands.smx] "ᴇᴠʌı<2><STEAM_1:0:108778791><>" changed cvar (cvar "dm_strip") (value "0")
L 08/24/2021 - 08:20:02: [basecommands.smx] "ᴇᴠʌı<2><STEAM_1:0:108778791><>" changed cvar (cvar "sv_cheats") (value "1")
L 08/24/2021 - 08:20:04: [basecommands.smx] "ᴇᴠʌı<2><STEAM_1:0:108778791><>" changed cvar (cvar "sv_noclipspeed") (value "12")
L 08/24/2021 - 08:20:07: [basecommands.smx] "ᴇᴠʌı<2><STEAM_1:0:108778791><>" changed cvar (cvar "htf_size") (value "30")
L 08/24/2021 - 08:21:24: [basecommands.smx] "ᴇᴠʌı<2><STEAM_1:0:108778791><>" changed cvar (cvar "htf_type") (value "2")
L 08/24/2021 - 08:23:22: [basecommands.smx] "ᴇᴠʌı<2><STEAM_1:0:108778791><>" changed cvar (cvar "htf_type") (value "1")
L 08/24/2021 - 08:23:45: [basecommands.smx] "ᴇᴠʌı<2><STEAM_1:0:108778791><>" changed cvar (cvar "htf_type") (value "0")
L 08/24/2021 - 08:29:13: [basecommands.smx] "ᴇᴠʌı<2><STEAM_1:0:108778791><>" changed cvar (cvar "weapon_recoil_view_punch_extra") (value "0")
L 08/24/2021 - 08:30:53: [basecommands.smx] "ᴇᴠʌı<2><STEAM_1:0:108778791><>" changed cvar (cvar "weapon_recoil_view_punch_extra") (value "0.01")
L 08/24/2021 - 08:32:22: [basecommands.smx] "ᴇᴠʌı<2><STEAM_1:0:108778791><>" changed cvar (cvar "weapon_recoil_view_punch_extra") (value "5")
L 08/24/2021 - 08:32:26: [basecommands.smx] "ᴇᴠʌı<2><STEAM_1:0:108778791><>" changed cvar (cvar "weapon_recoil_view_punch_extra") (value "2")
L 08/24/2021 - 08:32:34: [basecommands.smx] "ᴇᴠʌı<2><STEAM_1:0:108778791><>" changed cvar (cvar "weapon_recoil_view_punch_extra") (value "2")
L 08/24/2021 - 08:33:12: [basecommands.smx] "ᴇᴠʌı<2><STEAM_1:0:108778791><>" changed cvar (cvar "weapon_recoil_view_punch_extra") (value "0")
L 08/24/2021 - 08:36:19: [basecommands.smx] "ᴇᴠʌı<2><STEAM_1:0:108778791><>" changed cvar (cvar "weapon_recoil_view_punch_extra") (value "5")
L 08/24/2021 - 08:37:08: [basecommands.smx] "ᴇᴠʌı<2><STEAM_1:0:108778791><>" changed cvar (cvar "weapon_recoil_view_punch_extra") (value "10000")
L 08/24/2021 - 08:37:15: [basecommands.smx] "ᴇᴠʌı<2><STEAM_1:0:108778791><>" changed cvar (cvar "weapon_recoil_view_punch_extra") (value "0")
L 08/24/2021 - 08:40:19: [basecommands.smx] "ᴇᴠʌı<2><STEAM_1:0:108778791><>" changed cvar (cvar "htf_coefv") (value "1.1")
L 08/24/2021 - 08:47:24: [basecommands.smx] "ᴇᴠʌı<2><STEAM_1:0:108778791><>" changed cvar (cvar "htf_type") (value "1")
L 08/24/2021 - 08:47:26: [basecommands.smx] "ᴇᴠʌı<2><STEAM_1:0:108778791><>" changed cvar (cvar "htf_coefv") (value "1.1")
L 08/24/2021 - 08:47:39: [basecommands.smx] "ᴇᴠʌı<2><STEAM_1:0:108778791><>" changed cvar (cvar "htf_type") (value "0")
L 08/24/2021 - 08:48:30: [basecommands.smx] "ᴇᴠʌı<2><STEAM_1:0:108778791><>" changed cvar (cvar "htf_type") (value "0")
L 08/24/2021 - 08:48:31: [basecommands.smx] "ᴇᴠʌı<2><STEAM_1:0:108778791><>" changed cvar (cvar "htf_coefv") (value "1.1")
L 08/24/2021 - 08:48:35: [basecommands.smx] "ᴇᴠʌı<2><STEAM_1:0:108778791><>" changed cvar (cvar "htf_size") (value "30")
L 08/24/2021 - 08:56:56: [basecommands.smx] "ᴇᴠʌı<2><STEAM_1:0:108778791><>" changed cvar (cvar "htf_coefv") (value "1.1")
L 08/24/2021 - 08:56:58: [basecommands.smx] "ᴇᴠʌı<2><STEAM_1:0:108778791><>" changed cvar (cvar "htf_size") (value "30")
L 08/24/2021 - 08:57:00: [basecommands.smx] "ᴇᴠʌı<2><STEAM_1:0:108778791><>" changed cvar (cvar "htf_type") (value "0")
L 08/24/2021 - 08:59:41: [basecommands.smx] "ᴇᴠʌı<2><STEAM_1:0:108778791><>" changed cvar (cvar "htf_type") (value "0")
L 08/24/2021 - 08:59:41: [basecommands.smx] "ᴇᴠʌı<2><STEAM_1:0:108778791><>" changed cvar (cvar "htf_size") (value "30")
L 08/24/2021 - 08:59:42: [basecommands.smx] "ᴇᴠʌı<2><STEAM_1:0:108778791><>" changed cvar (cvar "htf_coefv") (value "1.1")
L 08/24/2021 - 09:10:43: [basecommands.smx] "ᴇᴠʌı<2><STEAM_1:0:108778791><>" changed cvar (cvar "htf_coefv") (value "1.1")
L 08/24/2021 - 09:10:44: [basecommands.smx] "ᴇᴠʌı<2><STEAM_1:0:108778791><>" changed cvar (cvar "htf_size") (value "30")
L 08/24/2021 - 09:10:46: [basecommands.smx] "ᴇᴠʌı<2><STEAM_1:0:108778791><>" changed cvar (cvar "htf_type") (value "0")
L 08/24/2021 - 09:11:10: [playercommands.smx] "ᴇᴠʌı<2><STEAM_1:0:108778791><>" slapped "владлендик121<4><STEAM_1:0:525445108><>" (damage "0")
L 08/24/2021 - 09:11:10: [playercommands.smx] "ᴇᴠʌı<2><STEAM_1:0:108778791><>" slapped "владлендик121<4><STEAM_1:0:525445108><>" (damage "0")
L 08/24/2021 - 09:11:10: [playercommands.smx] "ᴇᴠʌı<2><STEAM_1:0:108778791><>" slapped "владлендик121<4><STEAM_1:0:525445108><>" (damage "0")
L 08/24/2021 - 09:11:10: [playercommands.smx] "ᴇᴠʌı<2><STEAM_1:0:108778791><>" slapped "владлендик121<4><STEAM_1:0:525445108><>" (damage "0")
L 08/24/2021 - 09:11:10: [playercommands.smx] "ᴇᴠʌı<2><STEAM_1:0:108778791><>" slapped "владлендик121<4><STEAM_1:0:525445108><>" (damage "0")
L 08/24/2021 - 09:11:11: [playercommands.smx] "ᴇᴠʌı<2><STEAM_1:0:108778791><>" slapped "владлендик121<4><STEAM_1:0:525445108><>" (damage "0")
L 08/24/2021 - 09:11:11: [playercommands.smx] "ᴇᴠʌı<2><STEAM_1:0:108778791><>" slapped "владлендик121<4><STEAM_1:0:525445108><>" (damage "0")
L 08/24/2021 - 09:11:11: [playercommands.smx] "ᴇᴠʌı<2><STEAM_1:0:108778791><>" slapped "владлендик121<4><STEAM_1:0:525445108><>" (damage "0")
L 08/24/2021 - 09:11:11: [playercommands.smx] "ᴇᴠʌı<2><STEAM_1:0:108778791><>" slapped "владлендик121<4><STEAM_1:0:525445108><>" (damage "0")
L 08/24/2021 - 09:11:12: [playercommands.smx] "ᴇᴠʌı<2><STEAM_1:0:108778791><>" slapped "владлендик121<4><STEAM_1:0:525445108><>" (damage "0")
L 08/24/2021 - 09:11:12: [playercommands.smx] "ᴇᴠʌı<2><STEAM_1:0:108778791><>" slapped "владлендик121<4><STEAM_1:0:525445108><>" (damage "0")
L 08/24/2021 - 09:11:12: [playercommands.smx] "ᴇᴠʌı<2><STEAM_1:0:108778791><>" slapped "владлендик121<4><STEAM_1:0:525445108><>" (damage "0")
L 08/24/2021 - 09:11:12: [playercommands.smx] "ᴇᴠʌı<2><STEAM_1:0:108778791><>" slapped "владлендик121<4><STEAM_1:0:525445108><>" (damage "0")
L 08/24/2021 - 09:11:12: [playercommands.smx] "ᴇᴠʌı<2><STEAM_1:0:108778791><>" slapped "владлендик121<4><STEAM_1:0:525445108><>" (damage "0")
L 08/24/2021 - 09:11:13: [playercommands.smx] "ᴇᴠʌı<2><STEAM_1:0:108778791><>" slapped "владлендик121<4><STEAM_1:0:525445108><>" (damage "0")
L 08/24/2021 - 09:11:13: [playercommands.smx] "ᴇᴠʌı<2><STEAM_1:0:108778791><>" slapped "владлендик121<4><STEAM_1:0:525445108><>" (damage "0")
L 08/24/2021 - 09:11:13: [playercommands.smx] "ᴇᴠʌı<2><STEAM_1:0:108778791><>" slapped "владлендик121<4><STEAM_1:0:525445108><>" (damage "0")
L 08/24/2021 - 09:11:13: [playercommands.smx] "ᴇᴠʌı<2><STEAM_1:0:108778791><>" slapped "владлендик121<4><STEAM_1:0:525445108><>" (damage "0")
L 08/24/2021 - 09:11:14: [playercommands.smx] "ᴇᴠʌı<2><STEAM_1:0:108778791><>" slapped "владлендик121<4><STEAM_1:0:525445108><>" (damage "0")
L 08/24/2021 - 09:11:16: [playercommands.smx] "ᴇᴠʌı<2><STEAM_1:0:108778791><>" slapped "владлендик121<4><STEAM_1:0:525445108><>" (damage "0")
L 08/24/2021 - 09:11:16: [playercommands.smx] "ᴇᴠʌı<2><STEAM_1:0:108778791><>" slapped "владлендик121<4><STEAM_1:0:525445108><>" (damage "0")
L 08/24/2021 - 09:11:16: [playercommands.smx] "ᴇᴠʌı<2><STEAM_1:0:108778791><>" slapped "владлендик121<4><STEAM_1:0:525445108><>" (damage "0")
L 08/24/2021 - 09:11:16: [playercommands.smx] "ᴇᴠʌı<2><STEAM_1:0:108778791><>" slapped "владлендик121<4><STEAM_1:0:525445108><>" (damage "0")
L 08/24/2021 - 09:11:16: [playercommands.smx] "ᴇᴠʌı<2><STEAM_1:0:108778791><>" slapped "владлендик121<4><STEAM_1:0:525445108><>" (damage "0")
L 08/24/2021 - 09:11:17: [playercommands.smx] "ᴇᴠʌı<2><STEAM_1:0:108778791><>" slapped "владлендик121<4><STEAM_1:0:525445108><>" (damage "0")
L 08/24/2021 - 09:11:17: [playercommands.smx] "ᴇᴠʌı<2><STEAM_1:0:108778791><>" slapped "владлендик121<4><STEAM_1:0:525445108><>" (damage "0")
L 08/24/2021 - 09:11:17: [playercommands.smx] "ᴇᴠʌı<2><STEAM_1:0:108778791><>" slapped "владлендик121<4><STEAM_1:0:525445108><>" (damage "0")
L 08/24/2021 - 09:11:17: [playercommands.smx] "ᴇᴠʌı<2><STEAM_1:0:108778791><>" slapped "владлендик121<4><STEAM_1:0:525445108><>" (damage "0")
L 08/24/2021 - 09:11:17: [playercommands.smx] "ᴇᴠʌı<2><STEAM_1:0:108778791><>" slapped "владлендик121<4><STEAM_1:0:525445108><>" (damage "0")
L 08/24/2021 - 09:11:18: [playercommands.smx] "ᴇᴠʌı<2><STEAM_1:0:108778791><>" slapped "владлендик121<4><STEAM_1:0:525445108><>" (damage "0")
L 08/24/2021 - 09:11:18: [playercommands.smx] "ᴇᴠʌı<2><STEAM_1:0:108778791><>" slapped "владлендик121<4><STEAM_1:0:525445108><>" (damage "0")
L 08/24/2021 - 09:11:18: [playercommands.smx] "ᴇᴠʌı<2><STEAM_1:0:108778791><>" slapped "владлендик121<4><STEAM_1:0:525445108><>" (damage "0")
L 08/24/2021 - 09:11:18: [playercommands.smx] "ᴇᴠʌı<2><STEAM_1:0:108778791><>" slapped "владлендик121<4><STEAM_1:0:525445108><>" (damage "0")
L 08/24/2021 - 09:11:19: [playercommands.smx] "ᴇᴠʌı<2><STEAM_1:0:108778791><>" slapped "владлендик121<4><STEAM_1:0:525445108><>" (damage "0")
L 08/24/2021 - 09:11:19: [playercommands.smx] "ᴇᴠʌı<2><STEAM_1:0:108778791><>" slapped "владлендик121<4><STEAM_1:0:525445108><>" (damage "0")
L 08/24/2021 - 09:11:19: [playercommands.smx] "ᴇᴠʌı<2><STEAM_1:0:108778791><>" slapped "владлендик121<4><STEAM_1:0:525445108><>" (damage "0")
L 08/24/2021 - 09:11:19: [playercommands.smx] "ᴇᴠʌı<2><STEAM_1:0:108778791><>" slapped "владлендик121<4><STEAM_1:0:525445108><>" (damage "0")
L 08/24/2021 - 09:11:20: [playercommands.smx] "ᴇᴠʌı<2><STEAM_1:0:108778791><>" slapped "владлендик121<4><STEAM_1:0:525445108><>" (damage "0")
L 08/24/2021 - 09:11:20: [playercommands.smx] "ᴇᴠʌı<2><STEAM_1:0:108778791><>" slapped "владлендик121<4><STEAM_1:0:525445108><>" (damage "0")
L 08/24/2021 - 09:11:20: [playercommands.smx] "ᴇᴠʌı<2><STEAM_1:0:108778791><>" slapped "владлендик121<4><STEAM_1:0:525445108><>" (damage "0")
L 08/24/2021 - 09:11:20: [playercommands.smx] "ᴇᴠʌı<2><STEAM_1:0:108778791><>" slapped "владлендик121<4><STEAM_1:0:525445108><>" (damage "0")
L 08/24/2021 - 09:11:20: [playercommands.smx] "ᴇᴠʌı<2><STEAM_1:0:108778791><>" slapped "владлендик121<4><STEAM_1:0:525445108><>" (damage "0")
L 08/24/2021 - 09:11:21: [playercommands.smx] "ᴇᴠʌı<2><STEAM_1:0:108778791><>" slapped "владлендик121<4><STEAM_1:0:525445108><>" (damage "0")
L 08/24/2021 - 09:11:21: [playercommands.smx] "ᴇᴠʌı<2><STEAM_1:0:108778791><>" slapped "владлендик121<4><STEAM_1:0:525445108><>" (damage "0")
L 08/24/2021 - 09:11:21: [playercommands.smx] "ᴇᴠʌı<2><STEAM_1:0:108778791><>" slapped "владлендик121<4><STEAM_1:0:525445108><>" (damage "0")
L 08/24/2021 - 09:11:21: [playercommands.smx] "ᴇᴠʌı<2><STEAM_1:0:108778791><>" slapped "владлендик121<4><STEAM_1:0:525445108><>" (damage "0")
L 08/24/2021 - 09:11:21: [playercommands.smx] "ᴇᴠʌı<2><STEAM_1:0:108778791><>" slapped "владлендик121<4><STEAM_1:0:525445108><>" (damage "0")
L 08/24/2021 - 09:11:22: [playercommands.smx] "ᴇᴠʌı<2><STEAM_1:0:108778791><>" slapped "владлендик121<4><STEAM_1:0:525445108><>" (damage "0")
L 08/24/2021 - 09:11:22: [playercommands.smx] "ᴇᴠʌı<2><STEAM_1:0:108778791><>" slapped "владлендик121<4><STEAM_1:0:525445108><>" (damage "0")
L 08/24/2021 - 09:11:22: [playercommands.smx] "ᴇᴠʌı<2><STEAM_1:0:108778791><>" slapped "владлендик121<4><STEAM_1:0:525445108><>" (damage "0")
L 08/24/2021 - 09:11:26: [playercommands.smx] "ᴇᴠʌı<2><STEAM_1:0:108778791><>" slapped "владлендик121<4><STEAM_1:0:525445108><>" (damage "0")
L 08/24/2021 - 09:11:26: [playercommands.smx] "ᴇᴠʌı<2><STEAM_1:0:108778791><>" slapped "владлендик121<4><STEAM_1:0:525445108><>" (damage "0")
L 08/24/2021 - 09:11:26: [playercommands.smx] "ᴇᴠʌı<2><STEAM_1:0:108778791><>" slapped "владлендик121<4><STEAM_1:0:525445108><>" (damage "0")
L 08/24/2021 - 09:11:26: [playercommands.smx] "ᴇᴠʌı<2><STEAM_1:0:108778791><>" slapped "владлендик121<4><STEAM_1:0:525445108><>" (damage "0")
L 08/24/2021 - 09:11:26: [playercommands.smx] "ᴇᴠʌı<2><STEAM_1:0:108778791><>" slapped "владлендик121<4><STEAM_1:0:525445108><>" (damage "0")
L 08/24/2021 - 09:11:27: [playercommands.smx] "ᴇᴠʌı<2><STEAM_1:0:108778791><>" slapped "владлендик121<4><STEAM_1:0:525445108><>" (damage "0")
L 08/24/2021 - 09:11:27: [playercommands.smx] "ᴇᴠʌı<2><STEAM_1:0:108778791><>" slapped "владлендик121<4><STEAM_1:0:525445108><>" (damage "0")
L 08/24/2021 - 09:11:27: [playercommands.smx] "ᴇᴠʌı<2><STEAM_1:0:108778791><>" slapped "владлендик121<4><STEAM_1:0:525445108><>" (damage "0")
L 08/24/2021 - 09:11:27: [playercommands.smx] "ᴇᴠʌı<2><STEAM_1:0:108778791><>" slapped "владлендик121<4><STEAM_1:0:525445108><>" (damage "0")
L 08/24/2021 - 09:11:27: [playercommands.smx] "ᴇᴠʌı<2><STEAM_1:0:108778791><>" slapped "владлендик121<4><STEAM_1:0:525445108><>" (damage "0")
L 08/24/2021 - 09:11:28: [playercommands.smx] "ᴇᴠʌı<2><STEAM_1:0:108778791><>" slapped "владлендик121<4><STEAM_1:0:525445108><>" (damage "0")
L 08/24/2021 - 09:11:28: [playercommands.smx] "ᴇᴠʌı<2><STEAM_1:0:108778791><>" slapped "владлендик121<4><STEAM_1:0:525445108><>" (damage "0")
L 08/24/2021 - 09:11:31: [playercommands.smx] "ᴇᴠʌı<2><STEAM_1:0:108778791><>" slapped "владлендик121<4><STEAM_1:0:525445108><>" (damage "0")
L 08/24/2021 - 09:11:31: [playercommands.smx] "ᴇᴠʌı<2><STEAM_1:0:108778791><>" slapped "владлендик121<4><STEAM_1:0:525445108><>" (damage "0")
L 08/24/2021 - 09:11:32: [playercommands.smx] "ᴇᴠʌı<2><STEAM_1:0:108778791><>" slapped "владлендик121<4><STEAM_1:0:525445108><>" (damage "0")
L 08/24/2021 - 09:11:33: [playercommands.smx] "ᴇᴠʌı<2><STEAM_1:0:108778791><>" slapped "владлендик121<4><STEAM_1:0:525445108><>" (damage "0")
L 08/24/2021 - 09:11:33: [playercommands.smx] "ᴇᴠʌı<2><STEAM_1:0:108778791><>" slapped "владлендик121<4><STEAM_1:0:525445108><>" (damage "0")
L 08/24/2021 - 09:11:33: [playercommands.smx] "ᴇᴠʌı<2><STEAM_1:0:108778791><>" slapped "владлендик121<4><STEAM_1:0:525445108><>" (damage "0")
L 08/24/2021 - 09:11:33: [playercommands.smx] "ᴇᴠʌı<2><STEAM_1:0:108778791><>" slapped "владлендик121<4><STEAM_1:0:525445108><>" (damage "0")
L 08/24/2021 - 09:11:34: [playercommands.smx] "ᴇᴠʌı<2><STEAM_1:0:108778791><>" slapped "владлендик121<4><STEAM_1:0:525445108><>" (damage "0")
L 08/24/2021 - 09:11:34: [playercommands.smx] "ᴇᴠʌı<2><STEAM_1:0:108778791><>" slapped "владлендик121<4><STEAM_1:0:525445108><>" (damage "0")
L 08/24/2021 - 09:11:36: [playercommands.smx] "ᴇᴠʌı<2><STEAM_1:0:108778791><>" slapped "владлендик121<4><STEAM_1:0:525445108><>" (damage "0")
L 08/24/2021 - 09:11:36: [playercommands.smx] "ᴇᴠʌı<2><STEAM_1:0:108778791><>" slapped "владлендик121<4><STEAM_1:0:525445108><>" (damage "0")
L 08/24/2021 - 09:11:36: [playercommands.smx] "ᴇᴠʌı<2><STEAM_1:0:108778791><>" slapped "владлендик121<4><STEAM_1:0:525445108><>" (damage "0")
L 08/24/2021 - 09:12:17: [playercommands.smx] "ᴇᴠʌı<2><STEAM_1:0:108778791><>" slapped "ᴇᴠʌı<2><STEAM_1:0:108778791><>" (damage "0")
L 08/24/2021 - 09:12:18: [playercommands.smx] "ᴇᴠʌı<2><STEAM_1:0:108778791><>" slapped "владлендик121<4><STEAM_1:0:525445108><>" (damage "0")
L 08/24/2021 - 09:12:18: [playercommands.smx] "ᴇᴠʌı<2><STEAM_1:0:108778791><>" slapped "владлендик121<4><STEAM_1:0:525445108><>" (damage "0")
L 08/24/2021 - 09:12:18: [playercommands.smx] "ᴇᴠʌı<2><STEAM_1:0:108778791><>" slapped "владлендик121<4><STEAM_1:0:525445108><>" (damage "0")
L 08/24/2021 - 09:12:18: [playercommands.smx] "ᴇᴠʌı<2><STEAM_1:0:108778791><>" slapped "владлендик121<4><STEAM_1:0:525445108><>" (damage "0")
L 08/24/2021 - 09:12:19: [playercommands.smx] "ᴇᴠʌı<2><STEAM_1:0:108778791><>" slapped "владлендик121<4><STEAM_1:0:525445108><>" (damage "0")
L 08/24/2021 - 09:12:19: [playercommands.smx] "ᴇᴠʌı<2><STEAM_1:0:108778791><>" slapped "владлендик121<4><STEAM_1:0:525445108><>" (damage "0")
L 08/24/2021 - 09:12:19: [playercommands.smx] "ᴇᴠʌı<2><STEAM_1:0:108778791><>" slapped "владлендик121<4><STEAM_1:0:525445108><>" (damage "0")
L 08/24/2021 - 09:12:19: [playercommands.smx] "ᴇᴠʌı<2><STEAM_1:0:108778791><>" slapped "владлендик121<4><STEAM_1:0:525445108><>" (damage "0")
L 08/24/2021 - 09:12:20: [playercommands.smx] "ᴇᴠʌı<2><STEAM_1:0:108778791><>" slapped "владлендик121<4><STEAM_1:0:525445108><>" (damage "0")
L 08/24/2021 - 09:12:20: [playercommands.smx] "ᴇᴠʌı<2><STEAM_1:0:108778791><>" slapped "владлендик121<4><STEAM_1:0:525445108><>" (damage "0")
L 08/24/2021 - 09:12:21: [playercommands.smx] "ᴇᴠʌı<2><STEAM_1:0:108778791><>" slapped "владлендик121<4><STEAM_1:0:525445108><>" (damage "0")
L 08/24/2021 - 09:12:21: [playercommands.smx] "ᴇᴠʌı<2><STEAM_1:0:108778791><>" slapped "владлендик121<4><STEAM_1:0:525445108><>" (damage "0")
L 08/24/2021 - 09:12:21: [playercommands.smx] "ᴇᴠʌı<2><STEAM_1:0:108778791><>" slapped "владлендик121<4><STEAM_1:0:525445108><>" (damage "0")
L 08/24/2021 - 09:12:21: [playercommands.smx] "ᴇᴠʌı<2><STEAM_1:0:108778791><>" slapped "владлендик121<4><STEAM_1:0:525445108><>" (damage "0")
L 08/24/2021 - 09:12:21: [playercommands.smx] "ᴇᴠʌı<2><STEAM_1:0:108778791><>" slapped "владлендик121<4><STEAM_1:0:525445108><>" (damage "0")
L 08/24/2021 - 09:12:23: [playercommands.smx] "ᴇᴠʌı<2><STEAM_1:0:108778791><>" slapped "владлендик121<4><STEAM_1:0:525445108><>" (damage "0")
L 08/24/2021 - 09:12:23: [playercommands.smx] "ᴇᴠʌı<2><STEAM_1:0:108778791><>" slapped "владлендик121<4><STEAM_1:0:525445108><>" (damage "0")
L 08/24/2021 - 09:12:24: [playercommands.smx] "ᴇᴠʌı<2><STEAM_1:0:108778791><>" slapped "владлендик121<4><STEAM_1:0:525445108><>" (damage "0")
L 08/24/2021 - 09:14:48: [playercommands.smx] "ᴇᴠʌı<2><STEAM_1:0:108778791><>" slapped "ᴇᴠʌı<2><STEAM_1:0:108778791><>" (damage "0")
L 08/24/2021 - 09:16:31: [playercommands.smx] "ᴇᴠʌı<2><STEAM_1:0:108778791><>" slapped "владлендик121<4><STEAM_1:0:525445108><>" (damage "0")
L 08/24/2021 - 09:16:31: [playercommands.smx] "ᴇᴠʌı<2><STEAM_1:0:108778791><>" slapped "владлендик121<4><STEAM_1:0:525445108><>" (damage "0")
L 08/24/2021 - 09:16:31: [playercommands.smx] "ᴇᴠʌı<2><STEAM_1:0:108778791><>" slapped "владлендик121<4><STEAM_1:0:525445108><>" (damage "0")
L 08/24/2021 - 09:16:31: [playercommands.smx] "ᴇᴠʌı<2><STEAM_1:0:108778791><>" slapped "владлендик121<4><STEAM_1:0:525445108><>" (damage "0")
L 08/24/2021 - 09:16:31: [playercommands.smx] "ᴇᴠʌı<2><STEAM_1:0:108778791><>" slapped "владлендик121<4><STEAM_1:0:525445108><>" (damage "0")
L 08/24/2021 - 09:16:32: [playercommands.smx] "ᴇᴠʌı<2><STEAM_1:0:108778791><>" slapped "владлендик121<4><STEAM_1:0:525445108><>" (damage "0")
L 08/24/2021 - 09:17:12: [playercommands.smx] "ᴇᴠʌı<2><STEAM_1:0:108778791><>" slapped "ᴇᴠʌı<2><STEAM_1:0:108778791><>" (damage "0")
L 08/24/2021 - 09:17:13: [playercommands.smx] "ᴇᴠʌı<2><STEAM_1:0:108778791><>" slapped "владлендик121<4><STEAM_1:0:525445108><>" (damage "0")
L 08/24/2021 - 09:17:13: [playercommands.smx] "ᴇᴠʌı<2><STEAM_1:0:108778791><>" slapped "владлендик121<4><STEAM_1:0:525445108><>" (damage "0")
L 08/24/2021 - 09:17:13: [playercommands.smx] "ᴇᴠʌı<2><STEAM_1:0:108778791><>" slapped "владлендик121<4><STEAM_1:0:525445108><>" (damage "0")
L 08/24/2021 - 09:17:13: [playercommands.smx] "ᴇᴠʌı<2><STEAM_1:0:108778791><>" slapped "владлендик121<4><STEAM_1:0:525445108><>" (damage "0")
L 08/24/2021 - 09:17:17: [playercommands.smx] "ᴇᴠʌı<2><STEAM_1:0:108778791><>" slapped "владлендик121<4><STEAM_1:0:525445108><>" (damage "0")
L 08/24/2021 - 09:17:18: [playercommands.smx] "ᴇᴠʌı<2><STEAM_1:0:108778791><>" slapped "владлендик121<4><STEAM_1:0:525445108><>" (damage "0")
L 08/24/2021 - 09:17:18: [playercommands.smx] "ᴇᴠʌı<2><STEAM_1:0:108778791><>" slapped "владлендик121<4><STEAM_1:0:525445108><>" (damage "0")
L 08/24/2021 - 09:17:18: [playercommands.smx] "ᴇᴠʌı<2><STEAM_1:0:108778791><>" slapped "владлендик121<4><STEAM_1:0:525445108><>" (damage "0")
L 08/24/2021 - 09:17:18: [playercommands.smx] "ᴇᴠʌı<2><STEAM_1:0:108778791><>" slapped "владлендик121<4><STEAM_1:0:525445108><>" (damage "0")
L 08/24/2021 - 09:17:18: [playercommands.smx] "ᴇᴠʌı<2><STEAM_1:0:108778791><>" slapped "владлендик121<4><STEAM_1:0:525445108><>" (damage "0")
L 08/24/2021 - 09:17:18: [playercommands.smx] "ᴇᴠʌı<2><STEAM_1:0:108778791><>" slapped "владлендик121<4><STEAM_1:0:525445108><>" (damage "0")
L 08/24/2021 - 09:21:02: [playercommands.smx] "ᴇᴠʌı<2><STEAM_1:0:108778791><>" slapped "ᴇᴠʌı<2><STEAM_1:0:108778791><>" (damage "0")
L 08/24/2021 - 09:27:21: [basecommands.smx] "ᴇᴠʌı<2><STEAM_1:0:108778791><>" changed cvar (cvar "htf_type") (value "0")
L 08/24/2021 - 09:27:50: [basecommands.smx] "ᴇᴠʌı<2><STEAM_1:0:108778791><>" changed cvar (cvar "htf_type") (value "0")
L 08/24/2021 - 09:30:33: [basecommands.smx] "ᴇᴠʌı<2><STEAM_1:0:108778791><>" changed cvar (cvar "htf_type") (value "0")
L 08/24/2021 - 09:30:57: [basecommands.smx] "ᴇᴠʌı<2><STEAM_1:0:108778791><>" changed cvar (cvar "htf_type") (value "0")
L 08/24/2021 - 09:35:30: [basecommands.smx] "ᴇᴠʌı<2><STEAM_1:0:108778791><>" changed cvar (cvar "htf_type") (value "0")
L 08/24/2021 - 09:37:26: [basecommands.smx] "ᴇᴠʌı<2><STEAM_1:0:108778791><>" changed cvar (cvar "htf_type") (value "0")
L 08/24/2021 - 09:43:38: [basecommands.smx] "ᴇᴠʌı<2><STEAM_1:0:108778791><>" changed cvar (cvar "htf_type") (value "0")
L 08/24/2021 - 09:46:13: [basecommands.smx] "ᴇᴠʌı<2><STEAM_1:0:108778791><>" changed cvar (cvar "htf_type") (value "0")
L 08/24/2021 - 09:46:42: [basecommands.smx] "ᴇᴠʌı<2><STEAM_1:0:108778791><>" changed cvar (cvar "htf_type") (value "0")
L 08/24/2021 - 09:48:35: [basecommands.smx] "ᴇᴠʌı<2><STEAM_1:0:108778791><>" changed cvar (cvar "htf_type") (value "0")
L 08/24/2021 - 09:49:00: [basecommands.smx] "ᴇᴠʌı<2><STEAM_1:0:108778791><>" changed cvar (cvar "htf_type") (value "0")
L 08/24/2021 - 10:08:38: [basecommands.smx] "ᴇᴠʌı<2><STEAM_1:0:108778791><>" changed cvar (cvar "htf_type") (value "0")
L 08/24/2021 - 10:12:52: [basecommands.smx] "ᴇᴠʌı<2><STEAM_1:0:108778791><>" changed cvar (cvar "htf_coefv") (value "1.1")
L 08/24/2021 - 10:16:04: [basecommands.smx] "ᴇᴠʌı<2><STEAM_1:0:108778791><>" changed map to "surf_sarca"
L 08/24/2021 - 10:16:07: [SM] Changed map to "surf_sarca"
L 08/24/2021 - 10:16:08: -------- Mapchange to surf_sarca --------
L 08/24/2021 - 10:16:34: [basecommands.smx] "ᴇᴠʌı<2><STEAM_1:0:108778791><>" changed cvar (cvar "htf_coefv") (value "1.1")
L 08/24/2021 - 10:16:37: [basecommands.smx] "ᴇᴠʌı<2><STEAM_1:0:108778791><>" changed cvar (cvar "htf_type") (value "0")
L 08/24/2021 - 10:18:28: [basecommands.smx] "ᴇᴠʌı<2><STEAM_1:0:108778791><>" changed map to "surf_sarca"
L 08/24/2021 - 10:18:31: [SM] Changed map to "surf_sarca"
L 08/24/2021 - 10:18:31: -------- Mapchange to surf_sarca --------
L 08/24/2021 - 10:18:31: [dm_trick.smx]  SUCCESS db_connect()
L 08/24/2021 - 10:18:44: [basecommands.smx] "ᴇᴠʌı<2><STEAM_1:0:108778791><>" changed cvar (cvar "htf_type") (value "0")
L 08/24/2021 - 10:18:46: [basecommands.smx] "ᴇᴠʌı<2><STEAM_1:0:108778791><>" changed cvar (cvar "htf_coefv") (value "1.1")
L 08/24/2021 - 10:32:47: [basecommands.smx] "ᴇᴠʌı<2><STEAM_1:0:108778791><>" changed cvar (cvar "sv_cheats") (value "1")
L 08/24/2021 - 10:35:45: [basecommands.smx] "ᴇᴠʌı<13><STEAM_1:0:108778791><>" changed map to "surf_trick_gxd"
L 08/24/2021 - 10:35:48: [SM] Changed map to "surf_trick_gxd"
L 08/24/2021 - 10:35:49: -------- Mapchange to surf_trick_gxd --------
L 08/24/2021 - 10:52:49: [basecommands.smx] "ᴇᴠʌı<13><STEAM_1:0:108778791><>" changed cvar (cvar "htf_type") (value "0")
L 08/24/2021 - 10:53:50: [basecommands.smx] "ᴇᴠʌı<13><STEAM_1:0:108778791><>" changed map to "surf_trick_gxd"
L 08/24/2021 - 10:53:53: [SM] Changed map to "surf_trick_gxd"
L 08/24/2021 - 10:53:54: -------- Mapchange to surf_trick_gxd --------
L 08/24/2021 - 10:53:54: [dm_trick.smx]  SUCCESS db_connect()
L 08/24/2021 - 10:54:01: -------- Mapchange to surf_trick_gxd --------
L 08/24/2021 - 11:00:42: [basecommands.smx] "ᴇᴠʌı<13><STEAM_1:0:108778791><>" changed cvar (cvar "htf_type") (value "0")
L 08/24/2021 - 11:00:58: [basecommands.smx] "ᴇᴠʌı<13><STEAM_1:0:108778791><>" changed cvar (cvar "dm_strip") (value "0")
L 08/24/2021 - 20:44:56: -------- Mapchange to surf_trick_gxd --------
L 08/24/2021 - 21:34:16: -------- Mapchange to surf_trick_gxd --------
L 08/24/2021 - 22:02:14: -------- Mapchange to surf_trick_gxd --------
L 08/24/2021 - 22:10:56: -------- Mapchange to surf_trick_gxd --------
L 08/24/2021 - 23:01:11: -------- Mapchange to surf_trick_gxd --------
L 08/24/2021 - 23:01:48: -------- Mapchange to surf_trick_gxd --------
L 08/24/2021 - 23:15:28: -------- Mapchange to surf_trick_gxd --------
L 08/24/2021 - 23:15:57: -------- Mapchange to surf_trick_gxd --------
L 08/25/2021 - 04:44:05: Log file closed.
