L 09/07/2021 - 06:15:39: SourceMod log file session started (file "/home/container/csgo/addons/sourcemod/logs/L20210907.log") (Version "1.10.0.6510")
L 09/07/2021 - 06:15:39: -------- Mapchange to surf_trick_gxd --------
L 09/07/2021 - 07:16:31: -------- Mapchange to surf_trick_gxd --------
L 09/07/2021 - 08:16:21: -------- Mapchange to surf_trick_gxd --------
L 09/07/2021 - 09:59:00: -------- Mapchange to surf_trick_gxd --------
L 09/07/2021 - 12:00:50: -------- Mapchange to surf_trick_gxd --------
L 09/07/2021 - 12:29:10: -------- Mapchange to surf_trick_gxd --------
L 09/07/2021 - 14:16:35: -------- Mapchange to surf_trick_gxd --------
L 09/07/2021 - 14:48:34: -------- Mapchange to surf_trick_gxd --------
L 09/07/2021 - 14:50:11: -------- Mapchange to surf_trick_gxd --------
L 09/07/2021 - 15:43:29: -------- Mapchange to surf_trick_gxd --------
L 09/07/2021 - 16:29:44: -------- Mapchange to surf_trick_gxd --------
L 09/07/2021 - 17:19:21: Log file closed.
L 09/07/2021 - 17:19:36: SourceMod log file session started (file "/home/container/csgo/addons/sourcemod/logs/L20210907.log") (Version "1.10.0.6510")
L 09/07/2021 - 17:19:36: [dm_trick.smx]  SUCCESS db_connect()
L 09/07/2021 - 17:19:41: -------- Mapchange to surf_trick_gxd --------
L 09/07/2021 - 17:20:09: -------- Mapchange to surf_trick_gxd --------
L 09/07/2021 - 21:20:21: [basechat.smx] "Console<0><Console><Console>" triggered sm_say (text chto)
L 09/07/2021 - 23:21:29: -------- Mapchange to surf_trick_gxd --------
L 09/08/2021 - 03:42:19: Log file closed.
