L 09/02/2021 - 06:05:11: SourceMod log file session started (file "/home/container/csgo/addons/sourcemod/logs/L20210902.log") (Version "1.10.0.6510")
L 09/02/2021 - 06:05:11: -------- Mapchange to surf_trick_gxd --------
L 09/02/2021 - 06:44:47: -------- Mapchange to surf_trick_gxd --------
L 09/02/2021 - 06:48:38: -------- Mapchange to surf_trick_gxd --------
L 09/02/2021 - 08:31:08: -------- Mapchange to surf_trick_gxd --------
L 09/02/2021 - 08:31:24: -------- Mapchange to surf_trick_gxd --------
L 09/02/2021 - 08:45:55: -------- Mapchange to surf_trick_gxd --------
L 09/02/2021 - 10:35:33: -------- Mapchange to surf_trick_gxd --------
L 09/02/2021 - 14:35:35: -------- Mapchange to surf_trick_gxd --------
L 09/02/2021 - 15:54:34: -------- Mapchange to surf_trick_gxd --------
L 09/02/2021 - 16:38:44: -------- Mapchange to surf_trick_gxd --------
L 09/02/2021 - 19:39:08: [basebans.smx] "surf_[НЕРАЗБОРЧИВО]<89><STEAM_1:1:80244186><>" banned "surf_[НЕРАЗБОРЧИВО]<89><STEAM_1:1:80244186><>" (minutes "10") (reason "Racism")
L 09/02/2021 - 20:54:22: -------- Mapchange to surf_trick_gxd --------
L 09/02/2021 - 21:25:49: [basecommands.smx] "go pig I win 20? of the time<100><STEAM_1:1:1146082><>" changed map to "surf_trick_gxd"
L 09/02/2021 - 21:25:52: [SM] Changed map to "surf_trick_gxd"
L 09/02/2021 - 21:25:53: -------- Mapchange to surf_trick_gxd --------
L 09/02/2021 - 21:29:03: [basecommands.smx] "go pig I win 20? of the time<100><STEAM_1:1:1146082><>" changed map to "surf_trick_gxd"
L 09/02/2021 - 21:29:06: [SM] Changed map to "surf_trick_gxd"
L 09/02/2021 - 21:29:07: -------- Mapchange to surf_trick_gxd --------
L 09/02/2021 - 21:31:01: [basecommands.smx] "go pig I win 20? of the time<100><STEAM_1:1:1146082><>" changed map to "surf_trick_gxd"
L 09/02/2021 - 21:31:04: [SM] Changed map to "surf_trick_gxd"
L 09/02/2021 - 21:31:05: -------- Mapchange to surf_trick_gxd --------
L 09/02/2021 - 21:31:13: -------- Mapchange to surf_trick_gxd --------
L 09/02/2021 - 22:14:48: -------- Mapchange to surf_trick_gxd --------
L 09/02/2021 - 22:15:41: -------- Mapchange to surf_trick_gxd --------
L 09/02/2021 - 22:34:03: Log file closed.
L 09/02/2021 - 22:34:20: SourceMod log file session started (file "/home/container/csgo/addons/sourcemod/logs/L20210902.log") (Version "1.10.0.6510")
L 09/02/2021 - 22:34:20: [dm_trick.smx]  SUCCESS db_connect()
L 09/02/2021 - 22:34:24: -------- Mapchange to surf_trick_gxd --------
L 09/03/2021 - 02:01:22: Log file closed.
