L 08/09/2021 - 00:03:12: SourceMod log file session started (file "/home/container/csgo/addons/sourcemod/logs/L20210809.log") (Version "1.10.0.6510")
L 08/09/2021 - 00:03:12: [basecommands.smx] "ᴇᴠʌı<40><STEAM_1:0:108778791><>" changed map to "surf_trick_g"
L 08/09/2021 - 00:03:15: [SM] Changed map to "surf_trick_g"
L 08/09/2021 - 00:03:18: -------- Mapchange to surf_trick_g --------
L 08/09/2021 - 00:12:25: [funcommands.smx] "ᴇᴠʌı<40><STEAM_1:0:108778791><>" ignited "Yada<45><STEAM_1:1:197641908><>" (seconds "20.000000")
L 08/09/2021 - 00:19:24: [basecommands.smx] "ᴇᴠʌı<40><STEAM_1:0:108778791><>" changed map to "surf_trick_g"
L 08/09/2021 - 00:19:27: [SM] Changed map to "surf_trick_g"
L 08/09/2021 - 00:19:30: -------- Mapchange to surf_trick_g --------
L 08/09/2021 - 00:19:30: [dm_trick.smx]  SUCCESS db_connect()
L 08/09/2021 - 00:33:35: [basecommands.smx] "ᴇᴠʌı<40><STEAM_1:0:108778791><>" changed map to "surf_trick_g"
L 08/09/2021 - 00:33:38: [SM] Changed map to "surf_trick_g"
L 08/09/2021 - 00:33:41: -------- Mapchange to surf_trick_g --------
L 08/09/2021 - 00:33:41: [dm_trick.smx]  SUCCESS db_connect()
L 08/09/2021 - 00:45:41: [basecommands.smx] "ᴇᴠʌı<40><STEAM_1:0:108778791><>" changed cvar (cvar "sv_full_alltalk") (value "1")
L 08/09/2021 - 00:54:58: [basecommands.smx] "ᴇᴠʌı<40><STEAM_1:0:108778791><>" changed map to "surf_trick_g"
L 08/09/2021 - 00:55:01: [SM] Changed map to "surf_trick_g"
L 08/09/2021 - 00:55:04: -------- Mapchange to surf_trick_g --------
L 08/09/2021 - 00:55:04: [dm_trick.smx]  SUCCESS db_connect()
L 08/09/2021 - 00:55:17: [basecommands.smx] "ᴇᴠʌı<40><STEAM_1:0:108778791><>" changed cvar (cvar "sv_full_alltalk") (value "1")
L 08/09/2021 - 01:01:22: [funcommands.smx] "ᴇᴠʌı<40><STEAM_1:0:108778791><>" ignited "Demon in pain<59><STEAM_1:0:159860788><>" (seconds "20.000000")
L 08/09/2021 - 01:03:38: [basecommands.smx] "ᴇᴠʌı<40><STEAM_1:0:108778791><>" changed cvar (cvar "sv_full_alltalk") (value "1")
L 08/09/2021 - 01:06:44: [basecommands.smx] "ᴇᴠʌı<40><STEAM_1:0:108778791><>" changed map to "surf_trick_g"
L 08/09/2021 - 01:06:47: [SM] Changed map to "surf_trick_g"
L 08/09/2021 - 01:06:50: -------- Mapchange to surf_trick_g --------
L 08/09/2021 - 01:06:50: [dm_trick.smx]  SUCCESS db_connect()
L 08/09/2021 - 01:07:01: [basecommands.smx] "ᴇᴠʌı<40><STEAM_1:0:108778791><>" changed cvar (cvar "sv_full_alltalk") (value "1")
L 08/09/2021 - 03:35:27: [basecommands.smx] "ᴇᴠʌı<40><STEAM_1:0:108778791><>" changed cvar (cvar "sv_friction") (value "1")
L 08/09/2021 - 03:35:31: [basecommands.smx] "ᴇᴠʌı<40><STEAM_1:0:108778791><>" changed cvar (cvar "sv_friction") (value "4")
L 08/09/2021 - 04:07:31: [basebans.smx] "ᴇᴠʌı<40><STEAM_1:0:108778791><>" banned "ᴇᴠʌı<40><STEAM_1:0:108778791><>" (minutes "240") (reason "Racism")
L 08/09/2021 - 09:08:37: -------- Mapchange to surf_trick_g --------
L 08/09/2021 - 09:08:37: [dm_trick.smx]  SUCCESS db_connect()
L 08/09/2021 - 11:44:38: -------- Mapchange to surf_trick_g --------
L 08/09/2021 - 17:07:00: [basecommands.smx] "ᴇᴠʌı<105><STEAM_1:0:108778791><>" changed map to "surf_trick_g"
L 08/09/2021 - 17:07:03: [SM] Changed map to "surf_trick_g"
L 08/09/2021 - 17:07:07: -------- Mapchange to surf_trick_g --------
L 08/09/2021 - 17:11:35: [basecommands.smx] "ᴇᴠʌı<105><STEAM_1:0:108778791><>" changed map to "surf_trick_g"
L 08/09/2021 - 17:11:38: [SM] Changed map to "surf_trick_g"
L 08/09/2021 - 17:11:41: -------- Mapchange to surf_trick_g --------
L 08/09/2021 - 17:11:41: [dm_trick.smx]  SUCCESS db_connect()
L 08/09/2021 - 17:15:08: [basecommands.smx] "ᴇᴠʌı<105><STEAM_1:0:108778791><>" changed cvar (cvar "sv_full_alltalk") (value "1")
L 08/09/2021 - 17:18:18: [funcommands.smx] "Demon in pain<91><STEAM_1:0:159860788><>" set gravity on "Demon in pain<91><STEAM_1:0:159860788><>" (amount "0.100000")
L 08/09/2021 - 17:18:22: [funcommands.smx] "Demon in pain<91><STEAM_1:0:159860788><>" set gravity on "Demon in pain<91><STEAM_1:0:159860788><>" (amount "1.000000")
L 08/09/2021 - 17:30:43: [basecommands.smx] "ᴇᴠʌı<105><STEAM_1:0:108778791><>" changed cvar (cvar "sv_full_alltalk") (value "1")
L 08/09/2021 - 17:30:45: [basecommands.smx] "ᴇᴠʌı<105><STEAM_1:0:108778791><>" changed map to "surf_trick_g"
L 08/09/2021 - 17:30:48: [SM] Changed map to "surf_trick_g"
L 08/09/2021 - 17:30:51: -------- Mapchange to surf_trick_g --------
L 08/09/2021 - 17:30:51: [dm_trick.smx]  SUCCESS db_connect()
L 08/09/2021 - 17:35:55: [basecommands.smx] "ᴇᴠʌı<105><STEAM_1:0:108778791><>" changed cvar (cvar "sv_full_alltalk") (value "1")
L 08/09/2021 - 17:40:32: [basecommands.smx] "ᴇᴠʌı<105><STEAM_1:0:108778791><>" changed map to "surf_trick_g"
L 08/09/2021 - 17:40:35: [SM] Changed map to "surf_trick_g"
L 08/09/2021 - 17:40:38: -------- Mapchange to surf_trick_g --------
L 08/09/2021 - 17:40:38: [dm_trick.smx]  SUCCESS db_connect()
L 08/09/2021 - 17:41:07: [basecommands.smx] "ᴇᴠʌı<105><STEAM_1:0:108778791><>" changed cvar (cvar "sv_full_alltalk") (value "1")
L 08/09/2021 - 17:48:18: [basecommands.smx] "ᴇᴠʌı<105><STEAM_1:0:108778791><>" changed map to "surf_trick_g"
L 08/09/2021 - 17:48:21: [SM] Changed map to "surf_trick_g"
L 08/09/2021 - 17:48:24: -------- Mapchange to surf_trick_g --------
L 08/09/2021 - 17:48:24: [dm_trick.smx]  SUCCESS db_connect()
L 08/09/2021 - 17:50:37: [basecommands.smx] "ᴇᴠʌı<105><STEAM_1:0:108778791><>" changed cvar (cvar "sv_full_alltalk") (value "1")
L 08/09/2021 - 17:50:41: [basecommands.smx] "Demon in pain<115><STEAM_1:0:159860788><>" changed cvar (cvar "sv_full_alltalk") (value "1")
L 08/09/2021 - 18:00:19: [basecommands.smx] "ᴇᴠʌı<105><STEAM_1:0:108778791><>" changed map to "surf_trick_g"
L 08/09/2021 - 18:00:22: [SM] Changed map to "surf_trick_g"
L 08/09/2021 - 18:00:26: -------- Mapchange to surf_trick_g --------
L 08/09/2021 - 18:00:26: [dm_trick.smx]  SUCCESS db_connect()
L 08/09/2021 - 18:00:49: [basecommands.smx] "Demon in pain<115><STEAM_1:0:159860788><>" kicked "Calvin<123><BOT><>" (reason "")
L 08/09/2021 - 18:00:57: [basecommands.smx] "Demon in pain<115><STEAM_1:0:159860788><>" kicked "lilac sunrise<117><STEAM_1:0:4230177><>" (reason "")
L 08/09/2021 - 18:01:03: [basecommands.smx] "Demon in pain<115><STEAM_1:0:159860788><>" kicked "Mark<122><BOT><>" (reason "")
L 08/09/2021 - 18:01:03: [basecommands.smx] "Demon in pain<115><STEAM_1:0:159860788><>" kicked "Demon in pain<115><STEAM_1:0:159860788><>" (reason "")
L 08/09/2021 - 18:01:17: [basecommands.smx] "Demon in pain<126><STEAM_1:0:159860788><>" changed cvar (cvar "sv_full_alltalk") (value "1")
L 08/09/2021 - 18:02:31: [basecommands.smx] "Demon in pain<126><STEAM_1:0:159860788><>" kicked "lilac sunrise<127><STEAM_1:0:4230177><>" (reason "")
L 08/09/2021 - 18:08:19: [basecommands.smx] "ᴇᴠʌı<105><STEAM_1:0:108778791><>" changed map to "surf_trick_g"
L 08/09/2021 - 18:08:22: [SM] Changed map to "surf_trick_g"
L 08/09/2021 - 18:08:25: -------- Mapchange to surf_trick_g --------
L 08/09/2021 - 18:08:25: [dm_trick.smx]  SUCCESS db_connect()
L 08/09/2021 - 18:43:02: [basecommands.smx] "Demon in pain<126><STEAM_1:0:159860788><>" changed cvar (cvar "sv_full_alltalk") (value "1")
L 08/09/2021 - 18:44:42: [basecommands.smx] "ᴇᴠʌı<105><STEAM_1:0:108778791><>" changed cvar (cvar "mp_spectators_max") (value "99999999")
L 08/09/2021 - 18:46:16: [funcommands.smx] "Demon in pain<126><STEAM_1:0:159860788><>" toggled noclip on "Demon in pain<126><STEAM_1:0:159860788><>"
L 08/09/2021 - 18:46:17: [funcommands.smx] "Demon in pain<126><STEAM_1:0:159860788><>" toggled noclip on "Demon in pain<126><STEAM_1:0:159860788><>"
L 08/09/2021 - 18:47:27: [basecommands.smx] "ᴇᴠʌı<105><STEAM_1:0:108778791><>" changed map to "surf_trick_g"
L 08/09/2021 - 18:47:30: [SM] Changed map to "surf_trick_g"
L 08/09/2021 - 18:47:34: -------- Mapchange to surf_trick_g --------
L 08/09/2021 - 18:47:34: [dm_trick.smx]  SUCCESS db_connect()
L 08/09/2021 - 18:54:52: [playercommands.smx] "ᴇᴠʌı<105><STEAM_1:0:108778791><>" slapped "Demon in pain<126><STEAM_1:0:159860788><>" (damage "0")
L 08/09/2021 - 18:54:52: [playercommands.smx] "ᴇᴠʌı<105><STEAM_1:0:108778791><>" slapped "Demon in pain<126><STEAM_1:0:159860788><>" (damage "0")
L 08/09/2021 - 18:54:52: [playercommands.smx] "ᴇᴠʌı<105><STEAM_1:0:108778791><>" slapped "Demon in pain<126><STEAM_1:0:159860788><>" (damage "0")
L 08/09/2021 - 19:00:41: [basecommands.smx] "ᴇᴠʌı<105><STEAM_1:0:108778791><>" changed map to "surf_trick_g"
L 08/09/2021 - 19:00:44: [SM] Changed map to "surf_trick_g"
L 08/09/2021 - 19:00:47: -------- Mapchange to surf_trick_g --------
L 08/09/2021 - 19:00:47: [dm_trick.smx]  SUCCESS db_connect()
L 08/09/2021 - 19:30:14: [basecommands.smx] "ᴇᴠʌı<105><STEAM_1:0:108778791><>" changed cvar (cvar "mp_spectators_max") (value "0")
L 08/09/2021 - 19:31:03: [basecommands.smx] "ᴇᴠʌı<105><STEAM_1:0:108778791><>" changed cvar (cvar "mp_spectators_max") (value "1")
L 08/09/2021 - 19:39:46: [funcommands.smx] "Demon in pain<126><STEAM_1:0:159860788><>" toggled noclip on "Demon in pain<126><STEAM_1:0:159860788><>"
L 08/09/2021 - 19:39:47: [funcommands.smx] "Demon in pain<126><STEAM_1:0:159860788><>" toggled noclip on "Demon in pain<126><STEAM_1:0:159860788><>"
L 08/09/2021 - 19:40:06: [funcommands.smx] "Demon in pain<126><STEAM_1:0:159860788><>" toggled noclip on "Demon in pain<126><STEAM_1:0:159860788><>"
L 08/09/2021 - 19:40:09: [funcommands.smx] "Demon in pain<126><STEAM_1:0:159860788><>" toggled noclip on "Demon in pain<126><STEAM_1:0:159860788><>"
L 08/09/2021 - 19:40:19: [funcommands.smx] "Demon in pain<126><STEAM_1:0:159860788><>" toggled noclip on "Demon in pain<126><STEAM_1:0:159860788><>"
L 08/09/2021 - 19:40:19: [funcommands.smx] "Demon in pain<126><STEAM_1:0:159860788><>" toggled noclip on "Demon in pain<126><STEAM_1:0:159860788><>"
L 08/09/2021 - 19:40:41: [funcommands.smx] "Demon in pain<126><STEAM_1:0:159860788><>" toggled noclip on "Demon in pain<126><STEAM_1:0:159860788><>"
L 08/09/2021 - 19:40:42: [funcommands.smx] "Demon in pain<126><STEAM_1:0:159860788><>" toggled noclip on "Demon in pain<126><STEAM_1:0:159860788><>"
L 08/09/2021 - 19:41:21: [funcommands.smx] "Demon in pain<126><STEAM_1:0:159860788><>" toggled noclip on "Demon in pain<126><STEAM_1:0:159860788><>"
L 08/09/2021 - 19:41:22: [funcommands.smx] "Demon in pain<126><STEAM_1:0:159860788><>" toggled noclip on "Demon in pain<126><STEAM_1:0:159860788><>"
L 08/09/2021 - 19:41:35: [funcommands.smx] "Demon in pain<126><STEAM_1:0:159860788><>" toggled noclip on "Demon in pain<126><STEAM_1:0:159860788><>"
L 08/09/2021 - 19:41:36: [funcommands.smx] "Demon in pain<126><STEAM_1:0:159860788><>" toggled noclip on "Demon in pain<126><STEAM_1:0:159860788><>"
L 08/09/2021 - 19:41:50: [funcommands.smx] "Demon in pain<126><STEAM_1:0:159860788><>" toggled noclip on "Demon in pain<126><STEAM_1:0:159860788><>"
L 08/09/2021 - 19:41:52: [funcommands.smx] "Demon in pain<126><STEAM_1:0:159860788><>" toggled noclip on "Demon in pain<126><STEAM_1:0:159860788><>"
L 08/09/2021 - 19:42:31: [funcommands.smx] "Demon in pain<126><STEAM_1:0:159860788><>" toggled noclip on "Demon in pain<126><STEAM_1:0:159860788><>"
L 08/09/2021 - 19:42:33: [funcommands.smx] "Demon in pain<126><STEAM_1:0:159860788><>" toggled noclip on "Demon in pain<126><STEAM_1:0:159860788><>"
L 08/09/2021 - 19:42:55: [funcommands.smx] "Demon in pain<126><STEAM_1:0:159860788><>" toggled noclip on "Demon in pain<126><STEAM_1:0:159860788><>"
L 08/09/2021 - 19:42:55: [funcommands.smx] "Demon in pain<126><STEAM_1:0:159860788><>" toggled noclip on "Demon in pain<126><STEAM_1:0:159860788><>"
L 08/09/2021 - 19:44:05: [funcommands.smx] "Demon in pain<126><STEAM_1:0:159860788><>" toggled noclip on "Demon in pain<126><STEAM_1:0:159860788><>"
L 08/09/2021 - 19:44:06: [funcommands.smx] "Demon in pain<126><STEAM_1:0:159860788><>" toggled noclip on "Demon in pain<126><STEAM_1:0:159860788><>"
L 08/09/2021 - 19:44:12: [funcommands.smx] "Demon in pain<126><STEAM_1:0:159860788><>" toggled noclip on "Demon in pain<126><STEAM_1:0:159860788><>"
L 08/09/2021 - 19:44:13: [funcommands.smx] "Demon in pain<126><STEAM_1:0:159860788><>" toggled noclip on "Demon in pain<126><STEAM_1:0:159860788><>"
L 08/09/2021 - 19:44:26: [funcommands.smx] "Demon in pain<126><STEAM_1:0:159860788><>" toggled noclip on "Demon in pain<126><STEAM_1:0:159860788><>"
L 08/09/2021 - 19:44:28: [funcommands.smx] "Demon in pain<126><STEAM_1:0:159860788><>" toggled noclip on "Demon in pain<126><STEAM_1:0:159860788><>"
L 08/09/2021 - 19:45:13: [funcommands.smx] "Demon in pain<126><STEAM_1:0:159860788><>" toggled noclip on "Demon in pain<126><STEAM_1:0:159860788><>"
L 08/09/2021 - 19:45:14: [funcommands.smx] "Demon in pain<126><STEAM_1:0:159860788><>" toggled noclip on "Demon in pain<126><STEAM_1:0:159860788><>"
L 08/09/2021 - 19:45:38: [funcommands.smx] "Demon in pain<126><STEAM_1:0:159860788><>" toggled noclip on "Demon in pain<126><STEAM_1:0:159860788><>"
L 08/09/2021 - 19:45:39: [funcommands.smx] "Demon in pain<126><STEAM_1:0:159860788><>" toggled noclip on "Demon in pain<126><STEAM_1:0:159860788><>"
L 08/09/2021 - 19:46:11: [funcommands.smx] "Demon in pain<126><STEAM_1:0:159860788><>" toggled noclip on "Demon in pain<126><STEAM_1:0:159860788><>"
L 08/09/2021 - 19:46:11: [funcommands.smx] "Demon in pain<126><STEAM_1:0:159860788><>" toggled noclip on "Demon in pain<126><STEAM_1:0:159860788><>"
L 08/09/2021 - 19:46:51: [funcommands.smx] "Demon in pain<126><STEAM_1:0:159860788><>" toggled noclip on "Demon in pain<126><STEAM_1:0:159860788><>"
L 08/09/2021 - 19:46:53: [funcommands.smx] "Demon in pain<126><STEAM_1:0:159860788><>" toggled noclip on "Demon in pain<126><STEAM_1:0:159860788><>"
L 08/09/2021 - 19:47:42: [funcommands.smx] "Demon in pain<126><STEAM_1:0:159860788><>" toggled noclip on "Demon in pain<126><STEAM_1:0:159860788><>"
L 08/09/2021 - 19:47:42: [funcommands.smx] "Demon in pain<126><STEAM_1:0:159860788><>" toggled noclip on "Demon in pain<126><STEAM_1:0:159860788><>"
L 08/09/2021 - 19:48:27: [funcommands.smx] "Demon in pain<126><STEAM_1:0:159860788><>" toggled noclip on "Demon in pain<126><STEAM_1:0:159860788><>"
L 08/09/2021 - 19:48:29: [funcommands.smx] "Demon in pain<126><STEAM_1:0:159860788><>" toggled noclip on "Demon in pain<126><STEAM_1:0:159860788><>"
L 08/09/2021 - 19:49:10: [funcommands.smx] "Demon in pain<126><STEAM_1:0:159860788><>" toggled noclip on "Demon in pain<126><STEAM_1:0:159860788><>"
L 08/09/2021 - 19:49:10: [funcommands.smx] "Demon in pain<126><STEAM_1:0:159860788><>" toggled noclip on "Demon in pain<126><STEAM_1:0:159860788><>"
L 08/09/2021 - 20:09:44: [funcommands.smx] "Demon in pain<126><STEAM_1:0:159860788><>" set gravity on "dzhan<139><STEAM_1:1:439106329><>" (amount "0.500000")
L 08/09/2021 - 20:09:50: [funcommands.smx] "Demon in pain<126><STEAM_1:0:159860788><>" set gravity on "dzhan<139><STEAM_1:1:439106329><>" (amount "1.000000")
L 08/09/2021 - 20:10:05: [funcommands.smx] "Demon in pain<126><STEAM_1:0:159860788><>" set gravity on "dzhan<139><STEAM_1:1:439106329><>" (amount "0.500000")
L 08/09/2021 - 20:10:06: [funcommands.smx] "Demon in pain<126><STEAM_1:0:159860788><>" set gravity on "dzhan<139><STEAM_1:1:439106329><>" (amount "1.000000")
L 08/09/2021 - 20:10:19: [funcommands.smx] "Demon in pain<126><STEAM_1:0:159860788><>" set gravity on "dzhan<139><STEAM_1:1:439106329><>" (amount "0.500000")
L 08/09/2021 - 20:10:22: [funcommands.smx] "Demon in pain<126><STEAM_1:0:159860788><>" set gravity on "dzhan<139><STEAM_1:1:439106329><>" (amount "1.000000")
L 08/09/2021 - 20:10:34: [funcommands.smx] "Demon in pain<126><STEAM_1:0:159860788><>" set gravity on "dzhan<139><STEAM_1:1:439106329><>" (amount "0.500000")
L 08/09/2021 - 20:10:35: [funcommands.smx] "Demon in pain<126><STEAM_1:0:159860788><>" set gravity on "dzhan<139><STEAM_1:1:439106329><>" (amount "1.000000")
L 08/09/2021 - 20:10:48: [funcommands.smx] "Demon in pain<126><STEAM_1:0:159860788><>" set gravity on "dzhan<139><STEAM_1:1:439106329><>" (amount "0.500000")
L 08/09/2021 - 20:10:49: [funcommands.smx] "Demon in pain<126><STEAM_1:0:159860788><>" set gravity on "dzhan<139><STEAM_1:1:439106329><>" (amount "1.000000")
L 08/09/2021 - 20:10:58: [funcommands.smx] "Demon in pain<126><STEAM_1:0:159860788><>" set gravity on "dzhan<139><STEAM_1:1:439106329><>" (amount "0.500000")
L 08/09/2021 - 20:11:00: [funcommands.smx] "Demon in pain<126><STEAM_1:0:159860788><>" set gravity on "dzhan<139><STEAM_1:1:439106329><>" (amount "1.000000")
L 08/09/2021 - 20:11:11: [funcommands.smx] "Demon in pain<126><STEAM_1:0:159860788><>" set gravity on "dzhan<139><STEAM_1:1:439106329><>" (amount "0.500000")
L 08/09/2021 - 20:11:12: [funcommands.smx] "Demon in pain<126><STEAM_1:0:159860788><>" set gravity on "dzhan<139><STEAM_1:1:439106329><>" (amount "1.000000")
L 08/09/2021 - 20:11:28: [funcommands.smx] "Demon in pain<126><STEAM_1:0:159860788><>" set gravity on "dzhan<139><STEAM_1:1:439106329><>" (amount "0.500000")
L 08/09/2021 - 20:11:30: [funcommands.smx] "Demon in pain<126><STEAM_1:0:159860788><>" set gravity on "dzhan<139><STEAM_1:1:439106329><>" (amount "1.000000")
L 08/09/2021 - 20:11:37: [funcommands.smx] "Demon in pain<126><STEAM_1:0:159860788><>" set gravity on "dzhan<139><STEAM_1:1:439106329><>" (amount "0.500000")
L 08/09/2021 - 20:11:38: [funcommands.smx] "Demon in pain<126><STEAM_1:0:159860788><>" set gravity on "dzhan<139><STEAM_1:1:439106329><>" (amount "1.000000")
L 08/09/2021 - 20:12:00: [funcommands.smx] "Demon in pain<126><STEAM_1:0:159860788><>" set gravity on "dzhan<139><STEAM_1:1:439106329><>" (amount "0.500000")
L 08/09/2021 - 20:12:01: [funcommands.smx] "Demon in pain<126><STEAM_1:0:159860788><>" set gravity on "ᴇᴠʌı<105><STEAM_1:0:108778791><>" (amount "1.000000")
L 08/09/2021 - 20:12:05: [funcommands.smx] "Demon in pain<126><STEAM_1:0:159860788><>" set gravity on "dzhan<139><STEAM_1:1:439106329><>" (amount "1.000000")
L 08/09/2021 - 20:12:14: [funcommands.smx] "Demon in pain<126><STEAM_1:0:159860788><>" set gravity on "dzhan<139><STEAM_1:1:439106329><>" (amount "0.500000")
L 08/09/2021 - 20:12:18: [funcommands.smx] "Demon in pain<126><STEAM_1:0:159860788><>" set gravity on "dzhan<139><STEAM_1:1:439106329><>" (amount "1.000000")
L 08/09/2021 - 20:12:31: [funcommands.smx] "Demon in pain<126><STEAM_1:0:159860788><>" set gravity on "dzhan<139><STEAM_1:1:439106329><>" (amount "0.500000")
L 08/09/2021 - 20:12:32: [funcommands.smx] "Demon in pain<126><STEAM_1:0:159860788><>" set gravity on "dzhan<139><STEAM_1:1:439106329><>" (amount "2.000000")
L 08/09/2021 - 20:12:33: [funcommands.smx] "Demon in pain<126><STEAM_1:0:159860788><>" set gravity on "dzhan<139><STEAM_1:1:439106329><>" (amount "1.000000")
L 08/09/2021 - 20:12:34: [funcommands.smx] "Demon in pain<126><STEAM_1:0:159860788><>" set gravity on "dzhan<139><STEAM_1:1:439106329><>" (amount "0.500000")
L 08/09/2021 - 20:12:35: [funcommands.smx] "Demon in pain<126><STEAM_1:0:159860788><>" set gravity on "dzhan<139><STEAM_1:1:439106329><>" (amount "1.000000")
L 08/09/2021 - 20:12:39: [funcommands.smx] "Demon in pain<126><STEAM_1:0:159860788><>" set gravity on "dzhan<139><STEAM_1:1:439106329><>" (amount "1.000000")
L 08/09/2021 - 20:12:40: [funcommands.smx] "Demon in pain<126><STEAM_1:0:159860788><>" set gravity on "dzhan<139><STEAM_1:1:439106329><>" (amount "1.000000")
L 08/09/2021 - 20:12:41: [funcommands.smx] "Demon in pain<126><STEAM_1:0:159860788><>" set gravity on "dzhan<139><STEAM_1:1:439106329><>" (amount "1.000000")
L 08/09/2021 - 20:12:42: [funcommands.smx] "Demon in pain<126><STEAM_1:0:159860788><>" set gravity on "dzhan<139><STEAM_1:1:439106329><>" (amount "1.000000")
L 08/09/2021 - 20:12:43: [funcommands.smx] "Demon in pain<126><STEAM_1:0:159860788><>" set gravity on "dzhan<139><STEAM_1:1:439106329><>" (amount "2.000000")
L 08/09/2021 - 20:12:45: [funcommands.smx] "Demon in pain<126><STEAM_1:0:159860788><>" set gravity on "dzhan<139><STEAM_1:1:439106329><>" (amount "0.500000")
L 08/09/2021 - 20:12:45: [funcommands.smx] "Demon in pain<126><STEAM_1:0:159860788><>" set gravity on "dzhan<139><STEAM_1:1:439106329><>" (amount "1.000000")
L 08/09/2021 - 20:12:47: [funcommands.smx] "Demon in pain<126><STEAM_1:0:159860788><>" set gravity on "dzhan<139><STEAM_1:1:439106329><>" (amount "0.500000")
L 08/09/2021 - 20:12:47: [funcommands.smx] "Demon in pain<126><STEAM_1:0:159860788><>" set gravity on "dzhan<139><STEAM_1:1:439106329><>" (amount "1.000000")
L 08/09/2021 - 20:12:49: [funcommands.smx] "Demon in pain<126><STEAM_1:0:159860788><>" set gravity on "dzhan<139><STEAM_1:1:439106329><>" (amount "0.500000")
L 08/09/2021 - 20:12:50: [funcommands.smx] "Demon in pain<126><STEAM_1:0:159860788><>" set gravity on "dzhan<139><STEAM_1:1:439106329><>" (amount "1.000000")
L 08/09/2021 - 20:12:54: [funcommands.smx] "Demon in pain<126><STEAM_1:0:159860788><>" set gravity on "dzhan<139><STEAM_1:1:439106329><>" (amount "1.000000")
L 08/09/2021 - 20:13:00: [funcommands.smx] "Demon in pain<126><STEAM_1:0:159860788><>" set gravity on "dzhan<139><STEAM_1:1:439106329><>" (amount "4.000000")
L 08/09/2021 - 20:13:00: [funcommands.smx] "Demon in pain<126><STEAM_1:0:159860788><>" set gravity on "dzhan<139><STEAM_1:1:439106329><>" (amount "2.000000")
L 08/09/2021 - 20:13:17: [funcommands.smx] "Demon in pain<126><STEAM_1:0:159860788><>" set gravity on "dzhan<139><STEAM_1:1:439106329><>" (amount "1.000000")
L 08/09/2021 - 20:13:33: [basecommands.smx] "ᴇᴠʌı<105><STEAM_1:0:108778791><>" changed map to "surf_trick_g"
L 08/09/2021 - 20:13:36: [SM] Changed map to "surf_trick_g"
L 08/09/2021 - 20:13:40: -------- Mapchange to surf_trick_g --------
L 08/09/2021 - 20:13:40: [dm_trick.smx]  SUCCESS db_connect()
L 08/09/2021 - 20:53:04: [basecommands.smx] "Demon in pain<126><STEAM_1:0:159860788><>" kicked "Turkish Airlines<137><STEAM_1:0:51713742><>" (reason "")
L 08/09/2021 - 20:53:04: [basecommands.smx] "Demon in pain<126><STEAM_1:0:159860788><>" kicked "aura<147><STEAM_1:1:618296767><>" (reason "")
L 08/09/2021 - 20:53:04: [basecommands.smx] "Demon in pain<126><STEAM_1:0:159860788><>" kicked "Skrr<149><STEAM_1:1:1146082><>" (reason "")
L 08/09/2021 - 20:53:05: [basecommands.smx] "Demon in pain<126><STEAM_1:0:159860788><>" kicked "buggyman<148><STEAM_1:0:2397008><>" (reason "")
L 08/09/2021 - 20:53:05: [basecommands.smx] "Demon in pain<126><STEAM_1:0:159860788><>" kicked "Эльфийский сквирт<150><STEAM_1:1:191207593><>" (reason "")
L 08/09/2021 - 20:53:05: [basecommands.smx] "Demon in pain<126><STEAM_1:0:159860788><>" kicked "принцесса шпака<151><STEAM_1:1:116321270><>" (reason "")
L 08/09/2021 - 20:53:05: [basecommands.smx] "Demon in pain<126><STEAM_1:0:159860788><>" kicked "rari<152><STEAM_1:1:210496033><>" (reason "")
L 08/09/2021 - 20:53:06: [basecommands.smx] "Demon in pain<126><STEAM_1:0:159860788><>" kicked "Demon in pain<126><STEAM_1:0:159860788><>" (reason "")
L 08/09/2021 - 20:55:56: [basecommands.smx] "ᴇᴠʌı<105><STEAM_1:0:108778791><>" changed map to "surf_trick_g"
L 08/09/2021 - 20:55:58: [basecommands.smx] "Demon in pain<155><STEAM_1:0:159860788><>" kicked "Kurama<143><STEAM_1:1:451504455><>" (reason "")
L 08/09/2021 - 20:55:58: [basecommands.smx] "Demon in pain<155><STEAM_1:0:159860788><>" kicked "dzhan<139><STEAM_1:1:439106329><>" (reason "")
L 08/09/2021 - 20:55:59: [basecommands.smx] "Demon in pain<155><STEAM_1:0:159860788><>" kicked "rari<153><STEAM_1:1:210496033><>" (reason "")
L 08/09/2021 - 20:55:59: [basecommands.smx] "Demon in pain<155><STEAM_1:0:159860788><>" kicked "ᴇᴠʌı<105><STEAM_1:0:108778791><>" (reason "")
L 08/09/2021 - 20:55:59: [basecommands.smx] "Demon in pain<155><STEAM_1:0:159860788><>" kicked "Turkish Airlines<154><STEAM_1:0:51713742><>" (reason "")
L 08/09/2021 - 20:55:59: [basecommands.smx] "Demon in pain<155><STEAM_1:0:159860788><>" kicked "Черныш<158><STEAM_1:0:552799651><>" (reason "")
L 08/09/2021 - 20:55:59: [SM] Changed map to "surf_trick_g"
L 08/09/2021 - 20:56:02: -------- Mapchange to surf_trick_g --------
L 08/09/2021 - 20:56:02: [dm_trick.smx]  SUCCESS db_connect()
L 08/09/2021 - 20:58:35: [funcommands.smx] "Demon in pain<155><STEAM_1:0:159860788><>" set gravity on "ArturPertuh<160><STEAM_1:0:49334172><>" (amount "0.100000")
L 08/09/2021 - 20:58:57: [playercommands.smx] "Demon in pain<155><STEAM_1:0:159860788><>" slayed "ArturPertuh<160><STEAM_1:0:49334172><>"
L 08/09/2021 - 20:59:05: [funcommands.smx] "Demon in pain<155><STEAM_1:0:159860788><>" toggled noclip on "ArturPertuh<160><STEAM_1:0:49334172><>"
L 08/09/2021 - 21:30:56: [basecommands.smx] "ᴇᴠʌı<161><STEAM_1:0:108778791><>" changed map to "surf_trick_g"
L 08/09/2021 - 21:30:59: [SM] Changed map to "surf_trick_g"
L 08/09/2021 - 21:31:03: -------- Mapchange to surf_trick_g --------
L 08/09/2021 - 21:31:03: [dm_trick.smx]  SUCCESS db_connect()
L 08/09/2021 - 21:56:58: [basecommands.smx] "ᴇᴠʌı<161><STEAM_1:0:108778791><>" changed map to "surf_trick_g"
L 08/09/2021 - 21:57:01: [SM] Changed map to "surf_trick_g"
L 08/09/2021 - 21:57:04: -------- Mapchange to surf_trick_g --------
L 08/09/2021 - 21:57:34: [basecommands.smx] "Demon in pain<155><STEAM_1:0:159860788><>" kicked "ᴇᴠʌı<161><STEAM_1:0:108778791><>" (reason "")
L 08/09/2021 - 21:57:34: [basecommands.smx] "Demon in pain<155><STEAM_1:0:159860788><>" kicked "Gwin<183><STEAM_1:1:453450386><>" (reason "")
L 08/09/2021 - 21:57:34: [basecommands.smx] "Demon in pain<155><STEAM_1:0:159860788><>" kicked "Turkish Airlines<163><STEAM_1:0:51713742><>" (reason "")
L 08/09/2021 - 21:57:34: [basecommands.smx] "Demon in pain<155><STEAM_1:0:159860788><>" kicked "Kurama<165><STEAM_1:1:451504455><>" (reason "")
L 08/09/2021 - 21:57:34: [basecommands.smx] "Demon in pain<155><STEAM_1:0:159860788><>" kicked "Demon in pain<155><STEAM_1:0:159860788><>" (reason "")
L 08/09/2021 - 21:59:50: [basecommands.smx] "ᴇᴠʌı<186><STEAM_1:0:108778791><>" changed cvar (cvar "sv_skyname") (value "mr_13")
L 08/09/2021 - 22:00:05: [basecommands.smx] "ᴇᴠʌı<186><STEAM_1:0:108778791><>" changed cvar (cvar "sv_skyname") (value "mr_30")
L 08/09/2021 - 22:00:28: [basecommands.smx] "ᴇᴠʌı<186><STEAM_1:0:108778791><>" changed cvar (cvar "sv_skyname") (value "mr_08")
L 08/09/2021 - 22:00:47: [basecommands.smx] "ᴇᴠʌı<186><STEAM_1:0:108778791><>" changed cvar (cvar "sv_skyname") (value "mr_07")
L 08/09/2021 - 22:01:02: [basecommands.smx] "ᴇᴠʌı<186><STEAM_1:0:108778791><>" changed cvar (cvar "sv_skyname") (value "mr_08")
L 08/09/2021 - 22:03:26: [basecommands.smx] "ᴇᴠʌı<186><STEAM_1:0:108778791><>" changed cvar (cvar "mp_teammates_are_enemies") (value "1")
L 08/09/2021 - 22:04:04: [basecommands.smx] "ᴇᴠʌı<186><STEAM_1:0:108778791><>" changed cvar (cvar "hitregsize") (value "100")
L 08/09/2021 - 22:13:51: [basecommands.smx] "ᴇᴠʌı<186><STEAM_1:0:108778791><>" changed map to "surf_trick_g"
L 08/09/2021 - 22:13:54: [SM] Changed map to "surf_trick_g"
L 08/09/2021 - 22:13:57: -------- Mapchange to surf_trick_g --------
L 08/09/2021 - 22:13:57: [dm_trick.smx]  SUCCESS db_connect()
L 08/09/2021 - 22:13:57: [basecommands.smx] "Console<0><Console><Console>" changed cvar (cvar "sv_skyname") (value "167")
L 08/09/2021 - 22:15:07: SourceMod log file session started (file "/home/container/csgo/addons/sourcemod/logs/L20210809.log") (Version "1.10.0.6510")
L 08/09/2021 - 22:15:07: [dm_trick.smx]  SUCCESS db_connect()
L 08/09/2021 - 22:15:18: -------- Mapchange to surf_trick_g --------
L 08/09/2021 - 22:15:18: [basecommands.smx] "Console<0><Console><Console>" changed cvar (cvar "sv_skyname") (value "167")
L 08/09/2021 - 22:15:49: SourceMod log file session started (file "/home/container/csgo/addons/sourcemod/logs/L20210809.log") (Version "1.10.0.6510")
L 08/09/2021 - 22:15:49: [dm_trick.smx]  SUCCESS db_connect()
L 08/09/2021 - 22:16:02: -------- Mapchange to surf_trick_g --------
L 08/09/2021 - 22:16:03: [basecommands.smx] "Console<0><Console><Console>" changed cvar (cvar "sv_skyname") (value "167")
L 08/09/2021 - 22:17:13: SourceMod log file session started (file "/home/container/csgo/addons/sourcemod/logs/L20210809.log") (Version "1.10.0.6510")
L 08/09/2021 - 22:17:13: [dm_trick.smx]  SUCCESS db_connect()
L 08/09/2021 - 22:17:26: -------- Mapchange to surf_trick_g --------
L 08/09/2021 - 22:17:26: [basecommands.smx] "Console<0><Console><Console>" changed cvar (cvar "sv_skyname") (value "167")
L 08/09/2021 - 22:18:10: [basecommands.smx] "ᴇᴠʌı<3><STEAM_1:0:108778791><>" changed cvar (cvar "sv_skyname") (value "167")
L 08/09/2021 - 22:18:49: [basecommands.smx] "ᴇᴠʌı<3><STEAM_1:0:108778791><>" changed cvar (cvar "sv_skyname") (value "sky167")
L 08/09/2021 - 22:22:57: [funcommands.smx] "ᴇᴠʌı<3><STEAM_1:0:108778791><>" ignited "swear to god<2><STEAM_1:0:525445108><>" (seconds "20.000000")
L 08/09/2021 - 22:22:57: [funcommands.smx] "ᴇᴠʌı<3><STEAM_1:0:108778791><>" ignited "denmo<5><STEAM_1:1:502946022><>" (seconds "20.000000")
L 08/09/2021 - 22:26:49: [basecommands.smx] "ᴇᴠʌı<3><STEAM_1:0:108778791><>" changed cvar (cvar "sv_infinite_ammo") (value "1")
L 08/09/2021 - 22:27:58: [basecommands.smx] "Demon in pain<4><STEAM_1:0:159860788><>" kicked "denmo<5><STEAM_1:1:502946022><>" (reason "")
L 08/10/2021 - 01:27:40: Log file closed.
