L 08/12/2021 - 03:28:07: SourceMod log file session started (file "/home/container/csgo/addons/sourcemod/logs/L20210812.log") (Version "1.10.0.6510")
L 08/12/2021 - 03:28:07: -------- Mapchange to surf_trick_g --------
L 08/12/2021 - 09:00:38: -------- Mapchange to surf_trick_g --------
L 08/12/2021 - 12:20:40: -------- Mapchange to surf_trick_g --------
L 08/12/2021 - 14:11:23: [basecommands.smx] "ᴇᴠʌı<105><STEAM_1:0:108778791><>" changed map to "surf_trick_g"
L 08/12/2021 - 14:11:26: [SM] Changed map to "surf_trick_g"
L 08/12/2021 - 14:11:29: -------- Mapchange to surf_trick_g --------
L 08/12/2021 - 17:56:49: [playercommands.smx] "cockodemon<114><STEAM_1:0:159860788><>" slayed "cockodile<100><STEAM_1:1:1146082><>"
L 08/12/2021 - 17:57:04: [playercommands.smx] "cockodemon<114><STEAM_1:0:159860788><>" slayed "drained<117><STEAM_1:0:67907739><>"
L 08/12/2021 - 19:45:24: [basecommands.smx] "Console<0><Console><Console>" refreshed the admin cache.
L 08/12/2021 - 19:45:33: [playercommands.smx] "Порох в рукавицах<126><STEAM_1:1:80244186><>" slayed "Порох в рукавицах<126><STEAM_1:1:80244186><>"
L 08/12/2021 - 20:31:50: -------- Mapchange to surf_trick_g --------
L 08/12/2021 - 20:31:51: [dm_trick.smx]  SUCCESS db_connect()
L 08/12/2021 - 20:43:13: [basecommands.smx] "www.surfgods.xyz<135><STEAM_1:0:108778791><>" changed map to "surf_trick_g"
L 08/12/2021 - 20:43:16: [SM] Changed map to "surf_trick_g"
L 08/12/2021 - 20:43:19: -------- Mapchange to surf_trick_g --------
L 08/12/2021 - 20:47:01: [basecommands.smx] "Console<0><Console><Console>" refreshed the admin cache.
L 08/12/2021 - 20:50:58: [playercommands.smx] "ᴇᴠʌı<137><STEAM_1:0:108778791><>" slapped "cockodile<130><STEAM_1:1:1146082><>" (damage "0")
L 08/12/2021 - 20:50:58: [playercommands.smx] "ᴇᴠʌı<137><STEAM_1:0:108778791><>" slapped "cockodile<130><STEAM_1:1:1146082><>" (damage "0")
L 08/12/2021 - 20:50:58: [playercommands.smx] "ᴇᴠʌı<137><STEAM_1:0:108778791><>" slapped "cockodile<130><STEAM_1:1:1146082><>" (damage "0")
L 08/12/2021 - 20:50:58: [playercommands.smx] "ᴇᴠʌı<137><STEAM_1:0:108778791><>" slapped "cockodile<130><STEAM_1:1:1146082><>" (damage "0")
L 08/12/2021 - 20:50:58: [playercommands.smx] "ᴇᴠʌı<137><STEAM_1:0:108778791><>" slapped "cockodile<130><STEAM_1:1:1146082><>" (damage "0")
L 08/12/2021 - 20:50:58: [playercommands.smx] "ᴇᴠʌı<137><STEAM_1:0:108778791><>" slapped "cockodile<130><STEAM_1:1:1146082><>" (damage "0")
L 08/12/2021 - 20:50:59: [playercommands.smx] "ᴇᴠʌı<137><STEAM_1:0:108778791><>" slapped "cockodile<130><STEAM_1:1:1146082><>" (damage "0")
L 08/12/2021 - 20:50:59: [playercommands.smx] "ᴇᴠʌı<137><STEAM_1:0:108778791><>" slapped "cockodile<130><STEAM_1:1:1146082><>" (damage "0")
L 08/12/2021 - 20:50:59: [playercommands.smx] "ᴇᴠʌı<137><STEAM_1:0:108778791><>" slapped "cockodile<130><STEAM_1:1:1146082><>" (damage "0")
L 08/12/2021 - 20:50:59: [playercommands.smx] "ᴇᴠʌı<137><STEAM_1:0:108778791><>" slapped "cockodile<130><STEAM_1:1:1146082><>" (damage "0")
L 08/12/2021 - 20:51:00: [playercommands.smx] "ᴇᴠʌı<137><STEAM_1:0:108778791><>" slapped "cockodile<130><STEAM_1:1:1146082><>" (damage "0")
L 08/12/2021 - 20:51:00: [playercommands.smx] "ᴇᴠʌı<137><STEAM_1:0:108778791><>" slapped "cockodile<130><STEAM_1:1:1146082><>" (damage "0")
L 08/13/2021 - 00:00:00: Log file closed.
