L 09/09/2021 - 01:47:09: SourceMod log file session started (file "/home/container/csgo/addons/sourcemod/logs/L20210909.log") (Version "1.10.0.6510")
L 09/09/2021 - 01:47:09: -------- Mapchange to surf_trick_gxd --------
L 09/09/2021 - 08:35:58: -------- Mapchange to surf_trick_gxd --------
L 09/09/2021 - 09:00:09: -------- Mapchange to surf_trick_gxd --------
L 09/09/2021 - 10:02:48: -------- Mapchange to surf_trick_gxd --------
L 09/09/2021 - 11:38:30: -------- Mapchange to surf_trick_gxd --------
L 09/09/2021 - 12:06:25: -------- Mapchange to surf_trick_gxd --------
L 09/09/2021 - 13:49:00: -------- Mapchange to surf_trick_gxd --------
L 09/09/2021 - 13:59:56: -------- Mapchange to surf_trick_gxd --------
L 09/09/2021 - 14:00:33: -------- Mapchange to surf_trick_gxd --------
L 09/09/2021 - 14:31:05: -------- Mapchange to surf_trick_gxd --------
L 09/09/2021 - 15:06:14: -------- Mapchange to surf_trick_gxd --------
L 09/09/2021 - 16:47:27: [funcommands.smx] "yurei x yokai<111><STEAM_1:0:159860788><>" toggled noclip on "yurei x yokai<111><STEAM_1:0:159860788><>"
L 09/09/2021 - 16:47:54: [funcommands.smx] "yurei x yokai<111><STEAM_1:0:159860788><>" toggled noclip on "yurei x yokai<111><STEAM_1:0:159860788><>"
L 09/09/2021 - 17:14:05: -------- Mapchange to surf_trick_gxd --------
L 09/09/2021 - 17:30:57: -------- Mapchange to surf_trick_gxd --------
L 09/09/2021 - 18:02:52: -------- Mapchange to surf_trick_gxd --------
L 09/09/2021 - 21:16:16: [basecommands.smx] "www<132><STEAM_1:0:159860788><>" kicked "yurei<139><STEAM_1:0:451419478><>" (reason "")
L 09/09/2021 - 21:16:37: [basecommands.smx] "www<132><STEAM_1:0:159860788><>" kicked "ululu<136><STEAM_1:1:550380730><>" (reason "")
L 09/09/2021 - 21:16:37: [basecommands.smx] "www<132><STEAM_1:0:159860788><>" kicked "zero<130><STEAM_1:1:439106329><>" (reason "")
L 09/09/2021 - 21:16:37: [basecommands.smx] "www<132><STEAM_1:0:159860788><>" kicked "och nein, cringe<120><STEAM_1:1:1146082><>" (reason "")
L 09/09/2021 - 21:16:37: [basecommands.smx] "www<132><STEAM_1:0:159860788><>" kicked "yurei<142><STEAM_1:0:451419478><>" (reason "")
L 09/09/2021 - 21:16:37: [basecommands.smx] "www<132><STEAM_1:0:159860788><>" kicked "haunted<134><STEAM_1:0:560970073><>" (reason "")
L 09/09/2021 - 21:16:37: [basecommands.smx] "www<132><STEAM_1:0:159860788><>" kicked "tera.<135><STEAM_1:0:551470450><>" (reason "")
L 09/09/2021 - 21:16:37: [basecommands.smx] "www<132><STEAM_1:0:159860788><>" kicked "ArturPertuh<137><STEAM_1:0:49334172><>" (reason "")
L 09/09/2021 - 21:16:37: [basecommands.smx] "www<132><STEAM_1:0:159860788><>" kicked "distant memories<138><STEAM_1:0:67907739><>" (reason "")
L 09/09/2021 - 21:16:37: [basecommands.smx] "www<132><STEAM_1:0:159860788><>" kicked "_thepvpchicekn<140><STEAM_1:1:87587955><>" (reason "")
L 09/09/2021 - 21:16:37: [basecommands.smx] "www<132><STEAM_1:0:159860788><>" kicked "www<132><STEAM_1:0:159860788><>" (reason "")
L 09/09/2021 - 21:16:43: -------- Mapchange to surf_trick_gxd --------
L 09/09/2021 - 22:21:42: [basecommands.smx] "och nein, cringe<143><STEAM_1:1:1146082><>" changed map to "surf_trick_gxd"
L 09/09/2021 - 22:21:45: [SM] Changed map to "surf_trick_gxd"
L 09/09/2021 - 22:21:46: -------- Mapchange to surf_trick_gxd --------
L 09/10/2021 - 00:24:48: Log file closed.
