L 09/13/2021 - 02:14:45: SourceMod log file session started (file "/home/container/csgo/addons/sourcemod/logs/L20210913.log") (Version "1.10.0.6510")
L 09/13/2021 - 02:14:45: -------- Mapchange to surf_trick_gxd --------
L 09/13/2021 - 06:22:50: -------- Mapchange to surf_trick_gxd --------
L 09/13/2021 - 09:36:01: -------- Mapchange to surf_trick_gxd --------
L 09/13/2021 - 10:42:56: -------- Mapchange to surf_trick_gxd --------
L 09/13/2021 - 10:48:04: -------- Mapchange to surf_trick_gxd --------
L 09/13/2021 - 11:19:17: -------- Mapchange to surf_trick_gxd --------
L 09/13/2021 - 13:37:40: -------- Mapchange to surf_trick_gxd --------
L 09/13/2021 - 14:00:16: -------- Mapchange to surf_trick_gxd --------
L 09/13/2021 - 16:44:56: -------- Mapchange to surf_trick_gxd --------
L 09/13/2021 - 16:53:20: -------- Mapchange to surf_trick_gxd --------
L 09/13/2021 - 16:53:28: -------- Mapchange to surf_trick_gxd --------
L 09/13/2021 - 17:29:51: -------- Mapchange to surf_trick_gxd --------
L 09/13/2021 - 18:38:27: [basecommands.smx] "Это вертолет<50><STEAM_1:1:80244186><>" kicked "Jvnko Still Loves You<47><STEAM_1:0:67907739><>" (reason "")
L 09/13/2021 - 18:47:33: [funcommands.smx] "Это вертолет<50><STEAM_1:1:80244186><>" set gravity on "Jvnko Still Loves You<51><STEAM_1:0:67907739><>" (amount "0.100000")
L 09/13/2021 - 18:47:38: [funcommands.smx] "Это вертолет<50><STEAM_1:1:80244186><>" set gravity on "Jvnko Still Loves You<51><STEAM_1:0:67907739><>" (amount "1.000000")
L 09/13/2021 - 18:52:55: [funcommands.smx] "Это вертолет<50><STEAM_1:1:80244186><>" set gravity on "Gwin<49><STEAM_1:1:453450386><>" (amount "0.500000")
L 09/13/2021 - 18:53:01: [funcommands.smx] "Это вертолет<50><STEAM_1:1:80244186><>" set gravity on "Gwin<49><STEAM_1:1:453450386><>" (amount "1.000000")
L 09/13/2021 - 21:25:08: -------- Mapchange to surf_trick_gxd --------
L 09/13/2021 - 21:49:25: -------- Mapchange to surf_trick_gxd --------
L 09/13/2021 - 22:40:10: -------- Mapchange to surf_trick_gxd --------
L 09/13/2021 - 23:15:39: -------- Mapchange to surf_trick_gxd --------
L 09/14/2021 - 00:01:40: Log file closed.
