L 08/26/2021 - 02:52:41: SourceMod log file session started (file "/home/container/csgo/addons/sourcemod/logs/L20210826.log") (Version "1.10.0.6510")
L 08/26/2021 - 02:52:41: -------- Mapchange to surf_trick_gxd --------
L 08/26/2021 - 04:34:30: -------- Mapchange to surf_trick_gxd --------
L 08/26/2021 - 04:35:09: -------- Mapchange to surf_trick_gxd --------
L 08/26/2021 - 06:12:07: -------- Mapchange to surf_trick_gxd --------
L 08/26/2021 - 07:24:12: -------- Mapchange to surf_trick_gxd --------
L 08/26/2021 - 07:46:04: -------- Mapchange to surf_trick_gxd --------
L 08/26/2021 - 09:36:35: [basecommands.smx] "Соня<119><STEAM_1:0:517395575><>" changed map to "surf_trick_gxd"
L 08/26/2021 - 09:36:38: [SM] Changed map to "surf_trick_gxd"
L 08/26/2021 - 09:36:39: -------- Mapchange to surf_trick_gxd --------
L 08/26/2021 - 09:37:27: -------- Mapchange to surf_trick_gxd --------
L 08/26/2021 - 09:41:36: SourceMod log file session started (file "/home/container/csgo/addons/sourcemod/logs/L20210826.log") (Version "1.10.0.6510")
L 08/26/2021 - 09:41:36: [dm_trick.smx]  SUCCESS db_connect()
L 08/26/2021 - 09:41:51: -------- Mapchange to surf_trick_gxd --------
L 08/26/2021 - 09:42:02: -------- Mapchange to surf_trick_gxd --------
L 08/26/2021 - 09:42:10: -------- Mapchange to surf_trick_gxd --------
L 08/26/2021 - 09:42:21: -------- Mapchange to surf_trick_gxd --------
L 08/26/2021 - 09:43:00: SourceMod log file session started (file "/home/container/csgo/addons/sourcemod/logs/L20210826.log") (Version "1.10.0.6510")
L 08/26/2021 - 09:43:00: [dm_trick.smx]  SUCCESS db_connect()
L 08/26/2021 - 09:43:12: -------- Mapchange to surf_trick_gxd --------
L 08/26/2021 - 09:43:29: -------- Mapchange to surf_trick_gxd --------
L 08/26/2021 - 09:43:36: -------- Mapchange to surf_trick_gxd --------
L 08/26/2021 - 09:54:50: SourceMod log file session started (file "/home/container/csgo/addons/sourcemod/logs/L20210826.log") (Version "1.10.0.6510")
L 08/26/2021 - 09:54:50: [dm_trick.smx]  SUCCESS db_connect()
L 08/26/2021 - 09:55:48: -------- Mapchange to surf_trick_gxd --------
L 08/26/2021 - 09:56:48: -------- Mapchange to surf_trick_gxd --------
L 08/26/2021 - 09:57:04: SourceMod log file session started (file "/home/container/csgo/addons/sourcemod/logs/L20210826.log") (Version "1.10.0.6510")
L 08/26/2021 - 09:57:04: [dm_trick.smx]  SUCCESS db_connect()
L 08/26/2021 - 09:57:10: -------- Mapchange to surf_trick_gxd --------
L 08/26/2021 - 09:58:42: Log file closed.
L 08/26/2021 - 09:58:58: SourceMod log file session started (file "/home/container/csgo/addons/sourcemod/logs/L20210826.log") (Version "1.10.0.6510")
L 08/26/2021 - 09:58:58: [dm_trick.smx]  SUCCESS db_connect()
L 08/26/2021 - 09:59:02: -------- Mapchange to surf_trick_gxd --------
L 08/26/2021 - 09:59:31: SourceMod log file session started (file "/home/container/csgo/addons/sourcemod/logs/L20210826.log") (Version "1.10.0.6510")
L 08/26/2021 - 09:59:31: [dm_trick.smx]  SUCCESS db_connect()
L 08/26/2021 - 10:04:39: -------- Mapchange to surf_trick_gxd --------
L 08/26/2021 - 10:04:50: -------- Mapchange to surf_trick_gxd --------
L 08/26/2021 - 10:04:57: -------- Mapchange to surf_trick_gxd --------
L 08/26/2021 - 10:05:29: SourceMod log file session started (file "/home/container/csgo/addons/sourcemod/logs/L20210826.log") (Version "1.10.0.6510")
L 08/26/2021 - 10:05:29: [dm_trick.smx]  SUCCESS db_connect()
L 08/26/2021 - 10:05:41: -------- Mapchange to surf_trick_gxd --------
L 08/26/2021 - 10:06:32: SourceMod log file session started (file "/home/container/csgo/addons/sourcemod/logs/L20210826.log") (Version "1.10.0.6510")
L 08/26/2021 - 10:06:32: [dm_trick.smx]  SUCCESS db_connect()
L 08/26/2021 - 10:07:40: -------- Mapchange to surf_trick_gxd --------
L 08/26/2021 - 10:08:41: SourceMod log file session started (file "/home/container/csgo/addons/sourcemod/logs/L20210826.log") (Version "1.10.0.6510")
L 08/26/2021 - 10:08:41: [dm_trick.smx]  SUCCESS db_connect()
L 08/26/2021 - 10:09:21: -------- Mapchange to surf_trick_gxd --------
L 08/26/2021 - 10:29:35: SourceMod log file session started (file "/home/container/csgo/addons/sourcemod/logs/L20210826.log") (Version "1.10.0.6510")
L 08/26/2021 - 10:29:35: [dm_trick.smx]  SUCCESS db_connect()
L 08/26/2021 - 10:29:53: -------- Mapchange to surf_trick_gxd --------
L 08/26/2021 - 10:35:01: SourceMod log file session started (file "/home/container/csgo/addons/sourcemod/logs/L20210826.log") (Version "1.10.0.6510")
L 08/26/2021 - 10:35:01: [dm_trick.smx]  SUCCESS db_connect()
L 08/26/2021 - 10:40:07: -------- Mapchange to surf_trick_gxd --------
L 08/26/2021 - 10:41:16: SourceMod log file session started (file "/home/container/csgo/addons/sourcemod/logs/L20210826.log") (Version "1.10.0.6510")
L 08/26/2021 - 10:41:16: [dm_trick.smx]  SUCCESS db_connect()
L 08/26/2021 - 10:41:45: -------- Mapchange to surf_trick_gxd --------
L 08/26/2021 - 10:43:56: SourceMod log file session started (file "/home/container/csgo/addons/sourcemod/logs/L20210826.log") (Version "1.10.0.6510")
L 08/26/2021 - 10:43:56: [dm_trick.smx]  SUCCESS db_connect()
L 08/26/2021 - 10:44:05: -------- Mapchange to surf_trick_gxd --------
L 08/26/2021 - 11:01:36: [basecommands.smx] "Соня<15><STEAM_1:0:517395575><>" changed cvar (cvar "mp_death_drop_gun") (value "1")
L 08/26/2021 - 13:25:15: [basecommands.smx] "Console<0><Console><Console>" changed cvar (cvar "mp_death_drop_gun") (value "0")
L 08/26/2021 - 14:41:17: -------- Mapchange to surf_trick_gxd --------
L 08/26/2021 - 15:34:56: -------- Mapchange to surf_trick_gxd --------
L 08/26/2021 - 16:04:30: -------- Mapchange to surf_trick_gxd --------
L 08/26/2021 - 16:06:14: -------- Mapchange to surf_trick_gxd --------
L 08/26/2021 - 18:29:17: [funcommands.smx] "surf_skip_2<49><STEAM_1:1:80244186><>" set gravity on "drained<46><STEAM_1:0:67907739><>" (amount "0.100000")
L 08/26/2021 - 18:29:24: [funcommands.smx] "surf_skip_2<49><STEAM_1:1:80244186><>" set gravity on "drained<46><STEAM_1:0:67907739><>" (amount "1.000000")
L 08/26/2021 - 18:47:54: [playercommands.smx] "surf_skip_2<49><STEAM_1:1:80244186><>" slayed "Соня<53><STEAM_1:0:517395575><>"
L 08/26/2021 - 19:00:42: [funcommands.smx] "surf_skip_2<49><STEAM_1:1:80244186><>" toggled noclip on "tost_erino<50><STEAM_1:0:546018387><>"
L 08/26/2021 - 19:00:47: [funcommands.smx] "surf_skip_2<49><STEAM_1:1:80244186><>" toggled noclip on "tost_erino<50><STEAM_1:0:546018387><>"
L 08/26/2021 - 19:04:34: [playercommands.smx] "surf_skip_2<49><STEAM_1:1:80244186><>" slayed "Соня<54><STEAM_1:0:517395575><>"
L 08/26/2021 - 19:04:47: [funcommands.smx] "surf_skip_2<49><STEAM_1:1:80244186><>" toggled noclip on "tost_erino<50><STEAM_1:0:546018387><>"
L 08/26/2021 - 19:04:52: [funcommands.smx] "surf_skip_2<49><STEAM_1:1:80244186><>" toggled noclip on "tost_erino<50><STEAM_1:0:546018387><>"
L 08/27/2021 - 00:07:37: Log file closed.
