L 08/21/2021 - 00:15:22: SourceMod log file session started (file "/home/container/csgo/addons/sourcemod/logs/L20210821.log") (Version "1.10.0.6510")
L 08/21/2021 - 00:15:22: [basebans.smx] "ᴇᴠʌı<91><STEAM_1:0:108778791><>" banned "bruh.<93><STEAM_1:1:87060181><>" (minutes "0") (reason "Racism")
L 08/21/2021 - 00:15:30: [basebans.smx] "ᴇᴠʌı<91><STEAM_1:0:108778791><>" removed ban (filter "STEAM_1:1:87060181")
L 08/21/2021 - 01:45:31: [basecommands.smx] "ᴇᴠʌı<115><STEAM_1:0:108778791><>" changed map to "surf_trick_gxd"
L 08/21/2021 - 01:45:34: [SM] Changed map to "surf_trick_gxd"
L 08/21/2021 - 01:45:37: -------- Mapchange to surf_trick_gxd --------
L 08/21/2021 - 01:45:38: [dm_trick.smx]  SUCCESS db_connect()
L 08/21/2021 - 01:49:20: [basebans.smx] "ᴇᴠʌı<115><STEAM_1:0:108778791><>" banned "FEAST<87><STEAM_1:0:159860788><>" (minutes "0") (reason "Racism")
L 08/21/2021 - 01:49:28: [basebans.smx] "ᴇᴠʌı<115><STEAM_1:0:108778791><>" removed ban (filter "STEAM_1:0:159860788")
L 08/21/2021 - 01:52:50: [basecommands.smx] "ᴇᴠʌı<115><STEAM_1:0:108778791><>" changed cvar (cvar "sv_cheats") (value "1")
L 08/21/2021 - 01:52:57: [basecommands.smx] "ᴇᴠʌı<115><STEAM_1:0:108778791><>" changed cvar (cvar "sv_cheats") (value "0")
L 08/21/2021 - 03:31:35: [basecommands.smx] "ᴇᴠʌı<115><STEAM_1:0:108778791><>" changed cvar (cvar "hitregfixtype") (value "0")
L 08/21/2021 - 04:03:12: [funcommands.smx] "верю в тебя бэйба судьба<121><STEAM_1:0:159860788><>" toggled noclip on "S1cma<89><STEAM_1:1:60221645><>"
L 08/21/2021 - 04:04:30: [funcommands.smx] "верю в тебя бэйба судьба<121><STEAM_1:0:159860788><>" toggled noclip on "S1cma<89><STEAM_1:1:60221645><>"
L 08/21/2021 - 04:15:40: [funcommands.smx] "верю в тебя бэйба судьба<121><STEAM_1:0:159860788><>" toggled noclip on "S1cma<89><STEAM_1:1:60221645><>"
L 08/21/2021 - 04:15:48: [funcommands.smx] "верю в тебя бэйба судьба<121><STEAM_1:0:159860788><>" toggled noclip on "S1cma<89><STEAM_1:1:60221645><>"
L 08/21/2021 - 04:39:23: [funcommands.smx] "верю в тебя бэйба судьба<121><STEAM_1:0:159860788><>" toggled noclip on "S1cma<89><STEAM_1:1:60221645><>"
L 08/21/2021 - 04:39:27: [funcommands.smx] "верю в тебя бэйба судьба<121><STEAM_1:0:159860788><>" toggled noclip on "S1cma<89><STEAM_1:1:60221645><>"
L 08/21/2021 - 04:39:28: [funcommands.smx] "верю в тебя бэйба судьба<121><STEAM_1:0:159860788><>" toggled noclip on ":blevan:<100><STEAM_1:0:49334172><>"
L 08/21/2021 - 04:39:31: [funcommands.smx] "верю в тебя бэйба судьба<121><STEAM_1:0:159860788><>" toggled noclip on ":blevan:<100><STEAM_1:0:49334172><>"
L 08/21/2021 - 04:39:38: [funcommands.smx] "верю в тебя бэйба судьба<121><STEAM_1:0:159860788><>" toggled noclip on "S1cma<89><STEAM_1:1:60221645><>"
L 08/21/2021 - 04:40:19: [funcommands.smx] "верю в тебя бэйба судьба<121><STEAM_1:0:159860788><>" toggled noclip on "S1cma<89><STEAM_1:1:60221645><>"
L 08/21/2021 - 04:44:51: [basecommands.smx] "ᴇᴠʌı<115><STEAM_1:0:108778791><>" changed map to "surf_sarca"
L 08/21/2021 - 04:44:54: [SM] Changed map to "surf_sarca"
L 08/21/2021 - 04:44:57: -------- Mapchange to surf_sarca --------
L 08/21/2021 - 04:44:57: [dm_trick.smx]  SUCCESS db_connect()
L 08/21/2021 - 04:46:59: [funcommands.smx] "верю в тебя бэйба судьба<121><STEAM_1:0:159860788><>" toggled noclip on "верю в тебя бэйба судьба<121><STEAM_1:0:159860788><>"
L 08/21/2021 - 04:47:27: [funcommands.smx] "верю в тебя бэйба судьба<121><STEAM_1:0:159860788><>" toggled noclip on "верю в тебя бэйба судьба<121><STEAM_1:0:159860788><>"
L 08/21/2021 - 04:47:29: [funcommands.smx] "верю в тебя бэйба судьба<121><STEAM_1:0:159860788><>" toggled noclip on "верю в тебя бэйба судьба<121><STEAM_1:0:159860788><>"
L 08/21/2021 - 04:47:44: [funcommands.smx] "верю в тебя бэйба судьба<121><STEAM_1:0:159860788><>" toggled noclip on "верю в тебя бэйба судьба<121><STEAM_1:0:159860788><>"
L 08/21/2021 - 04:47:45: [funcommands.smx] "верю в тебя бэйба судьба<121><STEAM_1:0:159860788><>" toggled noclip on "верю в тебя бэйба судьба<121><STEAM_1:0:159860788><>"
L 08/21/2021 - 04:47:47: [funcommands.smx] "верю в тебя бэйба судьба<121><STEAM_1:0:159860788><>" toggled noclip on "верю в тебя бэйба судьба<121><STEAM_1:0:159860788><>"
L 08/21/2021 - 04:47:49: [funcommands.smx] "верю в тебя бэйба судьба<121><STEAM_1:0:159860788><>" toggled noclip on "верю в тебя бэйба судьба<121><STEAM_1:0:159860788><>"
L 08/21/2021 - 04:47:49: [funcommands.smx] "верю в тебя бэйба судьба<121><STEAM_1:0:159860788><>" toggled noclip on "верю в тебя бэйба судьба<121><STEAM_1:0:159860788><>"
L 08/21/2021 - 04:48:05: [funcommands.smx] "верю в тебя бэйба судьба<121><STEAM_1:0:159860788><>" toggled noclip on "верю в тебя бэйба судьба<121><STEAM_1:0:159860788><>"
L 08/21/2021 - 04:48:21: [basecommands.smx] "ᴇᴠʌı<125><STEAM_1:0:108778791><>" changed cvar (cvar "hitregfixtype") (value "0")
L 08/21/2021 - 04:48:23: [funcommands.smx] "верю в тебя бэйба судьба<121><STEAM_1:0:159860788><>" toggled noclip on "верю в тебя бэйба судьба<121><STEAM_1:0:159860788><>"
L 08/21/2021 - 04:48:23: [funcommands.smx] "верю в тебя бэйба судьба<121><STEAM_1:0:159860788><>" toggled noclip on "верю в тебя бэйба судьба<121><STEAM_1:0:159860788><>"
L 08/21/2021 - 04:48:24: [funcommands.smx] "верю в тебя бэйба судьба<121><STEAM_1:0:159860788><>" toggled noclip on "верю в тебя бэйба судьба<121><STEAM_1:0:159860788><>"
L 08/21/2021 - 04:48:24: [funcommands.smx] "верю в тебя бэйба судьба<121><STEAM_1:0:159860788><>" toggled noclip on "верю в тебя бэйба судьба<121><STEAM_1:0:159860788><>"
L 08/21/2021 - 04:49:28: [funcommands.smx] "верю в тебя бэйба судьба<121><STEAM_1:0:159860788><>" toggled noclip on "верю в тебя бэйба судьба<121><STEAM_1:0:159860788><>"
L 08/21/2021 - 04:49:28: [funcommands.smx] "верю в тебя бэйба судьба<121><STEAM_1:0:159860788><>" toggled noclip on "верю в тебя бэйба судьба<121><STEAM_1:0:159860788><>"
L 08/21/2021 - 04:49:29: [funcommands.smx] "верю в тебя бэйба судьба<121><STEAM_1:0:159860788><>" toggled noclip on "верю в тебя бэйба судьба<121><STEAM_1:0:159860788><>"
L 08/21/2021 - 04:49:30: [funcommands.smx] "верю в тебя бэйба судьба<121><STEAM_1:0:159860788><>" toggled noclip on "верю в тебя бэйба судьба<121><STEAM_1:0:159860788><>"
L 08/21/2021 - 04:50:37: [funcommands.smx] "верю в тебя бэйба судьба<121><STEAM_1:0:159860788><>" toggled noclip on "верю в тебя бэйба судьба<121><STEAM_1:0:159860788><>"
L 08/21/2021 - 04:50:38: [funcommands.smx] "верю в тебя бэйба судьба<121><STEAM_1:0:159860788><>" toggled noclip on "верю в тебя бэйба судьба<121><STEAM_1:0:159860788><>"
L 08/21/2021 - 04:50:40: [funcommands.smx] "верю в тебя бэйба судьба<121><STEAM_1:0:159860788><>" toggled noclip on "верю в тебя бэйба судьба<121><STEAM_1:0:159860788><>"
L 08/21/2021 - 04:50:40: [funcommands.smx] "верю в тебя бэйба судьба<121><STEAM_1:0:159860788><>" toggled noclip on "верю в тебя бэйба судьба<121><STEAM_1:0:159860788><>"
L 08/21/2021 - 04:50:44: [funcommands.smx] "верю в тебя бэйба судьба<121><STEAM_1:0:159860788><>" toggled noclip on "верю в тебя бэйба судьба<121><STEAM_1:0:159860788><>"
L 08/21/2021 - 04:50:47: [funcommands.smx] "верю в тебя бэйба судьба<121><STEAM_1:0:159860788><>" toggled noclip on "верю в тебя бэйба судьба<121><STEAM_1:0:159860788><>"
L 08/21/2021 - 04:51:13: [funcommands.smx] "верю в тебя бэйба судьба<121><STEAM_1:0:159860788><>" toggled noclip on "верю в тебя бэйба судьба<121><STEAM_1:0:159860788><>"
L 08/21/2021 - 04:51:15: [funcommands.smx] "верю в тебя бэйба судьба<121><STEAM_1:0:159860788><>" toggled noclip on "верю в тебя бэйба судьба<121><STEAM_1:0:159860788><>"
L 08/21/2021 - 04:52:19: [funcommands.smx] "верю в тебя бэйба судьба<121><STEAM_1:0:159860788><>" toggled noclip on "верю в тебя бэйба судьба<121><STEAM_1:0:159860788><>"
L 08/21/2021 - 04:52:20: [funcommands.smx] "верю в тебя бэйба судьба<121><STEAM_1:0:159860788><>" toggled noclip on "верю в тебя бэйба судьба<121><STEAM_1:0:159860788><>"
L 08/21/2021 - 04:52:52: [funcommands.smx] "верю в тебя бэйба судьба<121><STEAM_1:0:159860788><>" toggled noclip on "верю в тебя бэйба судьба<121><STEAM_1:0:159860788><>"
L 08/21/2021 - 04:52:53: [funcommands.smx] "верю в тебя бэйба судьба<121><STEAM_1:0:159860788><>" toggled noclip on "верю в тебя бэйба судьба<121><STEAM_1:0:159860788><>"
L 08/21/2021 - 04:52:57: [funcommands.smx] "верю в тебя бэйба судьба<121><STEAM_1:0:159860788><>" toggled noclip on "верю в тебя бэйба судьба<121><STEAM_1:0:159860788><>"
L 08/21/2021 - 04:52:57: [funcommands.smx] "верю в тебя бэйба судьба<121><STEAM_1:0:159860788><>" toggled noclip on "верю в тебя бэйба судьба<121><STEAM_1:0:159860788><>"
L 08/21/2021 - 04:53:26: [funcommands.smx] "верю в тебя бэйба судьба<121><STEAM_1:0:159860788><>" toggled noclip on "верю в тебя бэйба судьба<121><STEAM_1:0:159860788><>"
L 08/21/2021 - 04:53:26: [funcommands.smx] "верю в тебя бэйба судьба<121><STEAM_1:0:159860788><>" toggled noclip on "верю в тебя бэйба судьба<121><STEAM_1:0:159860788><>"
L 08/21/2021 - 04:53:52: [funcommands.smx] "верю в тебя бэйба судьба<121><STEAM_1:0:159860788><>" toggled noclip on "верю в тебя бэйба судьба<121><STEAM_1:0:159860788><>"
L 08/21/2021 - 04:53:53: [funcommands.smx] "верю в тебя бэйба судьба<121><STEAM_1:0:159860788><>" toggled noclip on "верю в тебя бэйба судьба<121><STEAM_1:0:159860788><>"
L 08/21/2021 - 04:53:57: [funcommands.smx] "верю в тебя бэйба судьба<121><STEAM_1:0:159860788><>" toggled noclip on "верю в тебя бэйба судьба<121><STEAM_1:0:159860788><>"
L 08/21/2021 - 04:53:59: [funcommands.smx] "верю в тебя бэйба судьба<121><STEAM_1:0:159860788><>" toggled noclip on "верю в тебя бэйба судьба<121><STEAM_1:0:159860788><>"
L 08/21/2021 - 04:54:03: [funcommands.smx] "верю в тебя бэйба судьба<121><STEAM_1:0:159860788><>" toggled noclip on "верю в тебя бэйба судьба<121><STEAM_1:0:159860788><>"
L 08/21/2021 - 04:54:05: [funcommands.smx] "верю в тебя бэйба судьба<121><STEAM_1:0:159860788><>" toggled noclip on "верю в тебя бэйба судьба<121><STEAM_1:0:159860788><>"
L 08/21/2021 - 04:54:21: [funcommands.smx] "верю в тебя бэйба судьба<121><STEAM_1:0:159860788><>" toggled noclip on "верю в тебя бэйба судьба<121><STEAM_1:0:159860788><>"
L 08/21/2021 - 04:54:21: [funcommands.smx] "верю в тебя бэйба судьба<121><STEAM_1:0:159860788><>" toggled noclip on "верю в тебя бэйба судьба<121><STEAM_1:0:159860788><>"
L 08/21/2021 - 04:54:22: [funcommands.smx] "верю в тебя бэйба судьба<121><STEAM_1:0:159860788><>" toggled noclip on "верю в тебя бэйба судьба<121><STEAM_1:0:159860788><>"
L 08/21/2021 - 04:54:23: [funcommands.smx] "верю в тебя бэйба судьба<121><STEAM_1:0:159860788><>" toggled noclip on "верю в тебя бэйба судьба<121><STEAM_1:0:159860788><>"
L 08/21/2021 - 04:55:42: [funcommands.smx] "верю в тебя бэйба судьба<121><STEAM_1:0:159860788><>" toggled noclip on "верю в тебя бэйба судьба<121><STEAM_1:0:159860788><>"
L 08/21/2021 - 04:55:57: [funcommands.smx] "верю в тебя бэйба судьба<121><STEAM_1:0:159860788><>" toggled noclip on "верю в тебя бэйба судьба<121><STEAM_1:0:159860788><>"
L 08/21/2021 - 04:56:03: [funcommands.smx] "верю в тебя бэйба судьба<121><STEAM_1:0:159860788><>" toggled noclip on "верю в тебя бэйба судьба<121><STEAM_1:0:159860788><>"
L 08/21/2021 - 04:56:04: [funcommands.smx] "верю в тебя бэйба судьба<121><STEAM_1:0:159860788><>" toggled noclip on "верю в тебя бэйба судьба<121><STEAM_1:0:159860788><>"
L 08/21/2021 - 04:56:13: [funcommands.smx] "верю в тебя бэйба судьба<121><STEAM_1:0:159860788><>" toggled noclip on "верю в тебя бэйба судьба<121><STEAM_1:0:159860788><>"
L 08/21/2021 - 04:56:14: [funcommands.smx] "верю в тебя бэйба судьба<121><STEAM_1:0:159860788><>" toggled noclip on "верю в тебя бэйба судьба<121><STEAM_1:0:159860788><>"
L 08/21/2021 - 04:56:29: [funcommands.smx] "верю в тебя бэйба судьба<121><STEAM_1:0:159860788><>" toggled noclip on "верю в тебя бэйба судьба<121><STEAM_1:0:159860788><>"
L 08/21/2021 - 04:56:30: [funcommands.smx] "верю в тебя бэйба судьба<121><STEAM_1:0:159860788><>" toggled noclip on "верю в тебя бэйба судьба<121><STEAM_1:0:159860788><>"
L 08/21/2021 - 04:56:35: [funcommands.smx] "верю в тебя бэйба судьба<121><STEAM_1:0:159860788><>" toggled noclip on "верю в тебя бэйба судьба<121><STEAM_1:0:159860788><>"
L 08/21/2021 - 04:56:35: [basecommands.smx] "ᴇᴠʌı<125><STEAM_1:0:108778791><>" changed map to "surf_trick_gxd"
L 08/21/2021 - 04:56:38: [SM] Changed map to "surf_trick_gxd"
L 08/21/2021 - 04:56:40: -------- Mapchange to surf_trick_gxd --------
L 08/21/2021 - 04:56:57: [funcommands.smx] "верю в тебя бэйба судьба<121><STEAM_1:0:159860788><>" toggled noclip on "верю в тебя бэйба судьба<121><STEAM_1:0:159860788><>"
L 08/21/2021 - 04:57:10: [funcommands.smx] "верю в тебя бэйба судьба<121><STEAM_1:0:159860788><>" toggled noclip on "верю в тебя бэйба судьба<121><STEAM_1:0:159860788><>"
L 08/21/2021 - 05:28:36: [basecommands.smx] "ᴇᴠʌı<125><STEAM_1:0:108778791><>" changed cvar (cvar "sv_cheats") (value "1")
L 08/21/2021 - 05:28:38: [basecommands.smx] "ᴇᴠʌı<125><STEAM_1:0:108778791><>" changed cvar (cvar "sv_cheats") (value "0")
L 08/21/2021 - 05:57:08: [basecommands.smx] "ᴇᴠʌı<125><STEAM_1:0:108778791><>" changed map to "surf_trick_gxd"
L 08/21/2021 - 05:57:11: [SM] Changed map to "surf_trick_gxd"
L 08/21/2021 - 05:57:14: -------- Mapchange to surf_trick_gxd --------
L 08/21/2021 - 05:57:26: -------- Mapchange to surf_trick_gxd --------
L 08/21/2021 - 06:48:35: [funcommands.smx] "binds + surfing -> cringe<121><STEAM_1:0:159860788><>" ignited "haise<126><STEAM_1:1:615045981><>" (seconds "20.000000")
L 08/21/2021 - 10:56:56: [basebans.smx] "ᴇᴠʌı<125><STEAM_1:0:108778791><>" banned "!! Denis<141><STEAM_1:0:121278263><>" (minutes "0") (reason "Racism")
L 08/21/2021 - 10:57:03: [basebans.smx] "ᴇᴠʌı<125><STEAM_1:0:108778791><>" removed ban (filter "STEAM_1:0:121278263")
L 08/21/2021 - 11:11:32: [basecommands.smx] "ᴇᴠʌı<125><STEAM_1:0:108778791><>" changed map to "surf_trick_gxd"
L 08/21/2021 - 11:11:35: [SM] Changed map to "surf_trick_gxd"
L 08/21/2021 - 11:11:38: -------- Mapchange to surf_trick_gxd --------
L 08/21/2021 - 11:12:10: [basecommands.smx] "binds + surfing -> cringe<146><STEAM_1:0:159860788><>" changed map to "de_dust"
L 08/21/2021 - 11:12:13: [SM] Changed map to "de_dust"
L 08/21/2021 - 11:12:20: -------- Mapchange to de_dust2 --------
L 08/21/2021 - 11:13:56: [basecommands.smx] "ᴇᴠʌı<125><STEAM_1:0:108778791><>" changed map to "surf_trick_gxd"
L 08/21/2021 - 11:13:59: [SM] Changed map to "surf_trick_gxd"
L 08/21/2021 - 11:14:03: -------- Mapchange to surf_trick_gxd --------
L 08/21/2021 - 11:16:25: Log file closed.
L 08/21/2021 - 11:16:49: SourceMod log file session started (file "/home/container/csgo/addons/sourcemod/logs/L20210821.log") (Version "1.10.0.6510")
L 08/21/2021 - 11:16:49: [dm_trick.smx]  SUCCESS db_connect()
L 08/21/2021 - 11:16:59: -------- Mapchange to surf_trick_gxd --------
L 08/21/2021 - 11:18:03: [funcommands.smx] "binds + surfing -> cringe<5><STEAM_1:0:159860788><>" toggled noclip on "binds + surfing -> cringe<5><STEAM_1:0:159860788><>"
L 08/21/2021 - 11:18:05: [funcommands.smx] "binds + surfing -> cringe<5><STEAM_1:0:159860788><>" toggled noclip on "binds + surfing -> cringe<5><STEAM_1:0:159860788><>"
L 08/21/2021 - 11:18:27: [basecommands.smx] "ᴇᴠʌı<3><STEAM_1:0:108778791><>" changed cvar (cvar "hitregfixtype") (value "3")
L 08/21/2021 - 11:19:04: [funcommands.smx] "binds + surfing -> cringe<5><STEAM_1:0:159860788><>" toggled noclip on "binds + surfing -> cringe<5><STEAM_1:0:159860788><>"
L 08/21/2021 - 11:19:07: [funcommands.smx] "binds + surfing -> cringe<5><STEAM_1:0:159860788><>" toggled noclip on "binds + surfing -> cringe<5><STEAM_1:0:159860788><>"
L 08/21/2021 - 11:19:24: [basecommands.smx] "ᴇᴠʌı<3><STEAM_1:0:108778791><>" changed cvar (cvar "sv_noclipspeed") (value "15")
L 08/21/2021 - 11:19:29: [funcommands.smx] "binds + surfing -> cringe<5><STEAM_1:0:159860788><>" toggled noclip on "binds + surfing -> cringe<5><STEAM_1:0:159860788><>"
L 08/21/2021 - 11:19:49: [funcommands.smx] "binds + surfing -> cringe<5><STEAM_1:0:159860788><>" toggled noclip on "binds + surfing -> cringe<5><STEAM_1:0:159860788><>"
L 08/21/2021 - 11:19:53: [funcommands.smx] "binds + surfing -> cringe<5><STEAM_1:0:159860788><>" toggled noclip on "binds + surfing -> cringe<5><STEAM_1:0:159860788><>"
L 08/21/2021 - 11:20:14: [funcommands.smx] "binds + surfing -> cringe<5><STEAM_1:0:159860788><>" toggled noclip on "binds + surfing -> cringe<5><STEAM_1:0:159860788><>"
L 08/21/2021 - 11:20:15: [funcommands.smx] "binds + surfing -> cringe<5><STEAM_1:0:159860788><>" toggled noclip on "binds + surfing -> cringe<5><STEAM_1:0:159860788><>"
L 08/21/2021 - 11:20:18: [funcommands.smx] "binds + surfing -> cringe<5><STEAM_1:0:159860788><>" toggled noclip on "binds + surfing -> cringe<5><STEAM_1:0:159860788><>"
L 08/21/2021 - 11:20:19: [funcommands.smx] "binds + surfing -> cringe<5><STEAM_1:0:159860788><>" toggled noclip on "binds + surfing -> cringe<5><STEAM_1:0:159860788><>"
L 08/21/2021 - 11:20:27: [funcommands.smx] "binds + surfing -> cringe<5><STEAM_1:0:159860788><>" toggled noclip on "binds + surfing -> cringe<5><STEAM_1:0:159860788><>"
L 08/21/2021 - 11:20:28: [funcommands.smx] "binds + surfing -> cringe<5><STEAM_1:0:159860788><>" toggled noclip on "binds + surfing -> cringe<5><STEAM_1:0:159860788><>"
L 08/21/2021 - 11:20:31: [funcommands.smx] "binds + surfing -> cringe<5><STEAM_1:0:159860788><>" toggled noclip on "binds + surfing -> cringe<5><STEAM_1:0:159860788><>"
L 08/21/2021 - 11:20:32: [funcommands.smx] "binds + surfing -> cringe<5><STEAM_1:0:159860788><>" toggled noclip on "binds + surfing -> cringe<5><STEAM_1:0:159860788><>"
L 08/21/2021 - 11:20:33: [funcommands.smx] "binds + surfing -> cringe<5><STEAM_1:0:159860788><>" toggled noclip on "binds + surfing -> cringe<5><STEAM_1:0:159860788><>"
L 08/21/2021 - 11:20:40: [funcommands.smx] "binds + surfing -> cringe<5><STEAM_1:0:159860788><>" toggled noclip on "binds + surfing -> cringe<5><STEAM_1:0:159860788><>"
L 08/21/2021 - 11:20:41: [funcommands.smx] "binds + surfing -> cringe<5><STEAM_1:0:159860788><>" toggled noclip on "binds + surfing -> cringe<5><STEAM_1:0:159860788><>"
L 08/21/2021 - 11:20:50: [funcommands.smx] "binds + surfing -> cringe<5><STEAM_1:0:159860788><>" toggled noclip on "binds + surfing -> cringe<5><STEAM_1:0:159860788><>"
L 08/21/2021 - 11:20:50: [funcommands.smx] "binds + surfing -> cringe<5><STEAM_1:0:159860788><>" toggled noclip on "binds + surfing -> cringe<5><STEAM_1:0:159860788><>"
L 08/21/2021 - 11:22:38: [funcommands.smx] "binds + surfing -> cringe<5><STEAM_1:0:159860788><>" toggled noclip on "binds + surfing -> cringe<5><STEAM_1:0:159860788><>"
L 08/21/2021 - 11:22:40: [funcommands.smx] "binds + surfing -> cringe<5><STEAM_1:0:159860788><>" toggled noclip on "binds + surfing -> cringe<5><STEAM_1:0:159860788><>"
L 08/21/2021 - 11:23:01: [funcommands.smx] "binds + surfing -> cringe<5><STEAM_1:0:159860788><>" toggled noclip on "binds + surfing -> cringe<5><STEAM_1:0:159860788><>"
L 08/21/2021 - 11:23:02: [funcommands.smx] "binds + surfing -> cringe<5><STEAM_1:0:159860788><>" toggled noclip on "binds + surfing -> cringe<5><STEAM_1:0:159860788><>"
L 08/21/2021 - 11:26:35: [funcommands.smx] "binds + surfing -> cringe<5><STEAM_1:0:159860788><>" toggled noclip on "binds + surfing -> cringe<5><STEAM_1:0:159860788><>"
L 08/21/2021 - 11:26:37: [funcommands.smx] "binds + surfing -> cringe<5><STEAM_1:0:159860788><>" toggled noclip on "binds + surfing -> cringe<5><STEAM_1:0:159860788><>"
L 08/21/2021 - 11:26:56: [funcommands.smx] "binds + surfing -> cringe<5><STEAM_1:0:159860788><>" toggled noclip on "binds + surfing -> cringe<5><STEAM_1:0:159860788><>"
L 08/21/2021 - 11:26:57: [funcommands.smx] "binds + surfing -> cringe<5><STEAM_1:0:159860788><>" toggled noclip on "binds + surfing -> cringe<5><STEAM_1:0:159860788><>"
L 08/21/2021 - 11:27:41: [basecommands.smx] "ᴇᴠʌı<3><STEAM_1:0:108778791><>" changed cvar (cvar "hitregfixtype") (value "0")
L 08/21/2021 - 11:30:42: [funcommands.smx] "binds + surfing -> cringe<5><STEAM_1:0:159860788><>" toggled noclip on "binds + surfing -> cringe<5><STEAM_1:0:159860788><>"
L 08/21/2021 - 11:30:44: [funcommands.smx] "binds + surfing -> cringe<5><STEAM_1:0:159860788><>" toggled noclip on "binds + surfing -> cringe<5><STEAM_1:0:159860788><>"
L 08/21/2021 - 11:32:17: [funcommands.smx] "binds + surfing -> cringe<5><STEAM_1:0:159860788><>" toggled noclip on "binds + surfing -> cringe<5><STEAM_1:0:159860788><>"
L 08/21/2021 - 11:32:18: [funcommands.smx] "binds + surfing -> cringe<5><STEAM_1:0:159860788><>" toggled noclip on "binds + surfing -> cringe<5><STEAM_1:0:159860788><>"
L 08/21/2021 - 11:45:18: [basecommands.smx] "ᴇᴠʌı<3><STEAM_1:0:108778791><>" changed map to "surf_trick_gxd"
L 08/21/2021 - 11:45:21: [SM] Changed map to "surf_trick_gxd"
L 08/21/2021 - 11:45:25: -------- Mapchange to surf_trick_gxd --------
L 08/21/2021 - 11:45:25: [dm_trick.smx]  SUCCESS db_connect()
L 08/21/2021 - 13:32:26: [basecommands.smx] "ᴇᴠʌı<16><STEAM_1:0:108778791><>" changed cvar (cvar "host_timescale") (value "1")
L 08/21/2021 - 13:32:35: [basecommands.smx] "ᴇᴠʌı<16><STEAM_1:0:108778791><>" changed cvar (cvar "host_timescale") (value "0.2")
L 08/21/2021 - 13:32:38: [basecommands.smx] "ᴇᴠʌı<16><STEAM_1:0:108778791><>" changed cvar (cvar "host_timescale") (value "1")
L 08/21/2021 - 14:18:31: [basecommands.smx] "ᴇᴠʌı<16><STEAM_1:0:108778791><>" changed map to "surf_trick_gxd"
L 08/21/2021 - 14:18:34: [SM] Changed map to "surf_trick_gxd"
L 08/21/2021 - 14:18:37: -------- Mapchange to surf_trick_gxd --------
L 08/21/2021 - 14:18:37: [dm_trick.smx]  SUCCESS db_connect()
L 08/21/2021 - 14:34:12: [basecommands.smx] "ᴇᴠʌı<16><STEAM_1:0:108778791><>" changed map to "surf_trick_gxd"
L 08/21/2021 - 14:34:15: [SM] Changed map to "surf_trick_gxd"
L 08/21/2021 - 14:34:18: -------- Mapchange to surf_trick_gxd --------
L 08/21/2021 - 14:34:18: [dm_trick.smx]  SUCCESS db_connect()
L 08/21/2021 - 14:37:14: [basecommands.smx] "ᴇᴠʌı<16><STEAM_1:0:108778791><>" changed map to "surf_trick_gxd"
L 08/21/2021 - 14:37:17: [SM] Changed map to "surf_trick_gxd"
L 08/21/2021 - 14:38:09: SourceMod log file session started (file "/home/container/csgo/addons/sourcemod/logs/L20210821.log") (Version "1.10.0.6510")
L 08/21/2021 - 14:38:09: [dm_trick.smx]  SUCCESS db_connect()
L 08/21/2021 - 14:38:20: -------- Mapchange to surf_trick_gxd --------
L 08/21/2021 - 14:41:53: SourceMod log file session started (file "/home/container/csgo/addons/sourcemod/logs/L20210821.log") (Version "1.10.0.6510")
L 08/21/2021 - 14:41:53: [dm_trick.smx]  SUCCESS db_connect()
L 08/21/2021 - 14:54:27: -------- Mapchange to surf_trick_gxd --------
L 08/21/2021 - 15:00:55: -------- Mapchange to surf_trick_gxd --------
L 08/21/2021 - 15:02:02: SourceMod log file session started (file "/home/container/csgo/addons/sourcemod/logs/L20210821.log") (Version "1.10.0.6510")
L 08/21/2021 - 15:02:02: [dm_trick.smx]  SUCCESS db_connect()
L 08/21/2021 - 15:18:52: -------- Mapchange to surf_trick_gxd --------
L 08/21/2021 - 15:21:11: Log file closed.
L 08/21/2021 - 15:21:36: SourceMod log file session started (file "/home/container/csgo/addons/sourcemod/logs/L20210821.log") (Version "1.10.0.6510")
L 08/21/2021 - 15:21:36: [dm_trick.smx]  SUCCESS db_connect()
L 08/21/2021 - 15:22:11: -------- Mapchange to surf_trick_gxd --------
L 08/21/2021 - 15:23:45: [basecommands.smx] "ᴇᴠʌı<2><STEAM_1:0:108778791><>" changed cvar (cvar "sv_cheats") (value "1")
L 08/21/2021 - 15:24:02: [basecommands.smx] "ᴇᴠʌı<2><STEAM_1:0:108778791><>" changed cvar (cvar "host_timescale") (value "0.5")
L 08/21/2021 - 15:24:05: [basecommands.smx] "ᴇᴠʌı<2><STEAM_1:0:108778791><>" changed cvar (cvar "host_timescale") (value "1")
L 08/21/2021 - 15:46:10: -------- Mapchange to surf_trick_gxd --------
L 08/22/2021 - 00:18:15: Log file closed.
