L 08/28/2021 - 02:21:46: SourceMod log file session started (file "/home/container/csgo/addons/sourcemod/logs/L20210828.log") (Version "1.10.0.6510")
L 08/28/2021 - 02:21:46: -------- Mapchange to surf_trick_gxd --------
L 08/28/2021 - 02:41:27: Log file closed.
L 08/28/2021 - 06:00:09: SourceMod log file session started (file "/home/container/csgo/addons/sourcemod/logs/L20210828.log") (Version "1.10.0.6510")
L 08/28/2021 - 06:00:09: [dm_trick.smx]  SUCCESS db_connect()
L 08/28/2021 - 03:43:06: -------- Mapchange to surf_trick_gxd --------
L 08/28/2021 - 04:23:00: Log file closed.
L 08/28/2021 - 06:01:03: SourceMod log file session started (file "/home/container/csgo/addons/sourcemod/logs/L20210828.log") (Version "1.10.0.6510")
L 08/28/2021 - 06:01:03: [dm_trick.smx]  SUCCESS db_connect()
L 08/28/2021 - 04:55:32: -------- Mapchange to surf_trick_gxd --------
L 08/28/2021 - 05:02:08: -------- Mapchange to surf_trick_gxd --------
L 08/28/2021 - 05:52:08: Log file closed.
L 08/28/2021 - 06:01:04: SourceMod log file session started (file "/home/container/csgo/addons/sourcemod/logs/L20210828.log") (Version "1.10.0.6510")
L 08/28/2021 - 06:01:04: [dm_trick.smx]  SUCCESS db_connect()
L 08/28/2021 - 06:05:54: Log file closed.
L 08/28/2021 - 09:10:54: SourceMod log file session started (file "/home/container/csgo/addons/sourcemod/logs/L20210828.log") (Version "1.10.0.6510")
L 08/28/2021 - 09:10:54: [dm_trick.smx]  SUCCESS db_connect()
L 08/28/2021 - 09:13:36: Log file closed.
L 08/28/2021 - 06:18:47: SourceMod log file session started (file "/home/container/csgo/addons/sourcemod/logs/L20210828.log") (Version "1.10.0.6510")
L 08/28/2021 - 06:18:47: [dm_trick.smx]  SUCCESS db_connect()
L 08/28/2021 - 07:49:46: -------- Mapchange to surf_trick_gxd --------
L 08/28/2021 - 08:32:19: -------- Mapchange to surf_trick_gxd --------
L 08/28/2021 - 09:01:58: -------- Mapchange to surf_trick_gxd --------
L 08/28/2021 - 09:29:18: -------- Mapchange to surf_trick_gxd --------
L 08/28/2021 - 09:36:30: -------- Mapchange to surf_trick_gxd --------
L 08/28/2021 - 10:10:58: -------- Mapchange to surf_trick_gxd --------
L 08/28/2021 - 10:14:49: -------- Mapchange to surf_trick_gxd --------
L 08/28/2021 - 12:38:57: -------- Mapchange to surf_trick_gxd --------
L 08/28/2021 - 13:17:49: -------- Mapchange to surf_trick_gxd --------
L 08/28/2021 - 13:30:15: -------- Mapchange to surf_trick_gxd --------
L 08/28/2021 - 14:51:22: -------- Mapchange to surf_trick_gxd --------
L 08/28/2021 - 14:56:55: -------- Mapchange to surf_trick_gxd --------
L 08/28/2021 - 16:29:55: -------- Mapchange to surf_trick_gxd --------
L 08/28/2021 - 16:35:21: -------- Mapchange to surf_trick_gxd --------
L 08/28/2021 - 17:18:30: -------- Mapchange to surf_trick_gxd --------
L 08/28/2021 - 17:18:39: -------- Mapchange to surf_trick_gxd --------
L 08/28/2021 - 17:18:46: -------- Mapchange to surf_trick_gxd --------
L 08/28/2021 - 17:22:27: SourceMod log file session started (file "/home/container/csgo/addons/sourcemod/logs/L20210828.log") (Version "1.10.0.6510")
L 08/28/2021 - 17:22:27: -------- Mapchange to surf_trick_gxd --------
L 08/28/2021 - 17:27:12: -------- Mapchange to surf_trick_gxd --------
L 08/28/2021 - 17:29:00: Log file closed.
L 08/28/2021 - 17:29:18: SourceMod log file session started (file "/home/container/csgo/addons/sourcemod/logs/L20210828.log") (Version "1.10.0.6510")
L 08/28/2021 - 17:29:18: -------- Mapchange to surf_trick_gxd --------
L 08/28/2021 - 17:32:25: Log file closed.
L 08/28/2021 - 17:32:41: SourceMod log file session started (file "/home/container/csgo/addons/sourcemod/logs/L20210828.log") (Version "1.10.0.6510")
L 08/28/2021 - 17:32:41: [dm_trick.smx]  SUCCESS db_connect()
L 08/28/2021 - 17:32:46: -------- Mapchange to surf_trick_gxd --------
L 08/28/2021 - 17:36:59: SourceMod log file session started (file "/home/container/csgo/addons/sourcemod/logs/L20210828.log") (Version "1.10.0.6510")
L 08/28/2021 - 17:36:59: [dm_trick.smx]  SUCCESS db_connect()
L 08/28/2021 - 17:37:04: -------- Mapchange to surf_trick_gxd --------
L 08/28/2021 - 20:11:08: -------- Mapchange to surf_trick_gxd --------
L 08/28/2021 - 21:50:15: [basevotes.smx] "www<29><STEAM_1:0:159860788><>" initiated a ban vote against "Mr.Dimon4ik<38><STEAM_1:1:555797602><>"
L 08/28/2021 - 21:50:24: [basevotes.smx] Vote failed.
L 08/28/2021 - 22:45:15: [basecommands.smx] "ᴇᴠʌı<40><STEAM_1:0:108778791><>" changed map to "surf_trick_gxd"
L 08/28/2021 - 22:45:18: [SM] Changed map to "surf_trick_gxd"
L 08/28/2021 - 22:45:19: -------- Mapchange to surf_trick_gxd --------
L 08/28/2021 - 22:45:19: [dm_trick.smx]  SUCCESS db_connect()
L 08/28/2021 - 22:46:46: [dm_trick.smx]  SUCCESS db_connect()
L 08/28/2021 - 22:46:55: [basecommands.smx] "ᴇᴠʌı<40><STEAM_1:0:108778791><>" changed map to "surf_trick"
L 08/28/2021 - 22:46:58: [SM] Changed map to "surf_trick"
L 08/28/2021 - 22:46:59: -------- Mapchange to surf_trick_xy --------
L 08/28/2021 - 22:47:12: -------- Mapchange to surf_trick_gxd --------
L 08/28/2021 - 22:53:41: [basecommands.smx] "ᴇᴠʌı<40><STEAM_1:0:108778791><>" changed map to "surf_trick_gxd"
L 08/28/2021 - 22:53:44: [SM] Changed map to "surf_trick_gxd"
L 08/28/2021 - 22:53:45: -------- Mapchange to surf_trick_gxd --------
L 08/28/2021 - 22:53:45: [dm_trick.smx]  SUCCESS db_connect()
L 08/28/2021 - 23:01:33: [basecommands.smx] "ᴇᴠʌı<40><STEAM_1:0:108778791><>" changed map to "surf_trick_gxd"
L 08/28/2021 - 23:01:36: [SM] Changed map to "surf_trick_gxd"
L 08/28/2021 - 23:01:37: -------- Mapchange to surf_trick_gxd --------
L 08/28/2021 - 23:01:37: [dm_trick.smx]  SUCCESS db_connect()
L 08/28/2021 - 23:03:24: [basecommands.smx] "www<48><STEAM_1:0:159860788><>" kicked "ᴇᴠʌı<49><STEAM_1:0:108778791><>" (reason "")
L 08/28/2021 - 23:03:28: [basecommands.smx] "www<48><STEAM_1:0:159860788><>" kicked "ᴇᴠʌı<50><STEAM_1:0:108778791><>" (reason "")
L 08/28/2021 - 23:07:39: [basecommands.smx] "ᴇᴠʌı<51><STEAM_1:0:108778791><>" changed map to "surf_trick_gxd"
L 08/28/2021 - 23:07:42: [SM] Changed map to "surf_trick_gxd"
L 08/28/2021 - 23:07:43: -------- Mapchange to surf_trick_gxd --------
L 08/28/2021 - 23:07:43: [dm_trick.smx]  SUCCESS db_connect()
L 08/28/2021 - 23:07:59: [basecommands.smx] "ᴇᴠʌı<51><STEAM_1:0:108778791><>" changed map to "surf_trick_gxd"
L 08/28/2021 - 23:08:02: [SM] Changed map to "surf_trick_gxd"
L 08/28/2021 - 23:08:03: -------- Mapchange to surf_trick_gxd --------
L 08/28/2021 - 23:08:29: Log file closed.
L 08/28/2021 - 23:09:15: SourceMod log file session started (file "/home/container/csgo/addons/sourcemod/logs/L20210828.log") (Version "1.10.0.6510")
L 08/28/2021 - 23:09:15: [dm_trick.smx]  SUCCESS db_connect()
L 08/28/2021 - 23:09:20: -------- Mapchange to surf_trick_gxd --------
L 08/28/2021 - 23:12:54: [basecommands.smx] "ᴇᴠʌı<4><STEAM_1:0:108778791><>" changed map to "surf_trick_gxd"
L 08/28/2021 - 23:12:57: [SM] Changed map to "surf_trick_gxd"
L 08/28/2021 - 23:12:58: -------- Mapchange to surf_trick_gxd --------
L 08/28/2021 - 23:12:58: [dm_trick.smx]  SUCCESS db_connect()
L 08/28/2021 - 23:13:50: [basecommands.smx] "ᴇᴠʌı<4><STEAM_1:0:108778791><>" changed map to "surf_trick_gxd"
L 08/28/2021 - 23:13:53: [SM] Changed map to "surf_trick_gxd"
L 08/28/2021 - 23:13:54: -------- Mapchange to surf_trick_gxd --------
L 08/28/2021 - 23:13:54: [dm_trick.smx]  SUCCESS db_connect()
L 08/28/2021 - 23:14:01: -------- Mapchange to surf_trick_gxd --------
L 08/28/2021 - 23:15:39: [basecommands.smx] "www<2><STEAM_1:0:159860788><>" changed map to "surf_trick_gxd"
L 08/28/2021 - 23:15:42: [SM] Changed map to "surf_trick_gxd"
L 08/28/2021 - 23:15:43: -------- Mapchange to surf_trick_gxd --------
L 08/28/2021 - 23:15:43: [dm_trick.smx]  SUCCESS db_connect()
L 08/29/2021 - 00:14:52: Log file closed.
