L 08/11/2021 - 10:39:24: SourceMod log file session started (file "/home/container/csgo/addons/sourcemod/logs/L20210811.log") (Version "1.10.0.6510")
L 08/11/2021 - 10:39:24: -------- Mapchange to surf_trick_g --------
L 08/11/2021 - 10:53:03: -------- Mapchange to surf_trick_g --------
L 08/11/2021 - 11:19:02: -------- Mapchange to surf_trick_g --------
L 08/11/2021 - 11:19:33: -------- Mapchange to surf_trick_g --------
L 08/11/2021 - 12:35:41: -------- Mapchange to surf_trick_g --------
L 08/11/2021 - 12:36:11: -------- Mapchange to surf_trick_g --------
L 08/11/2021 - 13:17:44: -------- Mapchange to surf_trick_g --------
L 08/11/2021 - 13:25:05: -------- Mapchange to surf_trick_g --------
L 08/11/2021 - 13:25:39: -------- Mapchange to surf_trick_g --------
L 08/11/2021 - 13:26:16: -------- Mapchange to surf_trick_g --------
L 08/11/2021 - 13:48:40: -------- Mapchange to surf_trick_g --------
L 08/11/2021 - 13:52:13: -------- Mapchange to surf_trick_g --------
L 08/11/2021 - 13:53:31: SourceMod log file session started (file "/home/container/csgo/addons/sourcemod/logs/L20210811.log") (Version "1.10.0.6510")
L 08/11/2021 - 13:53:31: [dm_trick.smx]  SUCCESS db_connect()
L 08/11/2021 - 13:53:50: -------- Mapchange to surf_trick_g --------
L 08/11/2021 - 13:54:48: -------- Mapchange to surf_trick_g --------
L 08/11/2021 - 14:25:17: [funcommands.smx] "ᴇᴠʌı<7><STEAM_1:0:108778791><>" ignited "ᴇᴠʌı<7><STEAM_1:0:108778791><>" (seconds "20.000000")
L 08/11/2021 - 21:03:08: [funcommands.smx] "cockodemon<18><STEAM_1:0:159860788><>" set gravity on "ArturPertuh<31><STEAM_1:0:49334172><>" (amount "4.000000")
L 08/11/2021 - 21:03:08: [funcommands.smx] "cockodemon<18><STEAM_1:0:159860788><>" set gravity on "ArturPertuh<31><STEAM_1:0:49334172><>" (amount "1.000000")
L 08/11/2021 - 21:03:57: [funcommands.smx] "cockodemon<18><STEAM_1:0:159860788><>" set gravity on "ArturPertuh<31><STEAM_1:0:49334172><>" (amount "2.000000")
L 08/11/2021 - 21:03:57: [funcommands.smx] "cockodemon<18><STEAM_1:0:159860788><>" set gravity on "buggyman<46><STEAM_1:0:2397008><>" (amount "1.000000")
L 08/11/2021 - 21:04:07: [funcommands.smx] "cockodemon<18><STEAM_1:0:159860788><>" set gravity on "ArturPertuh<31><STEAM_1:0:49334172><>" (amount "1.000000")
L 08/11/2021 - 23:19:02: -------- Mapchange to surf_trick_g --------
L 08/12/2021 - 01:13:43: Log file closed.
