L 08/27/2021 - 00:07:49: SourceMod log file session started (file "/home/container/csgo/addons/sourcemod/logs/L20210827.log") (Version "1.10.0.6510")
L 08/27/2021 - 00:07:49: -------- Mapchange to surf_trick_gxd --------
L 08/27/2021 - 01:50:55: [playercommands.smx] "surf_skip_2<96><STEAM_1:1:80244186><>" slapped "Gwin<95><STEAM_1:1:453450386><>" (damage "0")
L 08/27/2021 - 01:53:07: [funcommands.smx] "surf_skip_2<96><STEAM_1:1:80244186><>" set gravity on "hantex<92><STEAM_1:1:439106329><>" (amount "4.000000")
L 08/27/2021 - 01:53:09: [funcommands.smx] "surf_skip_2<96><STEAM_1:1:80244186><>" set gravity on "hantex<92><STEAM_1:1:439106329><>" (amount "1.000000")
L 08/27/2021 - 01:53:17: [funcommands.smx] "surf_skip_2<96><STEAM_1:1:80244186><>" set gravity on "hantex<92><STEAM_1:1:439106329><>" (amount "0.100000")
L 08/27/2021 - 01:53:21: [funcommands.smx] "surf_skip_2<96><STEAM_1:1:80244186><>" set gravity on "hantex<92><STEAM_1:1:439106329><>" (amount "4.000000")
L 08/27/2021 - 01:53:22: [funcommands.smx] "surf_skip_2<96><STEAM_1:1:80244186><>" set gravity on "hantex<92><STEAM_1:1:439106329><>" (amount "0.100000")
L 08/27/2021 - 01:53:25: [funcommands.smx] "surf_skip_2<96><STEAM_1:1:80244186><>" set gravity on "hantex<92><STEAM_1:1:439106329><>" (amount "1.000000")
L 08/27/2021 - 02:42:20: [playercommands.smx] "surf_skip_2<96><STEAM_1:1:80244186><>" slayed "hantex<92><STEAM_1:1:439106329><>"
L 08/27/2021 - 02:45:57: [playercommands.smx] "surf_skip_2<96><STEAM_1:1:80244186><>" slayed "hantex<92><STEAM_1:1:439106329><>"
L 08/27/2021 - 02:46:40: [funcommands.smx] "surf_skip_2<96><STEAM_1:1:80244186><>" toggled noclip on "hantex<92><STEAM_1:1:439106329><>"
L 08/27/2021 - 02:46:45: [funcommands.smx] "surf_skip_2<96><STEAM_1:1:80244186><>" toggled noclip on "hantex<92><STEAM_1:1:439106329><>"
L 08/27/2021 - 02:47:13: [funcommands.smx] "surf_skip_2<96><STEAM_1:1:80244186><>" toggled noclip on "hantex<92><STEAM_1:1:439106329><>"
L 08/27/2021 - 02:48:50: [funcommands.smx] "surf_skip_2<96><STEAM_1:1:80244186><>" toggled noclip on "hantex<92><STEAM_1:1:439106329><>"
L 08/27/2021 - 02:49:38: [funcommands.smx] "surf_skip_2<96><STEAM_1:1:80244186><>" toggled noclip on "hantex<92><STEAM_1:1:439106329><>"
L 08/27/2021 - 02:49:42: [funcommands.smx] "surf_skip_2<96><STEAM_1:1:80244186><>" toggled noclip on "hantex<92><STEAM_1:1:439106329><>"
L 08/27/2021 - 02:49:43: [funcommands.smx] "surf_skip_2<96><STEAM_1:1:80244186><>" toggled noclip on "hantex<92><STEAM_1:1:439106329><>"
L 08/27/2021 - 02:49:43: [funcommands.smx] "surf_skip_2<96><STEAM_1:1:80244186><>" toggled noclip on "hantex<92><STEAM_1:1:439106329><>"
L 08/27/2021 - 02:49:44: [funcommands.smx] "surf_skip_2<96><STEAM_1:1:80244186><>" toggled noclip on "hantex<92><STEAM_1:1:439106329><>"
L 08/27/2021 - 02:49:46: [funcommands.smx] "surf_skip_2<96><STEAM_1:1:80244186><>" toggled noclip on "hantex<92><STEAM_1:1:439106329><>"
L 08/27/2021 - 02:50:44: [funcommands.smx] "surf_skip_2<96><STEAM_1:1:80244186><>" toggled noclip on "hantex<92><STEAM_1:1:439106329><>"
L 08/27/2021 - 02:50:59: [funcommands.smx] "surf_skip_2<96><STEAM_1:1:80244186><>" toggled noclip on "hantex<92><STEAM_1:1:439106329><>"
L 08/27/2021 - 02:51:00: [funcommands.smx] "surf_skip_2<96><STEAM_1:1:80244186><>" toggled noclip on "hantex<92><STEAM_1:1:439106329><>"
L 08/27/2021 - 02:51:11: [funcommands.smx] "surf_skip_2<96><STEAM_1:1:80244186><>" toggled noclip on "hantex<92><STEAM_1:1:439106329><>"
L 08/27/2021 - 02:51:17: [funcommands.smx] "surf_skip_2<96><STEAM_1:1:80244186><>" toggled noclip on "hantex<92><STEAM_1:1:439106329><>"
L 08/27/2021 - 02:51:19: [funcommands.smx] "surf_skip_2<96><STEAM_1:1:80244186><>" toggled noclip on "hantex<92><STEAM_1:1:439106329><>"
L 08/27/2021 - 02:54:57: [funcommands.smx] "surf_skip_2<96><STEAM_1:1:80244186><>" toggled noclip on "hantex<92><STEAM_1:1:439106329><>"
L 08/27/2021 - 02:55:30: [funcommands.smx] "surf_skip_2<96><STEAM_1:1:80244186><>" toggled noclip on "hantex<92><STEAM_1:1:439106329><>"
L 08/27/2021 - 03:02:03: [funcommands.smx] "surf_skip_2<96><STEAM_1:1:80244186><>" toggled noclip on "hantex<92><STEAM_1:1:439106329><>"
L 08/27/2021 - 03:02:15: [funcommands.smx] "surf_skip_2<96><STEAM_1:1:80244186><>" toggled noclip on "hantex<92><STEAM_1:1:439106329><>"
L 08/27/2021 - 03:02:28: [funcommands.smx] "surf_skip_2<96><STEAM_1:1:80244186><>" toggled noclip on "hantex<92><STEAM_1:1:439106329><>"
L 08/27/2021 - 03:02:59: [funcommands.smx] "surf_skip_2<96><STEAM_1:1:80244186><>" toggled noclip on "hantex<92><STEAM_1:1:439106329><>"
L 08/27/2021 - 03:07:33: [funcommands.smx] "surf_skip_2<96><STEAM_1:1:80244186><>" toggled noclip on "hantex<92><STEAM_1:1:439106329><>"
L 08/27/2021 - 03:07:46: [funcommands.smx] "surf_skip_2<96><STEAM_1:1:80244186><>" toggled noclip on "hantex<92><STEAM_1:1:439106329><>"
L 08/27/2021 - 03:08:05: [funcommands.smx] "surf_skip_2<96><STEAM_1:1:80244186><>" toggled noclip on "hantex<92><STEAM_1:1:439106329><>"
L 08/27/2021 - 03:08:05: [funcommands.smx] "surf_skip_2<96><STEAM_1:1:80244186><>" toggled noclip on "surf_skip_2<96><STEAM_1:1:80244186><>"
L 08/27/2021 - 03:08:06: [funcommands.smx] "surf_skip_2<96><STEAM_1:1:80244186><>" toggled noclip on "surf_skip_2<96><STEAM_1:1:80244186><>"
L 08/27/2021 - 03:08:09: [funcommands.smx] "surf_skip_2<96><STEAM_1:1:80244186><>" toggled noclip on "hantex<92><STEAM_1:1:439106329><>"
L 08/27/2021 - 03:08:11: [funcommands.smx] "surf_skip_2<96><STEAM_1:1:80244186><>" toggled noclip on "hantex<92><STEAM_1:1:439106329><>"
L 08/27/2021 - 03:09:11: [funcommands.smx] "surf_skip_2<96><STEAM_1:1:80244186><>" toggled noclip on "surf_skip_2<96><STEAM_1:1:80244186><>"
L 08/27/2021 - 03:09:12: [funcommands.smx] "surf_skip_2<96><STEAM_1:1:80244186><>" toggled noclip on "hantex<92><STEAM_1:1:439106329><>"
L 08/27/2021 - 03:09:13: [funcommands.smx] "surf_skip_2<96><STEAM_1:1:80244186><>" toggled noclip on "hantex<92><STEAM_1:1:439106329><>"
L 08/27/2021 - 03:09:17: [funcommands.smx] "surf_skip_2<96><STEAM_1:1:80244186><>" toggled noclip on "hantex<92><STEAM_1:1:439106329><>"
L 08/27/2021 - 03:44:29: -------- Mapchange to surf_trick_gxd --------
L 08/27/2021 - 05:00:41: -------- Mapchange to surf_trick_gxd --------
L 08/27/2021 - 06:35:37: -------- Mapchange to surf_trick_gxd --------
L 08/27/2021 - 08:42:23: -------- Mapchange to surf_trick_gxd --------
L 08/27/2021 - 15:02:27: [basecomm.smx] "killingdog<111><STEAM_1:0:159860788><>" gagged "kumazar<124><STEAM_1:0:620875962><>"
L 08/27/2021 - 17:42:16: [basecommands.smx] "killingdog<130><STEAM_1:0:159860788><>" kicked "Marlboro.<136><STEAM_1:1:554890926><>" (reason "")
L 08/27/2021 - 17:53:00: [basecommands.smx] "killingdog<130><STEAM_1:0:159860788><>" changed map to "surf_trick_gxd"
L 08/27/2021 - 17:53:03: [SM] Changed map to "surf_trick_gxd"
L 08/27/2021 - 17:53:04: -------- Mapchange to surf_trick_gxd --------
L 08/27/2021 - 17:57:13: [basecommands.smx] "killingdog<130><STEAM_1:0:159860788><>" changed map to "surf_trick_gxd"
L 08/27/2021 - 17:57:16: [SM] Changed map to "surf_trick_gxd"
L 08/27/2021 - 17:57:16: -------- Mapchange to surf_trick_gxd --------
L 08/27/2021 - 20:50:10: -------- Mapchange to surf_trick_gxd --------
L 08/27/2021 - 22:24:10: -------- Mapchange to surf_trick_gxd --------
L 08/27/2021 - 22:24:42: [basecommands.smx] "www.surfgods.xyz<167><STEAM_1:0:517395575><>" changed cvar (cvar "sp_time") (value "1")
L 08/27/2021 - 22:24:46: [basecommands.smx] "www.surfgods.xyz<167><STEAM_1:0:517395575><>" changed cvar (cvar "dm_time") (value "1")
L 08/28/2021 - 01:19:46: Log file closed.
