L 08/17/2021 - 00:40:38: SourceMod log file session started (file "/home/container/csgo/addons/sourcemod/logs/L20210817.log") (Version "1.10.0.6510")
L 08/17/2021 - 00:40:38: -------- Mapchange to surf_trick_g --------
L 08/17/2021 - 01:21:24: -------- Mapchange to surf_trick_g --------
L 08/17/2021 - 07:52:48: -------- Mapchange to surf_trick_g --------
L 08/17/2021 - 08:37:11: -------- Mapchange to surf_trick_g --------
L 08/17/2021 - 10:32:52: -------- Mapchange to surf_trick_g --------
L 08/17/2021 - 11:08:57: -------- Mapchange to surf_trick_g --------
L 08/17/2021 - 11:37:33: -------- Mapchange to surf_trick_g --------
L 08/17/2021 - 13:03:18: -------- Mapchange to surf_trick_g --------
L 08/17/2021 - 14:09:49: -------- Mapchange to surf_trick_g --------
L 08/17/2021 - 15:12:13: [basebans.smx] "surf_lags_x<66><STEAM_1:1:80244186><>" banned "surf_lags_x<66><STEAM_1:1:80244186><>" (minutes "60") (reason "Racism")
L 08/17/2021 - 17:29:23: -------- Mapchange to surf_trick_g --------
L 08/17/2021 - 19:37:10: [basebans.smx] "surf_lags_x<86><STEAM_1:1:80244186><>" banned "boers<90><STEAM_1:1:619564096><>" (minutes "0") (reason "Racism")
L 08/17/2021 - 19:37:54: [funcommands.smx] "surf_lags_x<86><STEAM_1:1:80244186><>" set gravity on "ArturPertuh<91><STEAM_1:0:49334172><>" (amount "0.100000")
L 08/17/2021 - 19:37:56: [funcommands.smx] "surf_lags_x<86><STEAM_1:1:80244186><>" set gravity on "ArturPertuh<91><STEAM_1:0:49334172><>" (amount "1.000000")
L 08/17/2021 - 19:38:02: [funcommands.smx] "surf_lags_x<86><STEAM_1:1:80244186><>" set gravity on "ArturPertuh<91><STEAM_1:0:49334172><>" (amount "2.000000")
L 08/17/2021 - 19:38:02: [funcommands.smx] "surf_lags_x<86><STEAM_1:1:80244186><>" set gravity on "ArturPertuh<91><STEAM_1:0:49334172><>" (amount "0.500000")
L 08/17/2021 - 19:38:04: [funcommands.smx] "surf_lags_x<86><STEAM_1:1:80244186><>" set gravity on "ArturPertuh<91><STEAM_1:0:49334172><>" (amount "0.100000")
L 08/17/2021 - 19:38:08: [funcommands.smx] "surf_lags_x<86><STEAM_1:1:80244186><>" set gravity on "ArturPertuh<91><STEAM_1:0:49334172><>" (amount "1.000000")
L 08/17/2021 - 19:38:11: [funcommands.smx] "surf_lags_x<86><STEAM_1:1:80244186><>" set gravity on "ArturPertuh<91><STEAM_1:0:49334172><>" (amount "2.000000")
L 08/17/2021 - 19:38:12: [funcommands.smx] "surf_lags_x<86><STEAM_1:1:80244186><>" set gravity on "ArturPertuh<91><STEAM_1:0:49334172><>" (amount "0.100000")
L 08/17/2021 - 19:38:16: [funcommands.smx] "surf_lags_x<86><STEAM_1:1:80244186><>" set gravity on "ArturPertuh<91><STEAM_1:0:49334172><>" (amount "1.000000")
L 08/17/2021 - 19:38:26: [funcommands.smx] "surf_lags_x<86><STEAM_1:1:80244186><>" set gravity on "ArturPertuh<91><STEAM_1:0:49334172><>" (amount "2.000000")
L 08/17/2021 - 19:38:27: [funcommands.smx] "surf_lags_x<86><STEAM_1:1:80244186><>" set gravity on "ArturPertuh<91><STEAM_1:0:49334172><>" (amount "0.100000")
L 08/17/2021 - 19:38:30: [funcommands.smx] "surf_lags_x<86><STEAM_1:1:80244186><>" set gravity on "ArturPertuh<91><STEAM_1:0:49334172><>" (amount "1.000000")
L 08/17/2021 - 19:38:52: [funvotes.smx] "surf_lags_x<86><STEAM_1:1:80244186><>" initiated a burn vote against "ArturPertuh<91><STEAM_1:0:49334172><>"
L 08/17/2021 - 19:38:57: [funvotes.smx] Vote burn successful, igniting "ArturPertuh<91><STEAM_1:0:49334172><>"
L 08/17/2021 - 19:39:21: [playercommands.smx] "surf_lags_x<86><STEAM_1:1:80244186><>" slayed "ArturPertuh<91><STEAM_1:0:49334172><>"
L 08/17/2021 - 21:09:36: -------- Mapchange to surf_trick_g --------
L 08/17/2021 - 21:09:36: [dm_trick.smx]  SUCCESS db_connect()
L 08/17/2021 - 22:03:28: [basecommands.smx] "ᴇᴠʌı<105><STEAM_1:0:108778791><>" changed map to "surf_trick_gxd"
L 08/17/2021 - 22:03:31: [SM] Changed map to "surf_trick_gxd"
L 08/17/2021 - 22:03:34: -------- Mapchange to surf_trick_gxd --------
L 08/17/2021 - 22:29:14: [funcommands.smx] "FEAST<110><STEAM_1:0:159860788><>" toggled noclip on "FEAST<110><STEAM_1:0:159860788><>"
L 08/17/2021 - 22:29:18: [funcommands.smx] "FEAST<110><STEAM_1:0:159860788><>" toggled noclip on "FEAST<110><STEAM_1:0:159860788><>"
L 08/17/2021 - 22:29:20: [funcommands.smx] "FEAST<110><STEAM_1:0:159860788><>" toggled noclip on "FEAST<110><STEAM_1:0:159860788><>"
L 08/17/2021 - 22:29:20: [funcommands.smx] "FEAST<110><STEAM_1:0:159860788><>" toggled noclip on "FEAST<110><STEAM_1:0:159860788><>"
L 08/17/2021 - 22:29:23: [basecommands.smx] "ᴇᴠʌı<105><STEAM_1:0:108778791><>" changed map to "surf_trick_gxd"
L 08/17/2021 - 22:29:26: [SM] Changed map to "surf_trick_gxd"
L 08/17/2021 - 22:29:29: -------- Mapchange to surf_trick_gxd --------
L 08/17/2021 - 22:29:29: [dm_trick.smx]  SUCCESS db_connect()
L 08/17/2021 - 22:29:41: -------- Mapchange to surf_trick_gxd --------
L 08/17/2021 - 22:29:53: -------- Mapchange to surf_trick_gxd --------
L 08/17/2021 - 22:30:07: [funcommands.smx] "FEAST<110><STEAM_1:0:159860788><>" toggled noclip on "FEAST<110><STEAM_1:0:159860788><>"
L 08/17/2021 - 22:30:20: [funcommands.smx] "FEAST<110><STEAM_1:0:159860788><>" toggled noclip on "FEAST<110><STEAM_1:0:159860788><>"
L 08/17/2021 - 22:30:24: [funcommands.smx] "FEAST<110><STEAM_1:0:159860788><>" toggled noclip on "FEAST<110><STEAM_1:0:159860788><>"
L 08/17/2021 - 22:30:26: [funcommands.smx] "FEAST<110><STEAM_1:0:159860788><>" toggled noclip on "FEAST<110><STEAM_1:0:159860788><>"
L 08/17/2021 - 22:30:28: [funcommands.smx] "FEAST<110><STEAM_1:0:159860788><>" toggled noclip on "FEAST<110><STEAM_1:0:159860788><>"
L 08/17/2021 - 22:30:30: [funcommands.smx] "FEAST<110><STEAM_1:0:159860788><>" toggled noclip on "FEAST<110><STEAM_1:0:159860788><>"
L 08/17/2021 - 22:30:35: [funcommands.smx] "FEAST<110><STEAM_1:0:159860788><>" toggled noclip on "FEAST<110><STEAM_1:0:159860788><>"
L 08/17/2021 - 22:30:40: [funcommands.smx] "FEAST<110><STEAM_1:0:159860788><>" toggled noclip on "FEAST<110><STEAM_1:0:159860788><>"
L 08/17/2021 - 22:30:42: [funcommands.smx] "FEAST<110><STEAM_1:0:159860788><>" toggled noclip on "FEAST<110><STEAM_1:0:159860788><>"
L 08/17/2021 - 22:30:44: [funcommands.smx] "FEAST<110><STEAM_1:0:159860788><>" toggled noclip on "FEAST<110><STEAM_1:0:159860788><>"
L 08/17/2021 - 22:30:51: [funcommands.smx] "FEAST<110><STEAM_1:0:159860788><>" toggled noclip on "FEAST<110><STEAM_1:0:159860788><>"
L 08/17/2021 - 22:30:56: [funcommands.smx] "FEAST<110><STEAM_1:0:159860788><>" toggled noclip on "FEAST<110><STEAM_1:0:159860788><>"
L 08/17/2021 - 22:31:01: [funcommands.smx] "FEAST<110><STEAM_1:0:159860788><>" toggled noclip on "FEAST<110><STEAM_1:0:159860788><>"
L 08/17/2021 - 22:31:01: [playercommands.smx] "surf_lags_x<108><STEAM_1:1:80244186><>" slayed "FEAST<110><STEAM_1:0:159860788><>"
L 08/17/2021 - 22:31:03: [funcommands.smx] "FEAST<110><STEAM_1:0:159860788><>" toggled noclip on "FEAST<110><STEAM_1:0:159860788><>"
L 08/17/2021 - 22:31:08: [funcommands.smx] "FEAST<110><STEAM_1:0:159860788><>" toggled noclip on "FEAST<110><STEAM_1:0:159860788><>"
L 08/17/2021 - 22:31:10: [funcommands.smx] "FEAST<110><STEAM_1:0:159860788><>" toggled noclip on "FEAST<110><STEAM_1:0:159860788><>"
L 08/17/2021 - 22:31:11: [funcommands.smx] "FEAST<110><STEAM_1:0:159860788><>" toggled noclip on "FEAST<110><STEAM_1:0:159860788><>"
L 08/17/2021 - 22:31:15: [basecomm.smx] "surf_lags_x<108><STEAM_1:1:80244186><>" silenced "el chumacha<109><STEAM_1:0:51713742><>"
L 08/17/2021 - 22:31:19: [basecomm.smx] "surf_lags_x<108><STEAM_1:1:80244186><>" silenced "FEAST<110><STEAM_1:0:159860788><>"
L 08/17/2021 - 22:31:26: [basecomm.smx] "surf_lags_x<108><STEAM_1:1:80244186><>" unsilenced "el chumacha<109><STEAM_1:0:51713742><>"
L 08/17/2021 - 22:31:30: [funcommands.smx] "FEAST<110><STEAM_1:0:159860788><>" toggled noclip on "FEAST<110><STEAM_1:0:159860788><>"
L 08/17/2021 - 22:31:31: [basecomm.smx] "surf_lags_x<108><STEAM_1:1:80244186><>" unsilenced "FEAST<110><STEAM_1:0:159860788><>"
L 08/17/2021 - 22:31:32: [funcommands.smx] "FEAST<110><STEAM_1:0:159860788><>" toggled noclip on "FEAST<110><STEAM_1:0:159860788><>"
L 08/17/2021 - 22:31:43: [funcommands.smx] "FEAST<110><STEAM_1:0:159860788><>" toggled noclip on "FEAST<110><STEAM_1:0:159860788><>"
L 08/17/2021 - 22:31:48: [funcommands.smx] "FEAST<110><STEAM_1:0:159860788><>" toggled noclip on "FEAST<110><STEAM_1:0:159860788><>"
L 08/17/2021 - 22:31:51: [funcommands.smx] "FEAST<110><STEAM_1:0:159860788><>" toggled noclip on "FEAST<110><STEAM_1:0:159860788><>"
L 08/17/2021 - 22:31:54: [funcommands.smx] "FEAST<110><STEAM_1:0:159860788><>" toggled noclip on "FEAST<110><STEAM_1:0:159860788><>"
L 08/17/2021 - 22:32:00: [funcommands.smx] "FEAST<110><STEAM_1:0:159860788><>" toggled noclip on "FEAST<110><STEAM_1:0:159860788><>"
L 08/17/2021 - 22:32:10: [funcommands.smx] "FEAST<110><STEAM_1:0:159860788><>" toggled noclip on "FEAST<110><STEAM_1:0:159860788><>"
L 08/17/2021 - 22:32:11: [funcommands.smx] "FEAST<110><STEAM_1:0:159860788><>" toggled noclip on "FEAST<110><STEAM_1:0:159860788><>"
L 08/17/2021 - 22:32:13: [funcommands.smx] "FEAST<110><STEAM_1:0:159860788><>" toggled noclip on "FEAST<110><STEAM_1:0:159860788><>"
L 08/17/2021 - 22:32:13: [funcommands.smx] "FEAST<110><STEAM_1:0:159860788><>" toggled noclip on "FEAST<110><STEAM_1:0:159860788><>"
L 08/17/2021 - 22:32:14: [funcommands.smx] "FEAST<110><STEAM_1:0:159860788><>" toggled noclip on "FEAST<110><STEAM_1:0:159860788><>"
L 08/17/2021 - 22:32:14: [funcommands.smx] "FEAST<110><STEAM_1:0:159860788><>" toggled noclip on "FEAST<110><STEAM_1:0:159860788><>"
L 08/17/2021 - 22:32:15: [funcommands.smx] "FEAST<110><STEAM_1:0:159860788><>" toggled noclip on "FEAST<110><STEAM_1:0:159860788><>"
L 08/17/2021 - 22:32:16: [funcommands.smx] "FEAST<110><STEAM_1:0:159860788><>" toggled noclip on "FEAST<110><STEAM_1:0:159860788><>"
L 08/17/2021 - 22:32:18: [funcommands.smx] "FEAST<110><STEAM_1:0:159860788><>" toggled noclip on "FEAST<110><STEAM_1:0:159860788><>"
L 08/17/2021 - 22:32:20: [funcommands.smx] "FEAST<110><STEAM_1:0:159860788><>" toggled noclip on "FEAST<110><STEAM_1:0:159860788><>"
L 08/17/2021 - 22:32:21: [funcommands.smx] "FEAST<110><STEAM_1:0:159860788><>" toggled noclip on "FEAST<110><STEAM_1:0:159860788><>"
L 08/17/2021 - 22:32:22: [funcommands.smx] "FEAST<110><STEAM_1:0:159860788><>" toggled noclip on "FEAST<110><STEAM_1:0:159860788><>"
L 08/17/2021 - 22:32:24: [funcommands.smx] "FEAST<110><STEAM_1:0:159860788><>" toggled noclip on "FEAST<110><STEAM_1:0:159860788><>"
L 08/17/2021 - 22:32:26: [funcommands.smx] "FEAST<110><STEAM_1:0:159860788><>" toggled noclip on "FEAST<110><STEAM_1:0:159860788><>"
L 08/17/2021 - 22:32:29: [funcommands.smx] "FEAST<110><STEAM_1:0:159860788><>" toggled noclip on "FEAST<110><STEAM_1:0:159860788><>"
L 08/17/2021 - 22:32:34: [funcommands.smx] "FEAST<110><STEAM_1:0:159860788><>" toggled noclip on "FEAST<110><STEAM_1:0:159860788><>"
L 08/17/2021 - 22:32:36: [funcommands.smx] "FEAST<110><STEAM_1:0:159860788><>" toggled noclip on "FEAST<110><STEAM_1:0:159860788><>"
L 08/17/2021 - 22:32:40: [funcommands.smx] "FEAST<110><STEAM_1:0:159860788><>" toggled noclip on "FEAST<110><STEAM_1:0:159860788><>"
L 08/17/2021 - 22:32:44: [funcommands.smx] "FEAST<110><STEAM_1:0:159860788><>" toggled noclip on "FEAST<110><STEAM_1:0:159860788><>"
L 08/17/2021 - 22:32:46: [funcommands.smx] "FEAST<110><STEAM_1:0:159860788><>" toggled noclip on "FEAST<110><STEAM_1:0:159860788><>"
L 08/17/2021 - 22:32:54: [funcommands.smx] "FEAST<110><STEAM_1:0:159860788><>" toggled noclip on "FEAST<110><STEAM_1:0:159860788><>"
L 08/17/2021 - 22:33:09: [funcommands.smx] "FEAST<110><STEAM_1:0:159860788><>" toggled noclip on "FEAST<110><STEAM_1:0:159860788><>"
L 08/17/2021 - 22:33:11: [funcommands.smx] "FEAST<110><STEAM_1:0:159860788><>" toggled noclip on "FEAST<110><STEAM_1:0:159860788><>"
L 08/17/2021 - 22:33:17: [funcommands.smx] "FEAST<110><STEAM_1:0:159860788><>" toggled noclip on "FEAST<110><STEAM_1:0:159860788><>"
L 08/17/2021 - 22:33:20: [funcommands.smx] "FEAST<110><STEAM_1:0:159860788><>" toggled noclip on "FEAST<110><STEAM_1:0:159860788><>"
L 08/17/2021 - 22:33:25: [funcommands.smx] "FEAST<110><STEAM_1:0:159860788><>" toggled noclip on "FEAST<110><STEAM_1:0:159860788><>"
L 08/17/2021 - 22:33:28: [funcommands.smx] "FEAST<110><STEAM_1:0:159860788><>" toggled noclip on "FEAST<110><STEAM_1:0:159860788><>"
L 08/17/2021 - 22:33:30: [funcommands.smx] "FEAST<110><STEAM_1:0:159860788><>" toggled noclip on "FEAST<110><STEAM_1:0:159860788><>"
L 08/17/2021 - 22:33:31: [funcommands.smx] "FEAST<110><STEAM_1:0:159860788><>" toggled noclip on "FEAST<110><STEAM_1:0:159860788><>"
L 08/17/2021 - 22:33:39: [funcommands.smx] "FEAST<110><STEAM_1:0:159860788><>" toggled noclip on "FEAST<110><STEAM_1:0:159860788><>"
L 08/17/2021 - 22:33:41: [funcommands.smx] "FEAST<110><STEAM_1:0:159860788><>" toggled noclip on "FEAST<110><STEAM_1:0:159860788><>"
L 08/17/2021 - 22:34:27: [funcommands.smx] "FEAST<110><STEAM_1:0:159860788><>" toggled noclip on "FEAST<110><STEAM_1:0:159860788><>"
L 08/17/2021 - 22:34:31: [funcommands.smx] "FEAST<110><STEAM_1:0:159860788><>" toggled noclip on "FEAST<110><STEAM_1:0:159860788><>"
L 08/17/2021 - 22:34:33: [funcommands.smx] "FEAST<110><STEAM_1:0:159860788><>" toggled noclip on "FEAST<110><STEAM_1:0:159860788><>"
L 08/17/2021 - 22:34:36: [funcommands.smx] "FEAST<110><STEAM_1:0:159860788><>" toggled noclip on "FEAST<110><STEAM_1:0:159860788><>"
L 08/17/2021 - 22:58:01: [funcommands.smx] "surf_lags_x<108><STEAM_1:1:80244186><>" set gravity on "surf_lags_x<108><STEAM_1:1:80244186><>" (amount "0.500000")
L 08/17/2021 - 22:58:03: [funcommands.smx] "surf_lags_x<108><STEAM_1:1:80244186><>" set gravity on "surf_lags_x<108><STEAM_1:1:80244186><>" (amount "1.000000")
L 08/17/2021 - 23:00:54: [funcommands.smx] "surf_lags_x<108><STEAM_1:1:80244186><>" set gravity on "FEAST<110><STEAM_1:0:159860788><>" (amount "0.100000")
L 08/17/2021 - 23:00:56: [funcommands.smx] "surf_lags_x<108><STEAM_1:1:80244186><>" set gravity on "FEAST<110><STEAM_1:0:159860788><>" (amount "1.000000")
L 08/17/2021 - 23:04:27: [funcommands.smx] "ᴇᴠʌı<111><STEAM_1:0:108778791><>" ignited "shalomander<107><STEAM_1:1:1146082><>" (seconds "20.000000")
L 08/17/2021 - 23:42:04: [funcommands.smx] "surf_lags_x<108><STEAM_1:1:80244186><>" froze "FEAST<110><STEAM_1:0:159860788><>"
L 08/17/2021 - 23:42:05: [funcommands.smx] "surf_lags_x<108><STEAM_1:1:80244186><>" froze "FEAST<110><STEAM_1:0:159860788><>"
L 08/17/2021 - 23:42:13: [funcommands.smx] "surf_lags_x<108><STEAM_1:1:80244186><>" froze "FEAST<110><STEAM_1:0:159860788><>"
L 08/17/2021 - 23:42:15: [funcommands.smx] "surf_lags_x<108><STEAM_1:1:80244186><>" froze "FEAST<110><STEAM_1:0:159860788><>"
L 08/17/2021 - 23:42:19: [funcommands.smx] "surf_lags_x<108><STEAM_1:1:80244186><>" froze "FEAST<110><STEAM_1:0:159860788><>"
L 08/17/2021 - 23:42:19: [funcommands.smx] "surf_lags_x<108><STEAM_1:1:80244186><>" froze "FEAST<110><STEAM_1:0:159860788><>"
L 08/17/2021 - 23:42:24: [funcommands.smx] "surf_lags_x<108><STEAM_1:1:80244186><>" froze "FEAST<110><STEAM_1:0:159860788><>"
L 08/17/2021 - 23:42:24: [funcommands.smx] "surf_lags_x<108><STEAM_1:1:80244186><>" froze "FEAST<110><STEAM_1:0:159860788><>"
L 08/17/2021 - 23:42:24: [funcommands.smx] "surf_lags_x<108><STEAM_1:1:80244186><>" froze "FEAST<110><STEAM_1:0:159860788><>"
L 08/17/2021 - 23:42:24: [funcommands.smx] "surf_lags_x<108><STEAM_1:1:80244186><>" froze "FEAST<110><STEAM_1:0:159860788><>"
L 08/17/2021 - 23:42:25: [funcommands.smx] "surf_lags_x<108><STEAM_1:1:80244186><>" froze "FEAST<110><STEAM_1:0:159860788><>"
L 08/17/2021 - 23:42:25: [funcommands.smx] "surf_lags_x<108><STEAM_1:1:80244186><>" froze "FEAST<110><STEAM_1:0:159860788><>"
L 08/17/2021 - 23:42:25: [funcommands.smx] "surf_lags_x<108><STEAM_1:1:80244186><>" froze "FEAST<110><STEAM_1:0:159860788><>"
L 08/17/2021 - 23:42:25: [funcommands.smx] "surf_lags_x<108><STEAM_1:1:80244186><>" froze "FEAST<110><STEAM_1:0:159860788><>"
L 08/17/2021 - 23:42:25: [funcommands.smx] "surf_lags_x<108><STEAM_1:1:80244186><>" froze "FEAST<110><STEAM_1:0:159860788><>"
L 08/17/2021 - 23:42:31: [funcommands.smx] "surf_lags_x<108><STEAM_1:1:80244186><>" froze "FEAST<110><STEAM_1:0:159860788><>"
L 08/17/2021 - 23:42:35: [funcommands.smx] "surf_lags_x<108><STEAM_1:1:80244186><>" froze "FEAST<110><STEAM_1:0:159860788><>"
L 08/17/2021 - 23:42:36: [funcommands.smx] "surf_lags_x<108><STEAM_1:1:80244186><>" froze "FEAST<110><STEAM_1:0:159860788><>"
L 08/17/2021 - 23:42:42: [funcommands.smx] "surf_lags_x<108><STEAM_1:1:80244186><>" froze "FEAST<110><STEAM_1:0:159860788><>"
L 08/17/2021 - 23:43:41: Log file closed.
L 08/17/2021 - 23:44:03: SourceMod log file session started (file "/home/container/csgo/addons/sourcemod/logs/L20210817.log") (Version "1.10.0.6510")
L 08/17/2021 - 23:44:03: [dm_trick.smx]  SUCCESS db_connect()
L 08/17/2021 - 23:44:20: -------- Mapchange to surf_trick_gxd --------
L 08/17/2021 - 23:55:17: [basecommands.smx] "ᴇᴠʌı<3><STEAM_1:0:108778791><>" changed cvar (cvar "mp_death_drop_gun") (value "1")
L 08/17/2021 - 23:56:25: [basecommands.smx] "ᴇᴠʌı<3><STEAM_1:0:108778791><>" changed cvar (cvar "sv_cheats") (value "1")
L 08/17/2021 - 23:56:34: [funcommands.smx] "FEAST<2><STEAM_1:0:159860788><>" toggled noclip on "FEAST<2><STEAM_1:0:159860788><>"
L 08/17/2021 - 23:56:35: [funcommands.smx] "FEAST<2><STEAM_1:0:159860788><>" toggled noclip on "FEAST<2><STEAM_1:0:159860788><>"
L 08/18/2021 - 00:01:25: Log file closed.
